{"content": {"suites": {"0": {"status": {"total_pass": 0, "total_skip": 0, "total_xpass": 0, "total_xfail": 0, "total_rerun": 0, "total_fail": 2, "total_error": 0}, "tests": {"0": {"status": "FAIL", "message": "   selenium.common.exceptions.NoSuchElementException: Message: no such element: Unable to locate element: {\"method\":\"xpath\",\"selector\":\"//*[@id='root']/div[2]/section[1]/main/div/div/section[2]/section/form/div[1]/input\"}\n     (Session info: chrome=126.0.6478.127); For documentation on this error, please visit: https://www.selenium.dev/documentation/webdriver/troubleshooting/errors#no-such-element-exception\n   Stacktrace:\n   \tGetHandleVerifier [0x00007FF671DDEEA2+31554]\n   \t(No symbol) [0x00007FF671D57ED9]\n   \t(No symbol) [0x00007FF671C1872A]\n   \t(No symbol) [0x00007FF671C68434]\n   \t(No symbol) [0x00007FF671C6853C]\n   \t(No symbol) [0x00007FF671CAF6A7]\n   \t(No symbol) [0x00007FF671C8D06F]\n   \t(No symbol) [0x00007FF671CAC977]\n   \t(No symbol) [0x00007FF671C8CDD3]\n   \t(No symbol) [0x00007FF671C5A33B]\n   \t(No symbol) [0x00007FF671C5AED1]\n   \tGetHandleVerifier [0x00007FF6720E8B1D+3217341]\n   \tGetHandleVerifier [0x00007FF672135AE3+3532675]\n   \tGetHandleVerifier [0x00007FF67212B0E0+3489152]\n   \tGetHandleVerifier [0x00007FF671E8E776+750614]\n   \t(No symbol) [0x00007FF671D6375F]\n   \t(No symbol) [0x00007FF671D5EB14]\n   \t(No symbol) [0x00007FF671D5ECA2]\n   \t(No symbol) [0x00007FF671D4E16F]\n   \tBaseThreadInitThunk [0x00007FFD99E37344+20]\n   \tRtlUserThreadStart [0x00007FFD9A7FCC91+33]\n", "test_name": "test_Trustedcompaniespositive", "rerun": "0"}, "1": {"status": "FAIL", "message": "   selenium.common.exceptions.NoSuchElementException: Message: no such element: Unable to locate element: {\"method\":\"xpath\",\"selector\":\"//*[@id='root']/div[2]/section[1]/main/div/div/section[2]/section/form/div[1]/input\"}\n     (Session info: chrome=126.0.6478.127); For documentation on this error, please visit: https://www.selenium.dev/documentation/webdriver/troubleshooting/errors#no-such-element-exception\n   Stacktrace:\n   \tGetHandleVerifier [0x00007FF671DDEEA2+31554]\n   \t(No symbol) [0x00007FF671D57ED9]\n   \t(No symbol) [0x00007FF671C1872A]\n   \t(No symbol) [0x00007FF671C68434]\n   \t(No symbol) [0x00007FF671C6853C]\n   \t(No symbol) [0x00007FF671CAF6A7]\n   \t(No symbol) [0x00007FF671C8D06F]\n   \t(No symbol) [0x00007FF671CAC977]\n   \t(No symbol) [0x00007FF671C8CDD3]\n   \t(No symbol) [0x00007FF671C5A33B]\n   \t(No symbol) [0x00007FF671C5AED1]\n   \tGetHandleVerifier [0x00007FF6720E8B1D+3217341]\n   \tGetHandleVerifier [0x00007FF672135AE3+3532675]\n   \tGetHandleVerifier [0x00007FF67212B0E0+3489152]\n   \tGetHandleVerifier [0x00007FF671E8E776+750614]\n   \t(No symbol) [0x00007FF671D6375F]\n   \t(No symbol) [0x00007FF671D5EB14]\n   \t(No symbol) [0x00007FF671D5ECA2]\n   \t(No symbol) [0x00007FF671D4E16F]\n   \tBaseThreadInitThunk [0x00007FFD99E37344+20]\n   \tRtlUserThreadStart [0x00007FFD9A7FCC91+33]\n", "test_name": "test_Trustedcompaniesdelete", "rerun": "0"}}, "suite_name": "testCases/test_trustedcompanies.py"}}}, "date": "July 05, 2024", "start_time": 1720182867.100419, "total_suite": 1, "status": "FAIL", "status_list": {"pass": "0", "fail": "2", "skip": "0", "error": "0", "xpass": "0", "xfail": "0", "rerun": "0"}, "total_tests": "2"}