{"content": {"suites": {"0": {"status": {"total_pass": 0, "total_skip": 0, "total_xpass": 0, "total_xfail": 0, "total_rerun": 0, "total_fail": 4, "total_error": 0}, "tests": {"0": {"status": "FAIL", "message": "   selenium.common.exceptions.ElementClickInterceptedException: Message: element click intercepted: Element <a class=\"link\" href=\"/investings\">...</a> is not clickable at point (685, 102). Other element would receive the click: <div id=\"1\" class=\"Toastify__toast Toastify__toast-theme--light Toastify__toast--success Toastify__toast--close-on-click Toastify--animate Toastify__bounce-exit--top-center\" style=\"--nth: 1; --len: 1;\">...</div>\n     (Session info: chrome=126.0.6478.114)\n   Stacktrace:\n   \tGetHandleVerifier [0x00007FF7FD8B3E32+31618]\n   \t(No symbol) [0x00007FF7FD82B099]\n   \t(No symbol) [0x00007FF7FD6E888A]\n   \t(No symbol) [0x00007FF7FD74022E]\n   \t(No symbol) [0x00007FF7FD73DBE2]\n   \t(No symbol) [0x00007FF7FD73B07B]\n   \t(No symbol) [0x00007FF7FD73A246]\n   \t(No symbol) [0x00007FF7FD72C281]\n   \t(No symbol) [0x00007FF7FD75D10A]\n   \t(No symbol) [0x00007FF7FD72BBA6]\n   \t(No symbol) [0x00007FF7FD75D320]\n   \t(No symbol) [0x00007FF7FD77CA80]\n   \t(No symbol) [0x00007FF7FD75CEB3]\n   \t(No symbol) [0x00007FF7FD72A46B]\n   \t(No symbol) [0x00007FF7FD72B001]\n   \tGetHandleVerifier [0x00007FF7FDBB9FFD+3202381]\n   \tGetHandleVerifier [0x00007FF7FDC06A1D+3516269]\n   \tGetHandleVerifier [0x00007FF7FDBFC490+3473888]\n   \tGetHandleVerifier [0x00007FF7FD965D36+760454]\n   \t(No symbol) [0x00007FF7FD836B3F]\n   \t(No symbol) [0x00007FF7FD831CD4]\n   \t(No symbol) [0x00007FF7FD831E62]\n   \t(No symbol) [0x00007FF7FD82120F]\n   \tBaseThreadInitThunk [0x00007FFD99E37344+20]\n   \tRtlUserThreadStart [0x00007FFD9A7FCC91+33]\n", "test_name": "test_postinvesting", "rerun": "0"}, "1": {"status": "FAIL", "message": "   selenium.common.exceptions.NoSuchElementException: Message: no such element: Unable to locate element: {\"method\":\"xpath\",\"selector\":\"//*[@id='root']/div[2]/section[1]/main/div/div/section[2]/section/form/div[1]/input\"}\n     (Session info: chrome=126.0.6478.114); For documentation on this error, please visit: https://www.selenium.dev/documentation/webdriver/troubleshooting/errors#no-such-element-exception\n   Stacktrace:\n   \tGetHandleVerifier [0x00007FF7FD8B3E32+31618]\n   \t(No symbol) [0x00007FF7FD82B099]\n   \t(No symbol) [0x00007FF7FD6E888A]\n   \t(No symbol) [0x00007FF7FD738524]\n   \t(No symbol) [0x00007FF7FD73862C]\n   \t(No symbol) [0x00007FF7FD77F787]\n   \t(No symbol) [0x00007FF7FD75D14F]\n   \t(No symbol) [0x00007FF7FD77CA80]\n   \t(No symbol) [0x00007FF7FD75CEB3]\n   \t(No symbol) [0x00007FF7FD72A46B]\n   \t(No symbol) [0x00007FF7FD72B001]\n   \tGetHandleVerifier [0x00007FF7FDBB9FFD+3202381]\n   \tGetHandleVerifier [0x00007FF7FDC06A1D+3516269]\n   \tGetHandleVerifier [0x00007FF7FDBFC490+3473888]\n   \tGetHandleVerifier [0x00007FF7FD965D36+760454]\n   \t(No symbol) [0x00007FF7FD836B3F]\n   \t(No symbol) [0x00007FF7FD831CD4]\n   \t(No symbol) [0x00007FF7FD831E62]\n   \t(No symbol) [0x00007FF7FD82120F]\n   \tBaseThreadInitThunk [0x00007FFD99E37344+20]\n   \tRtlUserThreadStart [0x00007FFD9A7FCC91+33]\n", "test_name": "test_onbehalfofpostinvesting", "rerun": "0"}, "2": {"status": "FAIL", "message": "   selenium.common.exceptions.NoSuchWindowException: Message: no such window: target window already closed\n   from unknown error: web view not found\n     (Session info: chrome=126.0.6478.114)\n   Stacktrace:\n   \tGetHandleVerifier [0x00007FF7FD8B3E32+31618]\n   \t(No symbol) [0x00007FF7FD82B099]\n   \t(No symbol) [0x00007FF7FD6E888A]\n   \t(No symbol) [0x00007FF7FD6BDAE5]\n   \t(No symbol) [0x00007FF7FD7645A7]\n   \t(No symbol) [0x00007FF7FD77C131]\n   \t(No symbol) [0x00007FF7FD75CEB3]\n   \t(No symbol) [0x00007FF7FD72A46B]\n   \t(No symbol) [0x00007FF7FD72B001]\n   \tGetHandleVerifier [0x00007FF7FDBB9FFD+3202381]\n   \tGetHandleVerifier [0x00007FF7FDC06A1D+3516269]\n   \tGetHandleVerifier [0x00007FF7FDBFC490+3473888]\n   \tGetHandleVerifier [0x00007FF7FD965D36+760454]\n   \t(No symbol) [0x00007FF7FD836B3F]\n   \t(No symbol) [0x00007FF7FD831CD4]\n   \t(No symbol) [0x00007FF7FD831E62]\n   \t(No symbol) [0x00007FF7FD82120F]\n   \tBaseThreadInitThunk [0x00007FFD99E37344+20]\n   \tRtlUserThreadStart [0x00007FFD9A7FCC91+33]\n", "test_name": "test_postinvestingnegative1", "rerun": "0"}, "3": {"status": "FAIL", "message": "   selenium.common.exceptions.WebDriverException: Message: unknown error: cannot determine loading status\n   from target frame detached\n     (Session info: chrome=126.0.6478.114)\n   Stacktrace:\n   \tGetHandleVerifier [0x00007FF7FD8B3E32+31618]\n   \t(No symbol) [0x00007FF7FD82B099]\n   \t(No symbol) [0x00007FF7FD6E86B9]\n   \t(No symbol) [0x00007FF7FD6D0DD1]\n   \t(No symbol) [0x00007FF7FD6CEDBD]\n   \t(No symbol) [0x00007FF7FD6CF5CF]\n   \t(No symbol) [0x00007FF7FD6DE941]\n   \t(No symbol) [0x00007FF7FD6F68AF]\n   \t(No symbol) [0x00007FF7FD6FC2DA]\n   \t(No symbol) [0x00007FF7FD6CFD5A]\n   \t(No symbol) [0x00007FF7FD6F646D]\n   \t(No symbol) [0x00007FF7FD77CDDE]\n   \t(No symbol) [0x00007FF7FD75CEB3]\n   \t(No symbol) [0x00007FF7FD72A46B]\n   \t(No symbol) [0x00007FF7FD72B001]\n   \tGetHandleVerifier [0x00007FF7FDBB9FFD+3202381]\n   \tGetHandleVerifier [0x00007FF7FDC06A1D+3516269]\n   \tGetHandleVerifier [0x00007FF7FDBFC490+3473888]\n   \tGetHandleVerifier [0x00007FF7FD965D36+760454]\n   \t(No symbol) [0x00007FF7FD836B3F]\n   \t(No symbol) [0x00007FF7FD831CD4]\n   \t(No symbol) [0x00007FF7FD831E62]\n   \t(No symbol) [0x00007FF7FD82120F]\n   \tBaseThreadInitThunk [0x00007FFD99E37344+20]\n   \tRtlUserThreadStart [0x00007FFD9A7FCC91+33]\n", "test_name": "test_postinvestingnegative2", "rerun": "0"}}, "suite_name": "testCases/test_postinvestings.py"}}}, "date": "June 24, 2024", "start_time": 1719226848.7011795, "total_suite": 1, "status": "FAIL", "status_list": {"pass": "0", "fail": "4", "skip": "0", "error": "0", "xpass": "0", "xfail": "0", "rerun": "0"}, "total_tests": "4"}