{"content": {"suites": {"0": {"status": {"total_pass": 1, "total_skip": 0, "total_xpass": 0, "total_xfail": 0, "total_rerun": 0, "total_fail": 3, "total_error": 0}, "tests": {"0": {"status": "FAIL", "message": "   selenium.common.exceptions.ElementClickInterceptedException: Message: element click intercepted: Element <div class=\"display-flex-aljc-center icon-wrapper cp\">...</div> is not clickable at point (1376, 129). Other element would receive the click: <main class=\"profile__header\" style=\"flex-wrap: wrap;\">...</main>\n     (Session info: chrome=126.0.6478.127)\n   Stacktrace:\n   \tGetHandleVerifier [0x00007FF7A111EEA2+31554]\n   \t(No symbol) [0x00007FF7A1097ED9]\n   \t(No symbol) [0x00007FF7A0F5872A]\n   \t(No symbol) [0x00007FF7A0FB012E]\n   \t(No symbol) [0x00007FF7A0FADAF2]\n   \t(No symbol) [0x00007FF7A0FAAF8B]\n   \t(No symbol) [0x00007FF7A0FAA156]\n   \t(No symbol) [0x00007FF7A0F9C151]\n   \t(No symbol) [0x00007FF7A0FCD02A]\n   \t(No symbol) [0x00007FF7A0F9BA76]\n   \t(No symbol) [0x00007FF7A0FCD240]\n   \t(No symbol) [0x00007FF7A0FEC977]\n   \t(No symbol) [0x00007FF7A0FCCDD3]\n   \t(No symbol) [0x00007FF7A0F9A33B]\n   \t(No symbol) [0x00007FF7A0F9AED1]\n   \tGetHandleVerifier [0x00007FF7A1428B1D+3217341]\n   \tGetHandleVerifier [0x00007FF7A1475AE3+3532675]\n   \tGetHandleVerifier [0x00007FF7A146B0E0+3489152]\n   \tGetHandleVerifier [0x00007FF7A11CE776+750614]\n   \t(No symbol) [0x00007FF7A10A375F]\n   \t(No symbol) [0x00007FF7A109EB14]\n   \t(No symbol) [0x00007FF7A109ECA2]\n   \t(No symbol) [0x00007FF7A108E16F]\n   \tBaseThreadInitThunk [0x00007FFD99E37344+20]\n   \tRtlUserThreadStart [0x00007FFD9A7FCC91+33]\n", "test_name": "test_Addplacementspositive", "rerun": "0"}, "1": {"status": "PASS", "message": "", "test_name": "test_Editplacementspositive", "rerun": "0"}, "2": {"status": "FAIL", "message": "   selenium.common.exceptions.NoSuchWindowException: Message: no such window: target window already closed\n   from unknown error: web view not found\n     (Session info: chrome=126.0.6478.127)\n   Stacktrace:\n   \tGetHandleVerifier [0x00007FF7A111EEA2+31554]\n   \t(No symbol) [0x00007FF7A1097ED9]\n   \t(No symbol) [0x00007FF7A0F5872A]\n   \t(No symbol) [0x00007FF7A0F2D995]\n   \t(No symbol) [0x00007FF7A0FD44D7]\n   \t(No symbol) [0x00007FF7A0FEC051]\n   \t(No symbol) [0x00007FF7A0FCCDD3]\n   \t(No symbol) [0x00007FF7A0F9A33B]\n   \t(No symbol) [0x00007FF7A0F9AED1]\n   \tGetHandleVerifier [0x00007FF7A1428B1D+3217341]\n   \tGetHandleVerifier [0x00007FF7A1475AE3+3532675]\n   \tGetHandleVerifier [0x00007FF7A146B0E0+3489152]\n   \tGetHandleVerifier [0x00007FF7A11CE776+750614]\n   \t(No symbol) [0x00007FF7A10A375F]\n   \t(No symbol) [0x00007FF7A109EB14]\n   \t(No symbol) [0x00007FF7A109ECA2]\n   \t(No symbol) [0x00007FF7A108E16F]\n   \tBaseThreadInitThunk [0x00007FFD99E37344+20]\n   \tRtlUserThreadStart [0x00007FFD9A7FCC91+33]\n", "test_name": "test_Negativeplacementstest1", "rerun": "0"}, "3": {"status": "FAIL", "message": "   selenium.common.exceptions.NoSuchWindowException: Message: no such window: target window already closed\n   from unknown error: web view not found\n     (Session info: chrome=126.0.6478.127)\n   Stacktrace:\n   \tGetHandleVerifier [0x00007FF7A111EEA2+31554]\n   \t(No symbol) [0x00007FF7A1097ED9]\n   \t(No symbol) [0x00007FF7A0F5872A]\n   \t(No symbol) [0x00007FF7A0F2D995]\n   \t(No symbol) [0x00007FF7A0FD44D7]\n   \t(No symbol) [0x00007FF7A0FEC051]\n   \t(No symbol) [0x00007FF7A0FCCDD3]\n   \t(No symbol) [0x00007FF7A0F9A33B]\n   \t(No symbol) [0x00007FF7A0F9AED1]\n   \tGetHandleVerifier [0x00007FF7A1428B1D+3217341]\n   \tGetHandleVerifier [0x00007FF7A1475AE3+3532675]\n   \tGetHandleVerifier [0x00007FF7A146B0E0+3489152]\n   \tGetHandleVerifier [0x00007FF7A11CE776+750614]\n   \t(No symbol) [0x00007FF7A10A375F]\n   \t(No symbol) [0x00007FF7A109EB14]\n   \t(No symbol) [0x00007FF7A109ECA2]\n   \t(No symbol) [0x00007FF7A108E16F]\n   \tBaseThreadInitThunk [0x00007FFD99E37344+20]\n   \tRtlUserThreadStart [0x00007FFD9A7FCC91+33]\n", "test_name": "test_Negativeplacementstest2", "rerun": "0"}}, "suite_name": "testCases/test_placements.py"}}}, "date": "July 01, 2024", "start_time": 1719826923.7353737, "total_suite": 1, "status": "FAIL", "status_list": {"pass": "1", "fail": "3", "skip": "0", "error": "0", "xpass": "0", "xfail": "0", "rerun": "0"}, "total_tests": "4"}