{"content": {"suites": {"0": {"status": {"total_pass": 0, "total_skip": 0, "total_xpass": 0, "total_xfail": 0, "total_rerun": 0, "total_fail": 5, "total_error": 0}, "tests": {"0": {"status": "FAIL", "message": "   selenium.common.exceptions.NoSuchElementException: Message: no such element: Unable to locate element: {\"method\":\"xpath\",\"selector\":\"/html/body/div[1]/div[2]/div/div[2]/a[2]\"}\n     (Session info: chrome=125.0.6422.176); For documentation on this error, please visit: https://www.selenium.dev/documentation/webdriver/troubleshooting/errors#no-such-element-exception\n   Stacktrace:\n   \tGetHandleVerifier [0x00007FF7D7411F52+60322]\n   \t(No symbol) [0x00007FF7D738CEC9]\n   \t(No symbol) [0x00007FF7D7247EBA]\n   \t(No symbol) [0x00007FF7D7297676]\n   \t(No symbol) [0x00007FF7D729773C]\n   \t(No symbol) [0x00007FF7D72DE967]\n   \t(No symbol) [0x00007FF7D72BC25F]\n   \t(No symbol) [0x00007FF7D72DBC80]\n   \t(No symbol) [0x00007FF7D72BBFC3]\n   \t(No symbol) [0x00007FF7D7289617]\n   \t(No symbol) [0x00007FF7D728A211]\n   \tGetHandleVerifier [0x00007FF7D77294AD+3301629]\n   \tGetHandleVerifier [0x00007FF7D77736D3+3605283]\n   \tGetHandleVerifier [0x00007FF7D7769450+3563680]\n   \tGetHandleVerifier [0x00007FF7D74C4326+790390]\n   \t(No symbol) [0x00007FF7D739750F]\n   \t(No symbol) [0x00007FF7D7393404]\n   \t(No symbol) [0x00007FF7D7393592]\n   \t(No symbol) [0x00007FF7D7382F9F]\n   \tBaseThreadInitThunk [0x00007FF9D34D7344+20]\n   \tRtlUserThreadStart [0x00007FF9D50E26B1+33]\n", "test_name": "test_designationnegative", "rerun": "0"}, "1": {"status": "FAIL", "message": "   selenium.common.exceptions.NoSuchElementException: Message: no such element: Unable to locate element: {\"method\":\"xpath\",\"selector\":\"/html/body/div[1]/div[2]/div/div[2]/a[2]\"}\n     (Session info: chrome=125.0.6422.176); For documentation on this error, please visit: https://www.selenium.dev/documentation/webdriver/troubleshooting/errors#no-such-element-exception\n   Stacktrace:\n   \tGetHandleVerifier [0x00007FF7D7411F52+60322]\n   \t(No symbol) [0x00007FF7D738CEC9]\n   \t(No symbol) [0x00007FF7D7247EBA]\n   \t(No symbol) [0x00007FF7D7297676]\n   \t(No symbol) [0x00007FF7D729773C]\n   \t(No symbol) [0x00007FF7D72DE967]\n   \t(No symbol) [0x00007FF7D72BC25F]\n   \t(No symbol) [0x00007FF7D72DBC80]\n   \t(No symbol) [0x00007FF7D72BBFC3]\n   \t(No symbol) [0x00007FF7D7289617]\n   \t(No symbol) [0x00007FF7D728A211]\n   \tGetHandleVerifier [0x00007FF7D77294AD+3301629]\n   \tGetHandleVerifier [0x00007FF7D77736D3+3605283]\n   \tGetHandleVerifier [0x00007FF7D7769450+3563680]\n   \tGetHandleVerifier [0x00007FF7D74C4326+790390]\n   \t(No symbol) [0x00007FF7D739750F]\n   \t(No symbol) [0x00007FF7D7393404]\n   \t(No symbol) [0x00007FF7D7393592]\n   \t(No symbol) [0x00007FF7D7382F9F]\n   \tBaseThreadInitThunk [0x00007FF9D34D7344+20]\n   \tRtlUserThreadStart [0x00007FF9D50E26B1+33]\n", "test_name": "test_experiencenegative", "rerun": "0"}, "2": {"status": "FAIL", "message": "   selenium.common.exceptions.NoSuchElementException: Message: no such element: Unable to locate element: {\"method\":\"xpath\",\"selector\":\"/html/body/div[1]/div[2]/div/div[2]/a[2]\"}\n     (Session info: chrome=125.0.6422.176); For documentation on this error, please visit: https://www.selenium.dev/documentation/webdriver/troubleshooting/errors#no-such-element-exception\n   Stacktrace:\n   \tGetHandleVerifier [0x00007FF7D7411F52+60322]\n   \t(No symbol) [0x00007FF7D738CEC9]\n   \t(No symbol) [0x00007FF7D7247EBA]\n   \t(No symbol) [0x00007FF7D7297676]\n   \t(No symbol) [0x00007FF7D729773C]\n   \t(No symbol) [0x00007FF7D72DE967]\n   \t(No symbol) [0x00007FF7D72BC25F]\n   \t(No symbol) [0x00007FF7D72DBC80]\n   \t(No symbol) [0x00007FF7D72BBFC3]\n   \t(No symbol) [0x00007FF7D7289617]\n   \t(No symbol) [0x00007FF7D728A211]\n   \tGetHandleVerifier [0x00007FF7D77294AD+3301629]\n   \tGetHandleVerifier [0x00007FF7D77736D3+3605283]\n   \tGetHandleVerifier [0x00007FF7D7769450+3563680]\n   \tGetHandleVerifier [0x00007FF7D74C4326+790390]\n   \t(No symbol) [0x00007FF7D739750F]\n   \t(No symbol) [0x00007FF7D7393404]\n   \t(No symbol) [0x00007FF7D7393592]\n   \t(No symbol) [0x00007FF7D7382F9F]\n   \tBaseThreadInitThunk [0x00007FF9D34D7344+20]\n   \tRtlUserThreadStart [0x00007FF9D50E26B1+33]\n", "test_name": "test_locationnegative", "rerun": "0"}, "3": {"status": "FAIL", "message": "   selenium.common.exceptions.NoSuchElementException: Message: no such element: Unable to locate element: {\"method\":\"xpath\",\"selector\":\"/html/body/div[1]/div[2]/div/div[2]/a[2]\"}\n     (Session info: chrome=125.0.6422.176); For documentation on this error, please visit: https://www.selenium.dev/documentation/webdriver/troubleshooting/errors#no-such-element-exception\n   Stacktrace:\n   \tGetHandleVerifier [0x00007FF7D7411F52+60322]\n   \t(No symbol) [0x00007FF7D738CEC9]\n   \t(No symbol) [0x00007FF7D7247EBA]\n   \t(No symbol) [0x00007FF7D7297676]\n   \t(No symbol) [0x00007FF7D729773C]\n   \t(No symbol) [0x00007FF7D72DE967]\n   \t(No symbol) [0x00007FF7D72BC25F]\n   \t(No symbol) [0x00007FF7D72DBC80]\n   \t(No symbol) [0x00007FF7D72BBFC3]\n   \t(No symbol) [0x00007FF7D7289617]\n   \t(No symbol) [0x00007FF7D728A211]\n   \tGetHandleVerifier [0x00007FF7D77294AD+3301629]\n   \tGetHandleVerifier [0x00007FF7D77736D3+3605283]\n   \tGetHandleVerifier [0x00007FF7D7769450+3563680]\n   \tGetHandleVerifier [0x00007FF7D74C4326+790390]\n   \t(No symbol) [0x00007FF7D739750F]\n   \t(No symbol) [0x00007FF7D7393404]\n   \t(No symbol) [0x00007FF7D7393592]\n   \t(No symbol) [0x00007FF7D7382F9F]\n   \tBaseThreadInitThunk [0x00007FF9D34D7344+20]\n   \tRtlUserThreadStart [0x00007FF9D50E26B1+33]\n", "test_name": "test_salaryminmaxnegative", "rerun": "0"}, "4": {"status": "FAIL", "message": "   selenium.common.exceptions.NoSuchElementException: Message: no such element: Unable to locate element: {\"method\":\"xpath\",\"selector\":\"/html/body/div[1]/div[2]/div/div[2]/a[2]\"}\n     (Session info: chrome=125.0.6422.176); For documentation on this error, please visit: https://www.selenium.dev/documentation/webdriver/troubleshooting/errors#no-such-element-exception\n   Stacktrace:\n   \tGetHandleVerifier [0x00007FF7D7411F52+60322]\n   \t(No symbol) [0x00007FF7D738CEC9]\n   \t(No symbol) [0x00007FF7D7247EBA]\n   \t(No symbol) [0x00007FF7D7297676]\n   \t(No symbol) [0x00007FF7D729773C]\n   \t(No symbol) [0x00007FF7D72DE967]\n   \t(No symbol) [0x00007FF7D72BC25F]\n   \t(No symbol) [0x00007FF7D72DBC80]\n   \t(No symbol) [0x00007FF7D72BBFC3]\n   \t(No symbol) [0x00007FF7D7289617]\n   \t(No symbol) [0x00007FF7D728A211]\n   \tGetHandleVerifier [0x00007FF7D77294AD+3301629]\n   \tGetHandleVerifier [0x00007FF7D77736D3+3605283]\n   \tGetHandleVerifier [0x00007FF7D7769450+3563680]\n   \tGetHandleVerifier [0x00007FF7D74C4326+790390]\n   \t(No symbol) [0x00007FF7D739750F]\n   \t(No symbol) [0x00007FF7D7393404]\n   \t(No symbol) [0x00007FF7D7393592]\n   \t(No symbol) [0x00007FF7D7382F9F]\n   \tBaseThreadInitThunk [0x00007FF9D34D7344+20]\n   \tRtlUserThreadStart [0x00007FF9D50E26B1+33]\n", "test_name": "test_requirementresponsiblitiesnegative", "rerun": "0"}}, "suite_name": "testCases/test_postjob.py"}}}, "date": "June 18, 2024", "start_time": 1718710104.0859728, "total_suite": 1, "status": "FAIL", "status_list": {"pass": "0", "fail": "5", "skip": "0", "error": "0", "xpass": "0", "xfail": "0", "rerun": "0"}, "total_tests": "5"}