{"content": {"suites": {"0": {"status": {"total_pass": 1, "total_skip": 0, "total_xpass": 0, "total_xfail": 0, "total_rerun": 0, "total_fail": 2, "total_error": 0}, "tests": {"0": {"status": "FAIL", "message": "   selenium.common.exceptions.NoSuchElementException: Message: no such element: Unable to locate element: {\"method\":\"xpath\",\"selector\":\"/html/body/div[1]/section[1]/nav/main/div[1]/aside[1]/div/div/div/div[2]/div[2]/ul/li[5]/div/label\"}\n     (Session info: chrome=129.0.6668.101); For documentation on this error, please visit: https://www.selenium.dev/documentation/webdriver/troubleshooting/errors#no-such-element-exception\n   Stacktrace:\n   \tGetHandleVerifier [0x00007FF7B63AB095+29557]\n   \t(No symbol) [0x00007FF7B631FA50]\n   \t(No symbol) [0x00007FF7B61DB56A]\n   \t(No symbol) [0x00007FF7B622F695]\n   \t(No symbol) [0x00007FF7B622F8EC]\n   \t(No symbol) [0x00007FF7B627B777]\n   \t(No symbol) [0x00007FF7B62571CF]\n   \t(No symbol) [0x00007FF7B627851C]\n   \t(No symbol) [0x00007FF7B6256F33]\n   \t(No symbol) [0x00007FF7B622116F]\n   \t(No symbol) [0x00007FF7B62222D1]\n   \tGetHandleVerifier [0x00007FF7B66DC96D+3378253]\n   \tGetHandleVerifier [0x00007FF7B6728497+3688311]\n   \tGetHandleVerifier [0x00007FF7B671D1CB+3642539]\n   \tGetHandleVerifier [0x00007FF7B646A6B6+813462]\n   \t(No symbol) [0x00007FF7B632AB5F]\n   \t(No symbol) [0x00007FF7B6326B74]\n   \t(No symbol) [0x00007FF7B6326D10]\n   \t(No symbol) [0x00007FF7B6315C1F]\n   \tBaseThreadInitThunk [0x00007FFE3AB07374+20]\n   \tRtlUserThreadStart [0x00007FFE3C89CC91+33]\n", "test_name": "test_login", "rerun": "0"}, "1": {"status": "PASS", "message": "", "test_name": "test_loginnegative1", "rerun": "0"}, "2": {"status": "FAIL", "message": "   selenium.common.exceptions.WebDriverException: Message: target frame detached: received Inspector.detached event\n     (failed to check if window was closed: disconnected: unable to send message to renderer)\n     (Session info: chrome=129.0.6668.101)\n   Stacktrace:\n   \tGetHandleVerifier [0x00007FF7B63AB095+29557]\n   \t(No symbol) [0x00007FF7B631FA50]\n   \t(No symbol) [0x00007FF7B61DB56A]\n   \t(No symbol) [0x00007FF7B61C596E]\n   \t(No symbol) [0x00007FF7B61C4766]\n   \t(No symbol) [0x00007FF7B61C3FAB]\n   \t(No symbol) [0x00007FF7B61C3EEA]\n   \t(No symbol) [0x00007FF7B61C2DB5]\n   \t(No symbol) [0x00007FF7B61E95A0]\n   \t(No symbol) [0x00007FF7B6278861]\n   \t(No symbol) [0x00007FF7B6256F33]\n   \t(No symbol) [0x00007FF7B622116F]\n   \t(No symbol) [0x00007FF7B62222D1]\n   \tGetHandleVerifier [0x00007FF7B66DC96D+3378253]\n   \tGetHandleVerifier [0x00007FF7B6728497+3688311]\n   \tGetHandleVerifier [0x00007FF7B671D1CB+3642539]\n   \tGetHandleVerifier [0x00007FF7B646A6B6+813462]\n   \t(No symbol) [0x00007FF7B632AB5F]\n   \t(No symbol) [0x00007FF7B6326B74]\n   \t(No symbol) [0x00007FF7B6326D10]\n   \t(No symbol) [0x00007FF7B6315C1F]\n   \tBaseThreadInitThunk [0x00007FFE3AB07374+20]\n   \tRtlUserThreadStart [0x00007FFE3C89CC91+33]\n", "test_name": "test_loginnegative2", "rerun": "0"}}, "suite_name": "testCases/test_Logincheck.py"}}}, "date": "October 17, 2024", "start_time": 1729159678.9995325, "total_suite": 1, "status": "FAIL", "status_list": {"pass": "1", "fail": "2", "skip": "0", "error": "0", "xpass": "0", "xfail": "0", "rerun": "0"}, "total_tests": "3"}