{"content": {"suites": {"0": {"status": {"total_pass": 1, "total_skip": 0, "total_xpass": 0, "total_xfail": 0, "total_rerun": 0, "total_fail": 7, "total_error": 0}, "tests": {"0": {"status": "PASS", "message": "", "test_name": "test_applyinvestingpositive", "rerun": "0"}, "1": {"status": "FAIL", "message": "   selenium.common.exceptions.NoSuchElementException: Message: no such element: Unable to locate element: {\"method\":\"xpath\",\"selector\":\"//*[@id='root']/div[2]/section[1]/main/div/div/section[2]/section/form/div[1]/input\"}\n     (Session info: chrome=126.0.6478.114); For documentation on this error, please visit: https://www.selenium.dev/documentation/webdriver/troubleshooting/errors#no-such-element-exception\n   Stacktrace:\n   \tGetHandleVerifier [0x00007FF77519EEA2+31554]\n   \t(No symbol) [0x00007FF775117ED9]\n   \t(No symbol) [0x00007FF774FD872A]\n   \t(No symbol) [0x00007FF775028434]\n   \t(No symbol) [0x00007FF77502853C]\n   \t(No symbol) [0x00007FF77506F6A7]\n   \t(No symbol) [0x00007FF77504D06F]\n   \t(No symbol) [0x00007FF77506C977]\n   \t(No symbol) [0x00007FF77504CDD3]\n   \t(No symbol) [0x00007FF77501A33B]\n   \t(No symbol) [0x00007FF77501AED1]\n   \tGetHandleVerifier [0x00007FF7754A8B1D+3217341]\n   \tGetHandleVerifier [0x00007FF7754F5AE3+3532675]\n   \tGetHandleVerifier [0x00007FF7754EB0E0+3489152]\n   \tGetHandleVerifier [0x00007FF77524E776+750614]\n   \t(No symbol) [0x00007FF77512375F]\n   \t(No symbol) [0x00007FF77511EB14]\n   \t(No symbol) [0x00007FF77511ECA2]\n   \t(No symbol) [0x00007FF77510E16F]\n   \tBaseThreadInitThunk [0x00007FFD99E37344+20]\n   \tRtlUserThreadStart [0x00007FFD9A7FCC91+33]\n", "test_name": "test_applyinvestingonbehalfof", "rerun": "0"}, "2": {"status": "FAIL", "message": "   selenium.common.exceptions.NoSuchWindowException: Message: no such window: target window already closed\n   from unknown error: web view not found\n     (Session info: chrome=126.0.6478.114)\n   Stacktrace:\n   \tGetHandleVerifier [0x00007FF77519EEA2+31554]\n   \t(No symbol) [0x00007FF775117ED9]\n   \t(No symbol) [0x00007FF774FD872A]\n   \t(No symbol) [0x00007FF774FAD995]\n   \t(No symbol) [0x00007FF7750544D7]\n   \t(No symbol) [0x00007FF77506C051]\n   \t(No symbol) [0x00007FF77504CDD3]\n   \t(No symbol) [0x00007FF77501A33B]\n   \t(No symbol) [0x00007FF77501AED1]\n   \tGetHandleVerifier [0x00007FF7754A8B1D+3217341]\n   \tGetHandleVerifier [0x00007FF7754F5AE3+3532675]\n   \tGetHandleVerifier [0x00007FF7754EB0E0+3489152]\n   \tGetHandleVerifier [0x00007FF77524E776+750614]\n   \t(No symbol) [0x00007FF77512375F]\n   \t(No symbol) [0x00007FF77511EB14]\n   \t(No symbol) [0x00007FF77511ECA2]\n   \t(No symbol) [0x00007FF77510E16F]\n   \tBaseThreadInitThunk [0x00007FFD99E37344+20]\n   \tRtlUserThreadStart [0x00007FFD9A7FCC91+33]\n", "test_name": "test_applyinvestingnegative", "rerun": "0"}, "3": {"status": "FAIL", "message": "   selenium.common.exceptions.WebDriverException: Message: unknown error: cannot determine loading status\n   from target frame detached\n     (Session info: chrome=126.0.6478.114)\n   Stacktrace:\n   \tGetHandleVerifier [0x00007FF77519EEA2+31554]\n   \t(No symbol) [0x00007FF775117ED9]\n   \t(No symbol) [0x00007FF774FD8559]\n   \t(No symbol) [0x00007FF774FC0C81]\n   \t(No symbol) [0x00007FF774FBEC6D]\n   \t(No symbol) [0x00007FF774FBF47F]\n   \t(No symbol) [0x00007FF774FCE7E1]\n   \t(No symbol) [0x00007FF774FE674F]\n   \t(No symbol) [0x00007FF774FEC16A]\n   \t(No symbol) [0x00007FF774FBFC0A]\n   \t(No symbol) [0x00007FF774FE630D]\n   \t(No symbol) [0x00007FF77506CCD5]\n   \t(No symbol) [0x00007FF77504CDD3]\n   \t(No symbol) [0x00007FF77501A33B]\n   \t(No symbol) [0x00007FF77501AED1]\n   \tGetHandleVerifier [0x00007FF7754A8B1D+3217341]\n   \tGetHandleVerifier [0x00007FF7754F5AE3+3532675]\n   \tGetHandleVerifier [0x00007FF7754EB0E0+3489152]\n   \tGetHandleVerifier [0x00007FF77524E776+750614]\n   \t(No symbol) [0x00007FF77512375F]\n   \t(No symbol) [0x00007FF77511EB14]\n   \t(No symbol) [0x00007FF77511ECA2]\n   \t(No symbol) [0x00007FF77510E16F]\n   \tBaseThreadInitThunk [0x00007FFD99E37344+20]\n   \tRtlUserThreadStart [0x00007FFD9A7FCC91+33]\n", "test_name": "test_Saveinvesting", "rerun": "0"}, "4": {"status": "FAIL", "message": "   selenium.common.exceptions.NoSuchWindowException: Message: no such window: target window already closed\n   from unknown error: web view not found\n     (Session info: chrome=126.0.6478.114)\n   Stacktrace:\n   \tGetHandleVerifier [0x00007FF77519EEA2+31554]\n   \t(No symbol) [0x00007FF775117ED9]\n   \t(No symbol) [0x00007FF774FD872A]\n   \t(No symbol) [0x00007FF774FAD995]\n   \t(No symbol) [0x00007FF7750544D7]\n   \t(No symbol) [0x00007FF77506C051]\n   \t(No symbol) [0x00007FF77504CDD3]\n   \t(No symbol) [0x00007FF77501A33B]\n   \t(No symbol) [0x00007FF77501AED1]\n   \tGetHandleVerifier [0x00007FF7754A8B1D+3217341]\n   \tGetHandleVerifier [0x00007FF7754F5AE3+3532675]\n   \tGetHandleVerifier [0x00007FF7754EB0E0+3489152]\n   \tGetHandleVerifier [0x00007FF77524E776+750614]\n   \t(No symbol) [0x00007FF77512375F]\n   \t(No symbol) [0x00007FF77511EB14]\n   \t(No symbol) [0x00007FF77511ECA2]\n   \t(No symbol) [0x00007FF77510E16F]\n   \tBaseThreadInitThunk [0x00007FFD99E37344+20]\n   \tRtlUserThreadStart [0x00007FFD9A7FCC91+33]\n", "test_name": "test_copylinkinvesting", "rerun": "0"}, "5": {"status": "FAIL", "message": "   selenium.common.exceptions.NoSuchWindowException: Message: no such window: target window already closed\n   from unknown error: web view not found\n     (Session info: chrome=126.0.6478.114)\n   Stacktrace:\n   \tGetHandleVerifier [0x00007FF77519EEA2+31554]\n   \t(No symbol) [0x00007FF775117ED9]\n   \t(No symbol) [0x00007FF774FD872A]\n   \t(No symbol) [0x00007FF774FAD995]\n   \t(No symbol) [0x00007FF7750544D7]\n   \t(No symbol) [0x00007FF77506C051]\n   \t(No symbol) [0x00007FF77504CDD3]\n   \t(No symbol) [0x00007FF77501A33B]\n   \t(No symbol) [0x00007FF77501AED1]\n   \tGetHandleVerifier [0x00007FF7754A8B1D+3217341]\n   \tGetHandleVerifier [0x00007FF7754F5AE3+3532675]\n   \tGetHandleVerifier [0x00007FF7754EB0E0+3489152]\n   \tGetHandleVerifier [0x00007FF77524E776+750614]\n   \t(No symbol) [0x00007FF77512375F]\n   \t(No symbol) [0x00007FF77511EB14]\n   \t(No symbol) [0x00007FF77511ECA2]\n   \t(No symbol) [0x00007FF77510E16F]\n   \tBaseThreadInitThunk [0x00007FFD99E37344+20]\n   \tRtlUserThreadStart [0x00007FFD9A7FCC91+33]\n", "test_name": "test_reviewinvesting", "rerun": "0"}, "6": {"status": "FAIL", "message": "   selenium.common.exceptions.WebDriverException: Message: unknown error: cannot determine loading status\n   from target frame detached\n     (Session info: chrome=126.0.6478.114)\n   Stacktrace:\n   \tGetHandleVerifier [0x00007FF77519EEA2+31554]\n   \t(No symbol) [0x00007FF775117ED9]\n   \t(No symbol) [0x00007FF774FD8559]\n   \t(No symbol) [0x00007FF774FC0C81]\n   \t(No symbol) [0x00007FF774FBEC6D]\n   \t(No symbol) [0x00007FF774FBF47F]\n   \t(No symbol) [0x00007FF774FCE7E1]\n   \t(No symbol) [0x00007FF774FE674F]\n   \t(No symbol) [0x00007FF774FEC16A]\n   \t(No symbol) [0x00007FF774FBFC0A]\n   \t(No symbol) [0x00007FF774FE630D]\n   \t(No symbol) [0x00007FF77506CCD5]\n   \t(No symbol) [0x00007FF77504CDD3]\n   \t(No symbol) [0x00007FF77501A33B]\n   \t(No symbol) [0x00007FF77501AED1]\n   \tGetHandleVerifier [0x00007FF7754A8B1D+3217341]\n   \tGetHandleVerifier [0x00007FF7754F5AE3+3532675]\n   \tGetHandleVerifier [0x00007FF7754EB0E0+3489152]\n   \tGetHandleVerifier [0x00007FF77524E776+750614]\n   \t(No symbol) [0x00007FF77512375F]\n   \t(No symbol) [0x00007FF77511EB14]\n   \t(No symbol) [0x00007FF77511ECA2]\n   \t(No symbol) [0x00007FF77510E16F]\n   \tBaseThreadInitThunk [0x00007FFD99E37344+20]\n   \tRtlUserThreadStart [0x00007FFD9A7FCC91+33]\n", "test_name": "test_reportinvesting", "rerun": "0"}, "7": {"status": "FAIL", "message": "   selenium.common.exceptions.NoSuchWindowException: Message: no such window: target window already closed\n   from unknown error: web view not found\n     (Session info: chrome=126.0.6478.114)\n   Stacktrace:\n   \tGetHandleVerifier [0x00007FF77519EEA2+31554]\n   \t(No symbol) [0x00007FF775117ED9]\n   \t(No symbol) [0x00007FF774FD872A]\n   \t(No symbol) [0x00007FF774FAD995]\n   \t(No symbol) [0x00007FF7750544D7]\n   \t(No symbol) [0x00007FF77506C051]\n   \t(No symbol) [0x00007FF77504CDD3]\n   \t(No symbol) [0x00007FF77501A33B]\n   \t(No symbol) [0x00007FF77501AED1]\n   \tGetHandleVerifier [0x00007FF7754A8B1D+3217341]\n   \tGetHandleVerifier [0x00007FF7754F5AE3+3532675]\n   \tGetHandleVerifier [0x00007FF7754EB0E0+3489152]\n   \tGetHandleVerifier [0x00007FF77524E776+750614]\n   \t(No symbol) [0x00007FF77512375F]\n   \t(No symbol) [0x00007FF77511EB14]\n   \t(No symbol) [0x00007FF77511ECA2]\n   \t(No symbol) [0x00007FF77510E16F]\n   \tBaseThreadInitThunk [0x00007FFD99E37344+20]\n   \tRtlUserThreadStart [0x00007FFD9A7FCC91+33]\n", "test_name": "test_notinterestinvesting", "rerun": "0"}}, "suite_name": "testCases/test_applyinvestings.py"}}}, "date": "June 25, 2024", "start_time": 1719296795.5346286, "total_suite": 1, "status": "FAIL", "status_list": {"pass": "1", "fail": "7", "skip": "0", "error": "0", "xpass": "0", "xfail": "0", "rerun": "0"}, "total_tests": "8"}