{"content": {"suites": {"0": {"status": {"total_pass": 0, "total_skip": 0, "total_xpass": 0, "total_xfail": 0, "total_rerun": 0, "total_fail": 2, "total_error": 0}, "tests": {"0": {"status": "FAIL", "message": "   selenium.common.exceptions.NoSuchElementException: Message: no such element: Unable to locate element: {\"method\":\"xpath\",\"selector\":\"/html/body/div[4]/div[3]/form/div[2]/div[1]/div/div[2]/div/div[6]\"}\n     (Session info: chrome=126.0.6478.114); For documentation on this error, please visit: https://www.selenium.dev/documentation/webdriver/troubleshooting/errors#no-such-element-exception\n   Stacktrace:\n   \tGetHandleVerifier [0x00007FF6085A3E32+31618]\n   \t(No symbol) [0x00007FF60851B099]\n   \t(No symbol) [0x00007FF6083D888A]\n   \t(No symbol) [0x00007FF608428524]\n   \t(No symbol) [0x00007FF60842862C]\n   \t(No symbol) [0x00007FF60846F787]\n   \t(No symbol) [0x00007FF60844D14F]\n   \t(No symbol) [0x00007FF60846CA80]\n   \t(No symbol) [0x00007FF60844CEB3]\n   \t(No symbol) [0x00007FF60841A46B]\n   \t(No symbol) [0x00007FF60841B001]\n   \tGetHandleVerifier [0x00007FF6088A9FFD+3202381]\n   \tGetHandleVerifier [0x00007FF6088F6A1D+3516269]\n   \tGetHandleVerifier [0x00007FF6088EC490+3473888]\n   \tGetHandleVerifier [0x00007FF608655D36+760454]\n   \t(No symbol) [0x00007FF608526B3F]\n   \t(No symbol) [0x00007FF608521CD4]\n   \t(No symbol) [0x00007FF608521E62]\n   \t(No symbol) [0x00007FF60851120F]\n   \tBaseThreadInitThunk [0x00007FFD99E37344+20]\n   \tRtlUserThreadStart [0x00007FFD9A7FCC91+33]\n", "test_name": "test_applyinvestingpositive", "rerun": "0"}, "1": {"status": "FAIL", "message": "   selenium.common.exceptions.NoSuchWindowException: Message: no such window: target window already closed\n   from unknown error: web view not found\n     (Session info: chrome=126.0.6478.114)\n   Stacktrace:\n   \tGetHandleVerifier [0x00007FF6085A3E32+31618]\n   \t(No symbol) [0x00007FF60851B099]\n   \t(No symbol) [0x00007FF6083D888A]\n   \t(No symbol) [0x00007FF6083ADAE5]\n   \t(No symbol) [0x00007FF6084545A7]\n   \t(No symbol) [0x00007FF60846C131]\n   \t(No symbol) [0x00007FF60844CEB3]\n   \t(No symbol) [0x00007FF60841A46B]\n   \t(No symbol) [0x00007FF60841B001]\n   \tGetHandleVerifier [0x00007FF6088A9FFD+3202381]\n   \tGetHandleVerifier [0x00007FF6088F6A1D+3516269]\n   \tGetHandleVerifier [0x00007FF6088EC490+3473888]\n   \tGetHandleVerifier [0x00007FF608655D36+760454]\n   \t(No symbol) [0x00007FF608526B3F]\n   \t(No symbol) [0x00007FF608521CD4]\n   \t(No symbol) [0x00007FF608521E62]\n   \t(No symbol) [0x00007FF60851120F]\n   \tBaseThreadInitThunk [0x00007FFD99E37344+20]\n   \tRtlUserThreadStart [0x00007FFD9A7FCC91+33]\n", "test_name": "test_applyinvestingonbehalfof", "rerun": "0"}}, "suite_name": "testCases/test_applyinvestings.py"}}}, "date": "June 24, 2024", "start_time": 1719235308.950484, "total_suite": 1, "status": "FAIL", "status_list": {"pass": "0", "fail": "2", "skip": "0", "error": "0", "xpass": "0", "xfail": "0", "rerun": "0"}, "total_tests": "2"}