{"content": {"suites": {"0": {"status": {"total_pass": 1, "total_skip": 0, "total_xpass": 0, "total_xfail": 0, "total_rerun": 0, "total_fail": 4, "total_error": 0}, "tests": {"0": {"status": "PASS", "message": "", "test_name": "test_Certifiedcoursepositive", "rerun": "0"}, "1": {"status": "FAIL", "message": "   IndexError: list index out of range\n", "test_name": "test_Certifiedcoursedelete", "rerun": "0"}, "2": {"status": "FAIL", "message": "   IndexError: list index out of range\n", "test_name": "test_Certifiedcoursenegative1", "rerun": "0"}, "3": {"status": "FAIL", "message": "   selenium.common.exceptions.ElementClickInterceptedException: Message: element click intercepted: Element <div class=\"display-flex-aljc-center add-icon\">...</div> is not clickable at point (1347, 25). Other element would receive the click: <a class=\"navbar__Link\" href=\"/home\">...</a>\n     (Session info: chrome=126.0.6478.127)\n   Stacktrace:\n   \tGetHandleVerifier [0x00007FF692B4EEA2+31554]\n   \t(No symbol) [0x00007FF692AC7ED9]\n   \t(No symbol) [0x00007FF69298872A]\n   \t(No symbol) [0x00007FF6929E012E]\n   \t(No symbol) [0x00007FF6929DDAF2]\n   \t(No symbol) [0x00007FF6929DAF8B]\n   \t(No symbol) [0x00007FF6929DA156]\n   \t(No symbol) [0x00007FF6929CC151]\n   \t(No symbol) [0x00007FF6929FD02A]\n   \t(No symbol) [0x00007FF6929CBA76]\n   \t(No symbol) [0x00007FF6929FD240]\n   \t(No symbol) [0x00007FF692A1C977]\n   \t(No symbol) [0x00007FF6929FCDD3]\n   \t(No symbol) [0x00007FF6929CA33B]\n   \t(No symbol) [0x00007FF6929CAED1]\n   \tGetHandleVerifier [0x00007FF692E58B1D+3217341]\n   \tGetHandleVerifier [0x00007FF692EA5AE3+3532675]\n   \tGetHandleVerifier [0x00007FF692E9B0E0+3489152]\n   \tGetHandleVerifier [0x00007FF692BFE776+750614]\n   \t(No symbol) [0x00007FF692AD375F]\n   \t(No symbol) [0x00007FF692ACEB14]\n   \t(No symbol) [0x00007FF692ACECA2]\n   \t(No symbol) [0x00007FF692ABE16F]\n   \tBaseThreadInitThunk [0x00007FFD99E37344+20]\n   \tRtlUserThreadStart [0x00007FFD9A7FCC91+33]\n", "test_name": "test_Certifiedcourseinputboxes", "rerun": "0"}, "4": {"status": "FAIL", "message": "   selenium.common.exceptions.NoSuchElementException: Message: no such element: Unable to locate element: {\"method\":\"xpath\",\"selector\":\"//*[@id='root']/div[2]/section[1]/main/div/div/section[2]/section/form/div[1]/input\"}\n     (Session info: chrome=126.0.6478.127); For documentation on this error, please visit: https://www.selenium.dev/documentation/webdriver/troubleshooting/errors#no-such-element-exception\n   Stacktrace:\n   \tGetHandleVerifier [0x00007FF692B4EEA2+31554]\n   \t(No symbol) [0x00007FF692AC7ED9]\n   \t(No symbol) [0x00007FF69298872A]\n   \t(No symbol) [0x00007FF6929D8434]\n   \t(No symbol) [0x00007FF6929D853C]\n   \t(No symbol) [0x00007FF692A1F6A7]\n   \t(No symbol) [0x00007FF6929FD06F]\n   \t(No symbol) [0x00007FF692A1C977]\n   \t(No symbol) [0x00007FF6929FCDD3]\n   \t(No symbol) [0x00007FF6929CA33B]\n   \t(No symbol) [0x00007FF6929CAED1]\n   \tGetHandleVerifier [0x00007FF692E58B1D+3217341]\n   \tGetHandleVerifier [0x00007FF692EA5AE3+3532675]\n   \tGetHandleVerifier [0x00007FF692E9B0E0+3489152]\n   \tGetHandleVerifier [0x00007FF692BFE776+750614]\n   \t(No symbol) [0x00007FF692AD375F]\n   \t(No symbol) [0x00007FF692ACEB14]\n   \t(No symbol) [0x00007FF692ACECA2]\n   \t(No symbol) [0x00007FF692ABE16F]\n   \tBaseThreadInitThunk [0x00007FFD99E37344+20]\n   \tRtlUserThreadStart [0x00007FFD9A7FCC91+33]\n", "test_name": "test_edit_existdelete", "rerun": "0"}}, "suite_name": "testCases/test_certifiedcourse.py"}}}, "date": "June 28, 2024", "start_time": 1719559212.6262903, "total_suite": 1, "status": "FAIL", "status_list": {"pass": "1", "fail": "4", "skip": "0", "error": "0", "xpass": "0", "xfail": "0", "rerun": "0"}, "total_tests": "5"}