{"content": {"suites": {"0": {"status": {"total_pass": 1, "total_skip": 0, "total_xpass": 0, "total_xfail": 0, "total_rerun": 0, "total_fail": 6, "total_error": 0}, "tests": {"0": {"status": "FAIL", "message": "      assert False\n", "test_name": "test_applyjobpositive", "rerun": "0"}, "1": {"status": "PASS", "message": "", "test_name": "test_applyjobnegative", "rerun": "0"}, "2": {"status": "FAIL", "message": "   selenium.common.exceptions.NoSuchWindowException: Message: no such window: target window already closed\n   from unknown error: web view not found\n     (Session info: chrome=126.0.6478.126)\n   Stacktrace:\n   \tGetHandleVerifier [0x00007FF6DB6FEEA2+31554]\n   \t(No symbol) [0x00007FF6DB677ED9]\n   \t(No symbol) [0x00007FF6DB53872A]\n   \t(No symbol) [0x00007FF6DB50D995]\n   \t(No symbol) [0x00007FF6DB5B44D7]\n   \t(No symbol) [0x00007FF6DB5CC051]\n   \t(No symbol) [0x00007FF6DB5ACDD3]\n   \t(No symbol) [0x00007FF6DB57A33B]\n   \t(No symbol) [0x00007FF6DB57AED1]\n   \tGetHandleVerifier [0x00007FF6DBA08B1D+3217341]\n   \tGetHandleVerifier [0x00007FF6DBA55AE3+3532675]\n   \tGetHandleVerifier [0x00007FF6DBA4B0E0+3489152]\n   \tGetHandleVerifier [0x00007FF6DB7AE776+750614]\n   \t(No symbol) [0x00007FF6DB68375F]\n   \t(No symbol) [0x00007FF6DB67EB14]\n   \t(No symbol) [0x00007FF6DB67ECA2]\n   \t(No symbol) [0x00007FF6DB66E16F]\n   \tBaseThreadInitThunk [0x00007FFD99E37344+20]\n   \tRtlUserThreadStart [0x00007FFD9A7FCC91+33]\n", "test_name": "test_savejob", "rerun": "0"}, "3": {"status": "FAIL", "message": "   selenium.common.exceptions.NoSuchWindowException: Message: no such window: target window already closed\n   from unknown error: web view not found\n     (Session info: chrome=126.0.6478.126)\n   Stacktrace:\n   \tGetHandleVerifier [0x00007FF6DB6FEEA2+31554]\n   \t(No symbol) [0x00007FF6DB677ED9]\n   \t(No symbol) [0x00007FF6DB53872A]\n   \t(No symbol) [0x00007FF6DB50D995]\n   \t(No symbol) [0x00007FF6DB5B44D7]\n   \t(No symbol) [0x00007FF6DB5CC051]\n   \t(No symbol) [0x00007FF6DB5ACDD3]\n   \t(No symbol) [0x00007FF6DB57A33B]\n   \t(No symbol) [0x00007FF6DB57AED1]\n   \tGetHandleVerifier [0x00007FF6DBA08B1D+3217341]\n   \tGetHandleVerifier [0x00007FF6DBA55AE3+3532675]\n   \tGetHandleVerifier [0x00007FF6DBA4B0E0+3489152]\n   \tGetHandleVerifier [0x00007FF6DB7AE776+750614]\n   \t(No symbol) [0x00007FF6DB68375F]\n   \t(No symbol) [0x00007FF6DB67EB14]\n   \t(No symbol) [0x00007FF6DB67ECA2]\n   \t(No symbol) [0x00007FF6DB66E16F]\n   \tBaseThreadInitThunk [0x00007FFD99E37344+20]\n   \tRtlUserThreadStart [0x00007FFD9A7FCC91+33]\n", "test_name": "test_copylinkjob", "rerun": "0"}, "4": {"status": "FAIL", "message": "   selenium.common.exceptions.WebDriverException: Message: unknown error: cannot determine loading status\n   from target frame detached\n     (Session info: chrome=126.0.6478.126)\n   Stacktrace:\n   \tGetHandleVerifier [0x00007FF6DB6FEEA2+31554]\n   \t(No symbol) [0x00007FF6DB677ED9]\n   \t(No symbol) [0x00007FF6DB538559]\n   \t(No symbol) [0x00007FF6DB520C81]\n   \t(No symbol) [0x00007FF6DB51EC6D]\n   \t(No symbol) [0x00007FF6DB51F47F]\n   \t(No symbol) [0x00007FF6DB52E7E1]\n   \t(No symbol) [0x00007FF6DB54674F]\n   \t(No symbol) [0x00007FF6DB54C16A]\n   \t(No symbol) [0x00007FF6DB51FC0A]\n   \t(No symbol) [0x00007FF6DB54630D]\n   \t(No symbol) [0x00007FF6DB5CCCD5]\n   \t(No symbol) [0x00007FF6DB5ACDD3]\n   \t(No symbol) [0x00007FF6DB57A33B]\n   \t(No symbol) [0x00007FF6DB57AED1]\n   \tGetHandleVerifier [0x00007FF6DBA08B1D+3217341]\n   \tGetHandleVerifier [0x00007FF6DBA55AE3+3532675]\n   \tGetHandleVerifier [0x00007FF6DBA4B0E0+3489152]\n   \tGetHandleVerifier [0x00007FF6DB7AE776+750614]\n   \t(No symbol) [0x00007FF6DB68375F]\n   \t(No symbol) [0x00007FF6DB67EB14]\n   \t(No symbol) [0x00007FF6DB67ECA2]\n   \t(No symbol) [0x00007FF6DB66E16F]\n   \tBaseThreadInitThunk [0x00007FFD99E37344+20]\n   \tRtlUserThreadStart [0x00007FFD9A7FCC91+33]\n", "test_name": "test_reviewjob", "rerun": "0"}, "5": {"status": "FAIL", "message": "   selenium.common.exceptions.WebDriverException: Message: unknown error: cannot determine loading status\n   from target frame detached\n     (Session info: chrome=126.0.6478.126)\n   Stacktrace:\n   \tGetHandleVerifier [0x00007FF6DB6FEEA2+31554]\n   \t(No symbol) [0x00007FF6DB677ED9]\n   \t(No symbol) [0x00007FF6DB538559]\n   \t(No symbol) [0x00007FF6DB520C81]\n   \t(No symbol) [0x00007FF6DB51EC6D]\n   \t(No symbol) [0x00007FF6DB51F47F]\n   \t(No symbol) [0x00007FF6DB52E7E1]\n   \t(No symbol) [0x00007FF6DB54674F]\n   \t(No symbol) [0x00007FF6DB54C16A]\n   \t(No symbol) [0x00007FF6DB51FC0A]\n   \t(No symbol) [0x00007FF6DB54630D]\n   \t(No symbol) [0x00007FF6DB5CCCD5]\n   \t(No symbol) [0x00007FF6DB5ACDD3]\n   \t(No symbol) [0x00007FF6DB57A33B]\n   \t(No symbol) [0x00007FF6DB57AED1]\n   \tGetHandleVerifier [0x00007FF6DBA08B1D+3217341]\n   \tGetHandleVerifier [0x00007FF6DBA55AE3+3532675]\n   \tGetHandleVerifier [0x00007FF6DBA4B0E0+3489152]\n   \tGetHandleVerifier [0x00007FF6DB7AE776+750614]\n   \t(No symbol) [0x00007FF6DB68375F]\n   \t(No symbol) [0x00007FF6DB67EB14]\n   \t(No symbol) [0x00007FF6DB67ECA2]\n   \t(No symbol) [0x00007FF6DB66E16F]\n   \tBaseThreadInitThunk [0x00007FFD99E37344+20]\n   \tRtlUserThreadStart [0x00007FFD9A7FCC91+33]\n", "test_name": "testreportjob", "rerun": "0"}, "6": {"status": "FAIL", "message": "   selenium.common.exceptions.WebDriverException: Message: unknown error: cannot determine loading status\n   from target frame detached\n     (Session info: chrome=126.0.6478.126)\n   Stacktrace:\n   \tGetHandleVerifier [0x00007FF6DB6FEEA2+31554]\n   \t(No symbol) [0x00007FF6DB677ED9]\n   \t(No symbol) [0x00007FF6DB538559]\n   \t(No symbol) [0x00007FF6DB520C81]\n   \t(No symbol) [0x00007FF6DB51EC6D]\n   \t(No symbol) [0x00007FF6DB51F47F]\n   \t(No symbol) [0x00007FF6DB52E7E1]\n   \t(No symbol) [0x00007FF6DB54674F]\n   \t(No symbol) [0x00007FF6DB54C16A]\n   \t(No symbol) [0x00007FF6DB51FC0A]\n   \t(No symbol) [0x00007FF6DB54630D]\n   \t(No symbol) [0x00007FF6DB5CCCD5]\n   \t(No symbol) [0x00007FF6DB5ACDD3]\n   \t(No symbol) [0x00007FF6DB57A33B]\n   \t(No symbol) [0x00007FF6DB57AED1]\n   \tGetHandleVerifier [0x00007FF6DBA08B1D+3217341]\n   \tGetHandleVerifier [0x00007FF6DBA55AE3+3532675]\n   \tGetHandleVerifier [0x00007FF6DBA4B0E0+3489152]\n   \tGetHandleVerifier [0x00007FF6DB7AE776+750614]\n   \t(No symbol) [0x00007FF6DB68375F]\n   \t(No symbol) [0x00007FF6DB67EB14]\n   \t(No symbol) [0x00007FF6DB67ECA2]\n   \t(No symbol) [0x00007FF6DB66E16F]\n   \tBaseThreadInitThunk [0x00007FFD99E37344+20]\n   \tRtlUserThreadStart [0x00007FFD9A7FCC91+33]\n", "test_name": "test_notinterestjob", "rerun": "0"}}, "suite_name": "testCases/test_applyjob.py"}}}, "date": "June 26, 2024", "start_time": 1719400399.6981213, "total_suite": 1, "status": "FAIL", "status_list": {"pass": "1", "fail": "6", "skip": "0", "error": "0", "xpass": "0", "xfail": "0", "rerun": "0"}, "total_tests": "7"}