{"content": {"suites": {"0": {"status": {"total_pass": 0, "total_skip": 0, "total_xpass": 0, "total_xfail": 0, "total_rerun": 0, "total_fail": 3, "total_error": 0}, "tests": {"0": {"status": "FAIL", "message": "   selenium.common.exceptions.NoSuchElementException: Message: no such element: Unable to locate element: {\"method\":\"xpath\",\"selector\":\"/html/body/div[3]/div[3]/div/div[2]/main/section/div[2]/form/div/button\"}\n     (Session info: chrome=126.0.6478.127); For documentation on this error, please visit: https://www.selenium.dev/documentation/webdriver/troubleshooting/errors#no-such-element-exception\n   Stacktrace:\n   \tGetHandleVerifier [0x00007FF6685FEEA2+31554]\n   \t(No symbol) [0x00007FF668577ED9]\n   \t(No symbol) [0x00007FF66843872A]\n   \t(No symbol) [0x00007FF668488434]\n   \t(No symbol) [0x00007FF66848853C]\n   \t(No symbol) [0x00007FF6684CF6A7]\n   \t(No symbol) [0x00007FF6684AD06F]\n   \t(No symbol) [0x00007FF6684CC977]\n   \t(No symbol) [0x00007FF6684ACDD3]\n   \t(No symbol) [0x00007FF66847A33B]\n   \t(No symbol) [0x00007FF66847AED1]\n   \tGetHandleVerifier [0x00007FF668908B1D+3217341]\n   \tGetHandleVerifier [0x00007FF668955AE3+3532675]\n   \tGetHandleVerifier [0x00007FF66894B0E0+3489152]\n   \tGetHandleVerifier [0x00007FF6686AE776+750614]\n   \t(No symbol) [0x00007FF66858375F]\n   \t(No symbol) [0x00007FF66857EB14]\n   \t(No symbol) [0x00007FF66857ECA2]\n   \t(No symbol) [0x00007FF66856E16F]\n   \tBaseThreadInitThunk [0x00007FFD99E37344+20]\n   \tRtlUserThreadStart [0x00007FFD9A7FCC91+33]\n", "test_name": "test_Createmilestonepositive", "rerun": "0"}, "1": {"status": "FAIL", "message": "   selenium.common.exceptions.NoSuchElementException: Message: no such element: Unable to locate element: {\"method\":\"xpath\",\"selector\":\"//*[@id='root']/div[2]/section[1]/main/div/div/section[2]/section/form/div[1]/input\"}\n     (Session info: chrome=126.0.6478.127); For documentation on this error, please visit: https://www.selenium.dev/documentation/webdriver/troubleshooting/errors#no-such-element-exception\n   Stacktrace:\n   \tGetHandleVerifier [0x00007FF6685FEEA2+31554]\n   \t(No symbol) [0x00007FF668577ED9]\n   \t(No symbol) [0x00007FF66843872A]\n   \t(No symbol) [0x00007FF668488434]\n   \t(No symbol) [0x00007FF66848853C]\n   \t(No symbol) [0x00007FF6684CF6A7]\n   \t(No symbol) [0x00007FF6684AD06F]\n   \t(No symbol) [0x00007FF6684CC977]\n   \t(No symbol) [0x00007FF6684ACDD3]\n   \t(No symbol) [0x00007FF66847A33B]\n   \t(No symbol) [0x00007FF66847AED1]\n   \tGetHandleVerifier [0x00007FF668908B1D+3217341]\n   \tGetHandleVerifier [0x00007FF668955AE3+3532675]\n   \tGetHandleVerifier [0x00007FF66894B0E0+3489152]\n   \tGetHandleVerifier [0x00007FF6686AE776+750614]\n   \t(No symbol) [0x00007FF66858375F]\n   \t(No symbol) [0x00007FF66857EB14]\n   \t(No symbol) [0x00007FF66857ECA2]\n   \t(No symbol) [0x00007FF66856E16F]\n   \tBaseThreadInitThunk [0x00007FFD99E37344+20]\n   \tRtlUserThreadStart [0x00007FFD9A7FCC91+33]\n", "test_name": "test_Deletemilestone", "rerun": "0"}, "2": {"status": "FAIL", "message": "   IndexError: list index out of range\n", "test_name": "test_Milestonenegative", "rerun": "0"}}, "suite_name": "testCases/test_milestone.py"}}}, "date": "July 02, 2024", "start_time": 1719917677.452086, "total_suite": 1, "status": "FAIL", "status_list": {"pass": "0", "fail": "3", "skip": "0", "error": "0", "xpass": "0", "xfail": "0", "rerun": "0"}, "total_tests": "3"}