{"content": {"suites": {"0": {"status": {"total_pass": 1, "total_skip": 0, "total_xpass": 0, "total_xfail": 0, "total_rerun": 0, "total_fail": 2, "total_error": 0}, "tests": {"0": {"status": "PASS", "message": "", "test_name": "test_Createservicespositive", "rerun": "0"}, "1": {"status": "FAIL", "message": "   selenium.common.exceptions.NoSuchWindowException: Message: no such window: target window already closed\n   from unknown error: web view not found\n     (Session info: chrome=126.0.6478.127)\n   Stacktrace:\n   \tGetHandleVerifier [0x00007FF61A3FEEA2+31554]\n   \t(No symbol) [0x00007FF61A377ED9]\n   \t(No symbol) [0x00007FF61A23872A]\n   \t(No symbol) [0x00007FF61A20D995]\n   \t(No symbol) [0x00007FF61A2B44D7]\n   \t(No symbol) [0x00007FF61A2CC051]\n   \t(No symbol) [0x00007FF61A2ACDD3]\n   \t(No symbol) [0x00007FF61A27A33B]\n   \t(No symbol) [0x00007FF61A27AED1]\n   \tGetHandleVerifier [0x00007FF61A708B1D+3217341]\n   \tGetHandleVerifier [0x00007FF61A755AE3+3532675]\n   \tGetHandleVerifier [0x00007FF61A74B0E0+3489152]\n   \tGetHandleVerifier [0x00007FF61A4AE776+750614]\n   \t(No symbol) [0x00007FF61A38375F]\n   \t(No symbol) [0x00007FF61A37EB14]\n   \t(No symbol) [0x00007FF61A37ECA2]\n   \t(No symbol) [0x00007FF61A36E16F]\n   \tBaseThreadInitThunk [0x00007FFD99E37344+20]\n   \tRtlUserThreadStart [0x00007FFD9A7FCC91+33]\n", "test_name": "test_DeleteServices", "rerun": "0"}, "2": {"status": "FAIL", "message": "   selenium.common.exceptions.WebDriverException: Message: unknown error: cannot determine loading status\n   from target frame detached\n     (Session info: chrome=126.0.6478.127)\n   Stacktrace:\n   \tGetHandleVerifier [0x00007FF61A3FEEA2+31554]\n   \t(No symbol) [0x00007FF61A377ED9]\n   \t(No symbol) [0x00007FF61A238559]\n   \t(No symbol) [0x00007FF61A220C81]\n   \t(No symbol) [0x00007FF61A21EC6D]\n   \t(No symbol) [0x00007FF61A21F47F]\n   \t(No symbol) [0x00007FF61A22E7E1]\n   \t(No symbol) [0x00007FF61A24674F]\n   \t(No symbol) [0x00007FF61A24C16A]\n   \t(No symbol) [0x00007FF61A21FC0A]\n   \t(No symbol) [0x00007FF61A24630D]\n   \t(No symbol) [0x00007FF61A2CCCD5]\n   \t(No symbol) [0x00007FF61A2ACDD3]\n   \t(No symbol) [0x00007FF61A27A33B]\n   \t(No symbol) [0x00007FF61A27AED1]\n   \tGetHandleVerifier [0x00007FF61A708B1D+3217341]\n   \tGetHandleVerifier [0x00007FF61A755AE3+3532675]\n   \tGetHandleVerifier [0x00007FF61A74B0E0+3489152]\n   \tGetHandleVerifier [0x00007FF61A4AE776+750614]\n   \t(No symbol) [0x00007FF61A38375F]\n   \t(No symbol) [0x00007FF61A37EB14]\n   \t(No symbol) [0x00007FF61A37ECA2]\n   \t(No symbol) [0x00007FF61A36E16F]\n   \tBaseThreadInitThunk [0x00007FFD99E37344+20]\n   \tRtlUserThreadStart [0x00007FFD9A7FCC91+33]\n", "test_name": "test_AddServicesnegative", "rerun": "0"}}, "suite_name": "testCases/test_services.py"}}}, "date": "July 02, 2024", "start_time": 1719902638.4292734, "total_suite": 1, "status": "FAIL", "status_list": {"pass": "1", "fail": "2", "skip": "0", "error": "0", "xpass": "0", "xfail": "0", "rerun": "0"}, "total_tests": "3"}