{"content": {"suites": {"0": {"status": {"total_pass": 1, "total_skip": 0, "total_xpass": 0, "total_xfail": 0, "total_rerun": 0, "total_fail": 4, "total_error": 0}, "tests": {"0": {"status": "PASS", "message": "", "test_name": "test_Certifiedcoursepositive", "rerun": "0"}, "1": {"status": "FAIL", "message": "   selenium.common.exceptions.NoSuchElementException: Message: no such element: Unable to locate element: {\"method\":\"xpath\",\"selector\":\"/html/body/div[1]/div[2]/div/div[2]/a[2]\"}\n     (Session info: chrome=126.0.6478.127); For documentation on this error, please visit: https://www.selenium.dev/documentation/webdriver/troubleshooting/errors#no-such-element-exception\n   Stacktrace:\n   \tGetHandleVerifier [0x00007FF6DAF7EEA2+31554]\n   \t(No symbol) [0x00007FF6DAEF7ED9]\n   \t(No symbol) [0x00007FF6DADB872A]\n   \t(No symbol) [0x00007FF6DAE08434]\n   \t(No symbol) [0x00007FF6DAE0853C]\n   \t(No symbol) [0x00007FF6DAE4F6A7]\n   \t(No symbol) [0x00007FF6DAE2D06F]\n   \t(No symbol) [0x00007FF6DAE4C977]\n   \t(No symbol) [0x00007FF6DAE2CDD3]\n   \t(No symbol) [0x00007FF6DADFA33B]\n   \t(No symbol) [0x00007FF6DADFAED1]\n   \tGetHandleVerifier [0x00007FF6DB288B1D+3217341]\n   \tGetHandleVerifier [0x00007FF6DB2D5AE3+3532675]\n   \tGetHandleVerifier [0x00007FF6DB2CB0E0+3489152]\n   \tGetHandleVerifier [0x00007FF6DB02E776+750614]\n   \t(No symbol) [0x00007FF6DAF0375F]\n   \t(No symbol) [0x00007FF6DAEFEB14]\n   \t(No symbol) [0x00007FF6DAEFECA2]\n   \t(No symbol) [0x00007FF6DAEEE16F]\n   \tBaseThreadInitThunk [0x00007FFD99E37344+20]\n   \tRtlUserThreadStart [0x00007FFD9A7FCC91+33]\n", "test_name": "test_Certifiedcoursedelete", "rerun": "0"}, "2": {"status": "FAIL", "message": "   selenium.common.exceptions.ElementClickInterceptedException: Message: element click intercepted: Element <div class=\"display-flex-aljc-center add-icon\">...</div> is not clickable at point (1347, 25). Other element would receive the click: <a class=\"navbar__Link\" href=\"/home\">...</a>\n     (Session info: chrome=126.0.6478.127)\n   Stacktrace:\n   \tGetHandleVerifier [0x00007FF6DAF7EEA2+31554]\n   \t(No symbol) [0x00007FF6DAEF7ED9]\n   \t(No symbol) [0x00007FF6DADB872A]\n   \t(No symbol) [0x00007FF6DAE1012E]\n   \t(No symbol) [0x00007FF6DAE0DAF2]\n   \t(No symbol) [0x00007FF6DAE0AF8B]\n   \t(No symbol) [0x00007FF6DAE0A156]\n   \t(No symbol) [0x00007FF6DADFC151]\n   \t(No symbol) [0x00007FF6DAE2D02A]\n   \t(No symbol) [0x00007FF6DADFBA76]\n   \t(No symbol) [0x00007FF6DAE2D240]\n   \t(No symbol) [0x00007FF6DAE4C977]\n   \t(No symbol) [0x00007FF6DAE2CDD3]\n   \t(No symbol) [0x00007FF6DADFA33B]\n   \t(No symbol) [0x00007FF6DADFAED1]\n   \tGetHandleVerifier [0x00007FF6DB288B1D+3217341]\n   \tGetHandleVerifier [0x00007FF6DB2D5AE3+3532675]\n   \tGetHandleVerifier [0x00007FF6DB2CB0E0+3489152]\n   \tGetHandleVerifier [0x00007FF6DB02E776+750614]\n   \t(No symbol) [0x00007FF6DAF0375F]\n   \t(No symbol) [0x00007FF6DAEFEB14]\n   \t(No symbol) [0x00007FF6DAEFECA2]\n   \t(No symbol) [0x00007FF6DAEEE16F]\n   \tBaseThreadInitThunk [0x00007FFD99E37344+20]\n   \tRtlUserThreadStart [0x00007FFD9A7FCC91+33]\n", "test_name": "test_Certifiedcoursenegative1", "rerun": "0"}, "3": {"status": "FAIL", "message": "   selenium.common.exceptions.ElementClickInterceptedException: Message: element click intercepted: Element <div class=\"display-flex-aljc-center add-icon\">...</div> is not clickable at point (1347, 25). Other element would receive the click: <a class=\"navbar__Link\" href=\"/home\">...</a>\n     (Session info: chrome=126.0.6478.127)\n   Stacktrace:\n   \tGetHandleVerifier [0x00007FF6DAF7EEA2+31554]\n   \t(No symbol) [0x00007FF6DAEF7ED9]\n   \t(No symbol) [0x00007FF6DADB872A]\n   \t(No symbol) [0x00007FF6DAE1012E]\n   \t(No symbol) [0x00007FF6DAE0DAF2]\n   \t(No symbol) [0x00007FF6DAE0AF8B]\n   \t(No symbol) [0x00007FF6DAE0A156]\n   \t(No symbol) [0x00007FF6DADFC151]\n   \t(No symbol) [0x00007FF6DAE2D02A]\n   \t(No symbol) [0x00007FF6DADFBA76]\n   \t(No symbol) [0x00007FF6DAE2D240]\n   \t(No symbol) [0x00007FF6DAE4C977]\n   \t(No symbol) [0x00007FF6DAE2CDD3]\n   \t(No symbol) [0x00007FF6DADFA33B]\n   \t(No symbol) [0x00007FF6DADFAED1]\n   \tGetHandleVerifier [0x00007FF6DB288B1D+3217341]\n   \tGetHandleVerifier [0x00007FF6DB2D5AE3+3532675]\n   \tGetHandleVerifier [0x00007FF6DB2CB0E0+3489152]\n   \tGetHandleVerifier [0x00007FF6DB02E776+750614]\n   \t(No symbol) [0x00007FF6DAF0375F]\n   \t(No symbol) [0x00007FF6DAEFEB14]\n   \t(No symbol) [0x00007FF6DAEFECA2]\n   \t(No symbol) [0x00007FF6DAEEE16F]\n   \tBaseThreadInitThunk [0x00007FFD99E37344+20]\n   \tRtlUserThreadStart [0x00007FFD9A7FCC91+33]\n", "test_name": "test_Certifiedcourseinputboxes", "rerun": "0"}, "4": {"status": "FAIL", "message": "   selenium.common.exceptions.NoSuchWindowException: Message: no such window: target window already closed\n   from unknown error: web view not found\n     (Session info: chrome=126.0.6478.127)\n   Stacktrace:\n   \tGetHandleVerifier [0x00007FF6DAF7EEA2+31554]\n   \t(No symbol) [0x00007FF6DAEF7ED9]\n   \t(No symbol) [0x00007FF6DADB872A]\n   \t(No symbol) [0x00007FF6DAD8D995]\n   \t(No symbol) [0x00007FF6DAE344D7]\n   \t(No symbol) [0x00007FF6DAE4C051]\n   \t(No symbol) [0x00007FF6DAE2CDD3]\n   \t(No symbol) [0x00007FF6DADFA33B]\n   \t(No symbol) [0x00007FF6DADFAED1]\n   \tGetHandleVerifier [0x00007FF6DB288B1D+3217341]\n   \tGetHandleVerifier [0x00007FF6DB2D5AE3+3532675]\n   \tGetHandleVerifier [0x00007FF6DB2CB0E0+3489152]\n   \tGetHandleVerifier [0x00007FF6DB02E776+750614]\n   \t(No symbol) [0x00007FF6DAF0375F]\n   \t(No symbol) [0x00007FF6DAEFEB14]\n   \t(No symbol) [0x00007FF6DAEFECA2]\n   \t(No symbol) [0x00007FF6DAEEE16F]\n   \tBaseThreadInitThunk [0x00007FFD99E37344+20]\n   \tRtlUserThreadStart [0x00007FFD9A7FCC91+33]\n", "test_name": "test_edit_existdelete", "rerun": "0"}}, "suite_name": "testCases/test_certifiedcourse.py"}}}, "date": "June 28, 2024", "start_time": 1719558929.3118408, "total_suite": 1, "status": "FAIL", "status_list": {"pass": "1", "fail": "4", "skip": "0", "error": "0", "xpass": "0", "xfail": "0", "rerun": "0"}, "total_tests": "5"}