{"content": {"suites": {"0": {"status": {"total_pass": 0, "total_skip": 0, "total_xpass": 0, "total_xfail": 0, "total_rerun": 0, "total_fail": 8, "total_error": 0}, "tests": {"0": {"status": "FAIL", "message": "   selenium.common.exceptions.NoSuchWindowException: Message: no such window: target window already closed\n   from unknown error: web view not found\n     (Session info: chrome=126.0.6478.114)\n   Stacktrace:\n   \tGetHandleVerifier [0x00007FF7DDFBEEA2+31554]\n   \t(No symbol) [0x00007FF7DDF37ED9]\n   \t(No symbol) [0x00007FF7DDDF872A]\n   \t(No symbol) [0x00007FF7DDDCD995]\n   \t(No symbol) [0x00007FF7DDE744D7]\n   \t(No symbol) [0x00007FF7DDE8C051]\n   \t(No symbol) [0x00007FF7DDE6CDD3]\n   \t(No symbol) [0x00007FF7DDE3A33B]\n   \t(No symbol) [0x00007FF7DDE3AED1]\n   \tGetHandleVerifier [0x00007FF7DE2C8B1D+3217341]\n   \tGetHandleVerifier [0x00007FF7DE315AE3+3532675]\n   \tGetHandleVerifier [0x00007FF7DE30B0E0+3489152]\n   \tGetHandleVerifier [0x00007FF7DE06E776+750614]\n   \t(No symbol) [0x00007FF7DDF4375F]\n   \t(No symbol) [0x00007FF7DDF3EB14]\n   \t(No symbol) [0x00007FF7DDF3ECA2]\n   \t(No symbol) [0x00007FF7DDF2E16F]\n   \tBaseThreadInitThunk [0x00007FFD99E37344+20]\n   \tRtlUserThreadStart [0x00007FFD9A7FCC91+33]\n", "test_name": "test_applyinvestingpositive", "rerun": "0"}, "1": {"status": "FAIL", "message": "   selenium.common.exceptions.NoSuchWindowException: Message: no such window: target window already closed\n   from unknown error: web view not found\n     (Session info: chrome=126.0.6478.114)\n   Stacktrace:\n   \tGetHandleVerifier [0x00007FF7DDFBEEA2+31554]\n   \t(No symbol) [0x00007FF7DDF37ED9]\n   \t(No symbol) [0x00007FF7DDDF872A]\n   \t(No symbol) [0x00007FF7DDDCD995]\n   \t(No symbol) [0x00007FF7DDE744D7]\n   \t(No symbol) [0x00007FF7DDE8C051]\n   \t(No symbol) [0x00007FF7DDE6CDD3]\n   \t(No symbol) [0x00007FF7DDE3A33B]\n   \t(No symbol) [0x00007FF7DDE3AED1]\n   \tGetHandleVerifier [0x00007FF7DE2C8B1D+3217341]\n   \tGetHandleVerifier [0x00007FF7DE315AE3+3532675]\n   \tGetHandleVerifier [0x00007FF7DE30B0E0+3489152]\n   \tGetHandleVerifier [0x00007FF7DE06E776+750614]\n   \t(No symbol) [0x00007FF7DDF4375F]\n   \t(No symbol) [0x00007FF7DDF3EB14]\n   \t(No symbol) [0x00007FF7DDF3ECA2]\n   \t(No symbol) [0x00007FF7DDF2E16F]\n   \tBaseThreadInitThunk [0x00007FFD99E37344+20]\n   \tRtlUserThreadStart [0x00007FFD9A7FCC91+33]\n", "test_name": "test_applyinvestingonbehalfof", "rerun": "0"}, "2": {"status": "FAIL", "message": "   selenium.common.exceptions.NoSuchWindowException: Message: no such window: target window already closed\n   from unknown error: web view not found\n     (Session info: chrome=126.0.6478.114)\n   Stacktrace:\n   \tGetHandleVerifier [0x00007FF7DDFBEEA2+31554]\n   \t(No symbol) [0x00007FF7DDF37ED9]\n   \t(No symbol) [0x00007FF7DDDF872A]\n   \t(No symbol) [0x00007FF7DDDCD995]\n   \t(No symbol) [0x00007FF7DDE744D7]\n   \t(No symbol) [0x00007FF7DDE8C051]\n   \t(No symbol) [0x00007FF7DDE6CDD3]\n   \t(No symbol) [0x00007FF7DDE3A33B]\n   \t(No symbol) [0x00007FF7DDE3AED1]\n   \tGetHandleVerifier [0x00007FF7DE2C8B1D+3217341]\n   \tGetHandleVerifier [0x00007FF7DE315AE3+3532675]\n   \tGetHandleVerifier [0x00007FF7DE30B0E0+3489152]\n   \tGetHandleVerifier [0x00007FF7DE06E776+750614]\n   \t(No symbol) [0x00007FF7DDF4375F]\n   \t(No symbol) [0x00007FF7DDF3EB14]\n   \t(No symbol) [0x00007FF7DDF3ECA2]\n   \t(No symbol) [0x00007FF7DDF2E16F]\n   \tBaseThreadInitThunk [0x00007FFD99E37344+20]\n   \tRtlUserThreadStart [0x00007FFD9A7FCC91+33]\n", "test_name": "test_applyinvestingnegative", "rerun": "0"}, "3": {"status": "FAIL", "message": "   selenium.common.exceptions.NoSuchWindowException: Message: no such window: target window already closed\n   from unknown error: web view not found\n     (Session info: chrome=126.0.6478.114)\n   Stacktrace:\n   \tGetHandleVerifier [0x00007FF7DDFBEEA2+31554]\n   \t(No symbol) [0x00007FF7DDF37ED9]\n   \t(No symbol) [0x00007FF7DDDF872A]\n   \t(No symbol) [0x00007FF7DDDCD995]\n   \t(No symbol) [0x00007FF7DDE744D7]\n   \t(No symbol) [0x00007FF7DDE8C051]\n   \t(No symbol) [0x00007FF7DDE6CDD3]\n   \t(No symbol) [0x00007FF7DDE3A33B]\n   \t(No symbol) [0x00007FF7DDE3AED1]\n   \tGetHandleVerifier [0x00007FF7DE2C8B1D+3217341]\n   \tGetHandleVerifier [0x00007FF7DE315AE3+3532675]\n   \tGetHandleVerifier [0x00007FF7DE30B0E0+3489152]\n   \tGetHandleVerifier [0x00007FF7DE06E776+750614]\n   \t(No symbol) [0x00007FF7DDF4375F]\n   \t(No symbol) [0x00007FF7DDF3EB14]\n   \t(No symbol) [0x00007FF7DDF3ECA2]\n   \t(No symbol) [0x00007FF7DDF2E16F]\n   \tBaseThreadInitThunk [0x00007FFD99E37344+20]\n   \tRtlUserThreadStart [0x00007FFD9A7FCC91+33]\n", "test_name": "test_Saveinvesting", "rerun": "0"}, "4": {"status": "FAIL", "message": "   selenium.common.exceptions.NoSuchWindowException: Message: no such window: target window already closed\n   from unknown error: web view not found\n     (Session info: chrome=126.0.6478.114)\n   Stacktrace:\n   \tGetHandleVerifier [0x00007FF7DDFBEEA2+31554]\n   \t(No symbol) [0x00007FF7DDF37ED9]\n   \t(No symbol) [0x00007FF7DDDF872A]\n   \t(No symbol) [0x00007FF7DDDCD995]\n   \t(No symbol) [0x00007FF7DDE744D7]\n   \t(No symbol) [0x00007FF7DDE8C051]\n   \t(No symbol) [0x00007FF7DDE6CDD3]\n   \t(No symbol) [0x00007FF7DDE3A33B]\n   \t(No symbol) [0x00007FF7DDE3AED1]\n   \tGetHandleVerifier [0x00007FF7DE2C8B1D+3217341]\n   \tGetHandleVerifier [0x00007FF7DE315AE3+3532675]\n   \tGetHandleVerifier [0x00007FF7DE30B0E0+3489152]\n   \tGetHandleVerifier [0x00007FF7DE06E776+750614]\n   \t(No symbol) [0x00007FF7DDF4375F]\n   \t(No symbol) [0x00007FF7DDF3EB14]\n   \t(No symbol) [0x00007FF7DDF3ECA2]\n   \t(No symbol) [0x00007FF7DDF2E16F]\n   \tBaseThreadInitThunk [0x00007FFD99E37344+20]\n   \tRtlUserThreadStart [0x00007FFD9A7FCC91+33]\n", "test_name": "test_copylinkinvesting", "rerun": "0"}, "5": {"status": "FAIL", "message": "   selenium.common.exceptions.NoSuchWindowException: Message: no such window: target window already closed\n   from unknown error: web view not found\n     (Session info: chrome=126.0.6478.114)\n   Stacktrace:\n   \tGetHandleVerifier [0x00007FF7DDFBEEA2+31554]\n   \t(No symbol) [0x00007FF7DDF37ED9]\n   \t(No symbol) [0x00007FF7DDDF872A]\n   \t(No symbol) [0x00007FF7DDDCD995]\n   \t(No symbol) [0x00007FF7DDE744D7]\n   \t(No symbol) [0x00007FF7DDE8C051]\n   \t(No symbol) [0x00007FF7DDE6CDD3]\n   \t(No symbol) [0x00007FF7DDE3A33B]\n   \t(No symbol) [0x00007FF7DDE3AED1]\n   \tGetHandleVerifier [0x00007FF7DE2C8B1D+3217341]\n   \tGetHandleVerifier [0x00007FF7DE315AE3+3532675]\n   \tGetHandleVerifier [0x00007FF7DE30B0E0+3489152]\n   \tGetHandleVerifier [0x00007FF7DE06E776+750614]\n   \t(No symbol) [0x00007FF7DDF4375F]\n   \t(No symbol) [0x00007FF7DDF3EB14]\n   \t(No symbol) [0x00007FF7DDF3ECA2]\n   \t(No symbol) [0x00007FF7DDF2E16F]\n   \tBaseThreadInitThunk [0x00007FFD99E37344+20]\n   \tRtlUserThreadStart [0x00007FFD9A7FCC91+33]\n", "test_name": "test_reviewinvesting", "rerun": "0"}, "6": {"status": "FAIL", "message": "   selenium.common.exceptions.NoSuchWindowException: Message: no such window: target window already closed\n   from unknown error: web view not found\n     (Session info: chrome=126.0.6478.114)\n   Stacktrace:\n   \tGetHandleVerifier [0x00007FF7DDFBEEA2+31554]\n   \t(No symbol) [0x00007FF7DDF37ED9]\n   \t(No symbol) [0x00007FF7DDDF872A]\n   \t(No symbol) [0x00007FF7DDDCD995]\n   \t(No symbol) [0x00007FF7DDE744D7]\n   \t(No symbol) [0x00007FF7DDE8C051]\n   \t(No symbol) [0x00007FF7DDE6CDD3]\n   \t(No symbol) [0x00007FF7DDE3A33B]\n   \t(No symbol) [0x00007FF7DDE3AED1]\n   \tGetHandleVerifier [0x00007FF7DE2C8B1D+3217341]\n   \tGetHandleVerifier [0x00007FF7DE315AE3+3532675]\n   \tGetHandleVerifier [0x00007FF7DE30B0E0+3489152]\n   \tGetHandleVerifier [0x00007FF7DE06E776+750614]\n   \t(No symbol) [0x00007FF7DDF4375F]\n   \t(No symbol) [0x00007FF7DDF3EB14]\n   \t(No symbol) [0x00007FF7DDF3ECA2]\n   \t(No symbol) [0x00007FF7DDF2E16F]\n   \tBaseThreadInitThunk [0x00007FFD99E37344+20]\n   \tRtlUserThreadStart [0x00007FFD9A7FCC91+33]\n", "test_name": "test_reportinvesting", "rerun": "0"}, "7": {"status": "FAIL", "message": "   selenium.common.exceptions.NoSuchWindowException: Message: no such window: target window already closed\n   from unknown error: web view not found\n     (Session info: chrome=126.0.6478.114)\n   Stacktrace:\n   \tGetHandleVerifier [0x00007FF7DDFBEEA2+31554]\n   \t(No symbol) [0x00007FF7DDF37ED9]\n   \t(No symbol) [0x00007FF7DDDF872A]\n   \t(No symbol) [0x00007FF7DDDCD995]\n   \t(No symbol) [0x00007FF7DDE744D7]\n   \t(No symbol) [0x00007FF7DDE8C051]\n   \t(No symbol) [0x00007FF7DDE6CDD3]\n   \t(No symbol) [0x00007FF7DDE3A33B]\n   \t(No symbol) [0x00007FF7DDE3AED1]\n   \tGetHandleVerifier [0x00007FF7DE2C8B1D+3217341]\n   \tGetHandleVerifier [0x00007FF7DE315AE3+3532675]\n   \tGetHandleVerifier [0x00007FF7DE30B0E0+3489152]\n   \tGetHandleVerifier [0x00007FF7DE06E776+750614]\n   \t(No symbol) [0x00007FF7DDF4375F]\n   \t(No symbol) [0x00007FF7DDF3EB14]\n   \t(No symbol) [0x00007FF7DDF3ECA2]\n   \t(No symbol) [0x00007FF7DDF2E16F]\n   \tBaseThreadInitThunk [0x00007FFD99E37344+20]\n   \tRtlUserThreadStart [0x00007FFD9A7FCC91+33]\n", "test_name": "test_notinterestinvesting", "rerun": "0"}}, "suite_name": "testCases/test_applyinvestings.py"}}}, "date": "June 25, 2024", "start_time": 1719310768.92873, "total_suite": 1, "status": "FAIL", "status_list": {"pass": "0", "fail": "8", "skip": "0", "error": "0", "xpass": "0", "xfail": "0", "rerun": "0"}, "total_tests": "8"}