{"content": {"suites": {"0": {"status": {"total_pass": 0, "total_skip": 0, "total_xpass": 0, "total_xfail": 0, "total_rerun": 0, "total_fail": 7, "total_error": 0}, "tests": {"0": {"status": "FAIL", "message": "   selenium.common.exceptions.NoSuchElementException: Message: no such element: Unable to locate element: {\"method\":\"xpath\",\"selector\":\"/html/body/div[1]/div[2]/div/div[2]/a[2]\"}\n     (Session info: chrome=125.0.6422.176); For documentation on this error, please visit: https://www.selenium.dev/documentation/webdriver/troubleshooting/errors#no-such-element-exception\n   Stacktrace:\n   \tGetHandleVerifier [0x00007FF792501F52+60322]\n   \t(No symbol) [0x00007FF79247CEC9]\n   \t(No symbol) [0x00007FF792337EBA]\n   \t(No symbol) [0x00007FF792387676]\n   \t(No symbol) [0x00007FF79238773C]\n   \t(No symbol) [0x00007FF7923CE967]\n   \t(No symbol) [0x00007FF7923AC25F]\n   \t(No symbol) [0x00007FF7923CBC80]\n   \t(No symbol) [0x00007FF7923ABFC3]\n   \t(No symbol) [0x00007FF792379617]\n   \t(No symbol) [0x00007FF79237A211]\n   \tGetHandleVerifier [0x00007FF7928194AD+3301629]\n   \tGetHandleVerifier [0x00007FF7928636D3+3605283]\n   \tGetHandleVerifier [0x00007FF792859450+3563680]\n   \tGetHandleVerifier [0x00007FF7925B4326+790390]\n   \t(No symbol) [0x00007FF79248750F]\n   \t(No symbol) [0x00007FF792483404]\n   \t(No symbol) [0x00007FF792483592]\n   \t(No symbol) [0x00007FF792472F9F]\n   \tBaseThreadInitThunk [0x00007FF9D34D7344+20]\n   \tRtlUserThreadStart [0x00007FF9D50E26B1+33]\n", "test_name": "test_applyjobpositive", "rerun": "0"}, "1": {"status": "FAIL", "message": "   selenium.common.exceptions.NoSuchElementException: Message: no such element: Unable to locate element: {\"method\":\"xpath\",\"selector\":\"/html/body/div[1]/div[2]/div/div[2]/a[2]\"}\n     (Session info: chrome=125.0.6422.176); For documentation on this error, please visit: https://www.selenium.dev/documentation/webdriver/troubleshooting/errors#no-such-element-exception\n   Stacktrace:\n   \tGetHandleVerifier [0x00007FF792501F52+60322]\n   \t(No symbol) [0x00007FF79247CEC9]\n   \t(No symbol) [0x00007FF792337EBA]\n   \t(No symbol) [0x00007FF792387676]\n   \t(No symbol) [0x00007FF79238773C]\n   \t(No symbol) [0x00007FF7923CE967]\n   \t(No symbol) [0x00007FF7923AC25F]\n   \t(No symbol) [0x00007FF7923CBC80]\n   \t(No symbol) [0x00007FF7923ABFC3]\n   \t(No symbol) [0x00007FF792379617]\n   \t(No symbol) [0x00007FF79237A211]\n   \tGetHandleVerifier [0x00007FF7928194AD+3301629]\n   \tGetHandleVerifier [0x00007FF7928636D3+3605283]\n   \tGetHandleVerifier [0x00007FF792859450+3563680]\n   \tGetHandleVerifier [0x00007FF7925B4326+790390]\n   \t(No symbol) [0x00007FF79248750F]\n   \t(No symbol) [0x00007FF792483404]\n   \t(No symbol) [0x00007FF792483592]\n   \t(No symbol) [0x00007FF792472F9F]\n   \tBaseThreadInitThunk [0x00007FF9D34D7344+20]\n   \tRtlUserThreadStart [0x00007FF9D50E26B1+33]\n", "test_name": "test_applyjobnegative", "rerun": "0"}, "2": {"status": "FAIL", "message": "   selenium.common.exceptions.NoSuchElementException: Message: no such element: Unable to locate element: {\"method\":\"xpath\",\"selector\":\"/html/body/div[1]/div[2]/div/div[2]/a[2]\"}\n     (Session info: chrome=125.0.6422.176); For documentation on this error, please visit: https://www.selenium.dev/documentation/webdriver/troubleshooting/errors#no-such-element-exception\n   Stacktrace:\n   \tGetHandleVerifier [0x00007FF792501F52+60322]\n   \t(No symbol) [0x00007FF79247CEC9]\n   \t(No symbol) [0x00007FF792337EBA]\n   \t(No symbol) [0x00007FF792387676]\n   \t(No symbol) [0x00007FF79238773C]\n   \t(No symbol) [0x00007FF7923CE967]\n   \t(No symbol) [0x00007FF7923AC25F]\n   \t(No symbol) [0x00007FF7923CBC80]\n   \t(No symbol) [0x00007FF7923ABFC3]\n   \t(No symbol) [0x00007FF792379617]\n   \t(No symbol) [0x00007FF79237A211]\n   \tGetHandleVerifier [0x00007FF7928194AD+3301629]\n   \tGetHandleVerifier [0x00007FF7928636D3+3605283]\n   \tGetHandleVerifier [0x00007FF792859450+3563680]\n   \tGetHandleVerifier [0x00007FF7925B4326+790390]\n   \t(No symbol) [0x00007FF79248750F]\n   \t(No symbol) [0x00007FF792483404]\n   \t(No symbol) [0x00007FF792483592]\n   \t(No symbol) [0x00007FF792472F9F]\n   \tBaseThreadInitThunk [0x00007FF9D34D7344+20]\n   \tRtlUserThreadStart [0x00007FF9D50E26B1+33]\n", "test_name": "test_savejob", "rerun": "0"}, "3": {"status": "FAIL", "message": "   selenium.common.exceptions.NoSuchElementException: Message: no such element: Unable to locate element: {\"method\":\"xpath\",\"selector\":\"/html/body/div[1]/div[2]/div/div[2]/a[2]\"}\n     (Session info: chrome=125.0.6422.176); For documentation on this error, please visit: https://www.selenium.dev/documentation/webdriver/troubleshooting/errors#no-such-element-exception\n   Stacktrace:\n   \tGetHandleVerifier [0x00007FF792501F52+60322]\n   \t(No symbol) [0x00007FF79247CEC9]\n   \t(No symbol) [0x00007FF792337EBA]\n   \t(No symbol) [0x00007FF792387676]\n   \t(No symbol) [0x00007FF79238773C]\n   \t(No symbol) [0x00007FF7923CE967]\n   \t(No symbol) [0x00007FF7923AC25F]\n   \t(No symbol) [0x00007FF7923CBC80]\n   \t(No symbol) [0x00007FF7923ABFC3]\n   \t(No symbol) [0x00007FF792379617]\n   \t(No symbol) [0x00007FF79237A211]\n   \tGetHandleVerifier [0x00007FF7928194AD+3301629]\n   \tGetHandleVerifier [0x00007FF7928636D3+3605283]\n   \tGetHandleVerifier [0x00007FF792859450+3563680]\n   \tGetHandleVerifier [0x00007FF7925B4326+790390]\n   \t(No symbol) [0x00007FF79248750F]\n   \t(No symbol) [0x00007FF792483404]\n   \t(No symbol) [0x00007FF792483592]\n   \t(No symbol) [0x00007FF792472F9F]\n   \tBaseThreadInitThunk [0x00007FF9D34D7344+20]\n   \tRtlUserThreadStart [0x00007FF9D50E26B1+33]\n", "test_name": "test_copylinkjob", "rerun": "0"}, "4": {"status": "FAIL", "message": "   selenium.common.exceptions.NoSuchElementException: Message: no such element: Unable to locate element: {\"method\":\"xpath\",\"selector\":\"/html/body/div[1]/div[2]/div/div[2]/a[2]\"}\n     (Session info: chrome=125.0.6422.176); For documentation on this error, please visit: https://www.selenium.dev/documentation/webdriver/troubleshooting/errors#no-such-element-exception\n   Stacktrace:\n   \tGetHandleVerifier [0x00007FF792501F52+60322]\n   \t(No symbol) [0x00007FF79247CEC9]\n   \t(No symbol) [0x00007FF792337EBA]\n   \t(No symbol) [0x00007FF792387676]\n   \t(No symbol) [0x00007FF79238773C]\n   \t(No symbol) [0x00007FF7923CE967]\n   \t(No symbol) [0x00007FF7923AC25F]\n   \t(No symbol) [0x00007FF7923CBC80]\n   \t(No symbol) [0x00007FF7923ABFC3]\n   \t(No symbol) [0x00007FF792379617]\n   \t(No symbol) [0x00007FF79237A211]\n   \tGetHandleVerifier [0x00007FF7928194AD+3301629]\n   \tGetHandleVerifier [0x00007FF7928636D3+3605283]\n   \tGetHandleVerifier [0x00007FF792859450+3563680]\n   \tGetHandleVerifier [0x00007FF7925B4326+790390]\n   \t(No symbol) [0x00007FF79248750F]\n   \t(No symbol) [0x00007FF792483404]\n   \t(No symbol) [0x00007FF792483592]\n   \t(No symbol) [0x00007FF792472F9F]\n   \tBaseThreadInitThunk [0x00007FF9D34D7344+20]\n   \tRtlUserThreadStart [0x00007FF9D50E26B1+33]\n", "test_name": "test_reviewjob", "rerun": "0"}, "5": {"status": "FAIL", "message": "   selenium.common.exceptions.NoSuchElementException: Message: no such element: Unable to locate element: {\"method\":\"xpath\",\"selector\":\"/html/body/div[1]/div[2]/div/div[2]/a[2]\"}\n     (Session info: chrome=125.0.6422.176); For documentation on this error, please visit: https://www.selenium.dev/documentation/webdriver/troubleshooting/errors#no-such-element-exception\n   Stacktrace:\n   \tGetHandleVerifier [0x00007FF792501F52+60322]\n   \t(No symbol) [0x00007FF79247CEC9]\n   \t(No symbol) [0x00007FF792337EBA]\n   \t(No symbol) [0x00007FF792387676]\n   \t(No symbol) [0x00007FF79238773C]\n   \t(No symbol) [0x00007FF7923CE967]\n   \t(No symbol) [0x00007FF7923AC25F]\n   \t(No symbol) [0x00007FF7923CBC80]\n   \t(No symbol) [0x00007FF7923ABFC3]\n   \t(No symbol) [0x00007FF792379617]\n   \t(No symbol) [0x00007FF79237A211]\n   \tGetHandleVerifier [0x00007FF7928194AD+3301629]\n   \tGetHandleVerifier [0x00007FF7928636D3+3605283]\n   \tGetHandleVerifier [0x00007FF792859450+3563680]\n   \tGetHandleVerifier [0x00007FF7925B4326+790390]\n   \t(No symbol) [0x00007FF79248750F]\n   \t(No symbol) [0x00007FF792483404]\n   \t(No symbol) [0x00007FF792483592]\n   \t(No symbol) [0x00007FF792472F9F]\n   \tBaseThreadInitThunk [0x00007FF9D34D7344+20]\n   \tRtlUserThreadStart [0x00007FF9D50E26B1+33]\n", "test_name": "testreportjob", "rerun": "0"}, "6": {"status": "FAIL", "message": "   selenium.common.exceptions.NoSuchElementException: Message: no such element: Unable to locate element: {\"method\":\"xpath\",\"selector\":\"/html/body/div[1]/div[2]/div/div[2]/a[2]\"}\n     (Session info: chrome=125.0.6422.176); For documentation on this error, please visit: https://www.selenium.dev/documentation/webdriver/troubleshooting/errors#no-such-element-exception\n   Stacktrace:\n   \tGetHandleVerifier [0x00007FF792501F52+60322]\n   \t(No symbol) [0x00007FF79247CEC9]\n   \t(No symbol) [0x00007FF792337EBA]\n   \t(No symbol) [0x00007FF792387676]\n   \t(No symbol) [0x00007FF79238773C]\n   \t(No symbol) [0x00007FF7923CE967]\n   \t(No symbol) [0x00007FF7923AC25F]\n   \t(No symbol) [0x00007FF7923CBC80]\n   \t(No symbol) [0x00007FF7923ABFC3]\n   \t(No symbol) [0x00007FF792379617]\n   \t(No symbol) [0x00007FF79237A211]\n   \tGetHandleVerifier [0x00007FF7928194AD+3301629]\n   \tGetHandleVerifier [0x00007FF7928636D3+3605283]\n   \tGetHandleVerifier [0x00007FF792859450+3563680]\n   \tGetHandleVerifier [0x00007FF7925B4326+790390]\n   \t(No symbol) [0x00007FF79248750F]\n   \t(No symbol) [0x00007FF792483404]\n   \t(No symbol) [0x00007FF792483592]\n   \t(No symbol) [0x00007FF792472F9F]\n   \tBaseThreadInitThunk [0x00007FF9D34D7344+20]\n   \tRtlUserThreadStart [0x00007FF9D50E26B1+33]\n", "test_name": "test_notinterestjob", "rerun": "0"}}, "suite_name": "testCases/test_applyjob.py"}}}, "date": "June 19, 2024", "start_time": 1718797140.1485264, "total_suite": 1, "status": "FAIL", "status_list": {"pass": "0", "fail": "7", "skip": "0", "error": "0", "xpass": "0", "xfail": "0", "rerun": "0"}, "total_tests": "7"}