{"content": {"suites": {"0": {"status": {"total_pass": 0, "total_skip": 0, "total_xpass": 0, "total_xfail": 0, "total_rerun": 0, "total_fail": 5, "total_error": 0}, "tests": {"0": {"status": "FAIL", "message": "   IndexError: list index out of range\n", "test_name": "test_adminaccessgiven", "rerun": "0"}, "1": {"status": "FAIL", "message": "   selenium.common.exceptions.NoSuchElementException: Message: no such element: Unable to locate element: {\"method\":\"xpath\",\"selector\":\"/html/body/div[1]/section[1]/nav/main/div[1]/aside[1]/div/span\"}\n     (Session info: chrome=126.0.6478.127); For documentation on this error, please visit: https://www.selenium.dev/documentation/webdriver/troubleshooting/errors#no-such-element-exception\n   Stacktrace:\n   \tGetHandleVerifier [0x00007FF77735EEA2+31554]\n   \t(No symbol) [0x00007FF7772D7ED9]\n   \t(No symbol) [0x00007FF77719872A]\n   \t(No symbol) [0x00007FF7771E8434]\n   \t(No symbol) [0x00007FF7771E853C]\n   \t(No symbol) [0x00007FF77722F6A7]\n   \t(No symbol) [0x00007FF77720D06F]\n   \t(No symbol) [0x00007FF77722C977]\n   \t(No symbol) [0x00007FF77720CDD3]\n   \t(No symbol) [0x00007FF7771DA33B]\n   \t(No symbol) [0x00007FF7771DAED1]\n   \tGetHandleVerifier [0x00007FF777668B1D+3217341]\n   \tGetHandleVerifier [0x00007FF7776B5AE3+3532675]\n   \tGetHandleVerifier [0x00007FF7776AB0E0+3489152]\n   \tGetHandleVerifier [0x00007FF77740E776+750614]\n   \t(No symbol) [0x00007FF7772E375F]\n   \t(No symbol) [0x00007FF7772DEB14]\n   \t(No symbol) [0x00007FF7772DECA2]\n   \t(No symbol) [0x00007FF7772CE16F]\n   \tBaseThreadInitThunk [0x00007FFF50ED7344+20]\n   \tRtlUserThreadStart [0x00007FFF52A3CC91+33]\n", "test_name": "test_adminpage", "rerun": "0"}, "2": {"status": "FAIL", "message": "   selenium.common.exceptions.NoSuchElementException: Message: no such element: Unable to locate element: {\"method\":\"xpath\",\"selector\":\"/html/body/div[1]/section[1]/nav/main/div[1]/aside[1]/div/span\"}\n     (Session info: chrome=126.0.6478.127); For documentation on this error, please visit: https://www.selenium.dev/documentation/webdriver/troubleshooting/errors#no-such-element-exception\n   Stacktrace:\n   \tGetHandleVerifier [0x00007FF77735EEA2+31554]\n   \t(No symbol) [0x00007FF7772D7ED9]\n   \t(No symbol) [0x00007FF77719872A]\n   \t(No symbol) [0x00007FF7771E8434]\n   \t(No symbol) [0x00007FF7771E853C]\n   \t(No symbol) [0x00007FF77722F6A7]\n   \t(No symbol) [0x00007FF77720D06F]\n   \t(No symbol) [0x00007FF77722C977]\n   \t(No symbol) [0x00007FF77720CDD3]\n   \t(No symbol) [0x00007FF7771DA33B]\n   \t(No symbol) [0x00007FF7771DAED1]\n   \tGetHandleVerifier [0x00007FF777668B1D+3217341]\n   \tGetHandleVerifier [0x00007FF7776B5AE3+3532675]\n   \tGetHandleVerifier [0x00007FF7776AB0E0+3489152]\n   \tGetHandleVerifier [0x00007FF77740E776+750614]\n   \t(No symbol) [0x00007FF7772E375F]\n   \t(No symbol) [0x00007FF7772DEB14]\n   \t(No symbol) [0x00007FF7772DECA2]\n   \t(No symbol) [0x00007FF7772CE16F]\n   \tBaseThreadInitThunk [0x00007FFF50ED7344+20]\n   \tRtlUserThreadStart [0x00007FFF52A3CC91+33]\n", "test_name": "test_resetadminaccess", "rerun": "0"}, "3": {"status": "FAIL", "message": "   selenium.common.exceptions.NoSuchElementException: Message: no such element: Unable to locate element: {\"method\":\"xpath\",\"selector\":\"/html/body/div[1]/section[1]/nav/main/div[1]/aside[1]/div/span\"}\n     (Session info: chrome=126.0.6478.127); For documentation on this error, please visit: https://www.selenium.dev/documentation/webdriver/troubleshooting/errors#no-such-element-exception\n   Stacktrace:\n   \tGetHandleVerifier [0x00007FF77735EEA2+31554]\n   \t(No symbol) [0x00007FF7772D7ED9]\n   \t(No symbol) [0x00007FF77719872A]\n   \t(No symbol) [0x00007FF7771E8434]\n   \t(No symbol) [0x00007FF7771E853C]\n   \t(No symbol) [0x00007FF77722F6A7]\n   \t(No symbol) [0x00007FF77720D06F]\n   \t(No symbol) [0x00007FF77722C977]\n   \t(No symbol) [0x00007FF77720CDD3]\n   \t(No symbol) [0x00007FF7771DA33B]\n   \t(No symbol) [0x00007FF7771DAED1]\n   \tGetHandleVerifier [0x00007FF777668B1D+3217341]\n   \tGetHandleVerifier [0x00007FF7776B5AE3+3532675]\n   \tGetHandleVerifier [0x00007FF7776AB0E0+3489152]\n   \tGetHandleVerifier [0x00007FF77740E776+750614]\n   \t(No symbol) [0x00007FF7772E375F]\n   \t(No symbol) [0x00007FF7772DEB14]\n   \t(No symbol) [0x00007FF7772DECA2]\n   \t(No symbol) [0x00007FF7772CE16F]\n   \tBaseThreadInitThunk [0x00007FFF50ED7344+20]\n   \tRtlUserThreadStart [0x00007FFF52A3CC91+33]\n", "test_name": "test_afterresetindadminaccesscheck", "rerun": "0"}, "4": {"status": "FAIL", "message": "   selenium.common.exceptions.NoSuchWindowException: Message: no such window: target window already closed\n   from unknown error: web view not found\n     (Session info: chrome=126.0.6478.127)\n   Stacktrace:\n   \tGetHandleVerifier [0x00007FF77735EEA2+31554]\n   \t(No symbol) [0x00007FF7772D7ED9]\n   \t(No symbol) [0x00007FF77719872A]\n   \t(No symbol) [0x00007FF77716D995]\n   \t(No symbol) [0x00007FF7772144D7]\n   \t(No symbol) [0x00007FF77722C051]\n   \t(No symbol) [0x00007FF77720CDD3]\n   \t(No symbol) [0x00007FF7771DA33B]\n   \t(No symbol) [0x00007FF7771DAED1]\n   \tGetHandleVerifier [0x00007FF777668B1D+3217341]\n   \tGetHandleVerifier [0x00007FF7776B5AE3+3532675]\n   \tGetHandleVerifier [0x00007FF7776AB0E0+3489152]\n   \tGetHandleVerifier [0x00007FF77740E776+750614]\n   \t(No symbol) [0x00007FF7772E375F]\n   \t(No symbol) [0x00007FF7772DEB14]\n   \t(No symbol) [0x00007FF7772DECA2]\n   \t(No symbol) [0x00007FF7772CE16F]\n   \tBaseThreadInitThunk [0x00007FFF50ED7344+20]\n   \tRtlUserThreadStart [0x00007FFF52A3CC91+33]\n", "test_name": "test_deleteadminaccess", "rerun": "0"}}, "suite_name": "testCases/test_adminpage.py"}, "1": {"suite_name": "testCases/test_subscriptionjobcreate.py", "tests": {"0": {"status": "FAIL", "message": "   selenium.common.exceptions.NoSuchWindowException: Message: no such window: target window already closed\n   from unknown error: web view not found\n     (Session info: chrome=126.0.6478.127)\n   Stacktrace:\n   \tGetHandleVerifier [0x00007FF77735EEA2+31554]\n   \t(No symbol) [0x00007FF7772D7ED9]\n   \t(No symbol) [0x00007FF77719872A]\n   \t(No symbol) [0x00007FF77716D995]\n   \t(No symbol) [0x00007FF7772144D7]\n   \t(No symbol) [0x00007FF77722C051]\n   \t(No symbol) [0x00007FF77720CDD3]\n   \t(No symbol) [0x00007FF7771DA33B]\n   \t(No symbol) [0x00007FF7771DAED1]\n   \tGetHandleVerifier [0x00007FF777668B1D+3217341]\n   \tGetHandleVerifier [0x00007FF7776B5AE3+3532675]\n   \tGetHandleVerifier [0x00007FF7776AB0E0+3489152]\n   \tGetHandleVerifier [0x00007FF77740E776+750614]\n   \t(No symbol) [0x00007FF7772E375F]\n   \t(No symbol) [0x00007FF7772DEB14]\n   \t(No symbol) [0x00007FF7772DECA2]\n   \t(No symbol) [0x00007FF7772CE16F]\n   \tBaseThreadInitThunk [0x00007FFF50ED7344+20]\n   \tRtlUserThreadStart [0x00007FFF52A3CC91+33]\n", "test_name": "test_jobsubscription", "rerun": "0"}}, "status": {"total_pass": 0, "total_skip": 0, "total_xpass": 0, "total_xfail": 0, "total_rerun": 0, "total_fail": 1, "total_error": 0}}}}, "date": "July 10, 2024", "start_time": 1720605918.5907762, "total_suite": 2, "status": "FAIL", "status_list": {"pass": "0", "fail": "6", "skip": "0", "error": "0", "xpass": "0", "xfail": "0", "rerun": "0"}, "total_tests": "6"}