{"content": {"suites": {"0": {"status": {"total_pass": 3, "total_skip": 0, "total_xpass": 0, "total_xfail": 0, "total_rerun": 0, "total_fail": 0, "total_error": 0}, "tests": {"0": {"status": "PASS", "message": "", "test_name": "test_login", "rerun": "0"}, "1": {"status": "PASS", "message": "", "test_name": "test_loginnegative1", "rerun": "0"}, "2": {"status": "PASS", "message": "", "test_name": "test_loginnegative2", "rerun": "0"}}, "suite_name": "testCases/test_Logincheck.py"}, "1": {"suite_name": "testCases/test_applyinvestings.py", "tests": {"0": {"status": "PASS", "message": "", "test_name": "test_applyinvestingpositive", "rerun": "0"}, "1": {"status": "PASS", "message": "", "test_name": "test_applyinvestingonbehalfof", "rerun": "0"}, "2": {"status": "PASS", "message": "", "test_name": "test_applyinvestingnegative", "rerun": "0"}, "3": {"status": "PASS", "message": "", "test_name": "test_Saveinvesting", "rerun": "0"}, "4": {"status": "PASS", "message": "", "test_name": "test_copylinkinvesting", "rerun": "0"}, "5": {"status": "PASS", "message": "", "test_name": "test_reviewinvesting", "rerun": "0"}, "6": {"status": "PASS", "message": "", "test_name": "test_reportinvesting", "rerun": "0"}, "7": {"status": "PASS", "message": "", "test_name": "test_notinterestinvesting", "rerun": "0"}}, "status": {"total_pass": 8, "total_skip": 0, "total_xpass": 0, "total_xfail": 0, "total_rerun": 0, "total_fail": 0, "total_error": 0}}, "2": {"suite_name": "testCases/test_applyjob.py", "tests": {"0": {"status": "PASS", "message": "", "test_name": "test_applyjobpositive", "rerun": "0"}, "1": {"status": "PASS", "message": "", "test_name": "test_applyjobnegative", "rerun": "0"}, "2": {"status": "PASS", "message": "", "test_name": "test_savejob", "rerun": "0"}, "3": {"status": "PASS", "message": "", "test_name": "test_copylinkjob", "rerun": "0"}, "4": {"status": "PASS", "message": "", "test_name": "test_reviewjob", "rerun": "0"}, "5": {"status": "PASS", "message": "", "test_name": "testreportjob", "rerun": "0"}, "6": {"status": "PASS", "message": "", "test_name": "test_notinterestjob", "rerun": "0"}}, "status": {"total_pass": 7, "total_skip": 0, "total_xpass": 0, "total_xfail": 0, "total_rerun": 0, "total_fail": 0, "total_error": 0}}, "3": {"suite_name": "testCases/test_opencloseapplysave.py", "tests": {"0": {"status": "PASS", "message": "", "test_name": "test_JobOCAS", "rerun": "0"}}, "status": {"total_pass": 1, "total_skip": 0, "total_xpass": 0, "total_xfail": 0, "total_rerun": 0, "total_fail": 0, "total_error": 0}}, "4": {"suite_name": "testCases/test_postinvestings.py", "tests": {"0": {"status": "PASS", "message": "", "test_name": "test_postinvesting", "rerun": "0"}, "1": {"status": "FAIL", "message": "   selenium.common.exceptions.NoSuchElementException: Message: no such element: Unable to locate element: {\"method\":\"xpath\",\"selector\":\"/html/body/div[1]/div[2]/section[1]/main/div/div/section/div/div[2]/div/form/div/div[2]/div[8]/div/div/div[2]/div/div[5]\"}\n     (Session info: chrome=126.0.6478.127); For documentation on this error, please visit: https://www.selenium.dev/documentation/webdriver/troubleshooting/errors#no-such-element-exception\n   Stacktrace:\n   \tGetHandleVerifier [0x00007FF6E34DEEA2+31554]\n   \t(No symbol) [0x00007FF6E3457ED9]\n   \t(No symbol) [0x00007FF6E331872A]\n   \t(No symbol) [0x00007FF6E3368434]\n   \t(No symbol) [0x00007FF6E336853C]\n   \t(No symbol) [0x00007FF6E33AF6A7]\n   \t(No symbol) [0x00007FF6E338D06F]\n   \t(No symbol) [0x00007FF6E33AC977]\n   \t(No symbol) [0x00007FF6E338CDD3]\n   \t(No symbol) [0x00007FF6E335A33B]\n   \t(No symbol) [0x00007FF6E335AED1]\n   \tGetHandleVerifier [0x00007FF6E37E8B1D+3217341]\n   \tGetHandleVerifier [0x00007FF6E3835AE3+3532675]\n   \tGetHandleVerifier [0x00007FF6E382B0E0+3489152]\n   \tGetHandleVerifier [0x00007FF6E358E776+750614]\n   \t(No symbol) [0x00007FF6E346375F]\n   \t(No symbol) [0x00007FF6E345EB14]\n   \t(No symbol) [0x00007FF6E345ECA2]\n   \t(No symbol) [0x00007FF6E344E16F]\n   \tBaseThreadInitThunk [0x00007FFD99E37344+20]\n   \tRtlUserThreadStart [0x00007FFD9A7FCC91+33]\n", "test_name": "test_onbehalfofpostinvesting", "rerun": "0"}, "2": {"status": "PASS", "message": "", "test_name": "test_postinvestingnegative1", "rerun": "0"}, "3": {"status": "PASS", "message": "", "test_name": "test_postinvestingnegative2", "rerun": "0"}}, "status": {"total_pass": 3, "total_skip": 0, "total_xpass": 0, "total_xfail": 0, "total_rerun": 0, "total_fail": 1, "total_error": 0}}, "5": {"suite_name": "testCases/test_postjob.py", "tests": {"0": {"status": "FAIL", "message": "      assert False\n", "test_name": "test_postjob", "rerun": "0"}, "1": {"status": "FAIL", "message": "   selenium.common.exceptions.NoSuchWindowException: Message: no such window: target window already closed\n   from unknown error: web view not found\n     (Session info: chrome=126.0.6478.127)\n   Stacktrace:\n   \tGetHandleVerifier [0x00007FF6E34DEEA2+31554]\n   \t(No symbol) [0x00007FF6E3457ED9]\n   \t(No symbol) [0x00007FF6E331872A]\n   \t(No symbol) [0x00007FF6E32ED995]\n   \t(No symbol) [0x00007FF6E33944D7]\n   \t(No symbol) [0x00007FF6E33AC051]\n   \t(No symbol) [0x00007FF6E338CDD3]\n   \t(No symbol) [0x00007FF6E335A33B]\n   \t(No symbol) [0x00007FF6E335AED1]\n   \tGetHandleVerifier [0x00007FF6E37E8B1D+3217341]\n   \tGetHandleVerifier [0x00007FF6E3835AE3+3532675]\n   \tGetHandleVerifier [0x00007FF6E382B0E0+3489152]\n   \tGetHandleVerifier [0x00007FF6E358E776+750614]\n   \t(No symbol) [0x00007FF6E346375F]\n   \t(No symbol) [0x00007FF6E345EB14]\n   \t(No symbol) [0x00007FF6E345ECA2]\n   \t(No symbol) [0x00007FF6E344E16F]\n   \tBaseThreadInitThunk [0x00007FFD99E37344+20]\n   \tRtlUserThreadStart [0x00007FFD9A7FCC91+33]\n", "test_name": "test_onbehalfofpostjob", "rerun": "0"}, "2": {"status": "PASS", "message": "", "test_name": "test_jobsnegative1", "rerun": "0"}, "3": {"status": "PASS", "message": "", "test_name": "test_designationnegative", "rerun": "0"}, "4": {"status": "PASS", "message": "", "test_name": "test_experiencenegative", "rerun": "0"}, "5": {"status": "PASS", "message": "", "test_name": "test_locationnegative", "rerun": "0"}, "6": {"status": "PASS", "message": "", "test_name": "test_salaryminmaxnegative", "rerun": "0"}, "7": {"status": "PASS", "message": "", "test_name": "test_requirementresponsiblitiesnegative", "rerun": "0"}}, "status": {"total_pass": 6, "total_skip": 0, "total_xpass": 0, "total_xfail": 0, "total_rerun": 0, "total_fail": 2, "total_error": 0}}}}, "date": "July 05, 2024", "start_time": 1720171718.1991148, "total_suite": 6, "status": "FAIL", "status_list": {"pass": "28", "fail": "3", "skip": "0", "error": "0", "xpass": "0", "xfail": "0", "rerun": "0"}, "total_tests": "31"}