{"content": {"suites": {"0": {"status": {"total_pass": 0, "total_skip": 0, "total_xpass": 0, "total_xfail": 0, "total_rerun": 0, "total_fail": 3, "total_error": 0}, "tests": {"0": {"status": "FAIL", "message": "   selenium.common.exceptions.NoSuchElementException: Message: no such element: Unable to locate element: {\"method\":\"xpath\",\"selector\":\"/html/body/div[3]/div[3]/div/div[2]/main/section/div[2]/form/div/button\"}\n     (Session info: chrome=126.0.6478.127); For documentation on this error, please visit: https://www.selenium.dev/documentation/webdriver/troubleshooting/errors#no-such-element-exception\n   Stacktrace:\n   \tGetHandleVerifier [0x00007FF74A9DEEA2+31554]\n   \t(No symbol) [0x00007FF74A957ED9]\n   \t(No symbol) [0x00007FF74A81872A]\n   \t(No symbol) [0x00007FF74A868434]\n   \t(No symbol) [0x00007FF74A86853C]\n   \t(No symbol) [0x00007FF74A8AF6A7]\n   \t(No symbol) [0x00007FF74A88D06F]\n   \t(No symbol) [0x00007FF74A8AC977]\n   \t(No symbol) [0x00007FF74A88CDD3]\n   \t(No symbol) [0x00007FF74A85A33B]\n   \t(No symbol) [0x00007FF74A85AED1]\n   \tGetHandleVerifier [0x00007FF74ACE8B1D+3217341]\n   \tGetHandleVerifier [0x00007FF74AD35AE3+3532675]\n   \tGetHandleVerifier [0x00007FF74AD2B0E0+3489152]\n   \tGetHandleVerifier [0x00007FF74AA8E776+750614]\n   \t(No symbol) [0x00007FF74A96375F]\n   \t(No symbol) [0x00007FF74A95EB14]\n   \t(No symbol) [0x00007FF74A95ECA2]\n   \t(No symbol) [0x00007FF74A94E16F]\n   \tBaseThreadInitThunk [0x00007FFD99E37344+20]\n   \tRtlUserThreadStart [0x00007FFD9A7FCC91+33]\n", "test_name": "test_Createmilestonepositive", "rerun": "0"}, "1": {"status": "FAIL", "message": "   selenium.common.exceptions.NoSuchWindowException: Message: no such window: target window already closed\n   from unknown error: web view not found\n     (Session info: chrome=126.0.6478.127)\n   Stacktrace:\n   \tGetHandleVerifier [0x00007FF74A9DEEA2+31554]\n   \t(No symbol) [0x00007FF74A957ED9]\n   \t(No symbol) [0x00007FF74A81872A]\n   \t(No symbol) [0x00007FF74A7ED995]\n   \t(No symbol) [0x00007FF74A8944D7]\n   \t(No symbol) [0x00007FF74A8AC051]\n   \t(No symbol) [0x00007FF74A88CDD3]\n   \t(No symbol) [0x00007FF74A85A33B]\n   \t(No symbol) [0x00007FF74A85AED1]\n   \tGetHandleVerifier [0x00007FF74ACE8B1D+3217341]\n   \tGetHandleVerifier [0x00007FF74AD35AE3+3532675]\n   \tGetHandleVerifier [0x00007FF74AD2B0E0+3489152]\n   \tGetHandleVerifier [0x00007FF74AA8E776+750614]\n   \t(No symbol) [0x00007FF74A96375F]\n   \t(No symbol) [0x00007FF74A95EB14]\n   \t(No symbol) [0x00007FF74A95ECA2]\n   \t(No symbol) [0x00007FF74A94E16F]\n   \tBaseThreadInitThunk [0x00007FFD99E37344+20]\n   \tRtlUserThreadStart [0x00007FFD9A7FCC91+33]\n", "test_name": "test_Deletemilestone", "rerun": "0"}, "2": {"status": "FAIL", "message": "   selenium.common.exceptions.WebDriverException: Message: unknown error: cannot determine loading status\n   from target frame detached\n     (Session info: chrome=126.0.6478.127)\n   Stacktrace:\n   \tGetHandleVerifier [0x00007FF74A9DEEA2+31554]\n   \t(No symbol) [0x00007FF74A957ED9]\n   \t(No symbol) [0x00007FF74A818559]\n   \t(No symbol) [0x00007FF74A800C81]\n   \t(No symbol) [0x00007FF74A7FEC6D]\n   \t(No symbol) [0x00007FF74A7FF47F]\n   \t(No symbol) [0x00007FF74A80EB00]\n   \t(No symbol) [0x00007FF74A82674F]\n   \t(No symbol) [0x00007FF74A82C16A]\n   \t(No symbol) [0x00007FF74A7FFC0A]\n   \t(No symbol) [0x00007FF74A82630D]\n   \t(No symbol) [0x00007FF74A8ACCD5]\n   \t(No symbol) [0x00007FF74A88CDD3]\n   \t(No symbol) [0x00007FF74A85A33B]\n   \t(No symbol) [0x00007FF74A85AED1]\n   \tGetHandleVerifier [0x00007FF74ACE8B1D+3217341]\n   \tGetHandleVerifier [0x00007FF74AD35AE3+3532675]\n   \tGetHandleVerifier [0x00007FF74AD2B0E0+3489152]\n   \tGetHandleVerifier [0x00007FF74AA8E776+750614]\n   \t(No symbol) [0x00007FF74A96375F]\n   \t(No symbol) [0x00007FF74A95EB14]\n   \t(No symbol) [0x00007FF74A95ECA2]\n   \t(No symbol) [0x00007FF74A94E16F]\n   \tBaseThreadInitThunk [0x00007FFD99E37344+20]\n   \tRtlUserThreadStart [0x00007FFD9A7FCC91+33]\n", "test_name": "test_Milestonenegative", "rerun": "0"}}, "suite_name": "testCases/test_milestone.py"}}}, "date": "July 02, 2024", "start_time": 1719916319.0286725, "total_suite": 1, "status": "FAIL", "status_list": {"pass": "0", "fail": "3", "skip": "0", "error": "0", "xpass": "0", "xfail": "0", "rerun": "0"}, "total_tests": "3"}