{"content": {"suites": {"0": {"status": {"total_pass": 0, "total_skip": 0, "total_xpass": 0, "total_xfail": 0, "total_rerun": 0, "total_fail": 5, "total_error": 0}, "tests": {"0": {"status": "FAIL", "message": "   selenium.common.exceptions.WebDriverException: Message: unknown error: net::ERR_NAME_NOT_RESOLVED\n     (Session info: chrome=125.0.6422.176)\n   Stacktrace:\n   \tGetHandleVerifier [0x00007FF745301F52+60322]\n   \t(No symbol) [0x00007FF74527CEC9]\n   \t(No symbol) [0x00007FF745137EBA]\n   \t(No symbol) [0x00007FF74512FEA2]\n   \t(No symbol) [0x00007FF7451209C4]\n   \t(No symbol) [0x00007FF745122212]\n   \t(No symbol) [0x00007FF745120CF1]\n   \t(No symbol) [0x00007FF7451204D1]\n   \t(No symbol) [0x00007FF745120410]\n   \t(No symbol) [0x00007FF74511E39D]\n   \t(No symbol) [0x00007FF74511E9DC]\n   \t(No symbol) [0x00007FF74513AC91]\n   \t(No symbol) [0x00007FF7451CC5FE]\n   \t(No symbol) [0x00007FF7451AC21A]\n   \t(No symbol) [0x00007FF7451CBC80]\n   \t(No symbol) [0x00007FF7451ABFC3]\n   \t(No symbol) [0x00007FF745179617]\n   \t(No symbol) [0x00007FF74517A211]\n   \tGetHandleVerifier [0x00007FF7456194AD+3301629]\n   \tGetHandleVerifier [0x00007FF7456636D3+3605283]\n   \tGetHandleVerifier [0x00007FF745659450+3563680]\n   \tGetHandleVerifier [0x00007FF7453B4326+790390]\n   \t(No symbol) [0x00007FF74528750F]\n   \t(No symbol) [0x00007FF745283404]\n   \t(No symbol) [0x00007FF745283592]\n   \t(No symbol) [0x00007FF745272F9F]\n   \tBaseThreadInitThunk [0x00007FF9D34D7344+20]\n   \tRtlUserThreadStart [0x00007FF9D50E26B1+33]\n", "test_name": "test_designationnegative", "rerun": "0"}, "1": {"status": "FAIL", "message": "   selenium.common.exceptions.NoSuchWindowException: Message: no such window: target window already closed\n   from unknown error: web view not found\n     (Session info: chrome=125.0.6422.176)\n   Stacktrace:\n   \tGetHandleVerifier [0x00007FF745301F52+60322]\n   \t(No symbol) [0x00007FF74527CEC9]\n   \t(No symbol) [0x00007FF745137EBA]\n   \t(No symbol) [0x00007FF74510D5A5]\n   \t(No symbol) [0x00007FF7451B36B7]\n   \t(No symbol) [0x00007FF7451CB331]\n   \t(No symbol) [0x00007FF7451ABFC3]\n   \t(No symbol) [0x00007FF745179617]\n   \t(No symbol) [0x00007FF74517A211]\n   \tGetHandleVerifier [0x00007FF7456194AD+3301629]\n   \tGetHandleVerifier [0x00007FF7456636D3+3605283]\n   \tGetHandleVerifier [0x00007FF745659450+3563680]\n   \tGetHandleVerifier [0x00007FF7453B4326+790390]\n   \t(No symbol) [0x00007FF74528750F]\n   \t(No symbol) [0x00007FF745283404]\n   \t(No symbol) [0x00007FF745283592]\n   \t(No symbol) [0x00007FF745272F9F]\n   \tBaseThreadInitThunk [0x00007FF9D34D7344+20]\n   \tRtlUserThreadStart [0x00007FF9D50E26B1+33]\n", "test_name": "test_experiencenegative", "rerun": "0"}, "2": {"status": "FAIL", "message": "   selenium.common.exceptions.NoSuchWindowException: Message: no such window: target window already closed\n   from unknown error: web view not found\n     (Session info: chrome=125.0.6422.176)\n   Stacktrace:\n   \tGetHandleVerifier [0x00007FF745301F52+60322]\n   \t(No symbol) [0x00007FF74527CEC9]\n   \t(No symbol) [0x00007FF745137EBA]\n   \t(No symbol) [0x00007FF74510D5A5]\n   \t(No symbol) [0x00007FF7451B36B7]\n   \t(No symbol) [0x00007FF7451CB331]\n   \t(No symbol) [0x00007FF7451ABFC3]\n   \t(No symbol) [0x00007FF745179617]\n   \t(No symbol) [0x00007FF74517A211]\n   \tGetHandleVerifier [0x00007FF7456194AD+3301629]\n   \tGetHandleVerifier [0x00007FF7456636D3+3605283]\n   \tGetHandleVerifier [0x00007FF745659450+3563680]\n   \tGetHandleVerifier [0x00007FF7453B4326+790390]\n   \t(No symbol) [0x00007FF74528750F]\n   \t(No symbol) [0x00007FF745283404]\n   \t(No symbol) [0x00007FF745283592]\n   \t(No symbol) [0x00007FF745272F9F]\n   \tBaseThreadInitThunk [0x00007FF9D34D7344+20]\n   \tRtlUserThreadStart [0x00007FF9D50E26B1+33]\n", "test_name": "test_locationnegative", "rerun": "0"}, "3": {"status": "FAIL", "message": "   selenium.common.exceptions.NoSuchWindowException: Message: no such window: target window already closed\n   from unknown error: web view not found\n     (Session info: chrome=125.0.6422.176)\n   Stacktrace:\n   \tGetHandleVerifier [0x00007FF745301F52+60322]\n   \t(No symbol) [0x00007FF74527CEC9]\n   \t(No symbol) [0x00007FF745137EBA]\n   \t(No symbol) [0x00007FF74510D5A5]\n   \t(No symbol) [0x00007FF7451B36B7]\n   \t(No symbol) [0x00007FF7451CB331]\n   \t(No symbol) [0x00007FF7451ABFC3]\n   \t(No symbol) [0x00007FF745179617]\n   \t(No symbol) [0x00007FF74517A211]\n   \tGetHandleVerifier [0x00007FF7456194AD+3301629]\n   \tGetHandleVerifier [0x00007FF7456636D3+3605283]\n   \tGetHandleVerifier [0x00007FF745659450+3563680]\n   \tGetHandleVerifier [0x00007FF7453B4326+790390]\n   \t(No symbol) [0x00007FF74528750F]\n   \t(No symbol) [0x00007FF745283404]\n   \t(No symbol) [0x00007FF745283592]\n   \t(No symbol) [0x00007FF745272F9F]\n   \tBaseThreadInitThunk [0x00007FF9D34D7344+20]\n   \tRtlUserThreadStart [0x00007FF9D50E26B1+33]\n", "test_name": "test_salaryminmaxnegative", "rerun": "0"}, "4": {"status": "FAIL", "message": "   selenium.common.exceptions.NoSuchWindowException: Message: no such window: target window already closed\n   from unknown error: web view not found\n     (Session info: chrome=125.0.6422.176)\n   Stacktrace:\n   \tGetHandleVerifier [0x00007FF745301F52+60322]\n   \t(No symbol) [0x00007FF74527CEC9]\n   \t(No symbol) [0x00007FF745137EBA]\n   \t(No symbol) [0x00007FF74510D5A5]\n   \t(No symbol) [0x00007FF7451B36B7]\n   \t(No symbol) [0x00007FF7451CB331]\n   \t(No symbol) [0x00007FF7451ABFC3]\n   \t(No symbol) [0x00007FF745179617]\n   \t(No symbol) [0x00007FF74517A211]\n   \tGetHandleVerifier [0x00007FF7456194AD+3301629]\n   \tGetHandleVerifier [0x00007FF7456636D3+3605283]\n   \tGetHandleVerifier [0x00007FF745659450+3563680]\n   \tGetHandleVerifier [0x00007FF7453B4326+790390]\n   \t(No symbol) [0x00007FF74528750F]\n   \t(No symbol) [0x00007FF745283404]\n   \t(No symbol) [0x00007FF745283592]\n   \t(No symbol) [0x00007FF745272F9F]\n   \tBaseThreadInitThunk [0x00007FF9D34D7344+20]\n   \tRtlUserThreadStart [0x00007FF9D50E26B1+33]\n", "test_name": "test_requirementresponsiblitiesnegative", "rerun": "0"}}, "suite_name": "testCases/test_postjob.py"}}}, "date": "June 18, 2024", "start_time": 1718712703.3030448, "total_suite": 1, "status": "FAIL", "status_list": {"pass": "0", "fail": "5", "skip": "0", "error": "0", "xpass": "0", "xfail": "0", "rerun": "0"}, "total_tests": "5"}