{"content": {"suites": {"0": {"status": {"total_pass": 1, "total_skip": 0, "total_xpass": 0, "total_xfail": 0, "total_rerun": 0, "total_fail": 4, "total_error": 0}, "tests": {"0": {"status": "PASS", "message": "", "test_name": "test_Certifiedcoursepositive", "rerun": "0"}, "1": {"status": "FAIL", "message": "   selenium.common.exceptions.NoSuchElementException: Message: no such element: Unable to locate element: {\"method\":\"xpath\",\"selector\":\"//*[@id='root']/div[2]/section[1]/main/div/div/section[2]/section/form/div[1]/input\"}\n     (Session info: chrome=126.0.6478.127); For documentation on this error, please visit: https://www.selenium.dev/documentation/webdriver/troubleshooting/errors#no-such-element-exception\n   Stacktrace:\n   \tGetHandleVerifier [0x00007FF77B57EEA2+31554]\n   \t(No symbol) [0x00007FF77B4F7ED9]\n   \t(No symbol) [0x00007FF77B3B872A]\n   \t(No symbol) [0x00007FF77B408434]\n   \t(No symbol) [0x00007FF77B40853C]\n   \t(No symbol) [0x00007FF77B44F6A7]\n   \t(No symbol) [0x00007FF77B42D06F]\n   \t(No symbol) [0x00007FF77B44C977]\n   \t(No symbol) [0x00007FF77B42CDD3]\n   \t(No symbol) [0x00007FF77B3FA33B]\n   \t(No symbol) [0x00007FF77B3FAED1]\n   \tGetHandleVerifier [0x00007FF77B888B1D+3217341]\n   \tGetHandleVerifier [0x00007FF77B8D5AE3+3532675]\n   \tGetHandleVerifier [0x00007FF77B8CB0E0+3489152]\n   \tGetHandleVerifier [0x00007FF77B62E776+750614]\n   \t(No symbol) [0x00007FF77B50375F]\n   \t(No symbol) [0x00007FF77B4FEB14]\n   \t(No symbol) [0x00007FF77B4FECA2]\n   \t(No symbol) [0x00007FF77B4EE16F]\n   \tBaseThreadInitThunk [0x00007FFD99E37344+20]\n   \tRtlUserThreadStart [0x00007FFD9A7FCC91+33]\n", "test_name": "test_Certifiedcoursedelete", "rerun": "0"}, "2": {"status": "FAIL", "message": "   selenium.common.exceptions.ElementClickInterceptedException: Message: element click intercepted: Element <div class=\"display-flex-aljc-center add-icon\">...</div> is not clickable at point (1347, 25). Other element would receive the click: <a class=\"navbar__Link\" href=\"/home\">...</a>\n     (Session info: chrome=126.0.6478.127)\n   Stacktrace:\n   \tGetHandleVerifier [0x00007FF77B57EEA2+31554]\n   \t(No symbol) [0x00007FF77B4F7ED9]\n   \t(No symbol) [0x00007FF77B3B872A]\n   \t(No symbol) [0x00007FF77B41012E]\n   \t(No symbol) [0x00007FF77B40DAF2]\n   \t(No symbol) [0x00007FF77B40AF8B]\n   \t(No symbol) [0x00007FF77B40A156]\n   \t(No symbol) [0x00007FF77B3FC151]\n   \t(No symbol) [0x00007FF77B42D02A]\n   \t(No symbol) [0x00007FF77B3FBA76]\n   \t(No symbol) [0x00007FF77B42D240]\n   \t(No symbol) [0x00007FF77B44C977]\n   \t(No symbol) [0x00007FF77B42CDD3]\n   \t(No symbol) [0x00007FF77B3FA33B]\n   \t(No symbol) [0x00007FF77B3FAED1]\n   \tGetHandleVerifier [0x00007FF77B888B1D+3217341]\n   \tGetHandleVerifier [0x00007FF77B8D5AE3+3532675]\n   \tGetHandleVerifier [0x00007FF77B8CB0E0+3489152]\n   \tGetHandleVerifier [0x00007FF77B62E776+750614]\n   \t(No symbol) [0x00007FF77B50375F]\n   \t(No symbol) [0x00007FF77B4FEB14]\n   \t(No symbol) [0x00007FF77B4FECA2]\n   \t(No symbol) [0x00007FF77B4EE16F]\n   \tBaseThreadInitThunk [0x00007FFD99E37344+20]\n   \tRtlUserThreadStart [0x00007FFD9A7FCC91+33]\n", "test_name": "test_Certifiedcoursenegative1", "rerun": "0"}, "3": {"status": "FAIL", "message": "   selenium.common.exceptions.NoSuchWindowException: Message: no such window: target window already closed\n   from unknown error: web view not found\n     (Session info: chrome=126.0.6478.127)\n   Stacktrace:\n   \tGetHandleVerifier [0x00007FF77B57EEA2+31554]\n   \t(No symbol) [0x00007FF77B4F7ED9]\n   \t(No symbol) [0x00007FF77B3B872A]\n   \t(No symbol) [0x00007FF77B38D995]\n   \t(No symbol) [0x00007FF77B4344D7]\n   \t(No symbol) [0x00007FF77B44C051]\n   \t(No symbol) [0x00007FF77B42CDD3]\n   \t(No symbol) [0x00007FF77B3FA33B]\n   \t(No symbol) [0x00007FF77B3FAED1]\n   \tGetHandleVerifier [0x00007FF77B888B1D+3217341]\n   \tGetHandleVerifier [0x00007FF77B8D5AE3+3532675]\n   \tGetHandleVerifier [0x00007FF77B8CB0E0+3489152]\n   \tGetHandleVerifier [0x00007FF77B62E776+750614]\n   \t(No symbol) [0x00007FF77B50375F]\n   \t(No symbol) [0x00007FF77B4FEB14]\n   \t(No symbol) [0x00007FF77B4FECA2]\n   \t(No symbol) [0x00007FF77B4EE16F]\n   \tBaseThreadInitThunk [0x00007FFD99E37344+20]\n   \tRtlUserThreadStart [0x00007FFD9A7FCC91+33]\n", "test_name": "test_Certifiedcourseinputboxes", "rerun": "0"}, "4": {"status": "FAIL", "message": "   selenium.common.exceptions.NoSuchWindowException: Message: no such window: target window already closed\n   from unknown error: web view not found\n     (Session info: chrome=126.0.6478.127)\n   Stacktrace:\n   \tGetHandleVerifier [0x00007FF77B57EEA2+31554]\n   \t(No symbol) [0x00007FF77B4F7ED9]\n   \t(No symbol) [0x00007FF77B3B872A]\n   \t(No symbol) [0x00007FF77B38D995]\n   \t(No symbol) [0x00007FF77B4344D7]\n   \t(No symbol) [0x00007FF77B44C051]\n   \t(No symbol) [0x00007FF77B42CDD3]\n   \t(No symbol) [0x00007FF77B3FA33B]\n   \t(No symbol) [0x00007FF77B3FAED1]\n   \tGetHandleVerifier [0x00007FF77B888B1D+3217341]\n   \tGetHandleVerifier [0x00007FF77B8D5AE3+3532675]\n   \tGetHandleVerifier [0x00007FF77B8CB0E0+3489152]\n   \tGetHandleVerifier [0x00007FF77B62E776+750614]\n   \t(No symbol) [0x00007FF77B50375F]\n   \t(No symbol) [0x00007FF77B4FEB14]\n   \t(No symbol) [0x00007FF77B4FECA2]\n   \t(No symbol) [0x00007FF77B4EE16F]\n   \tBaseThreadInitThunk [0x00007FFD99E37344+20]\n   \tRtlUserThreadStart [0x00007FFD9A7FCC91+33]\n", "test_name": "test_edit_existdelete", "rerun": "0"}}, "suite_name": "testCases/test_certifiedcourse.py"}}}, "date": "June 28, 2024", "start_time": 1719558284.8220556, "total_suite": 1, "status": "FAIL", "status_list": {"pass": "1", "fail": "4", "skip": "0", "error": "0", "xpass": "0", "xfail": "0", "rerun": "0"}, "total_tests": "5"}