{"content": {"suites": {"0": {"status": {"total_pass": 0, "total_skip": 0, "total_xpass": 0, "total_xfail": 0, "total_rerun": 0, "total_fail": 8, "total_error": 0}, "tests": {"0": {"status": "FAIL", "message": "   selenium.common.exceptions.NoSuchElementException: Message: no such element: Unable to locate element: {\"method\":\"xpath\",\"selector\":\"/html/body/div[1]/section[1]/main/div/div[1]/main/section[1]/main/div[2]/ul/li[1]/a\"}\n     (Session info: chrome=126.0.6478.126); For documentation on this error, please visit: https://www.selenium.dev/documentation/webdriver/troubleshooting/errors#no-such-element-exception\n   Stacktrace:\n   \tGetHandleVerifier [0x00007FF7DA57EEA2+31554]\n   \t(No symbol) [0x00007FF7DA4F7ED9]\n   \t(No symbol) [0x00007FF7DA3B872A]\n   \t(No symbol) [0x00007FF7DA408434]\n   \t(No symbol) [0x00007FF7DA40853C]\n   \t(No symbol) [0x00007FF7DA44F6A7]\n   \t(No symbol) [0x00007FF7DA42D06F]\n   \t(No symbol) [0x00007FF7DA44C977]\n   \t(No symbol) [0x00007FF7DA42CDD3]\n   \t(No symbol) [0x00007FF7DA3FA33B]\n   \t(No symbol) [0x00007FF7DA3FAED1]\n   \tGetHandleVerifier [0x00007FF7DA888B1D+3217341]\n   \tGetHandleVerifier [0x00007FF7DA8D5AE3+3532675]\n   \tGetHandleVerifier [0x00007FF7DA8CB0E0+3489152]\n   \tGetHandleVerifier [0x00007FF7DA62E776+750614]\n   \t(No symbol) [0x00007FF7DA50375F]\n   \t(No symbol) [0x00007FF7DA4FEB14]\n   \t(No symbol) [0x00007FF7DA4FECA2]\n   \t(No symbol) [0x00007FF7DA4EE16F]\n   \tBaseThreadInitThunk [0x00007FFD99E37344+20]\n   \tRtlUserThreadStart [0x00007FFD9A7FCC91+33]\n", "test_name": "test_postjob", "rerun": "0"}, "1": {"status": "FAIL", "message": "   selenium.common.exceptions.NoSuchWindowException: Message: no such window: target window already closed\n   from unknown error: web view not found\n     (Session info: chrome=126.0.6478.126)\n   Stacktrace:\n   \tGetHandleVerifier [0x00007FF7DA57EEA2+31554]\n   \t(No symbol) [0x00007FF7DA4F7ED9]\n   \t(No symbol) [0x00007FF7DA3B872A]\n   \t(No symbol) [0x00007FF7DA38D995]\n   \t(No symbol) [0x00007FF7DA4344D7]\n   \t(No symbol) [0x00007FF7DA44C051]\n   \t(No symbol) [0x00007FF7DA42CDD3]\n   \t(No symbol) [0x00007FF7DA3FA33B]\n   \t(No symbol) [0x00007FF7DA3FAED1]\n   \tGetHandleVerifier [0x00007FF7DA888B1D+3217341]\n   \tGetHandleVerifier [0x00007FF7DA8D5AE3+3532675]\n   \tGetHandleVerifier [0x00007FF7DA8CB0E0+3489152]\n   \tGetHandleVerifier [0x00007FF7DA62E776+750614]\n   \t(No symbol) [0x00007FF7DA50375F]\n   \t(No symbol) [0x00007FF7DA4FEB14]\n   \t(No symbol) [0x00007FF7DA4FECA2]\n   \t(No symbol) [0x00007FF7DA4EE16F]\n   \tBaseThreadInitThunk [0x00007FFD99E37344+20]\n   \tRtlUserThreadStart [0x00007FFD9A7FCC91+33]\n", "test_name": "test_onbehalfofpostjob", "rerun": "0"}, "2": {"status": "FAIL", "message": "   selenium.common.exceptions.NoSuchWindowException: Message: no such window: target window already closed\n   from unknown error: web view not found\n     (Session info: chrome=126.0.6478.126)\n   Stacktrace:\n   \tGetHandleVerifier [0x00007FF7DA57EEA2+31554]\n   \t(No symbol) [0x00007FF7DA4F7ED9]\n   \t(No symbol) [0x00007FF7DA3B872A]\n   \t(No symbol) [0x00007FF7DA38D995]\n   \t(No symbol) [0x00007FF7DA4344D7]\n   \t(No symbol) [0x00007FF7DA44C051]\n   \t(No symbol) [0x00007FF7DA42CDD3]\n   \t(No symbol) [0x00007FF7DA3FA33B]\n   \t(No symbol) [0x00007FF7DA3FAED1]\n   \tGetHandleVerifier [0x00007FF7DA888B1D+3217341]\n   \tGetHandleVerifier [0x00007FF7DA8D5AE3+3532675]\n   \tGetHandleVerifier [0x00007FF7DA8CB0E0+3489152]\n   \tGetHandleVerifier [0x00007FF7DA62E776+750614]\n   \t(No symbol) [0x00007FF7DA50375F]\n   \t(No symbol) [0x00007FF7DA4FEB14]\n   \t(No symbol) [0x00007FF7DA4FECA2]\n   \t(No symbol) [0x00007FF7DA4EE16F]\n   \tBaseThreadInitThunk [0x00007FFD99E37344+20]\n   \tRtlUserThreadStart [0x00007FFD9A7FCC91+33]\n", "test_name": "test_jobsnegative1", "rerun": "0"}, "3": {"status": "FAIL", "message": "   selenium.common.exceptions.NoSuchWindowException: Message: no such window: target window already closed\n   from unknown error: web view not found\n     (Session info: chrome=126.0.6478.126)\n   Stacktrace:\n   \tGetHandleVerifier [0x00007FF7DA57EEA2+31554]\n   \t(No symbol) [0x00007FF7DA4F7ED9]\n   \t(No symbol) [0x00007FF7DA3B872A]\n   \t(No symbol) [0x00007FF7DA38D995]\n   \t(No symbol) [0x00007FF7DA4344D7]\n   \t(No symbol) [0x00007FF7DA44C051]\n   \t(No symbol) [0x00007FF7DA42CDD3]\n   \t(No symbol) [0x00007FF7DA3FA33B]\n   \t(No symbol) [0x00007FF7DA3FAED1]\n   \tGetHandleVerifier [0x00007FF7DA888B1D+3217341]\n   \tGetHandleVerifier [0x00007FF7DA8D5AE3+3532675]\n   \tGetHandleVerifier [0x00007FF7DA8CB0E0+3489152]\n   \tGetHandleVerifier [0x00007FF7DA62E776+750614]\n   \t(No symbol) [0x00007FF7DA50375F]\n   \t(No symbol) [0x00007FF7DA4FEB14]\n   \t(No symbol) [0x00007FF7DA4FECA2]\n   \t(No symbol) [0x00007FF7DA4EE16F]\n   \tBaseThreadInitThunk [0x00007FFD99E37344+20]\n   \tRtlUserThreadStart [0x00007FFD9A7FCC91+33]\n", "test_name": "test_designationnegative", "rerun": "0"}, "4": {"status": "FAIL", "message": "   selenium.common.exceptions.NoSuchWindowException: Message: no such window: target window already closed\n   from unknown error: web view not found\n     (Session info: chrome=126.0.6478.126)\n   Stacktrace:\n   \tGetHandleVerifier [0x00007FF7DA57EEA2+31554]\n   \t(No symbol) [0x00007FF7DA4F7ED9]\n   \t(No symbol) [0x00007FF7DA3B872A]\n   \t(No symbol) [0x00007FF7DA38D995]\n   \t(No symbol) [0x00007FF7DA4344D7]\n   \t(No symbol) [0x00007FF7DA44C051]\n   \t(No symbol) [0x00007FF7DA42CDD3]\n   \t(No symbol) [0x00007FF7DA3FA33B]\n   \t(No symbol) [0x00007FF7DA3FAED1]\n   \tGetHandleVerifier [0x00007FF7DA888B1D+3217341]\n   \tGetHandleVerifier [0x00007FF7DA8D5AE3+3532675]\n   \tGetHandleVerifier [0x00007FF7DA8CB0E0+3489152]\n   \tGetHandleVerifier [0x00007FF7DA62E776+750614]\n   \t(No symbol) [0x00007FF7DA50375F]\n   \t(No symbol) [0x00007FF7DA4FEB14]\n   \t(No symbol) [0x00007FF7DA4FECA2]\n   \t(No symbol) [0x00007FF7DA4EE16F]\n   \tBaseThreadInitThunk [0x00007FFD99E37344+20]\n   \tRtlUserThreadStart [0x00007FFD9A7FCC91+33]\n", "test_name": "test_experiencenegative", "rerun": "0"}, "5": {"status": "FAIL", "message": "           ConnectionResetError: [WinError 10054] An existing connection was forcibly closed by the remote host\n           urllib3.exceptions.ProtocolError: ('Connection aborted.', ConnectionResetError(10054, 'An existing connection was forcibly closed by the remote host', None, 10054, None))\n", "test_name": "test_locationnegative", "rerun": "0"}, "6": {"status": "FAIL", "message": "   selenium.common.exceptions.NoSuchWindowException: Message: no such window: target window already closed\n   from unknown error: web view not found\n     (Session info: chrome=126.0.6478.126)\n   Stacktrace:\n   \tGetHandleVerifier [0x00007FF7DA57EEA2+31554]\n   \t(No symbol) [0x00007FF7DA4F7ED9]\n   \t(No symbol) [0x00007FF7DA3B872A]\n   \t(No symbol) [0x00007FF7DA38D995]\n   \t(No symbol) [0x00007FF7DA4344D7]\n   \t(No symbol) [0x00007FF7DA44C051]\n   \t(No symbol) [0x00007FF7DA42CDD3]\n   \t(No symbol) [0x00007FF7DA3FA33B]\n   \t(No symbol) [0x00007FF7DA3FAED1]\n   \tGetHandleVerifier [0x00007FF7DA888B1D+3217341]\n   \tGetHandleVerifier [0x00007FF7DA8D5AE3+3532675]\n   \tGetHandleVerifier [0x00007FF7DA8CB0E0+3489152]\n   \tGetHandleVerifier [0x00007FF7DA62E776+750614]\n   \t(No symbol) [0x00007FF7DA50375F]\n   \t(No symbol) [0x00007FF7DA4FEB14]\n   \t(No symbol) [0x00007FF7DA4FECA2]\n   \t(No symbol) [0x00007FF7DA4EE16F]\n   \tBaseThreadInitThunk [0x00007FFD99E37344+20]\n   \tRtlUserThreadStart [0x00007FFD9A7FCC91+33]\n", "test_name": "test_salaryminmaxnegative", "rerun": "0"}, "7": {"status": "FAIL", "message": "   selenium.common.exceptions.NoSuchWindowException: Message: no such window: target window already closed\n   from unknown error: web view not found\n     (Session info: chrome=126.0.6478.126)\n   Stacktrace:\n   \tGetHandleVerifier [0x00007FF7DA57EEA2+31554]\n   \t(No symbol) [0x00007FF7DA4F7ED9]\n   \t(No symbol) [0x00007FF7DA3B872A]\n   \t(No symbol) [0x00007FF7DA38D995]\n   \t(No symbol) [0x00007FF7DA4344D7]\n   \t(No symbol) [0x00007FF7DA44C051]\n   \t(No symbol) [0x00007FF7DA42CDD3]\n   \t(No symbol) [0x00007FF7DA3FA33B]\n   \t(No symbol) [0x00007FF7DA3FAED1]\n   \tGetHandleVerifier [0x00007FF7DA888B1D+3217341]\n   \tGetHandleVerifier [0x00007FF7DA8D5AE3+3532675]\n   \tGetHandleVerifier [0x00007FF7DA8CB0E0+3489152]\n   \tGetHandleVerifier [0x00007FF7DA62E776+750614]\n   \t(No symbol) [0x00007FF7DA50375F]\n   \t(No symbol) [0x00007FF7DA4FEB14]\n   \t(No symbol) [0x00007FF7DA4FECA2]\n   \t(No symbol) [0x00007FF7DA4EE16F]\n   \tBaseThreadInitThunk [0x00007FFD99E37344+20]\n   \tRtlUserThreadStart [0x00007FFD9A7FCC91+33]\n", "test_name": "test_requirementresponsiblitiesnegative", "rerun": "0"}}, "suite_name": "testCases/test_postjob.py"}}}, "date": "June 26, 2024", "start_time": 1719407925.4228117, "total_suite": 1, "status": "FAIL", "status_list": {"pass": "0", "fail": "8", "skip": "0", "error": "0", "xpass": "0", "xfail": "0", "rerun": "0"}, "total_tests": "8"}