{"content": {"suites": {"0": {"status": {"total_pass": 0, "total_skip": 0, "total_xpass": 0, "total_xfail": 0, "total_rerun": 0, "total_fail": 7, "total_error": 0}, "tests": {"0": {"status": "FAIL", "message": "   selenium.common.exceptions.NoSuchElementException: Message: no such element: Unable to locate element: {\"method\":\"xpath\",\"selector\":\"/html/body/div[1]/div[2]/div/div[2]/a[2]\"}\n     (Session info: chrome=126.0.6478.114); For documentation on this error, please visit: https://www.selenium.dev/documentation/webdriver/troubleshooting/errors#no-such-element-exception\n   Stacktrace:\n   \tGetHandleVerifier [0x00007FF78CBA3E42+31618]\n   \t(No symbol) [0x00007FF78CB1B0A9]\n   \t(No symbol) [0x00007FF78C9D888A]\n   \t(No symbol) [0x00007FF78CA28524]\n   \t(No symbol) [0x00007FF78CA2862C]\n   \t(No symbol) [0x00007FF78CA6F787]\n   \t(No symbol) [0x00007FF78CA4D14F]\n   \t(No symbol) [0x00007FF78CA6CA80]\n   \t(No symbol) [0x00007FF78CA4CEB3]\n   \t(No symbol) [0x00007FF78CA1A46B]\n   \t(No symbol) [0x00007FF78CA1B001]\n   \tGetHandleVerifier [0x00007FF78CEAA01D+3202397]\n   \tGetHandleVerifier [0x00007FF78CEF6A3D+3516285]\n   \tGetHandleVerifier [0x00007FF78CEEC4B0+3473904]\n   \tGetHandleVerifier [0x00007FF78CC55D46+760454]\n   \t(No symbol) [0x00007FF78CB26B4F]\n   \t(No symbol) [0x00007FF78CB21CE4]\n   \t(No symbol) [0x00007FF78CB21E72]\n   \t(No symbol) [0x00007FF78CB1121F]\n   \tBaseThreadInitThunk [0x00007FFD99E37344+20]\n   \tRtlUserThreadStart [0x00007FFD9A7FCC91+33]\n", "test_name": "test_applyjobpositive", "rerun": "0"}, "1": {"status": "FAIL", "message": "   selenium.common.exceptions.NoSuchElementException: Message: no such element: Unable to locate element: {\"method\":\"xpath\",\"selector\":\"/html/body/div[1]/div[2]/div/div[2]/a[2]\"}\n     (Session info: chrome=126.0.6478.114); For documentation on this error, please visit: https://www.selenium.dev/documentation/webdriver/troubleshooting/errors#no-such-element-exception\n   Stacktrace:\n   \tGetHandleVerifier [0x00007FF78CBA3E42+31618]\n   \t(No symbol) [0x00007FF78CB1B0A9]\n   \t(No symbol) [0x00007FF78C9D888A]\n   \t(No symbol) [0x00007FF78CA28524]\n   \t(No symbol) [0x00007FF78CA2862C]\n   \t(No symbol) [0x00007FF78CA6F787]\n   \t(No symbol) [0x00007FF78CA4D14F]\n   \t(No symbol) [0x00007FF78CA6CA80]\n   \t(No symbol) [0x00007FF78CA4CEB3]\n   \t(No symbol) [0x00007FF78CA1A46B]\n   \t(No symbol) [0x00007FF78CA1B001]\n   \tGetHandleVerifier [0x00007FF78CEAA01D+3202397]\n   \tGetHandleVerifier [0x00007FF78CEF6A3D+3516285]\n   \tGetHandleVerifier [0x00007FF78CEEC4B0+3473904]\n   \tGetHandleVerifier [0x00007FF78CC55D46+760454]\n   \t(No symbol) [0x00007FF78CB26B4F]\n   \t(No symbol) [0x00007FF78CB21CE4]\n   \t(No symbol) [0x00007FF78CB21E72]\n   \t(No symbol) [0x00007FF78CB1121F]\n   \tBaseThreadInitThunk [0x00007FFD99E37344+20]\n   \tRtlUserThreadStart [0x00007FFD9A7FCC91+33]\n", "test_name": "test_applyjobnegative", "rerun": "0"}, "2": {"status": "FAIL", "message": "   selenium.common.exceptions.NoSuchElementException: Message: no such element: Unable to locate element: {\"method\":\"xpath\",\"selector\":\"/html/body/div[1]/div[2]/div/div[2]/a[2]\"}\n     (Session info: chrome=126.0.6478.114); For documentation on this error, please visit: https://www.selenium.dev/documentation/webdriver/troubleshooting/errors#no-such-element-exception\n   Stacktrace:\n   \tGetHandleVerifier [0x00007FF78CBA3E42+31618]\n   \t(No symbol) [0x00007FF78CB1B0A9]\n   \t(No symbol) [0x00007FF78C9D888A]\n   \t(No symbol) [0x00007FF78CA28524]\n   \t(No symbol) [0x00007FF78CA2862C]\n   \t(No symbol) [0x00007FF78CA6F787]\n   \t(No symbol) [0x00007FF78CA4D14F]\n   \t(No symbol) [0x00007FF78CA6CA80]\n   \t(No symbol) [0x00007FF78CA4CEB3]\n   \t(No symbol) [0x00007FF78CA1A46B]\n   \t(No symbol) [0x00007FF78CA1B001]\n   \tGetHandleVerifier [0x00007FF78CEAA01D+3202397]\n   \tGetHandleVerifier [0x00007FF78CEF6A3D+3516285]\n   \tGetHandleVerifier [0x00007FF78CEEC4B0+3473904]\n   \tGetHandleVerifier [0x00007FF78CC55D46+760454]\n   \t(No symbol) [0x00007FF78CB26B4F]\n   \t(No symbol) [0x00007FF78CB21CE4]\n   \t(No symbol) [0x00007FF78CB21E72]\n   \t(No symbol) [0x00007FF78CB1121F]\n   \tBaseThreadInitThunk [0x00007FFD99E37344+20]\n   \tRtlUserThreadStart [0x00007FFD9A7FCC91+33]\n", "test_name": "test_savejob", "rerun": "0"}, "3": {"status": "FAIL", "message": "   selenium.common.exceptions.NoSuchElementException: Message: no such element: Unable to locate element: {\"method\":\"xpath\",\"selector\":\"/html/body/div[1]/div[2]/div/div[2]/a[2]\"}\n     (Session info: chrome=126.0.6478.114); For documentation on this error, please visit: https://www.selenium.dev/documentation/webdriver/troubleshooting/errors#no-such-element-exception\n   Stacktrace:\n   \tGetHandleVerifier [0x00007FF78CBA3E42+31618]\n   \t(No symbol) [0x00007FF78CB1B0A9]\n   \t(No symbol) [0x00007FF78C9D888A]\n   \t(No symbol) [0x00007FF78CA28524]\n   \t(No symbol) [0x00007FF78CA2862C]\n   \t(No symbol) [0x00007FF78CA6F787]\n   \t(No symbol) [0x00007FF78CA4D14F]\n   \t(No symbol) [0x00007FF78CA6CA80]\n   \t(No symbol) [0x00007FF78CA4CEB3]\n   \t(No symbol) [0x00007FF78CA1A46B]\n   \t(No symbol) [0x00007FF78CA1B001]\n   \tGetHandleVerifier [0x00007FF78CEAA01D+3202397]\n   \tGetHandleVerifier [0x00007FF78CEF6A3D+3516285]\n   \tGetHandleVerifier [0x00007FF78CEEC4B0+3473904]\n   \tGetHandleVerifier [0x00007FF78CC55D46+760454]\n   \t(No symbol) [0x00007FF78CB26B4F]\n   \t(No symbol) [0x00007FF78CB21CE4]\n   \t(No symbol) [0x00007FF78CB21E72]\n   \t(No symbol) [0x00007FF78CB1121F]\n   \tBaseThreadInitThunk [0x00007FFD99E37344+20]\n   \tRtlUserThreadStart [0x00007FFD9A7FCC91+33]\n", "test_name": "test_copylinkjob", "rerun": "0"}, "4": {"status": "FAIL", "message": "   selenium.common.exceptions.NoSuchElementException: Message: no such element: Unable to locate element: {\"method\":\"xpath\",\"selector\":\"/html/body/div[1]/div[2]/div/div[2]/a[2]\"}\n     (Session info: chrome=126.0.6478.114); For documentation on this error, please visit: https://www.selenium.dev/documentation/webdriver/troubleshooting/errors#no-such-element-exception\n   Stacktrace:\n   \tGetHandleVerifier [0x00007FF78CBA3E42+31618]\n   \t(No symbol) [0x00007FF78CB1B0A9]\n   \t(No symbol) [0x00007FF78C9D888A]\n   \t(No symbol) [0x00007FF78CA28524]\n   \t(No symbol) [0x00007FF78CA2862C]\n   \t(No symbol) [0x00007FF78CA6F787]\n   \t(No symbol) [0x00007FF78CA4D14F]\n   \t(No symbol) [0x00007FF78CA6CA80]\n   \t(No symbol) [0x00007FF78CA4CEB3]\n   \t(No symbol) [0x00007FF78CA1A46B]\n   \t(No symbol) [0x00007FF78CA1B001]\n   \tGetHandleVerifier [0x00007FF78CEAA01D+3202397]\n   \tGetHandleVerifier [0x00007FF78CEF6A3D+3516285]\n   \tGetHandleVerifier [0x00007FF78CEEC4B0+3473904]\n   \tGetHandleVerifier [0x00007FF78CC55D46+760454]\n   \t(No symbol) [0x00007FF78CB26B4F]\n   \t(No symbol) [0x00007FF78CB21CE4]\n   \t(No symbol) [0x00007FF78CB21E72]\n   \t(No symbol) [0x00007FF78CB1121F]\n   \tBaseThreadInitThunk [0x00007FFD99E37344+20]\n   \tRtlUserThreadStart [0x00007FFD9A7FCC91+33]\n", "test_name": "test_reviewjob", "rerun": "0"}, "5": {"status": "FAIL", "message": "   selenium.common.exceptions.NoSuchElementException: Message: no such element: Unable to locate element: {\"method\":\"xpath\",\"selector\":\"/html/body/div[1]/div[2]/div/div[2]/a[2]\"}\n     (Session info: chrome=126.0.6478.114); For documentation on this error, please visit: https://www.selenium.dev/documentation/webdriver/troubleshooting/errors#no-such-element-exception\n   Stacktrace:\n   \tGetHandleVerifier [0x00007FF78CBA3E42+31618]\n   \t(No symbol) [0x00007FF78CB1B0A9]\n   \t(No symbol) [0x00007FF78C9D888A]\n   \t(No symbol) [0x00007FF78CA28524]\n   \t(No symbol) [0x00007FF78CA2862C]\n   \t(No symbol) [0x00007FF78CA6F787]\n   \t(No symbol) [0x00007FF78CA4D14F]\n   \t(No symbol) [0x00007FF78CA6CA80]\n   \t(No symbol) [0x00007FF78CA4CEB3]\n   \t(No symbol) [0x00007FF78CA1A46B]\n   \t(No symbol) [0x00007FF78CA1B001]\n   \tGetHandleVerifier [0x00007FF78CEAA01D+3202397]\n   \tGetHandleVerifier [0x00007FF78CEF6A3D+3516285]\n   \tGetHandleVerifier [0x00007FF78CEEC4B0+3473904]\n   \tGetHandleVerifier [0x00007FF78CC55D46+760454]\n   \t(No symbol) [0x00007FF78CB26B4F]\n   \t(No symbol) [0x00007FF78CB21CE4]\n   \t(No symbol) [0x00007FF78CB21E72]\n   \t(No symbol) [0x00007FF78CB1121F]\n   \tBaseThreadInitThunk [0x00007FFD99E37344+20]\n   \tRtlUserThreadStart [0x00007FFD9A7FCC91+33]\n", "test_name": "testreportjob", "rerun": "0"}, "6": {"status": "FAIL", "message": "   selenium.common.exceptions.NoSuchElementException: Message: no such element: Unable to locate element: {\"method\":\"xpath\",\"selector\":\"/html/body/div[1]/div[2]/div/div[2]/a[2]\"}\n     (Session info: chrome=126.0.6478.114); For documentation on this error, please visit: https://www.selenium.dev/documentation/webdriver/troubleshooting/errors#no-such-element-exception\n   Stacktrace:\n   \tGetHandleVerifier [0x00007FF78CBA3E42+31618]\n   \t(No symbol) [0x00007FF78CB1B0A9]\n   \t(No symbol) [0x00007FF78C9D888A]\n   \t(No symbol) [0x00007FF78CA28524]\n   \t(No symbol) [0x00007FF78CA2862C]\n   \t(No symbol) [0x00007FF78CA6F787]\n   \t(No symbol) [0x00007FF78CA4D14F]\n   \t(No symbol) [0x00007FF78CA6CA80]\n   \t(No symbol) [0x00007FF78CA4CEB3]\n   \t(No symbol) [0x00007FF78CA1A46B]\n   \t(No symbol) [0x00007FF78CA1B001]\n   \tGetHandleVerifier [0x00007FF78CEAA01D+3202397]\n   \tGetHandleVerifier [0x00007FF78CEF6A3D+3516285]\n   \tGetHandleVerifier [0x00007FF78CEEC4B0+3473904]\n   \tGetHandleVerifier [0x00007FF78CC55D46+760454]\n   \t(No symbol) [0x00007FF78CB26B4F]\n   \t(No symbol) [0x00007FF78CB21CE4]\n   \t(No symbol) [0x00007FF78CB21E72]\n   \t(No symbol) [0x00007FF78CB1121F]\n   \tBaseThreadInitThunk [0x00007FFD99E37344+20]\n   \tRtlUserThreadStart [0x00007FFD9A7FCC91+33]\n", "test_name": "test_notinterestjob", "rerun": "0"}}, "suite_name": "testCases/test_applyjob.py"}}}, "date": "June 19, 2024", "start_time": 1718802923.7987306, "total_suite": 1, "status": "FAIL", "status_list": {"pass": "0", "fail": "7", "skip": "0", "error": "0", "xpass": "0", "xfail": "0", "rerun": "0"}, "total_tests": "7"}