{"content": {"suites": {"0": {"status": {"total_pass": 0, "total_skip": 0, "total_xpass": 0, "total_xfail": 0, "total_rerun": 0, "total_fail": 2, "total_error": 0}, "tests": {"0": {"status": "FAIL", "message": "   selenium.common.exceptions.NoSuchElementException: Message: no such element: Unable to locate element: {\"method\":\"xpath\",\"selector\":\"//*[@id='root']/div[2]/section[1]/main/div/div/section[2]/section/form/div[1]/input\"}\n     (Session info: chrome=126.0.6478.127); For documentation on this error, please visit: https://www.selenium.dev/documentation/webdriver/troubleshooting/errors#no-such-element-exception\n   Stacktrace:\n   \tGetHandleVerifier [0x00007FF6C597EEA2+31554]\n   \t(No symbol) [0x00007FF6C58F7ED9]\n   \t(No symbol) [0x00007FF6C57B872A]\n   \t(No symbol) [0x00007FF6C5808434]\n   \t(No symbol) [0x00007FF6C580853C]\n   \t(No symbol) [0x00007FF6C584F6A7]\n   \t(No symbol) [0x00007FF6C582D06F]\n   \t(No symbol) [0x00007FF6C584C977]\n   \t(No symbol) [0x00007FF6C582CDD3]\n   \t(No symbol) [0x00007FF6C57FA33B]\n   \t(No symbol) [0x00007FF6C57FAED1]\n   \tGetHandleVerifier [0x00007FF6C5C88B1D+3217341]\n   \tGetHandleVerifier [0x00007FF6C5CD5AE3+3532675]\n   \tGetHandleVerifier [0x00007FF6C5CCB0E0+3489152]\n   \tGetHandleVerifier [0x00007FF6C5A2E776+750614]\n   \t(No symbol) [0x00007FF6C590375F]\n   \t(No symbol) [0x00007FF6C58FEB14]\n   \t(No symbol) [0x00007FF6C58FECA2]\n   \t(No symbol) [0x00007FF6C58EE16F]\n   \tBaseThreadInitThunk [0x00007FFD99E37344+20]\n   \tRtlUserThreadStart [0x00007FFD9A7FCC91+33]\n", "test_name": "test_Specializedpgmpositive", "rerun": "0"}, "1": {"status": "FAIL", "message": "   selenium.common.exceptions.NoSuchElementException: Message: no such element: Unable to locate element: {\"method\":\"xpath\",\"selector\":\"//*[@id='root']/div[2]/section[1]/main/div/div/section[2]/section/form/div[1]/input\"}\n     (Session info: chrome=126.0.6478.127); For documentation on this error, please visit: https://www.selenium.dev/documentation/webdriver/troubleshooting/errors#no-such-element-exception\n   Stacktrace:\n   \tGetHandleVerifier [0x00007FF6C597EEA2+31554]\n   \t(No symbol) [0x00007FF6C58F7ED9]\n   \t(No symbol) [0x00007FF6C57B872A]\n   \t(No symbol) [0x00007FF6C5808434]\n   \t(No symbol) [0x00007FF6C580853C]\n   \t(No symbol) [0x00007FF6C584F6A7]\n   \t(No symbol) [0x00007FF6C582D06F]\n   \t(No symbol) [0x00007FF6C584C977]\n   \t(No symbol) [0x00007FF6C582CDD3]\n   \t(No symbol) [0x00007FF6C57FA33B]\n   \t(No symbol) [0x00007FF6C57FAED1]\n   \tGetHandleVerifier [0x00007FF6C5C88B1D+3217341]\n   \tGetHandleVerifier [0x00007FF6C5CD5AE3+3532675]\n   \tGetHandleVerifier [0x00007FF6C5CCB0E0+3489152]\n   \tGetHandleVerifier [0x00007FF6C5A2E776+750614]\n   \t(No symbol) [0x00007FF6C590375F]\n   \t(No symbol) [0x00007FF6C58FEB14]\n   \t(No symbol) [0x00007FF6C58FECA2]\n   \t(No symbol) [0x00007FF6C58EE16F]\n   \tBaseThreadInitThunk [0x00007FFD99E37344+20]\n   \tRtlUserThreadStart [0x00007FFD9A7FCC91+33]\n", "test_name": "test_DeleteSpecializedpgm", "rerun": "0"}}, "suite_name": "testCases/test_specialistprogram.py"}}}, "date": "July 05, 2024", "start_time": 1720183470.7716482, "total_suite": 1, "status": "FAIL", "status_list": {"pass": "0", "fail": "2", "skip": "0", "error": "0", "xpass": "0", "xfail": "0", "rerun": "0"}, "total_tests": "2"}