{"content": {"suites": {"0": {"status": {"total_pass": 2, "total_skip": 0, "total_xpass": 0, "total_xfail": 0, "total_rerun": 0, "total_fail": 2, "total_error": 0}, "tests": {"0": {"status": "FAIL", "message": "   selenium.common.exceptions.ElementClickInterceptedException: Message: element click intercepted: Element <a class=\"link\" href=\"/investings\">...</a> is not clickable at point (685, 102). Other element would receive the click: <div class=\"Toastify__toast-container Toastify__toast-container--top-center\">...</div>\n     (Session info: chrome=126.0.6478.114)\n   Stacktrace:\n   \tGetHandleVerifier [0x00007FF7FD8B3E32+31618]\n   \t(No symbol) [0x00007FF7FD82B099]\n   \t(No symbol) [0x00007FF7FD6E888A]\n   \t(No symbol) [0x00007FF7FD74022E]\n   \t(No symbol) [0x00007FF7FD73DBE2]\n   \t(No symbol) [0x00007FF7FD73B07B]\n   \t(No symbol) [0x00007FF7FD73A246]\n   \t(No symbol) [0x00007FF7FD72C281]\n   \t(No symbol) [0x00007FF7FD75D10A]\n   \t(No symbol) [0x00007FF7FD72BBA6]\n   \t(No symbol) [0x00007FF7FD75D320]\n   \t(No symbol) [0x00007FF7FD77CA80]\n   \t(No symbol) [0x00007FF7FD75CEB3]\n   \t(No symbol) [0x00007FF7FD72A46B]\n   \t(No symbol) [0x00007FF7FD72B001]\n   \tGetHandleVerifier [0x00007FF7FDBB9FFD+3202381]\n   \tGetHandleVerifier [0x00007FF7FDC06A1D+3516269]\n   \tGetHandleVerifier [0x00007FF7FDBFC490+3473888]\n   \tGetHandleVerifier [0x00007FF7FD965D36+760454]\n   \t(No symbol) [0x00007FF7FD836B3F]\n   \t(No symbol) [0x00007FF7FD831CD4]\n   \t(No symbol) [0x00007FF7FD831E62]\n   \t(No symbol) [0x00007FF7FD82120F]\n   \tBaseThreadInitThunk [0x00007FFD99E37344+20]\n   \tRtlUserThreadStart [0x00007FFD9A7FCC91+33]\n", "test_name": "test_postinvesting", "rerun": "0"}, "1": {"status": "FAIL", "message": "   selenium.common.exceptions.ElementClickInterceptedException: Message: element click intercepted: Element <a class=\"link\" href=\"/investings\">...</a> is not clickable at point (685, 102). Other element would receive the click: <div class=\"Toastify__toast-container Toastify__toast-container--top-center\">...</div>\n     (Session info: chrome=126.0.6478.114)\n   Stacktrace:\n   \tGetHandleVerifier [0x00007FF7FD8B3E32+31618]\n   \t(No symbol) [0x00007FF7FD82B099]\n   \t(No symbol) [0x00007FF7FD6E888A]\n   \t(No symbol) [0x00007FF7FD74022E]\n   \t(No symbol) [0x00007FF7FD73DBE2]\n   \t(No symbol) [0x00007FF7FD73B07B]\n   \t(No symbol) [0x00007FF7FD73A246]\n   \t(No symbol) [0x00007FF7FD72C281]\n   \t(No symbol) [0x00007FF7FD75D10A]\n   \t(No symbol) [0x00007FF7FD72BBA6]\n   \t(No symbol) [0x00007FF7FD75D320]\n   \t(No symbol) [0x00007FF7FD77CA80]\n   \t(No symbol) [0x00007FF7FD75CEB3]\n   \t(No symbol) [0x00007FF7FD72A46B]\n   \t(No symbol) [0x00007FF7FD72B001]\n   \tGetHandleVerifier [0x00007FF7FDBB9FFD+3202381]\n   \tGetHandleVerifier [0x00007FF7FDC06A1D+3516269]\n   \tGetHandleVerifier [0x00007FF7FDBFC490+3473888]\n   \tGetHandleVerifier [0x00007FF7FD965D36+760454]\n   \t(No symbol) [0x00007FF7FD836B3F]\n   \t(No symbol) [0x00007FF7FD831CD4]\n   \t(No symbol) [0x00007FF7FD831E62]\n   \t(No symbol) [0x00007FF7FD82120F]\n   \tBaseThreadInitThunk [0x00007FFD99E37344+20]\n   \tRtlUserThreadStart [0x00007FFD9A7FCC91+33]\n", "test_name": "test_onbehalfofpostinvesting", "rerun": "0"}, "2": {"status": "PASS", "message": "", "test_name": "test_postinvestingnegative1", "rerun": "0"}, "3": {"status": "PASS", "message": "", "test_name": "test_postinvestingnegative2", "rerun": "0"}}, "suite_name": "testCases/test_postinvestings.py"}}}, "date": "June 24, 2024", "start_time": 1719226913.699639, "total_suite": 1, "status": "FAIL", "status_list": {"pass": "2", "fail": "2", "skip": "0", "error": "0", "xpass": "0", "xfail": "0", "rerun": "0"}, "total_tests": "4"}