{"content": {"suites": {"0": {"status": {"total_pass": 0, "total_skip": 0, "total_xpass": 0, "total_xfail": 0, "total_rerun": 0, "total_fail": 4, "total_error": 0}, "tests": {"0": {"status": "FAIL", "message": "       assert False\n", "test_name": "test_applyjobnegative", "rerun": "0"}, "1": {"status": "FAIL", "message": "   selenium.common.exceptions.NoSuchElementException: Message: no such element: Unable to locate element: {\"method\":\"xpath\",\"selector\":\"//a[text()= 'Jobs']\"}\n     (Session info: chrome=129.0.6668.101); For documentation on this error, please visit: https://www.selenium.dev/documentation/webdriver/troubleshooting/errors#no-such-element-exception\n   Stacktrace:\n   \tGetHandleVerifier [0x00007FF76FCBB095+29557]\n   \t(No symbol) [0x00007FF76FC2FA50]\n   \t(No symbol) [0x00007FF76FAEB56A]\n   \t(No symbol) [0x00007FF76FB3F695]\n   \t(No symbol) [0x00007FF76FB3F8EC]\n   \t(No symbol) [0x00007FF76FB8B777]\n   \t(No symbol) [0x00007FF76FB671CF]\n   \t(No symbol) [0x00007FF76FB8851C]\n   \t(No symbol) [0x00007FF76FB66F33]\n   \t(No symbol) [0x00007FF76FB3116F]\n   \t(No symbol) [0x00007FF76FB322D1]\n   \tGetHandleVerifier [0x00007FF76FFEC96D+3378253]\n   \tGetHandleVerifier [0x00007FF770038497+3688311]\n   \tGetHandleVerifier [0x00007FF77002D1CB+3642539]\n   \tGetHandleVerifier [0x00007FF76FD7A6B6+813462]\n   \t(No symbol) [0x00007FF76FC3AB5F]\n   \t(No symbol) [0x00007FF76FC36B74]\n   \t(No symbol) [0x00007FF76FC36D10]\n   \t(No symbol) [0x00007FF76FC25C1F]\n   \tBaseThreadInitThunk [0x00007FFE3AB07374+20]\n   \tRtlUserThreadStart [0x00007FFE3C89CC91+33]\n", "test_name": "test_savejob", "rerun": "0"}, "2": {"status": "FAIL", "message": "   selenium.common.exceptions.NoSuchElementException: Message: no such element: Unable to locate element: {\"method\":\"xpath\",\"selector\":\"//a[text()= 'Jobs']\"}\n     (Session info: chrome=129.0.6668.101); For documentation on this error, please visit: https://www.selenium.dev/documentation/webdriver/troubleshooting/errors#no-such-element-exception\n   Stacktrace:\n   \tGetHandleVerifier [0x00007FF76FCBB095+29557]\n   \t(No symbol) [0x00007FF76FC2FA50]\n   \t(No symbol) [0x00007FF76FAEB56A]\n   \t(No symbol) [0x00007FF76FB3F695]\n   \t(No symbol) [0x00007FF76FB3F8EC]\n   \t(No symbol) [0x00007FF76FB8B777]\n   \t(No symbol) [0x00007FF76FB671CF]\n   \t(No symbol) [0x00007FF76FB8851C]\n   \t(No symbol) [0x00007FF76FB66F33]\n   \t(No symbol) [0x00007FF76FB3116F]\n   \t(No symbol) [0x00007FF76FB322D1]\n   \tGetHandleVerifier [0x00007FF76FFEC96D+3378253]\n   \tGetHandleVerifier [0x00007FF770038497+3688311]\n   \tGetHandleVerifier [0x00007FF77002D1CB+3642539]\n   \tGetHandleVerifier [0x00007FF76FD7A6B6+813462]\n   \t(No symbol) [0x00007FF76FC3AB5F]\n   \t(No symbol) [0x00007FF76FC36B74]\n   \t(No symbol) [0x00007FF76FC36D10]\n   \t(No symbol) [0x00007FF76FC25C1F]\n   \tBaseThreadInitThunk [0x00007FFE3AB07374+20]\n   \tRtlUserThreadStart [0x00007FFE3C89CC91+33]\n", "test_name": "test_copylinkjob", "rerun": "0"}, "3": {"status": "FAIL", "message": "   selenium.common.exceptions.NoSuchElementException: Message: no such element: Unable to locate element: {\"method\":\"xpath\",\"selector\":\"//a[text()= 'Jobs']\"}\n     (Session info: chrome=129.0.6668.101); For documentation on this error, please visit: https://www.selenium.dev/documentation/webdriver/troubleshooting/errors#no-such-element-exception\n   Stacktrace:\n   \tGetHandleVerifier [0x00007FF76FCBB095+29557]\n   \t(No symbol) [0x00007FF76FC2FA50]\n   \t(No symbol) [0x00007FF76FAEB56A]\n   \t(No symbol) [0x00007FF76FB3F695]\n   \t(No symbol) [0x00007FF76FB3F8EC]\n   \t(No symbol) [0x00007FF76FB8B777]\n   \t(No symbol) [0x00007FF76FB671CF]\n   \t(No symbol) [0x00007FF76FB8851C]\n   \t(No symbol) [0x00007FF76FB66F33]\n   \t(No symbol) [0x00007FF76FB3116F]\n   \t(No symbol) [0x00007FF76FB322D1]\n   \tGetHandleVerifier [0x00007FF76FFEC96D+3378253]\n   \tGetHandleVerifier [0x00007FF770038497+3688311]\n   \tGetHandleVerifier [0x00007FF77002D1CB+3642539]\n   \tGetHandleVerifier [0x00007FF76FD7A6B6+813462]\n   \t(No symbol) [0x00007FF76FC3AB5F]\n   \t(No symbol) [0x00007FF76FC36B74]\n   \t(No symbol) [0x00007FF76FC36D10]\n   \t(No symbol) [0x00007FF76FC25C1F]\n   \tBaseThreadInitThunk [0x00007FFE3AB07374+20]\n   \tRtlUserThreadStart [0x00007FFE3C89CC91+33]\n", "test_name": "test_reviewjob", "rerun": "0"}}, "suite_name": "testCases/test_applyjob.py"}}}, "date": "October 19, 2024", "start_time": 1729318601.7971144, "total_suite": 1, "status": "FAIL", "status_list": {"pass": "0", "fail": "4", "skip": "0", "error": "0", "xpass": "0", "xfail": "0", "rerun": "0"}, "total_tests": "4"}