{"content": {"suites": {"0": {"status": {"total_pass": 0, "total_skip": 0, "total_xpass": 0, "total_xfail": 0, "total_rerun": 0, "total_fail": 4, "total_error": 0}, "tests": {"0": {"status": "FAIL", "message": "   IndexError: list index out of range\n", "test_name": "test_adminaccessgiven", "rerun": "0"}, "1": {"status": "FAIL", "message": "   selenium.common.exceptions.WebDriverException: Message: unknown error: cannot determine loading status\n   from target frame detached\n     (Session info: chrome=126.0.6478.127)\n   Stacktrace:\n   \tGetHandleVerifier [0x00007FF7FD0EEEA2+31554]\n   \t(No symbol) [0x00007FF7FD067ED9]\n   \t(No symbol) [0x00007FF7FCF28559]\n   \t(No symbol) [0x00007FF7FCF10C81]\n   \t(No symbol) [0x00007FF7FCF0EC6D]\n   \t(No symbol) [0x00007FF7FCF0F47F]\n   \t(No symbol) [0x00007FF7FCF1EB00]\n   \t(No symbol) [0x00007FF7FCF3674F]\n   \t(No symbol) [0x00007FF7FCF3C16A]\n   \t(No symbol) [0x00007FF7FCF0FC0A]\n   \t(No symbol) [0x00007FF7FCF3630D]\n   \t(No symbol) [0x00007FF7FCFBCCD5]\n   \t(No symbol) [0x00007FF7FCF9CDD3]\n   \t(No symbol) [0x00007FF7FCF6A33B]\n   \t(No symbol) [0x00007FF7FCF6AED1]\n   \tGetHandleVerifier [0x00007FF7FD3F8B1D+3217341]\n   \tGetHandleVerifier [0x00007FF7FD445AE3+3532675]\n   \tGetHandleVerifier [0x00007FF7FD43B0E0+3489152]\n   \tGetHandleVerifier [0x00007FF7FD19E776+750614]\n   \t(No symbol) [0x00007FF7FD07375F]\n   \t(No symbol) [0x00007FF7FD06EB14]\n   \t(No symbol) [0x00007FF7FD06ECA2]\n   \t(No symbol) [0x00007FF7FD05E16F]\n   \tBaseThreadInitThunk [0x00007FFD99E37344+20]\n   \tRtlUserThreadStart [0x00007FFD9A7FCC91+33]\n", "test_name": "test_adminpage", "rerun": "0"}, "2": {"status": "FAIL", "message": "   selenium.common.exceptions.NoSuchWindowException: Message: no such window: target window already closed\n   from unknown error: web view not found\n     (Session info: chrome=126.0.6478.127)\n   Stacktrace:\n   \tGetHandleVerifier [0x00007FF7FD0EEEA2+31554]\n   \t(No symbol) [0x00007FF7FD067ED9]\n   \t(No symbol) [0x00007FF7FCF2872A]\n   \t(No symbol) [0x00007FF7FCEFD995]\n   \t(No symbol) [0x00007FF7FCFA44D7]\n   \t(No symbol) [0x00007FF7FCFBC051]\n   \t(No symbol) [0x00007FF7FCF9CDD3]\n   \t(No symbol) [0x00007FF7FCF6A33B]\n   \t(No symbol) [0x00007FF7FCF6AED1]\n   \tGetHandleVerifier [0x00007FF7FD3F8B1D+3217341]\n   \tGetHandleVerifier [0x00007FF7FD445AE3+3532675]\n   \tGetHandleVerifier [0x00007FF7FD43B0E0+3489152]\n   \tGetHandleVerifier [0x00007FF7FD19E776+750614]\n   \t(No symbol) [0x00007FF7FD07375F]\n   \t(No symbol) [0x00007FF7FD06EB14]\n   \t(No symbol) [0x00007FF7FD06ECA2]\n   \t(No symbol) [0x00007FF7FD05E16F]\n   \tBaseThreadInitThunk [0x00007FFD99E37344+20]\n   \tRtlUserThreadStart [0x00007FFD9A7FCC91+33]\n", "test_name": "test_resetadminaccess", "rerun": "0"}, "3": {"status": "FAIL", "message": "   selenium.common.exceptions.NoSuchWindowException: Message: no such window: target window already closed\n   from unknown error: web view not found\n     (Session info: chrome=126.0.6478.127)\n   Stacktrace:\n   \tGetHandleVerifier [0x00007FF7FD0EEEA2+31554]\n   \t(No symbol) [0x00007FF7FD067ED9]\n   \t(No symbol) [0x00007FF7FCF2872A]\n   \t(No symbol) [0x00007FF7FCEFD995]\n   \t(No symbol) [0x00007FF7FCFA44D7]\n   \t(No symbol) [0x00007FF7FCFBC051]\n   \t(No symbol) [0x00007FF7FCF9CDD3]\n   \t(No symbol) [0x00007FF7FCF6A33B]\n   \t(No symbol) [0x00007FF7FCF6AED1]\n   \tGetHandleVerifier [0x00007FF7FD3F8B1D+3217341]\n   \tGetHandleVerifier [0x00007FF7FD445AE3+3532675]\n   \tGetHandleVerifier [0x00007FF7FD43B0E0+3489152]\n   \tGetHandleVerifier [0x00007FF7FD19E776+750614]\n   \t(No symbol) [0x00007FF7FD07375F]\n   \t(No symbol) [0x00007FF7FD06EB14]\n   \t(No symbol) [0x00007FF7FD06ECA2]\n   \t(No symbol) [0x00007FF7FD05E16F]\n   \tBaseThreadInitThunk [0x00007FFD99E37344+20]\n   \tRtlUserThreadStart [0x00007FFD9A7FCC91+33]\n", "test_name": "test_deleteadminaccess", "rerun": "0"}}, "suite_name": "testCases/test_adminpage.py"}}}, "date": "July 09, 2024", "start_time": 1720525944.3066652, "total_suite": 1, "status": "FAIL", "status_list": {"pass": "0", "fail": "4", "skip": "0", "error": "0", "xpass": "0", "xfail": "0", "rerun": "0"}, "total_tests": "4"}