{"content": {"suites": {"0": {"status": {"total_pass": 0, "total_skip": 0, "total_xpass": 0, "total_xfail": 0, "total_rerun": 0, "total_fail": 3, "total_error": 0}, "tests": {"0": {"status": "FAIL", "message": "   selenium.common.exceptions.NoSuchElementException: Message: no such element: Unable to locate element: {\"method\":\"xpath\",\"selector\":\"/html/body/div[3]/div[3]/div/div[2]/main/section/div[2]/form/div/button\"}\n     (Session info: chrome=126.0.6478.127); For documentation on this error, please visit: https://www.selenium.dev/documentation/webdriver/troubleshooting/errors#no-such-element-exception\n   Stacktrace:\n   \tGetHandleVerifier [0x00007FF6D178EEA2+31554]\n   \t(No symbol) [0x00007FF6D1707ED9]\n   \t(No symbol) [0x00007FF6D15C872A]\n   \t(No symbol) [0x00007FF6D1618434]\n   \t(No symbol) [0x00007FF6D161853C]\n   \t(No symbol) [0x00007FF6D165F6A7]\n   \t(No symbol) [0x00007FF6D163D06F]\n   \t(No symbol) [0x00007FF6D165C977]\n   \t(No symbol) [0x00007FF6D163CDD3]\n   \t(No symbol) [0x00007FF6D160A33B]\n   \t(No symbol) [0x00007FF6D160AED1]\n   \tGetHandleVerifier [0x00007FF6D1A98B1D+3217341]\n   \tGetHandleVerifier [0x00007FF6D1AE5AE3+3532675]\n   \tGetHandleVerifier [0x00007FF6D1ADB0E0+3489152]\n   \tGetHandleVerifier [0x00007FF6D183E776+750614]\n   \t(No symbol) [0x00007FF6D171375F]\n   \t(No symbol) [0x00007FF6D170EB14]\n   \t(No symbol) [0x00007FF6D170ECA2]\n   \t(No symbol) [0x00007FF6D16FE16F]\n   \tBaseThreadInitThunk [0x00007FFD99E37344+20]\n   \tRtlUserThreadStart [0x00007FFD9A7FCC91+33]\n", "test_name": "test_Createmilestonepositive", "rerun": "0"}, "1": {"status": "FAIL", "message": "   selenium.common.exceptions.ElementClickInterceptedException: Message: element click intercepted: Element <div class=\"display-flex-aljc-center icon-wrapper cp\">...</div> is not clickable at point (1376, 397). Other element would receive the click: <div aria-hidden=\"true\" class=\"MuiBackdrop-root MuiModal-backdrop css-919eu4\" style=\"opacity: 1; transition: opacity 225ms cubic-bezier(0.4, 0, 0.2, 1) 0ms;\"></div>\n     (Session info: chrome=126.0.6478.127)\n   Stacktrace:\n   \tGetHandleVerifier [0x00007FF6D178EEA2+31554]\n   \t(No symbol) [0x00007FF6D1707ED9]\n   \t(No symbol) [0x00007FF6D15C872A]\n   \t(No symbol) [0x00007FF6D162012E]\n   \t(No symbol) [0x00007FF6D161DAF2]\n   \t(No symbol) [0x00007FF6D161AF8B]\n   \t(No symbol) [0x00007FF6D161A156]\n   \t(No symbol) [0x00007FF6D160C151]\n   \t(No symbol) [0x00007FF6D163D02A]\n   \t(No symbol) [0x00007FF6D160BA76]\n   \t(No symbol) [0x00007FF6D163D240]\n   \t(No symbol) [0x00007FF6D165C977]\n   \t(No symbol) [0x00007FF6D163CDD3]\n   \t(No symbol) [0x00007FF6D160A33B]\n   \t(No symbol) [0x00007FF6D160AED1]\n   \tGetHandleVerifier [0x00007FF6D1A98B1D+3217341]\n   \tGetHandleVerifier [0x00007FF6D1AE5AE3+3532675]\n   \tGetHandleVerifier [0x00007FF6D1ADB0E0+3489152]\n   \tGetHandleVerifier [0x00007FF6D183E776+750614]\n   \t(No symbol) [0x00007FF6D171375F]\n   \t(No symbol) [0x00007FF6D170EB14]\n   \t(No symbol) [0x00007FF6D170ECA2]\n   \t(No symbol) [0x00007FF6D16FE16F]\n   \tBaseThreadInitThunk [0x00007FFD99E37344+20]\n   \tRtlUserThreadStart [0x00007FFD9A7FCC91+33]\n", "test_name": "test_Deletemilestone", "rerun": "0"}, "2": {"status": "FAIL", "message": "   selenium.common.exceptions.NoSuchWindowException: Message: no such window: target window already closed\n   from unknown error: web view not found\n     (Session info: chrome=126.0.6478.127)\n   Stacktrace:\n   \tGetHandleVerifier [0x00007FF6D178EEA2+31554]\n   \t(No symbol) [0x00007FF6D1707ED9]\n   \t(No symbol) [0x00007FF6D15C872A]\n   \t(No symbol) [0x00007FF6D159D995]\n   \t(No symbol) [0x00007FF6D16444D7]\n   \t(No symbol) [0x00007FF6D165C051]\n   \t(No symbol) [0x00007FF6D163CDD3]\n   \t(No symbol) [0x00007FF6D160A33B]\n   \t(No symbol) [0x00007FF6D160AED1]\n   \tGetHandleVerifier [0x00007FF6D1A98B1D+3217341]\n   \tGetHandleVerifier [0x00007FF6D1AE5AE3+3532675]\n   \tGetHandleVerifier [0x00007FF6D1ADB0E0+3489152]\n   \tGetHandleVerifier [0x00007FF6D183E776+750614]\n   \t(No symbol) [0x00007FF6D171375F]\n   \t(No symbol) [0x00007FF6D170EB14]\n   \t(No symbol) [0x00007FF6D170ECA2]\n   \t(No symbol) [0x00007FF6D16FE16F]\n   \tBaseThreadInitThunk [0x00007FFD99E37344+20]\n   \tRtlUserThreadStart [0x00007FFD9A7FCC91+33]\n", "test_name": "test_Milestonenegative", "rerun": "0"}}, "suite_name": "testCases/test_milestone.py"}}}, "date": "July 02, 2024", "start_time": 1719919420.5180829, "total_suite": 1, "status": "FAIL", "status_list": {"pass": "0", "fail": "3", "skip": "0", "error": "0", "xpass": "0", "xfail": "0", "rerun": "0"}, "total_tests": "3"}