{"content": {"suites": {"0": {"status": {"total_pass": 1, "total_skip": 0, "total_xpass": 0, "total_xfail": 0, "total_rerun": 0, "total_fail": 3, "total_error": 0}, "tests": {"0": {"status": "PASS", "message": "", "test_name": "test_adminaccessgiven", "rerun": "0"}, "1": {"status": "FAIL", "message": "   selenium.common.exceptions.NoSuchElementException: Message: no such element: Unable to locate element: {\"method\":\"xpath\",\"selector\":\"/html/body/div[4]/div[3]/form/div[7]/label/span[1]/span[1]/input\"}\n     (Session info: chrome=126.0.6478.127); For documentation on this error, please visit: https://www.selenium.dev/documentation/webdriver/troubleshooting/errors#no-such-element-exception\n   Stacktrace:\n   \tGetHandleVerifier [0x00007FF7C7C5EEA2+31554]\n   \t(No symbol) [0x00007FF7C7BD7ED9]\n   \t(No symbol) [0x00007FF7C7A9872A]\n   \t(No symbol) [0x00007FF7C7AE8434]\n   \t(No symbol) [0x00007FF7C7AE853C]\n   \t(No symbol) [0x00007FF7C7B2F6A7]\n   \t(No symbol) [0x00007FF7C7B0D06F]\n   \t(No symbol) [0x00007FF7C7B2C977]\n   \t(No symbol) [0x00007FF7C7B0CDD3]\n   \t(No symbol) [0x00007FF7C7ADA33B]\n   \t(No symbol) [0x00007FF7C7ADAED1]\n   \tGetHandleVerifier [0x00007FF7C7F68B1D+3217341]\n   \tGetHandleVerifier [0x00007FF7C7FB5AE3+3532675]\n   \tGetHandleVerifier [0x00007FF7C7FAB0E0+3489152]\n   \tGetHandleVerifier [0x00007FF7C7D0E776+750614]\n   \t(No symbol) [0x00007FF7C7BE375F]\n   \t(No symbol) [0x00007FF7C7BDEB14]\n   \t(No symbol) [0x00007FF7C7BDECA2]\n   \t(No symbol) [0x00007FF7C7BCE16F]\n   \tBaseThreadInitThunk [0x00007FFD99E37344+20]\n   \tRtlUserThreadStart [0x00007FFD9A7FCC91+33]\n", "test_name": "test_adminpage", "rerun": "0"}, "2": {"status": "FAIL", "message": "   IndexError: list index out of range\n", "test_name": "test_resetadminaccess", "rerun": "0"}, "3": {"status": "FAIL", "message": "   selenium.common.exceptions.NoSuchElementException: Message: no such element: Unable to locate element: {\"method\":\"xpath\",\"selector\":\"/html/body/div[1]/section[1]/nav/main/div[1]/aside[1]/div/span\"}\n     (Session info: chrome=126.0.6478.127); For documentation on this error, please visit: https://www.selenium.dev/documentation/webdriver/troubleshooting/errors#no-such-element-exception\n   Stacktrace:\n   \tGetHandleVerifier [0x00007FF7C7C5EEA2+31554]\n   \t(No symbol) [0x00007FF7C7BD7ED9]\n   \t(No symbol) [0x00007FF7C7A9872A]\n   \t(No symbol) [0x00007FF7C7AE8434]\n   \t(No symbol) [0x00007FF7C7AE853C]\n   \t(No symbol) [0x00007FF7C7B2F6A7]\n   \t(No symbol) [0x00007FF7C7B0D06F]\n   \t(No symbol) [0x00007FF7C7B2C977]\n   \t(No symbol) [0x00007FF7C7B0CDD3]\n   \t(No symbol) [0x00007FF7C7ADA33B]\n   \t(No symbol) [0x00007FF7C7ADAED1]\n   \tGetHandleVerifier [0x00007FF7C7F68B1D+3217341]\n   \tGetHandleVerifier [0x00007FF7C7FB5AE3+3532675]\n   \tGetHandleVerifier [0x00007FF7C7FAB0E0+3489152]\n   \tGetHandleVerifier [0x00007FF7C7D0E776+750614]\n   \t(No symbol) [0x00007FF7C7BE375F]\n   \t(No symbol) [0x00007FF7C7BDEB14]\n   \t(No symbol) [0x00007FF7C7BDECA2]\n   \t(No symbol) [0x00007FF7C7BCE16F]\n   \tBaseThreadInitThunk [0x00007FFD99E37344+20]\n   \tRtlUserThreadStart [0x00007FFD9A7FCC91+33]\n", "test_name": "test_deleteadminaccess", "rerun": "0"}}, "suite_name": "testCases/test_adminpage.py"}}}, "date": "July 09, 2024", "start_time": 1720527014.9153888, "total_suite": 1, "status": "FAIL", "status_list": {"pass": "1", "fail": "3", "skip": "0", "error": "0", "xpass": "0", "xfail": "0", "rerun": "0"}, "total_tests": "4"}