{"content": {"suites": {"0": {"status": {"total_pass": 0, "total_skip": 0, "total_xpass": 0, "total_xfail": 0, "total_rerun": 0, "total_fail": 4, "total_error": 0}, "tests": {"0": {"status": "FAIL", "message": "   selenium.common.exceptions.NoSuchElementException: Message: no such element: Unable to locate element: {\"method\":\"xpath\",\"selector\":\"/html/body/div[1]/section[1]/nav/main/div[1]/aside[1]/div/div/div/div[2]/div[2]/ul/li[5]/div/label\"}\n     (Session info: chrome=126.0.6478.127); For documentation on this error, please visit: https://www.selenium.dev/documentation/webdriver/troubleshooting/errors#no-such-element-exception\n   Stacktrace:\n   \tGetHandleVerifier [0x00007FF76544EEA2+31554]\n   \t(No symbol) [0x00007FF7653C7ED9]\n   \t(No symbol) [0x00007FF76528872A]\n   \t(No symbol) [0x00007FF7652D8434]\n   \t(No symbol) [0x00007FF7652D853C]\n   \t(No symbol) [0x00007FF76531F6A7]\n   \t(No symbol) [0x00007FF7652FD06F]\n   \t(No symbol) [0x00007FF76531C977]\n   \t(No symbol) [0x00007FF7652FCDD3]\n   \t(No symbol) [0x00007FF7652CA33B]\n   \t(No symbol) [0x00007FF7652CAED1]\n   \tGetHandleVerifier [0x00007FF765758B1D+3217341]\n   \tGetHandleVerifier [0x00007FF7657A5AE3+3532675]\n   \tGetHandleVerifier [0x00007FF76579B0E0+3489152]\n   \tGetHandleVerifier [0x00007FF7654FE776+750614]\n   \t(No symbol) [0x00007FF7653D375F]\n   \t(No symbol) [0x00007FF7653CEB14]\n   \t(No symbol) [0x00007FF7653CECA2]\n   \t(No symbol) [0x00007FF7653BE16F]\n   \tBaseThreadInitThunk [0x00007FFD99E37344+20]\n   \tRtlUserThreadStart [0x00007FFD9A7FCC91+33]\n", "test_name": "test_homepageJobsLock", "rerun": "0"}, "1": {"status": "FAIL", "message": "   selenium.common.exceptions.NoSuchElementException: Message: no such element: Unable to locate element: {\"method\":\"xpath\",\"selector\":\"/html/body/div[1]/div[2]/section[1]/main/div/div/div/section/div[2]/div[2]/aside[1]/div/label/span/span[1]/input\"}\n     (Session info: chrome=126.0.6478.127); For documentation on this error, please visit: https://www.selenium.dev/documentation/webdriver/troubleshooting/errors#no-such-element-exception\n   Stacktrace:\n   \tGetHandleVerifier [0x00007FF76544EEA2+31554]\n   \t(No symbol) [0x00007FF7653C7ED9]\n   \t(No symbol) [0x00007FF76528872A]\n   \t(No symbol) [0x00007FF7652D8434]\n   \t(No symbol) [0x00007FF7652D853C]\n   \t(No symbol) [0x00007FF76531F6A7]\n   \t(No symbol) [0x00007FF7652FD06F]\n   \t(No symbol) [0x00007FF76531C977]\n   \t(No symbol) [0x00007FF7652FCDD3]\n   \t(No symbol) [0x00007FF7652CA33B]\n   \t(No symbol) [0x00007FF7652CAED1]\n   \tGetHandleVerifier [0x00007FF765758B1D+3217341]\n   \tGetHandleVerifier [0x00007FF7657A5AE3+3532675]\n   \tGetHandleVerifier [0x00007FF76579B0E0+3489152]\n   \tGetHandleVerifier [0x00007FF7654FE776+750614]\n   \t(No symbol) [0x00007FF7653D375F]\n   \t(No symbol) [0x00007FF7653CEB14]\n   \t(No symbol) [0x00007FF7653CECA2]\n   \t(No symbol) [0x00007FF7653BE16F]\n   \tBaseThreadInitThunk [0x00007FFD99E37344+20]\n   \tRtlUserThreadStart [0x00007FFD9A7FCC91+33]\n", "test_name": "test_homepageProjectsLock", "rerun": "0"}, "2": {"status": "FAIL", "message": "   selenium.common.exceptions.NoSuchWindowException: Message: no such window: target window already closed\n   from unknown error: web view not found\n     (Session info: chrome=126.0.6478.127)\n   Stacktrace:\n   \tGetHandleVerifier [0x00007FF76544EEA2+31554]\n   \t(No symbol) [0x00007FF7653C7ED9]\n   \t(No symbol) [0x00007FF76528872A]\n   \t(No symbol) [0x00007FF76525D995]\n   \t(No symbol) [0x00007FF7653044D7]\n   \t(No symbol) [0x00007FF76531C051]\n   \t(No symbol) [0x00007FF7652FCDD3]\n   \t(No symbol) [0x00007FF7652CA33B]\n   \t(No symbol) [0x00007FF7652CAED1]\n   \tGetHandleVerifier [0x00007FF765758B1D+3217341]\n   \tGetHandleVerifier [0x00007FF7657A5AE3+3532675]\n   \tGetHandleVerifier [0x00007FF76579B0E0+3489152]\n   \tGetHandleVerifier [0x00007FF7654FE776+750614]\n   \t(No symbol) [0x00007FF7653D375F]\n   \t(No symbol) [0x00007FF7653CEB14]\n   \t(No symbol) [0x00007FF7653CECA2]\n   \t(No symbol) [0x00007FF7653BE16F]\n   \tBaseThreadInitThunk [0x00007FFD99E37344+20]\n   \tRtlUserThreadStart [0x00007FFD9A7FCC91+33]\n", "test_name": "test_homepageFundingLock", "rerun": "0"}, "3": {"status": "FAIL", "message": "   selenium.common.exceptions.NoSuchWindowException: Message: no such window: target window already closed\n   from unknown error: web view not found\n     (Session info: chrome=126.0.6478.127)\n   Stacktrace:\n   \tGetHandleVerifier [0x00007FF76544EEA2+31554]\n   \t(No symbol) [0x00007FF7653C7ED9]\n   \t(No symbol) [0x00007FF76528872A]\n   \t(No symbol) [0x00007FF76525D995]\n   \t(No symbol) [0x00007FF7653044D7]\n   \t(No symbol) [0x00007FF76531C051]\n   \t(No symbol) [0x00007FF7652FCDD3]\n   \t(No symbol) [0x00007FF7652CA33B]\n   \t(No symbol) [0x00007FF7652CAED1]\n   \tGetHandleVerifier [0x00007FF765758B1D+3217341]\n   \tGetHandleVerifier [0x00007FF7657A5AE3+3532675]\n   \tGetHandleVerifier [0x00007FF76579B0E0+3489152]\n   \tGetHandleVerifier [0x00007FF7654FE776+750614]\n   \t(No symbol) [0x00007FF7653D375F]\n   \t(No symbol) [0x00007FF7653CEB14]\n   \t(No symbol) [0x00007FF7653CECA2]\n   \t(No symbol) [0x00007FF7653BE16F]\n   \tBaseThreadInitThunk [0x00007FFD99E37344+20]\n   \tRtlUserThreadStart [0x00007FFD9A7FCC91+33]\n", "test_name": "test_homepageInvestLock", "rerun": "0"}}, "suite_name": "testCases/test_homepage.py"}}}, "date": "June 28, 2024", "start_time": 1719571976.8477561, "total_suite": 1, "status": "FAIL", "status_list": {"pass": "0", "fail": "4", "skip": "0", "error": "0", "xpass": "0", "xfail": "0", "rerun": "0"}, "total_tests": "4"}