{"content": {"suites": {"0": {"status": {"total_pass": 2, "total_skip": 0, "total_xpass": 0, "total_xfail": 0, "total_rerun": 0, "total_fail": 2, "total_error": 0}, "tests": {"0": {"status": "PASS", "message": "", "test_name": "test_Createservicespositive", "rerun": "0"}, "1": {"status": "FAIL", "message": "   selenium.common.exceptions.NoSuchElementException: Message: no such element: Unable to locate element: {\"method\":\"xpath\",\"selector\":\"/html/body/div[3]/div[3]/div/div/main/section/div[2]/form/div[2]/div/div[1]/input\"}\n     (Session info: chrome=123.0.6312.123); For documentation on this error, please visit: https://www.selenium.dev/documentation/webdriver/troubleshooting/errors#no-such-element-exception\n   Stacktrace:\n   \tGetHandleVerifier [0x00007FF631A27032+63090]\n   \t(No symbol) [0x00007FF631992C82]\n   \t(No symbol) [0x00007FF63182EC65]\n   \t(No symbol) [0x00007FF63187499D]\n   \t(No symbol) [0x00007FF631874ADC]\n   \t(No symbol) [0x00007FF6318B5B37]\n   \t(No symbol) [0x00007FF63189701F]\n   \t(No symbol) [0x00007FF6318B3412]\n   \t(No symbol) [0x00007FF631896D83]\n   \t(No symbol) [0x00007FF6318683A8]\n   \t(No symbol) [0x00007FF631869441]\n   \tGetHandleVerifier [0x00007FF631E225AD+4238317]\n   \tGetHandleVerifier [0x00007FF631E5F70D+4488525]\n   \tGetHandleVerifier [0x00007FF631E579EF+4456495]\n   \tGetHandleVerifier [0x00007FF631B00576+953270]\n   \t(No symbol) [0x00007FF63199E54F]\n   \t(No symbol) [0x00007FF631999224]\n   \t(No symbol) [0x00007FF63199935B]\n   \t(No symbol) [0x00007FF631989B94]\n   \tBaseThreadInitThunk [0x00007FF825E97344+20]\n   \tRtlUserThreadStart [0x00007FF8276C26B1+33]\n", "test_name": "test_AddServices", "rerun": "0"}, "2": {"status": "PASS", "message": "", "test_name": "test_DeleteServices", "rerun": "0"}, "3": {"status": "FAIL", "message": "   selenium.common.exceptions.NoSuchElementException: Message: no such element: Unable to locate element: {\"method\":\"xpath\",\"selector\":\"/html/body/div[3]/div[3]/div/div/main/section/div[2]/form/div[2]/button[2]\"}\n     (Session info: chrome=123.0.6312.123); For documentation on this error, please visit: https://www.selenium.dev/documentation/webdriver/troubleshooting/errors#no-such-element-exception\n   Stacktrace:\n   \tGetHandleVerifier [0x00007FF631A27032+63090]\n   \t(No symbol) [0x00007FF631992C82]\n   \t(No symbol) [0x00007FF63182EC65]\n   \t(No symbol) [0x00007FF63187499D]\n   \t(No symbol) [0x00007FF631874ADC]\n   \t(No symbol) [0x00007FF6318B5B37]\n   \t(No symbol) [0x00007FF63189701F]\n   \t(No symbol) [0x00007FF6318B3412]\n   \t(No symbol) [0x00007FF631896D83]\n   \t(No symbol) [0x00007FF6318683A8]\n   \t(No symbol) [0x00007FF631869441]\n   \tGetHandleVerifier [0x00007FF631E225AD+4238317]\n   \tGetHandleVerifier [0x00007FF631E5F70D+4488525]\n   \tGetHandleVerifier [0x00007FF631E579EF+4456495]\n   \tGetHandleVerifier [0x00007FF631B00576+953270]\n   \t(No symbol) [0x00007FF63199E54F]\n   \t(No symbol) [0x00007FF631999224]\n   \t(No symbol) [0x00007FF63199935B]\n   \t(No symbol) [0x00007FF631989B94]\n   \tBaseThreadInitThunk [0x00007FF825E97344+20]\n   \tRtlUserThreadStart [0x00007FF8276C26B1+33]\n", "test_name": "test_AddServicesnegative", "rerun": "0"}}, "suite_name": "testCases/test_services.py"}}}, "date": "April 17, 2024", "start_time": 1713350568.2838163, "total_suite": 1, "status": "FAIL", "status_list": {"pass": "2", "fail": "2", "skip": "0", "error": "0", "xpass": "0", "xfail": "0", "rerun": "0"}, "total_tests": "4"}