{"content": {"suites": {"0": {"status": {"total_pass": 0, "total_skip": 0, "total_xpass": 0, "total_xfail": 0, "total_rerun": 0, "total_fail": 2, "total_error": 0}, "tests": {"0": {"status": "FAIL", "message": "   selenium.common.exceptions.NoSuchElementException: Message: no such element: Unable to locate element: {\"method\":\"xpath\",\"selector\":\"/html/body/div[1]/section[1]/nav/main/div[1]/aside[1]/div/div/div/div[2]/div[2]/ul/li[1]/div/label\"}\n     (Session info: chrome=126.0.6478.127); For documentation on this error, please visit: https://www.selenium.dev/documentation/webdriver/troubleshooting/errors#no-such-element-exception\n   Stacktrace:\n   \tGetHandleVerifier [0x00007FF78A5FEEA2+31554]\n   \t(No symbol) [0x00007FF78A577ED9]\n   \t(No symbol) [0x00007FF78A43872A]\n   \t(No symbol) [0x00007FF78A488434]\n   \t(No symbol) [0x00007FF78A48853C]\n   \t(No symbol) [0x00007FF78A4CF6A7]\n   \t(No symbol) [0x00007FF78A4AD06F]\n   \t(No symbol) [0x00007FF78A4CC977]\n   \t(No symbol) [0x00007FF78A4ACDD3]\n   \t(No symbol) [0x00007FF78A47A33B]\n   \t(No symbol) [0x00007FF78A47AED1]\n   \tGetHandleVerifier [0x00007FF78A908B1D+3217341]\n   \tGetHandleVerifier [0x00007FF78A955AE3+3532675]\n   \tGetHandleVerifier [0x00007FF78A94B0E0+3489152]\n   \tGetHandleVerifier [0x00007FF78A6AE776+750614]\n   \t(No symbol) [0x00007FF78A58375F]\n   \t(No symbol) [0x00007FF78A57EB14]\n   \t(No symbol) [0x00007FF78A57ECA2]\n   \t(No symbol) [0x00007FF78A56E16F]\n   \tBaseThreadInitThunk [0x00007FFF50ED7344+20]\n   \tRtlUserThreadStart [0x00007FFF52A3CC91+33]\n", "test_name": "test_adminaccessgiven", "rerun": "0"}, "1": {"status": "FAIL", "message": "   selenium.common.exceptions.NoSuchElementException: Message: no such element: Unable to locate element: {\"method\":\"xpath\",\"selector\":\"/html/body/div[1]/section[1]/nav/main/div[1]/aside[1]/div/div/div/div[2]/div[1]/div[1]/h2/button\"}\n     (Session info: chrome=126.0.6478.127); For documentation on this error, please visit: https://www.selenium.dev/documentation/webdriver/troubleshooting/errors#no-such-element-exception\n   Stacktrace:\n   \tGetHandleVerifier [0x00007FF78A5FEEA2+31554]\n   \t(No symbol) [0x00007FF78A577ED9]\n   \t(No symbol) [0x00007FF78A43872A]\n   \t(No symbol) [0x00007FF78A488434]\n   \t(No symbol) [0x00007FF78A48853C]\n   \t(No symbol) [0x00007FF78A4CF6A7]\n   \t(No symbol) [0x00007FF78A4AD06F]\n   \t(No symbol) [0x00007FF78A4CC977]\n   \t(No symbol) [0x00007FF78A4ACDD3]\n   \t(No symbol) [0x00007FF78A47A33B]\n   \t(No symbol) [0x00007FF78A47AED1]\n   \tGetHandleVerifier [0x00007FF78A908B1D+3217341]\n   \tGetHandleVerifier [0x00007FF78A955AE3+3532675]\n   \tGetHandleVerifier [0x00007FF78A94B0E0+3489152]\n   \tGetHandleVerifier [0x00007FF78A6AE776+750614]\n   \t(No symbol) [0x00007FF78A58375F]\n   \t(No symbol) [0x00007FF78A57EB14]\n   \t(No symbol) [0x00007FF78A57ECA2]\n   \t(No symbol) [0x00007FF78A56E16F]\n   \tBaseThreadInitThunk [0x00007FFF50ED7344+20]\n   \tRtlUserThreadStart [0x00007FFF52A3CC91+33]\n", "test_name": "test_adminpage", "rerun": "0"}}, "suite_name": "testCases/test_adminpage.py"}}}, "date": "July 15, 2024", "start_time": 1721020317.2365263, "total_suite": 1, "status": "FAIL", "status_list": {"pass": "0", "fail": "2", "skip": "0", "error": "0", "xpass": "0", "xfail": "0", "rerun": "0"}, "total_tests": "2"}