{"content": {"suites": {"0": {"status": {"total_pass": 0, "total_skip": 0, "total_xpass": 0, "total_xfail": 0, "total_rerun": 0, "total_fail": 4, "total_error": 0}, "tests": {"0": {"status": "FAIL", "message": "   selenium.common.exceptions.NoSuchElementException: Message: no such element: Unable to locate element: {\"method\":\"xpath\",\"selector\":\"/html/body/div[1]/div[2]/section[1]/main/div/div/main/section[4]/main/section[1]/div[1]\"}\n     (Session info: chrome=123.0.6312.123); For documentation on this error, please visit: https://www.selenium.dev/documentation/webdriver/troubleshooting/errors#no-such-element-exception\n   Stacktrace:\n   \tGetHandleVerifier [0x00007FF62E027032+63090]\n   \t(No symbol) [0x00007FF62DF92C82]\n   \t(No symbol) [0x00007FF62DE2EC65]\n   \t(No symbol) [0x00007FF62DE7499D]\n   \t(No symbol) [0x00007FF62DE74ADC]\n   \t(No symbol) [0x00007FF62DEB5B37]\n   \t(No symbol) [0x00007FF62DE9701F]\n   \t(No symbol) [0x00007FF62DEB3412]\n   \t(No symbol) [0x00007FF62DE96D83]\n   \t(No symbol) [0x00007FF62DE683A8]\n   \t(No symbol) [0x00007FF62DE69441]\n   \tGetHandleVerifier [0x00007FF62E4225AD+4238317]\n   \tGetHandleVerifier [0x00007FF62E45F70D+4488525]\n   \tGetHandleVerifier [0x00007FF62E4579EF+4456495]\n   \tGetHandleVerifier [0x00007FF62E100576+953270]\n   \t(No symbol) [0x00007FF62DF9E54F]\n   \t(No symbol) [0x00007FF62DF99224]\n   \t(No symbol) [0x00007FF62DF9935B]\n   \t(No symbol) [0x00007FF62DF89B94]\n   \tBaseThreadInitThunk [0x00007FF825E97344+20]\n   \tRtlUserThreadStart [0x00007FF8276C26B1+33]\n", "test_name": "test_Createservicespositive", "rerun": "0"}, "1": {"status": "FAIL", "message": "   selenium.common.exceptions.NoSuchWindowException: Message: no such window: target window already closed\n   from unknown error: web view not found\n     (Session info: chrome=123.0.6312.123)\n   Stacktrace:\n   \tGetHandleVerifier [0x00007FF62E027032+63090]\n   \t(No symbol) [0x00007FF62DF92C82]\n   \t(No symbol) [0x00007FF62DE2EC65]\n   \t(No symbol) [0x00007FF62DE0CA7C]\n   \t(No symbol) [0x00007FF62DE9D687]\n   \t(No symbol) [0x00007FF62DEB2AC1]\n   \t(No symbol) [0x00007FF62DE96D83]\n   \t(No symbol) [0x00007FF62DE683A8]\n   \t(No symbol) [0x00007FF62DE69441]\n   \tGetHandleVerifier [0x00007FF62E4225AD+4238317]\n   \tGetHandleVerifier [0x00007FF62E45F70D+4488525]\n   \tGetHandleVerifier [0x00007FF62E4579EF+4456495]\n   \tGetHandleVerifier [0x00007FF62E100576+953270]\n   \t(No symbol) [0x00007FF62DF9E54F]\n   \t(No symbol) [0x00007FF62DF99224]\n   \t(No symbol) [0x00007FF62DF9935B]\n   \t(No symbol) [0x00007FF62DF89B94]\n   \tBaseThreadInitThunk [0x00007FF825E97344+20]\n   \tRtlUserThreadStart [0x00007FF8276C26B1+33]\n", "test_name": "test_AddServices", "rerun": "0"}, "2": {"status": "FAIL", "message": "   selenium.common.exceptions.WebDriverException: Message: unknown error: cannot determine loading status\n   from target frame detached\n     (Session info: chrome=123.0.6312.123)\n   Stacktrace:\n   \tGetHandleVerifier [0x00007FF62E027032+63090]\n   \t(No symbol) [0x00007FF62DF92C82]\n   \t(No symbol) [0x00007FF62DE2EB1D]\n   \t(No symbol) [0x00007FF62DE1CF78]\n   \t(No symbol) [0x00007FF62DE1B0A8]\n   \t(No symbol) [0x00007FF62DE1BA8F]\n   \t(No symbol) [0x00007FF62DE28F26]\n   \t(No symbol) [0x00007FF62DE3AB0E]\n   \t(No symbol) [0x00007FF62DE3F82A]\n   \t(No symbol) [0x00007FF62DE1C006]\n   \t(No symbol) [0x00007FF62DE3A6A4]\n   \t(No symbol) [0x00007FF62DEB376C]\n   \t(No symbol) [0x00007FF62DE96D83]\n   \t(No symbol) [0x00007FF62DE683A8]\n   \t(No symbol) [0x00007FF62DE69441]\n   \tGetHandleVerifier [0x00007FF62E4225AD+4238317]\n   \tGetHandleVerifier [0x00007FF62E45F70D+4488525]\n   \tGetHandleVerifier [0x00007FF62E4579EF+4456495]\n   \tGetHandleVerifier [0x00007FF62E100576+953270]\n   \t(No symbol) [0x00007FF62DF9E54F]\n   \t(No symbol) [0x00007FF62DF99224]\n   \t(No symbol) [0x00007FF62DF9935B]\n   \t(No symbol) [0x00007FF62DF89B94]\n   \tBaseThreadInitThunk [0x00007FF825E97344+20]\n   \tRtlUserThreadStart [0x00007FF8276C26B1+33]\n", "test_name": "test_DeleteServices", "rerun": "0"}, "3": {"status": "FAIL", "message": "   selenium.common.exceptions.NoSuchWindowException: Message: no such window: target window already closed\n   from unknown error: web view not found\n     (Session info: chrome=123.0.6312.123)\n   Stacktrace:\n   \tGetHandleVerifier [0x00007FF62E027032+63090]\n   \t(No symbol) [0x00007FF62DF92C82]\n   \t(No symbol) [0x00007FF62DE2EC65]\n   \t(No symbol) [0x00007FF62DE0CA7C]\n   \t(No symbol) [0x00007FF62DE9D687]\n   \t(No symbol) [0x00007FF62DEB2AC1]\n   \t(No symbol) [0x00007FF62DE96D83]\n   \t(No symbol) [0x00007FF62DE683A8]\n   \t(No symbol) [0x00007FF62DE69441]\n   \tGetHandleVerifier [0x00007FF62E4225AD+4238317]\n   \tGetHandleVerifier [0x00007FF62E45F70D+4488525]\n   \tGetHandleVerifier [0x00007FF62E4579EF+4456495]\n   \tGetHandleVerifier [0x00007FF62E100576+953270]\n   \t(No symbol) [0x00007FF62DF9E54F]\n   \t(No symbol) [0x00007FF62DF99224]\n   \t(No symbol) [0x00007FF62DF9935B]\n   \t(No symbol) [0x00007FF62DF89B94]\n   \tBaseThreadInitThunk [0x00007FF825E97344+20]\n   \tRtlUserThreadStart [0x00007FF8276C26B1+33]\n", "test_name": "test_AddServicesnegative", "rerun": "0"}}, "suite_name": "testCases/test_services.py"}}}, "date": "April 17, 2024", "start_time": 1713349986.3242602, "total_suite": 1, "status": "FAIL", "status_list": {"pass": "0", "fail": "4", "skip": "0", "error": "0", "xpass": "0", "xfail": "0", "rerun": "0"}, "total_tests": "4"}