{"content": {"suites": {"0": {"status": {"total_pass": 0, "total_skip": 0, "total_xpass": 0, "total_xfail": 0, "total_rerun": 0, "total_fail": 3, "total_error": 0}, "tests": {"0": {"status": "FAIL", "message": "   selenium.common.exceptions.NoSuchElementException: Message: no such element: Unable to locate element: {\"method\":\"xpath\",\"selector\":\"//*[@id='root']/div[2]/section[1]/main/div/div/section[2]/section/form/div[1]/input\"}\n     (Session info: chrome=126.0.6478.126); For documentation on this error, please visit: https://www.selenium.dev/documentation/webdriver/troubleshooting/errors#no-such-element-exception\n   Stacktrace:\n   \tGetHandleVerifier [0x00007FF611FCEEA2+31554]\n   \t(No symbol) [0x00007FF611F47ED9]\n   \t(No symbol) [0x00007FF611E0872A]\n   \t(No symbol) [0x00007FF611E58434]\n   \t(No symbol) [0x00007FF611E5853C]\n   \t(No symbol) [0x00007FF611E9F6A7]\n   \t(No symbol) [0x00007FF611E7D06F]\n   \t(No symbol) [0x00007FF611E9C977]\n   \t(No symbol) [0x00007FF611E7CDD3]\n   \t(No symbol) [0x00007FF611E4A33B]\n   \t(No symbol) [0x00007FF611E4AED1]\n   \tGetHandleVerifier [0x00007FF6122D8B1D+3217341]\n   \tGetHandleVerifier [0x00007FF612325AE3+3532675]\n   \tGetHandleVerifier [0x00007FF61231B0E0+3489152]\n   \tGetHandleVerifier [0x00007FF61207E776+750614]\n   \t(No symbol) [0x00007FF611F5375F]\n   \t(No symbol) [0x00007FF611F4EB14]\n   \t(No symbol) [0x00007FF611F4ECA2]\n   \t(No symbol) [0x00007FF611F3E16F]\n   \tBaseThreadInitThunk [0x00007FFD99E37344+20]\n   \tRtlUserThreadStart [0x00007FFD9A7FCC91+33]\n", "test_name": "test_Editaboutpositive", "rerun": "0"}, "1": {"status": "FAIL", "message": "   selenium.common.exceptions.NoSuchWindowException: Message: no such window: target window already closed\n   from unknown error: web view not found\n     (Session info: chrome=126.0.6478.126)\n   Stacktrace:\n   \tGetHandleVerifier [0x00007FF611FCEEA2+31554]\n   \t(No symbol) [0x00007FF611F47ED9]\n   \t(No symbol) [0x00007FF611E0872A]\n   \t(No symbol) [0x00007FF611DDD995]\n   \t(No symbol) [0x00007FF611E844D7]\n   \t(No symbol) [0x00007FF611E9C051]\n   \t(No symbol) [0x00007FF611E7CDD3]\n   \t(No symbol) [0x00007FF611E4A33B]\n   \t(No symbol) [0x00007FF611E4AED1]\n   \tGetHandleVerifier [0x00007FF6122D8B1D+3217341]\n   \tGetHandleVerifier [0x00007FF612325AE3+3532675]\n   \tGetHandleVerifier [0x00007FF61231B0E0+3489152]\n   \tGetHandleVerifier [0x00007FF61207E776+750614]\n   \t(No symbol) [0x00007FF611F5375F]\n   \t(No symbol) [0x00007FF611F4EB14]\n   \t(No symbol) [0x00007FF611F4ECA2]\n   \t(No symbol) [0x00007FF611F3E16F]\n   \tBaseThreadInitThunk [0x00007FFD99E37344+20]\n   \tRtlUserThreadStart [0x00007FFD9A7FCC91+33]\n", "test_name": "test_Editaboutnegative1", "rerun": "0"}, "2": {"status": "FAIL", "message": "   selenium.common.exceptions.WebDriverException: Message: unknown error: cannot determine loading status\n   from target frame detached\n     (Session info: chrome=126.0.6478.126)\n   Stacktrace:\n   \tGetHandleVerifier [0x00007FF611FCEEA2+31554]\n   \t(No symbol) [0x00007FF611F47ED9]\n   \t(No symbol) [0x00007FF611E08559]\n   \t(No symbol) [0x00007FF611DF0C81]\n   \t(No symbol) [0x00007FF611DEEC6D]\n   \t(No symbol) [0x00007FF611DEF47F]\n   \t(No symbol) [0x00007FF611DFE7E1]\n   \t(No symbol) [0x00007FF611E1674F]\n   \t(No symbol) [0x00007FF611E1C16A]\n   \t(No symbol) [0x00007FF611DEFC0A]\n   \t(No symbol) [0x00007FF611E1630D]\n   \t(No symbol) [0x00007FF611E9CCD5]\n   \t(No symbol) [0x00007FF611E7CDD3]\n   \t(No symbol) [0x00007FF611E4A33B]\n   \t(No symbol) [0x00007FF611E4AED1]\n   \tGetHandleVerifier [0x00007FF6122D8B1D+3217341]\n   \tGetHandleVerifier [0x00007FF612325AE3+3532675]\n   \tGetHandleVerifier [0x00007FF61231B0E0+3489152]\n   \tGetHandleVerifier [0x00007FF61207E776+750614]\n   \t(No symbol) [0x00007FF611F5375F]\n   \t(No symbol) [0x00007FF611F4EB14]\n   \t(No symbol) [0x00007FF611F4ECA2]\n   \t(No symbol) [0x00007FF611F3E16F]\n   \tBaseThreadInitThunk [0x00007FFD99E37344+20]\n   \tRtlUserThreadStart [0x00007FFD9A7FCC91+33]\n", "test_name": "test_Editaboutnegative2", "rerun": "0"}}, "suite_name": "testCases/test_Editabout.py"}}}, "date": "June 27, 2024", "start_time": 1719474020.5183754, "total_suite": 1, "status": "FAIL", "status_list": {"pass": "0", "fail": "3", "skip": "0", "error": "0", "xpass": "0", "xfail": "0", "rerun": "0"}, "total_tests": "3"}