{"content": {"suites": {"0": {"status": {"total_pass": 1, "total_skip": 0, "total_xpass": 0, "total_xfail": 0, "total_rerun": 0, "total_fail": 3, "total_error": 0}, "tests": {"0": {"status": "PASS", "message": "", "test_name": "test_Certifiedcoursepositive", "rerun": "0"}, "1": {"status": "FAIL", "message": "   IndexError: list index out of range\n", "test_name": "test_Certifiedcoursedelete", "rerun": "0"}, "2": {"status": "FAIL", "message": "   selenium.common.exceptions.NoSuchWindowException: Message: no such window: target window already closed\n   from unknown error: web view not found\n     (Session info: chrome=126.0.6478.127)\n   Stacktrace:\n   \tGetHandleVerifier [0x00007FF618FCEEA2+31554]\n   \t(No symbol) [0x00007FF618F47ED9]\n   \t(No symbol) [0x00007FF618E0872A]\n   \t(No symbol) [0x00007FF618DDD995]\n   \t(No symbol) [0x00007FF618E844D7]\n   \t(No symbol) [0x00007FF618E9C051]\n   \t(No symbol) [0x00007FF618E7CDD3]\n   \t(No symbol) [0x00007FF618E4A33B]\n   \t(No symbol) [0x00007FF618E4AED1]\n   \tGetHandleVerifier [0x00007FF6192D8B1D+3217341]\n   \tGetHandleVerifier [0x00007FF619325AE3+3532675]\n   \tGetHandleVerifier [0x00007FF61931B0E0+3489152]\n   \tGetHandleVerifier [0x00007FF61907E776+750614]\n   \t(No symbol) [0x00007FF618F5375F]\n   \t(No symbol) [0x00007FF618F4EB14]\n   \t(No symbol) [0x00007FF618F4ECA2]\n   \t(No symbol) [0x00007FF618F3E16F]\n   \tBaseThreadInitThunk [0x00007FFD99E37344+20]\n   \tRtlUserThreadStart [0x00007FFD9A7FCC91+33]\n", "test_name": "test_Certifiedcoursenegative1", "rerun": "0"}, "3": {"status": "FAIL", "message": "   selenium.common.exceptions.WebDriverException: Message: unknown error: cannot determine loading status\n   from target frame detached\n     (Session info: chrome=126.0.6478.127)\n   Stacktrace:\n   \tGetHandleVerifier [0x00007FF618FCEEA2+31554]\n   \t(No symbol) [0x00007FF618F47ED9]\n   \t(No symbol) [0x00007FF618E08559]\n   \t(No symbol) [0x00007FF618DF0C81]\n   \t(No symbol) [0x00007FF618DEEC6D]\n   \t(No symbol) [0x00007FF618DEF47F]\n   \t(No symbol) [0x00007FF618DFE7E1]\n   \t(No symbol) [0x00007FF618E1674F]\n   \t(No symbol) [0x00007FF618E1C16A]\n   \t(No symbol) [0x00007FF618DEFC0A]\n   \t(No symbol) [0x00007FF618E1630D]\n   \t(No symbol) [0x00007FF618E9CCD5]\n   \t(No symbol) [0x00007FF618E7CDD3]\n   \t(No symbol) [0x00007FF618E4A33B]\n   \t(No symbol) [0x00007FF618E4AED1]\n   \tGetHandleVerifier [0x00007FF6192D8B1D+3217341]\n   \tGetHandleVerifier [0x00007FF619325AE3+3532675]\n   \tGetHandleVerifier [0x00007FF61931B0E0+3489152]\n   \tGetHandleVerifier [0x00007FF61907E776+750614]\n   \t(No symbol) [0x00007FF618F5375F]\n   \t(No symbol) [0x00007FF618F4EB14]\n   \t(No symbol) [0x00007FF618F4ECA2]\n   \t(No symbol) [0x00007FF618F3E16F]\n   \tBaseThreadInitThunk [0x00007FFD99E37344+20]\n   \tRtlUserThreadStart [0x00007FFD9A7FCC91+33]\n", "test_name": "test_edit_existdelete", "rerun": "0"}}, "suite_name": "testCases/test_certifiedcourse.py"}}}, "date": "June 28, 2024", "start_time": 1719561377.9632373, "total_suite": 1, "status": "FAIL", "status_list": {"pass": "1", "fail": "3", "skip": "0", "error": "0", "xpass": "0", "xfail": "0", "rerun": "0"}, "total_tests": "4"}