{"content": {"suites": {"0": {"status": {"total_pass": 0, "total_skip": 0, "total_xpass": 0, "total_xfail": 0, "total_rerun": 0, "total_fail": 2, "total_error": 0}, "tests": {"0": {"status": "FAIL", "message": "   selenium.common.exceptions.NoSuchElementException: Message: no such element: Unable to locate element: {\"method\":\"xpath\",\"selector\":\"/html/body/div[3]/div[3]/div/div/main/section/div[2]/div[2]/div[1]/div/div/div[1]\"}\n     (Session info: chrome=126.0.6478.127); For documentation on this error, please visit: https://www.selenium.dev/documentation/webdriver/troubleshooting/errors#no-such-element-exception\n   Stacktrace:\n   \tGetHandleVerifier [0x00007FF74BDDEEA2+31554]\n   \t(No symbol) [0x00007FF74BD57ED9]\n   \t(No symbol) [0x00007FF74BC1872A]\n   \t(No symbol) [0x00007FF74BC68434]\n   \t(No symbol) [0x00007FF74BC6853C]\n   \t(No symbol) [0x00007FF74BCAF6A7]\n   \t(No symbol) [0x00007FF74BC8D06F]\n   \t(No symbol) [0x00007FF74BCAC977]\n   \t(No symbol) [0x00007FF74BC8CDD3]\n   \t(No symbol) [0x00007FF74BC5A33B]\n   \t(No symbol) [0x00007FF74BC5AED1]\n   \tGetHandleVerifier [0x00007FF74C0E8B1D+3217341]\n   \tGetHandleVerifier [0x00007FF74C135AE3+3532675]\n   \tGetHandleVerifier [0x00007FF74C12B0E0+3489152]\n   \tGetHandleVerifier [0x00007FF74BE8E776+750614]\n   \t(No symbol) [0x00007FF74BD6375F]\n   \t(No symbol) [0x00007FF74BD5EB14]\n   \t(No symbol) [0x00007FF74BD5ECA2]\n   \t(No symbol) [0x00007FF74BD4E16F]\n   \tBaseThreadInitThunk [0x00007FFD99E37344+20]\n   \tRtlUserThreadStart [0x00007FFD9A7FCC91+33]\n", "test_name": "test_Trustedcompaniespositive", "rerun": "0"}, "1": {"status": "FAIL", "message": "   selenium.common.exceptions.NoSuchElementException: Message: no such element: Unable to locate element: {\"method\":\"xpath\",\"selector\":\"/html/body/div[1]/div[2]/section[1]/main/div/div/main/section[1]/main/div[2]/ul/a[4]/li\"}\n     (Session info: chrome=126.0.6478.127); For documentation on this error, please visit: https://www.selenium.dev/documentation/webdriver/troubleshooting/errors#no-such-element-exception\n   Stacktrace:\n   \tGetHandleVerifier [0x00007FF74BDDEEA2+31554]\n   \t(No symbol) [0x00007FF74BD57ED9]\n   \t(No symbol) [0x00007FF74BC1872A]\n   \t(No symbol) [0x00007FF74BC68434]\n   \t(No symbol) [0x00007FF74BC6853C]\n   \t(No symbol) [0x00007FF74BCAF6A7]\n   \t(No symbol) [0x00007FF74BC8D06F]\n   \t(No symbol) [0x00007FF74BCAC977]\n   \t(No symbol) [0x00007FF74BC8CDD3]\n   \t(No symbol) [0x00007FF74BC5A33B]\n   \t(No symbol) [0x00007FF74BC5AED1]\n   \tGetHandleVerifier [0x00007FF74C0E8B1D+3217341]\n   \tGetHandleVerifier [0x00007FF74C135AE3+3532675]\n   \tGetHandleVerifier [0x00007FF74C12B0E0+3489152]\n   \tGetHandleVerifier [0x00007FF74BE8E776+750614]\n   \t(No symbol) [0x00007FF74BD6375F]\n   \t(No symbol) [0x00007FF74BD5EB14]\n   \t(No symbol) [0x00007FF74BD5ECA2]\n   \t(No symbol) [0x00007FF74BD4E16F]\n   \tBaseThreadInitThunk [0x00007FFD99E37344+20]\n   \tRtlUserThreadStart [0x00007FFD9A7FCC91+33]\n", "test_name": "test_Trustedcompaniesdelete", "rerun": "0"}}, "suite_name": "testCases/test_trustedcompanies.py"}}}, "date": "July 05, 2024", "start_time": 1720182972.3105829, "total_suite": 1, "status": "FAIL", "status_list": {"pass": "0", "fail": "2", "skip": "0", "error": "0", "xpass": "0", "xfail": "0", "rerun": "0"}, "total_tests": "2"}