{"content": {"suites": {"0": {"status": {"total_pass": 0, "total_skip": 0, "total_xpass": 0, "total_xfail": 0, "total_rerun": 0, "total_fail": 2, "total_error": 0}, "tests": {"0": {"status": "FAIL", "message": "   selenium.common.exceptions.NoSuchElementException: Message: no such element: Unable to locate element: {\"method\":\"xpath\",\"selector\":\"/html/body/div[1]/div[2]/section[1]/main/div/div/div/div[1]/div/div[5]/a\"}\n     (Session info: chrome=126.0.6478.127); For documentation on this error, please visit: https://www.selenium.dev/documentation/webdriver/troubleshooting/errors#no-such-element-exception\n   Stacktrace:\n   \tGetHandleVerifier [0x00007FF61F23EEA2+31554]\n   \t(No symbol) [0x00007FF61F1B7ED9]\n   \t(No symbol) [0x00007FF61F07872A]\n   \t(No symbol) [0x00007FF61F0C8434]\n   \t(No symbol) [0x00007FF61F0C853C]\n   \t(No symbol) [0x00007FF61F10F6A7]\n   \t(No symbol) [0x00007FF61F0ED06F]\n   \t(No symbol) [0x00007FF61F10C977]\n   \t(No symbol) [0x00007FF61F0ECDD3]\n   \t(No symbol) [0x00007FF61F0BA33B]\n   \t(No symbol) [0x00007FF61F0BAED1]\n   \tGetHandleVerifier [0x00007FF61F548B1D+3217341]\n   \tGetHandleVerifier [0x00007FF61F595AE3+3532675]\n   \tGetHandleVerifier [0x00007FF61F58B0E0+3489152]\n   \tGetHandleVerifier [0x00007FF61F2EE776+750614]\n   \t(No symbol) [0x00007FF61F1C375F]\n   \t(No symbol) [0x00007FF61F1BEB14]\n   \t(No symbol) [0x00007FF61F1BECA2]\n   \t(No symbol) [0x00007FF61F1AE16F]\n   \tBaseThreadInitThunk [0x00007FFD99E37344+20]\n   \tRtlUserThreadStart [0x00007FFD9A7FCC91+33]\n", "test_name": "test_adminaccessgiven", "rerun": "0"}, "1": {"status": "FAIL", "message": "   selenium.common.exceptions.NoSuchWindowException: Message: no such window: target window already closed\n   from unknown error: web view not found\n     (Session info: chrome=126.0.6478.127)\n   Stacktrace:\n   \tGetHandleVerifier [0x00007FF61F23EEA2+31554]\n   \t(No symbol) [0x00007FF61F1B7ED9]\n   \t(No symbol) [0x00007FF61F07872A]\n   \t(No symbol) [0x00007FF61F04D995]\n   \t(No symbol) [0x00007FF61F0F44D7]\n   \t(No symbol) [0x00007FF61F10C051]\n   \t(No symbol) [0x00007FF61F0ECDD3]\n   \t(No symbol) [0x00007FF61F0BA33B]\n   \t(No symbol) [0x00007FF61F0BAED1]\n   \tGetHandleVerifier [0x00007FF61F548B1D+3217341]\n   \tGetHandleVerifier [0x00007FF61F595AE3+3532675]\n   \tGetHandleVerifier [0x00007FF61F58B0E0+3489152]\n   \tGetHandleVerifier [0x00007FF61F2EE776+750614]\n   \t(No symbol) [0x00007FF61F1C375F]\n   \t(No symbol) [0x00007FF61F1BEB14]\n   \t(No symbol) [0x00007FF61F1BECA2]\n   \t(No symbol) [0x00007FF61F1AE16F]\n   \tBaseThreadInitThunk [0x00007FFD99E37344+20]\n   \tRtlUserThreadStart [0x00007FFD9A7FCC91+33]\n", "test_name": "test_adminpage", "rerun": "0"}}, "suite_name": "testCases/test_adminpage.py"}}}, "date": "July 10, 2024", "start_time": 1720602170.693206, "total_suite": 1, "status": "FAIL", "status_list": {"pass": "0", "fail": "2", "skip": "0", "error": "0", "xpass": "0", "xfail": "0", "rerun": "0"}, "total_tests": "2"}