{"content": {"suites": {"0": {"status": {"total_pass": 0, "total_skip": 0, "total_xpass": 0, "total_xfail": 0, "total_rerun": 0, "total_fail": 2, "total_error": 0}, "tests": {"0": {"status": "FAIL", "message": "   selenium.common.exceptions.NoSuchElementException: Message: no such element: Unable to locate element: {\"method\":\"xpath\",\"selector\":\"//a[text()= 'Jobs']\"}\n     (Session info: chrome=129.0.6668.101); For documentation on this error, please visit: https://www.selenium.dev/documentation/webdriver/troubleshooting/errors#no-such-element-exception\n   Stacktrace:\n   \tGetHandleVerifier [0x00007FF657B9B095+29557]\n   \t(No symbol) [0x00007FF657B0FA50]\n   \t(No symbol) [0x00007FF6579CB56A]\n   \t(No symbol) [0x00007FF657A1F695]\n   \t(No symbol) [0x00007FF657A1F8EC]\n   \t(No symbol) [0x00007FF657A6B777]\n   \t(No symbol) [0x00007FF657A471CF]\n   \t(No symbol) [0x00007FF657A6851C]\n   \t(No symbol) [0x00007FF657A46F33]\n   \t(No symbol) [0x00007FF657A1116F]\n   \t(No symbol) [0x00007FF657A122D1]\n   \tGetHandleVerifier [0x00007FF657ECC96D+3378253]\n   \tGetHandleVerifier [0x00007FF657F18497+3688311]\n   \tGetHandleVerifier [0x00007FF657F0D1CB+3642539]\n   \tGetHandleVerifier [0x00007FF657C5A6B6+813462]\n   \t(No symbol) [0x00007FF657B1AB5F]\n   \t(No symbol) [0x00007FF657B16B74]\n   \t(No symbol) [0x00007FF657B16D10]\n   \t(No symbol) [0x00007FF657B05C1F]\n   \tBaseThreadInitThunk [0x00007FFE3AB07374+20]\n   \tRtlUserThreadStart [0x00007FFE3C89CC91+33]\n", "test_name": "test_applyjobpositive", "rerun": "0"}, "1": {"status": "FAIL", "message": "   selenium.common.exceptions.NoSuchElementException: Message: no such element: Unable to locate element: {\"method\":\"xpath\",\"selector\":\"//a[text()= 'Jobs']\"}\n     (Session info: chrome=129.0.6668.101); For documentation on this error, please visit: https://www.selenium.dev/documentation/webdriver/troubleshooting/errors#no-such-element-exception\n   Stacktrace:\n   \tGetHandleVerifier [0x00007FF657B9B095+29557]\n   \t(No symbol) [0x00007FF657B0FA50]\n   \t(No symbol) [0x00007FF6579CB56A]\n   \t(No symbol) [0x00007FF657A1F695]\n   \t(No symbol) [0x00007FF657A1F8EC]\n   \t(No symbol) [0x00007FF657A6B777]\n   \t(No symbol) [0x00007FF657A471CF]\n   \t(No symbol) [0x00007FF657A6851C]\n   \t(No symbol) [0x00007FF657A46F33]\n   \t(No symbol) [0x00007FF657A1116F]\n   \t(No symbol) [0x00007FF657A122D1]\n   \tGetHandleVerifier [0x00007FF657ECC96D+3378253]\n   \tGetHandleVerifier [0x00007FF657F18497+3688311]\n   \tGetHandleVerifier [0x00007FF657F0D1CB+3642539]\n   \tGetHandleVerifier [0x00007FF657C5A6B6+813462]\n   \t(No symbol) [0x00007FF657B1AB5F]\n   \t(No symbol) [0x00007FF657B16B74]\n   \t(No symbol) [0x00007FF657B16D10]\n   \t(No symbol) [0x00007FF657B05C1F]\n   \tBaseThreadInitThunk [0x00007FFE3AB07374+20]\n   \tRtlUserThreadStart [0x00007FFE3C89CC91+33]\n", "test_name": "test_applyjobnegative", "rerun": "0"}}, "suite_name": "testCases/test_applyjob.py"}}}, "date": "October 19, 2024", "start_time": 1729315166.25054, "total_suite": 1, "status": "FAIL", "status_list": {"pass": "0", "fail": "2", "skip": "0", "error": "0", "xpass": "0", "xfail": "0", "rerun": "0"}, "total_tests": "2"}