{"content": {"suites": {"0": {"status": {"total_pass": 0, "total_skip": 0, "total_xpass": 0, "total_xfail": 0, "total_rerun": 0, "total_fail": 6, "total_error": 0}, "tests": {"0": {"status": "FAIL", "message": "      assert False\n", "test_name": "test_applyjobpositive", "rerun": "0"}, "1": {"status": "FAIL", "message": "       assert False\n", "test_name": "test_savejob", "rerun": "0"}, "2": {"status": "FAIL", "message": "   selenium.common.exceptions.NoSuchWindowException: Message: no such window: target window already closed\n   from unknown error: web view not found\n     (Session info: chrome=125.0.6422.176)\n   Stacktrace:\n   \tGetHandleVerifier [0x00007FF781671F52+60322]\n   \t(No symbol) [0x00007FF7815ECEC9]\n   \t(No symbol) [0x00007FF7814A7EBA]\n   \t(No symbol) [0x00007FF78147D5A5]\n   \t(No symbol) [0x00007FF7815236B7]\n   \t(No symbol) [0x00007FF78153B331]\n   \t(No symbol) [0x00007FF78151BFC3]\n   \t(No symbol) [0x00007FF7814E9617]\n   \t(No symbol) [0x00007FF7814EA211]\n   \tGetHandleVerifier [0x00007FF7819894AD+3301629]\n   \tGetHandleVerifier [0x00007FF7819D36D3+3605283]\n   \tGetHandleVerifier [0x00007FF7819C9450+3563680]\n   \tGetHandleVerifier [0x00007FF781724326+790390]\n   \t(No symbol) [0x00007FF7815F750F]\n   \t(No symbol) [0x00007FF7815F3404]\n   \t(No symbol) [0x00007FF7815F3592]\n   \t(No symbol) [0x00007FF7815E2F9F]\n   \tBaseThreadInitThunk [0x00007FF9D34D7344+20]\n   \tRtlUserThreadStart [0x00007FF9D50E26B1+33]\n", "test_name": "test_copylinkjob", "rerun": "0"}, "3": {"status": "FAIL", "message": "   selenium.common.exceptions.NoSuchWindowException: Message: no such window: target window already closed\n   from unknown error: web view not found\n     (Session info: chrome=125.0.6422.176)\n   Stacktrace:\n   \tGetHandleVerifier [0x00007FF781671F52+60322]\n   \t(No symbol) [0x00007FF7815ECEC9]\n   \t(No symbol) [0x00007FF7814A7EBA]\n   \t(No symbol) [0x00007FF78147D5A5]\n   \t(No symbol) [0x00007FF7815236B7]\n   \t(No symbol) [0x00007FF78153B331]\n   \t(No symbol) [0x00007FF78151BFC3]\n   \t(No symbol) [0x00007FF7814E9617]\n   \t(No symbol) [0x00007FF7814EA211]\n   \tGetHandleVerifier [0x00007FF7819894AD+3301629]\n   \tGetHandleVerifier [0x00007FF7819D36D3+3605283]\n   \tGetHandleVerifier [0x00007FF7819C9450+3563680]\n   \tGetHandleVerifier [0x00007FF781724326+790390]\n   \t(No symbol) [0x00007FF7815F750F]\n   \t(No symbol) [0x00007FF7815F3404]\n   \t(No symbol) [0x00007FF7815F3592]\n   \t(No symbol) [0x00007FF7815E2F9F]\n   \tBaseThreadInitThunk [0x00007FF9D34D7344+20]\n   \tRtlUserThreadStart [0x00007FF9D50E26B1+33]\n", "test_name": "test_notinterestjob", "rerun": "0"}, "4": {"status": "FAIL", "message": "   selenium.common.exceptions.NoSuchWindowException: Message: no such window: target window already closed\n   from unknown error: web view not found\n     (Session info: chrome=125.0.6422.176)\n   Stacktrace:\n   \tGetHandleVerifier [0x00007FF781671F52+60322]\n   \t(No symbol) [0x00007FF7815ECEC9]\n   \t(No symbol) [0x00007FF7814A7EBA]\n   \t(No symbol) [0x00007FF78147D5A5]\n   \t(No symbol) [0x00007FF7815236B7]\n   \t(No symbol) [0x00007FF78153B331]\n   \t(No symbol) [0x00007FF78151BFC3]\n   \t(No symbol) [0x00007FF7814E9617]\n   \t(No symbol) [0x00007FF7814EA211]\n   \tGetHandleVerifier [0x00007FF7819894AD+3301629]\n   \tGetHandleVerifier [0x00007FF7819D36D3+3605283]\n   \tGetHandleVerifier [0x00007FF7819C9450+3563680]\n   \tGetHandleVerifier [0x00007FF781724326+790390]\n   \t(No symbol) [0x00007FF7815F750F]\n   \t(No symbol) [0x00007FF7815F3404]\n   \t(No symbol) [0x00007FF7815F3592]\n   \t(No symbol) [0x00007FF7815E2F9F]\n   \tBaseThreadInitThunk [0x00007FF9D34D7344+20]\n   \tRtlUserThreadStart [0x00007FF9D50E26B1+33]\n", "test_name": "test_reviewjob", "rerun": "0"}, "5": {"status": "FAIL", "message": "   selenium.common.exceptions.NoSuchWindowException: Message: no such window: target window already closed\n   from unknown error: web view not found\n     (Session info: chrome=125.0.6422.176)\n   Stacktrace:\n   \tGetHandleVerifier [0x00007FF781671F52+60322]\n   \t(No symbol) [0x00007FF7815ECEC9]\n   \t(No symbol) [0x00007FF7814A7EBA]\n   \t(No symbol) [0x00007FF78147D5A5]\n   \t(No symbol) [0x00007FF7815236B7]\n   \t(No symbol) [0x00007FF78153B331]\n   \t(No symbol) [0x00007FF78151BFC3]\n   \t(No symbol) [0x00007FF7814E9617]\n   \t(No symbol) [0x00007FF7814EA211]\n   \tGetHandleVerifier [0x00007FF7819894AD+3301629]\n   \tGetHandleVerifier [0x00007FF7819D36D3+3605283]\n   \tGetHandleVerifier [0x00007FF7819C9450+3563680]\n   \tGetHandleVerifier [0x00007FF781724326+790390]\n   \t(No symbol) [0x00007FF7815F750F]\n   \t(No symbol) [0x00007FF7815F3404]\n   \t(No symbol) [0x00007FF7815F3592]\n   \t(No symbol) [0x00007FF7815E2F9F]\n   \tBaseThreadInitThunk [0x00007FF9D34D7344+20]\n   \tRtlUserThreadStart [0x00007FF9D50E26B1+33]\n", "test_name": "testreportjob", "rerun": "0"}}, "suite_name": "testCases/test_applyjob.py"}}}, "date": "June 19, 2024", "start_time": 1718793548.9224043, "total_suite": 1, "status": "FAIL", "status_list": {"pass": "0", "fail": "6", "skip": "0", "error": "0", "xpass": "0", "xfail": "0", "rerun": "0"}, "total_tests": "6"}