{"content": {"suites": {"0": {"status": {"total_pass": 0, "total_skip": 0, "total_xpass": 0, "total_xfail": 0, "total_rerun": 0, "total_fail": 5, "total_error": 0}, "tests": {"0": {"status": "FAIL", "message": "   selenium.common.exceptions.NoSuchElementException: Message: no such element: Unable to locate element: {\"method\":\"xpath\",\"selector\":\"/html/body/div[1]/section[1]/nav/main/div[1]/aside[1]/div/span\"}\n     (Session info: chrome=126.0.6478.127); For documentation on this error, please visit: https://www.selenium.dev/documentation/webdriver/troubleshooting/errors#no-such-element-exception\n   Stacktrace:\n   \tGetHandleVerifier [0x00007FF6C29DEEA2+31554]\n   \t(No symbol) [0x00007FF6C2957ED9]\n   \t(No symbol) [0x00007FF6C281872A]\n   \t(No symbol) [0x00007FF6C2868434]\n   \t(No symbol) [0x00007FF6C286853C]\n   \t(No symbol) [0x00007FF6C28AF6A7]\n   \t(No symbol) [0x00007FF6C288D06F]\n   \t(No symbol) [0x00007FF6C28AC977]\n   \t(No symbol) [0x00007FF6C288CDD3]\n   \t(No symbol) [0x00007FF6C285A33B]\n   \t(No symbol) [0x00007FF6C285AED1]\n   \tGetHandleVerifier [0x00007FF6C2CE8B1D+3217341]\n   \tGetHandleVerifier [0x00007FF6C2D35AE3+3532675]\n   \tGetHandleVerifier [0x00007FF6C2D2B0E0+3489152]\n   \tGetHandleVerifier [0x00007FF6C2A8E776+750614]\n   \t(No symbol) [0x00007FF6C296375F]\n   \t(No symbol) [0x00007FF6C295EB14]\n   \t(No symbol) [0x00007FF6C295ECA2]\n   \t(No symbol) [0x00007FF6C294E16F]\n   \tBaseThreadInitThunk [0x00007FFD99E37344+20]\n   \tRtlUserThreadStart [0x00007FFD9A7FCC91+33]\n", "test_name": "test_adminaccessgiven", "rerun": "0"}, "1": {"status": "FAIL", "message": "   selenium.common.exceptions.NoSuchElementException: Message: no such element: Unable to locate element: {\"method\":\"xpath\",\"selector\":\"/html/body/div[1]/section[1]/nav/main/div[1]/aside[1]/div/span\"}\n     (Session info: chrome=126.0.6478.127); For documentation on this error, please visit: https://www.selenium.dev/documentation/webdriver/troubleshooting/errors#no-such-element-exception\n   Stacktrace:\n   \tGetHandleVerifier [0x00007FF6C29DEEA2+31554]\n   \t(No symbol) [0x00007FF6C2957ED9]\n   \t(No symbol) [0x00007FF6C281872A]\n   \t(No symbol) [0x00007FF6C2868434]\n   \t(No symbol) [0x00007FF6C286853C]\n   \t(No symbol) [0x00007FF6C28AF6A7]\n   \t(No symbol) [0x00007FF6C288D06F]\n   \t(No symbol) [0x00007FF6C28AC977]\n   \t(No symbol) [0x00007FF6C288CDD3]\n   \t(No symbol) [0x00007FF6C285A33B]\n   \t(No symbol) [0x00007FF6C285AED1]\n   \tGetHandleVerifier [0x00007FF6C2CE8B1D+3217341]\n   \tGetHandleVerifier [0x00007FF6C2D35AE3+3532675]\n   \tGetHandleVerifier [0x00007FF6C2D2B0E0+3489152]\n   \tGetHandleVerifier [0x00007FF6C2A8E776+750614]\n   \t(No symbol) [0x00007FF6C296375F]\n   \t(No symbol) [0x00007FF6C295EB14]\n   \t(No symbol) [0x00007FF6C295ECA2]\n   \t(No symbol) [0x00007FF6C294E16F]\n   \tBaseThreadInitThunk [0x00007FFD99E37344+20]\n   \tRtlUserThreadStart [0x00007FFD9A7FCC91+33]\n", "test_name": "test_adminpage", "rerun": "0"}, "2": {"status": "FAIL", "message": "   selenium.common.exceptions.NoSuchWindowException: Message: no such window: target window already closed\n   from unknown error: web view not found\n     (Session info: chrome=126.0.6478.127)\n   Stacktrace:\n   \tGetHandleVerifier [0x00007FF6C29DEEA2+31554]\n   \t(No symbol) [0x00007FF6C2957ED9]\n   \t(No symbol) [0x00007FF6C281872A]\n   \t(No symbol) [0x00007FF6C27ED995]\n   \t(No symbol) [0x00007FF6C28944D7]\n   \t(No symbol) [0x00007FF6C28AC051]\n   \t(No symbol) [0x00007FF6C288CDD3]\n   \t(No symbol) [0x00007FF6C285A33B]\n   \t(No symbol) [0x00007FF6C285AED1]\n   \tGetHandleVerifier [0x00007FF6C2CE8B1D+3217341]\n   \tGetHandleVerifier [0x00007FF6C2D35AE3+3532675]\n   \tGetHandleVerifier [0x00007FF6C2D2B0E0+3489152]\n   \tGetHandleVerifier [0x00007FF6C2A8E776+750614]\n   \t(No symbol) [0x00007FF6C296375F]\n   \t(No symbol) [0x00007FF6C295EB14]\n   \t(No symbol) [0x00007FF6C295ECA2]\n   \t(No symbol) [0x00007FF6C294E16F]\n   \tBaseThreadInitThunk [0x00007FFD99E37344+20]\n   \tRtlUserThreadStart [0x00007FFD9A7FCC91+33]\n", "test_name": "test_resetadminaccess", "rerun": "0"}, "3": {"status": "FAIL", "message": "   selenium.common.exceptions.NoSuchWindowException: Message: no such window: target window already closed\n   from unknown error: web view not found\n     (Session info: chrome=126.0.6478.127)\n   Stacktrace:\n   \tGetHandleVerifier [0x00007FF6C29DEEA2+31554]\n   \t(No symbol) [0x00007FF6C2957ED9]\n   \t(No symbol) [0x00007FF6C281872A]\n   \t(No symbol) [0x00007FF6C27ED995]\n   \t(No symbol) [0x00007FF6C28944D7]\n   \t(No symbol) [0x00007FF6C28AC051]\n   \t(No symbol) [0x00007FF6C288CDD3]\n   \t(No symbol) [0x00007FF6C285A33B]\n   \t(No symbol) [0x00007FF6C285AED1]\n   \tGetHandleVerifier [0x00007FF6C2CE8B1D+3217341]\n   \tGetHandleVerifier [0x00007FF6C2D35AE3+3532675]\n   \tGetHandleVerifier [0x00007FF6C2D2B0E0+3489152]\n   \tGetHandleVerifier [0x00007FF6C2A8E776+750614]\n   \t(No symbol) [0x00007FF6C296375F]\n   \t(No symbol) [0x00007FF6C295EB14]\n   \t(No symbol) [0x00007FF6C295ECA2]\n   \t(No symbol) [0x00007FF6C294E16F]\n   \tBaseThreadInitThunk [0x00007FFD99E37344+20]\n   \tRtlUserThreadStart [0x00007FFD9A7FCC91+33]\n", "test_name": "test_afterresetindadminaccesscheck", "rerun": "0"}, "4": {"status": "FAIL", "message": "   selenium.common.exceptions.NoSuchWindowException: Message: no such window: target window already closed\n   from unknown error: web view not found\n     (Session info: chrome=126.0.6478.127)\n   Stacktrace:\n   \tGetHandleVerifier [0x00007FF6C29DEEA2+31554]\n   \t(No symbol) [0x00007FF6C2957ED9]\n   \t(No symbol) [0x00007FF6C281872A]\n   \t(No symbol) [0x00007FF6C27ED995]\n   \t(No symbol) [0x00007FF6C28944D7]\n   \t(No symbol) [0x00007FF6C28AC051]\n   \t(No symbol) [0x00007FF6C288CDD3]\n   \t(No symbol) [0x00007FF6C285A33B]\n   \t(No symbol) [0x00007FF6C285AED1]\n   \tGetHandleVerifier [0x00007FF6C2CE8B1D+3217341]\n   \tGetHandleVerifier [0x00007FF6C2D35AE3+3532675]\n   \tGetHandleVerifier [0x00007FF6C2D2B0E0+3489152]\n   \tGetHandleVerifier [0x00007FF6C2A8E776+750614]\n   \t(No symbol) [0x00007FF6C296375F]\n   \t(No symbol) [0x00007FF6C295EB14]\n   \t(No symbol) [0x00007FF6C295ECA2]\n   \t(No symbol) [0x00007FF6C294E16F]\n   \tBaseThreadInitThunk [0x00007FFD99E37344+20]\n   \tRtlUserThreadStart [0x00007FFD9A7FCC91+33]\n", "test_name": "test_deleteadminaccess", "rerun": "0"}}, "suite_name": "testCases/test_adminpage.py"}, "1": {"suite_name": "testCases/test_subscriptionjobcreate.py", "tests": {"0": {"status": "FAIL", "message": "   selenium.common.exceptions.NoSuchWindowException: Message: no such window: target window already closed\n   from unknown error: web view not found\n     (Session info: chrome=126.0.6478.127)\n   Stacktrace:\n   \tGetHandleVerifier [0x00007FF6C29DEEA2+31554]\n   \t(No symbol) [0x00007FF6C2957ED9]\n   \t(No symbol) [0x00007FF6C281872A]\n   \t(No symbol) [0x00007FF6C27ED995]\n   \t(No symbol) [0x00007FF6C28944D7]\n   \t(No symbol) [0x00007FF6C28AC051]\n   \t(No symbol) [0x00007FF6C288CDD3]\n   \t(No symbol) [0x00007FF6C285A33B]\n   \t(No symbol) [0x00007FF6C285AED1]\n   \tGetHandleVerifier [0x00007FF6C2CE8B1D+3217341]\n   \tGetHandleVerifier [0x00007FF6C2D35AE3+3532675]\n   \tGetHandleVerifier [0x00007FF6C2D2B0E0+3489152]\n   \tGetHandleVerifier [0x00007FF6C2A8E776+750614]\n   \t(No symbol) [0x00007FF6C296375F]\n   \t(No symbol) [0x00007FF6C295EB14]\n   \t(No symbol) [0x00007FF6C295ECA2]\n   \t(No symbol) [0x00007FF6C294E16F]\n   \tBaseThreadInitThunk [0x00007FFD99E37344+20]\n   \tRtlUserThreadStart [0x00007FFD9A7FCC91+33]\n", "test_name": "test_jobsubscription", "rerun": "0"}}, "status": {"total_pass": 0, "total_skip": 0, "total_xpass": 0, "total_xfail": 0, "total_rerun": 0, "total_fail": 1, "total_error": 0}}}}, "date": "July 10, 2024", "start_time": 1720601542.4563997, "total_suite": 2, "status": "FAIL", "status_list": {"pass": "0", "fail": "6", "skip": "0", "error": "0", "xpass": "0", "xfail": "0", "rerun": "0"}, "total_tests": "6"}