{"content": {"suites": {"0": {"status": {"total_pass": 3, "total_skip": 0, "total_xpass": 0, "total_xfail": 0, "total_rerun": 0, "total_fail": 0, "total_error": 0}, "tests": {"0": {"status": "PASS", "message": "", "test_name": "test_Createservicespositive", "rerun": "0"}, "1": {"status": "PASS", "message": "", "test_name": "test_DeleteServices", "rerun": "0"}, "2": {"status": "PASS", "message": "", "test_name": "test_AddServicesnegative", "rerun": "0"}}, "suite_name": "testCases/test_services.py"}, "1": {"suite_name": "testCases/test_sociallinks.py", "tests": {"0": {"status": "FAIL", "message": "   selenium.common.exceptions.NoSuchElementException: Message: no such element: Unable to locate element: {\"method\":\"xpath\",\"selector\":\"/html/body/div[1]/div[2]/section[1]/main/div/div/main/section[10]/section/section/div[2]/div\"}\n     (Session info: chrome=126.0.6478.127); For documentation on this error, please visit: https://www.selenium.dev/documentation/webdriver/troubleshooting/errors#no-such-element-exception\n   Stacktrace:\n   \tGetHandleVerifier [0x00007FF73BB5EEA2+31554]\n   \t(No symbol) [0x00007FF73BAD7ED9]\n   \t(No symbol) [0x00007FF73B99872A]\n   \t(No symbol) [0x00007FF73B9E8434]\n   \t(No symbol) [0x00007FF73B9E853C]\n   \t(No symbol) [0x00007FF73BA2F6A7]\n   \t(No symbol) [0x00007FF73BA0D06F]\n   \t(No symbol) [0x00007FF73BA2C977]\n   \t(No symbol) [0x00007FF73BA0CDD3]\n   \t(No symbol) [0x00007FF73B9DA33B]\n   \t(No symbol) [0x00007FF73B9DAED1]\n   \tGetHandleVerifier [0x00007FF73BE68B1D+3217341]\n   \tGetHandleVerifier [0x00007FF73BEB5AE3+3532675]\n   \tGetHandleVerifier [0x00007FF73BEAB0E0+3489152]\n   \tGetHandleVerifier [0x00007FF73BC0E776+750614]\n   \t(No symbol) [0x00007FF73BAE375F]\n   \t(No symbol) [0x00007FF73BADEB14]\n   \t(No symbol) [0x00007FF73BADECA2]\n   \t(No symbol) [0x00007FF73BACE16F]\n   \tBaseThreadInitThunk [0x00007FFD99E37344+20]\n   \tRtlUserThreadStart [0x00007FFD9A7FCC91+33]\n", "test_name": "test_Createsociallinkspositive", "rerun": "0"}, "1": {"status": "FAIL", "message": "   selenium.common.exceptions.NoSuchElementException: Message: no such element: Unable to locate element: {\"method\":\"xpath\",\"selector\":\"/html/body/div[1]/div[2]/section[1]/main/div/div/main/section[10]/section/section/div[2]/div\"}\n     (Session info: chrome=126.0.6478.127); For documentation on this error, please visit: https://www.selenium.dev/documentation/webdriver/troubleshooting/errors#no-such-element-exception\n   Stacktrace:\n   \tGetHandleVerifier [0x00007FF73BB5EEA2+31554]\n   \t(No symbol) [0x00007FF73BAD7ED9]\n   \t(No symbol) [0x00007FF73B99872A]\n   \t(No symbol) [0x00007FF73B9E8434]\n   \t(No symbol) [0x00007FF73B9E853C]\n   \t(No symbol) [0x00007FF73BA2F6A7]\n   \t(No symbol) [0x00007FF73BA0D06F]\n   \t(No symbol) [0x00007FF73BA2C977]\n   \t(No symbol) [0x00007FF73BA0CDD3]\n   \t(No symbol) [0x00007FF73B9DA33B]\n   \t(No symbol) [0x00007FF73B9DAED1]\n   \tGetHandleVerifier [0x00007FF73BE68B1D+3217341]\n   \tGetHandleVerifier [0x00007FF73BEB5AE3+3532675]\n   \tGetHandleVerifier [0x00007FF73BEAB0E0+3489152]\n   \tGetHandleVerifier [0x00007FF73BC0E776+750614]\n   \t(No symbol) [0x00007FF73BAE375F]\n   \t(No symbol) [0x00007FF73BADEB14]\n   \t(No symbol) [0x00007FF73BADECA2]\n   \t(No symbol) [0x00007FF73BACE16F]\n   \tBaseThreadInitThunk [0x00007FFD99E37344+20]\n   \tRtlUserThreadStart [0x00007FFD9A7FCC91+33]\n", "test_name": "test_Opensociallinkspositive", "rerun": "0"}, "2": {"status": "FAIL", "message": "   selenium.common.exceptions.NoSuchElementException: Message: no such element: Unable to locate element: {\"method\":\"xpath\",\"selector\":\"/html/body/div[1]/div[2]/section[1]/main/div/div/main/section[10]/section/section/div[2]/div\"}\n     (Session info: chrome=126.0.6478.127); For documentation on this error, please visit: https://www.selenium.dev/documentation/webdriver/troubleshooting/errors#no-such-element-exception\n   Stacktrace:\n   \tGetHandleVerifier [0x00007FF73BB5EEA2+31554]\n   \t(No symbol) [0x00007FF73BAD7ED9]\n   \t(No symbol) [0x00007FF73B99872A]\n   \t(No symbol) [0x00007FF73B9E8434]\n   \t(No symbol) [0x00007FF73B9E853C]\n   \t(No symbol) [0x00007FF73BA2F6A7]\n   \t(No symbol) [0x00007FF73BA0D06F]\n   \t(No symbol) [0x00007FF73BA2C977]\n   \t(No symbol) [0x00007FF73BA0CDD3]\n   \t(No symbol) [0x00007FF73B9DA33B]\n   \t(No symbol) [0x00007FF73B9DAED1]\n   \tGetHandleVerifier [0x00007FF73BE68B1D+3217341]\n   \tGetHandleVerifier [0x00007FF73BEB5AE3+3532675]\n   \tGetHandleVerifier [0x00007FF73BEAB0E0+3489152]\n   \tGetHandleVerifier [0x00007FF73BC0E776+750614]\n   \t(No symbol) [0x00007FF73BAE375F]\n   \t(No symbol) [0x00007FF73BADEB14]\n   \t(No symbol) [0x00007FF73BADECA2]\n   \t(No symbol) [0x00007FF73BACE16F]\n   \tBaseThreadInitThunk [0x00007FFD99E37344+20]\n   \tRtlUserThreadStart [0x00007FFD9A7FCC91+33]\n", "test_name": "test_Deletesociallinkspositive", "rerun": "0"}}, "status": {"total_pass": 0, "total_skip": 0, "total_xpass": 0, "total_xfail": 0, "total_rerun": 0, "total_fail": 3, "total_error": 0}}, "2": {"suite_name": "testCases/test_solutions.py", "tests": {"0": {"status": "PASS", "message": "", "test_name": "test_Createsolutionspositive", "rerun": "0"}, "1": {"status": "PASS", "message": "", "test_name": "test_DeleteServices", "rerun": "0"}, "2": {"status": "PASS", "message": "", "test_name": "test_AddSolutionsnegative", "rerun": "0"}}, "status": {"total_pass": 3, "total_skip": 0, "total_xpass": 0, "total_xfail": 0, "total_rerun": 0, "total_fail": 0, "total_error": 0}}}}, "date": "July 08, 2024", "start_time": 1720423690.1457636, "total_suite": 3, "status": "FAIL", "status_list": {"pass": "6", "fail": "3", "skip": "0", "error": "0", "xpass": "0", "xfail": "0", "rerun": "0"}, "total_tests": "9"}