{"content": {"suites": {"0": {"status": {"total_pass": 0, "total_skip": 0, "total_xpass": 0, "total_xfail": 0, "total_rerun": 0, "total_fail": 5, "total_error": 0}, "tests": {"0": {"status": "FAIL", "message": "   selenium.common.exceptions.NoSuchWindowException: Message: no such window: target window already closed\n   from unknown error: web view not found\n     (Session info: chrome=125.0.6422.144)\n   Stacktrace:\n   \tGetHandleVerifier [0x00007FF61F171F52+60322]\n   \t(No symbol) [0x00007FF61F0ECEC9]\n   \t(No symbol) [0x00007FF61EFA7EBA]\n   \t(No symbol) [0x00007FF61EF7D5A5]\n   \t(No symbol) [0x00007FF61F0236B7]\n   \t(No symbol) [0x00007FF61F03B331]\n   \t(No symbol) [0x00007FF61F01BFC3]\n   \t(No symbol) [0x00007FF61EFE9617]\n   \t(No symbol) [0x00007FF61EFEA211]\n   \tGetHandleVerifier [0x00007FF61F4894AD+3301629]\n   \tGetHandleVerifier [0x00007FF61F4D36D3+3605283]\n   \tGetHandleVerifier [0x00007FF61F4C9450+3563680]\n   \tGetHandleVerifier [0x00007FF61F224326+790390]\n   \t(No symbol) [0x00007FF61F0F750F]\n   \t(No symbol) [0x00007FF61F0F3404]\n   \t(No symbol) [0x00007FF61F0F3592]\n   \t(No symbol) [0x00007FF61F0E2F9F]\n   \tBaseThreadInitThunk [0x00007FF9D34D7344+20]\n   \tRtlUserThreadStart [0x00007FF9D50E26B1+33]\n", "test_name": "test_Signupcollegenegative1", "rerun": "0"}, "1": {"status": "FAIL", "message": "   selenium.common.exceptions.NoSuchWindowException: Message: no such window: target window already closed\n   from unknown error: web view not found\n     (Session info: chrome=125.0.6422.144)\n   Stacktrace:\n   \tGetHandleVerifier [0x00007FF61F171F52+60322]\n   \t(No symbol) [0x00007FF61F0ECEC9]\n   \t(No symbol) [0x00007FF61EFA7EBA]\n   \t(No symbol) [0x00007FF61EF7D5A5]\n   \t(No symbol) [0x00007FF61F0236B7]\n   \t(No symbol) [0x00007FF61F03B331]\n   \t(No symbol) [0x00007FF61F01BFC3]\n   \t(No symbol) [0x00007FF61EFE9617]\n   \t(No symbol) [0x00007FF61EFEA211]\n   \tGetHandleVerifier [0x00007FF61F4894AD+3301629]\n   \tGetHandleVerifier [0x00007FF61F4D36D3+3605283]\n   \tGetHandleVerifier [0x00007FF61F4C9450+3563680]\n   \tGetHandleVerifier [0x00007FF61F224326+790390]\n   \t(No symbol) [0x00007FF61F0F750F]\n   \t(No symbol) [0x00007FF61F0F3404]\n   \t(No symbol) [0x00007FF61F0F3592]\n   \t(No symbol) [0x00007FF61F0E2F9F]\n   \tBaseThreadInitThunk [0x00007FF9D34D7344+20]\n   \tRtlUserThreadStart [0x00007FF9D50E26B1+33]\n", "test_name": "test_Signupcollegenegative2", "rerun": "0"}, "2": {"status": "FAIL", "message": "   selenium.common.exceptions.NoSuchWindowException: Message: no such window: target window already closed\n   from unknown error: web view not found\n     (Session info: chrome=125.0.6422.144)\n   Stacktrace:\n   \tGetHandleVerifier [0x00007FF61F171F52+60322]\n   \t(No symbol) [0x00007FF61F0ECEC9]\n   \t(No symbol) [0x00007FF61EFA7EBA]\n   \t(No symbol) [0x00007FF61EF7D5A5]\n   \t(No symbol) [0x00007FF61F0236B7]\n   \t(No symbol) [0x00007FF61F03B331]\n   \t(No symbol) [0x00007FF61F01BFC3]\n   \t(No symbol) [0x00007FF61EFE9617]\n   \t(No symbol) [0x00007FF61EFEA211]\n   \tGetHandleVerifier [0x00007FF61F4894AD+3301629]\n   \tGetHandleVerifier [0x00007FF61F4D36D3+3605283]\n   \tGetHandleVerifier [0x00007FF61F4C9450+3563680]\n   \tGetHandleVerifier [0x00007FF61F224326+790390]\n   \t(No symbol) [0x00007FF61F0F750F]\n   \t(No symbol) [0x00007FF61F0F3404]\n   \t(No symbol) [0x00007FF61F0F3592]\n   \t(No symbol) [0x00007FF61F0E2F9F]\n   \tBaseThreadInitThunk [0x00007FF9D34D7344+20]\n   \tRtlUserThreadStart [0x00007FF9D50E26B1+33]\n", "test_name": "test_Signupcollegenegative3", "rerun": "0"}, "3": {"status": "FAIL", "message": "   selenium.common.exceptions.NoSuchWindowException: Message: no such window: target window already closed\n   from unknown error: web view not found\n     (Session info: chrome=125.0.6422.144)\n   Stacktrace:\n   \tGetHandleVerifier [0x00007FF61F171F52+60322]\n   \t(No symbol) [0x00007FF61F0ECEC9]\n   \t(No symbol) [0x00007FF61EFA7EBA]\n   \t(No symbol) [0x00007FF61EF7D5A5]\n   \t(No symbol) [0x00007FF61F0236B7]\n   \t(No symbol) [0x00007FF61F03B331]\n   \t(No symbol) [0x00007FF61F01BFC3]\n   \t(No symbol) [0x00007FF61EFE9617]\n   \t(No symbol) [0x00007FF61EFEA211]\n   \tGetHandleVerifier [0x00007FF61F4894AD+3301629]\n   \tGetHandleVerifier [0x00007FF61F4D36D3+3605283]\n   \tGetHandleVerifier [0x00007FF61F4C9450+3563680]\n   \tGetHandleVerifier [0x00007FF61F224326+790390]\n   \t(No symbol) [0x00007FF61F0F750F]\n   \t(No symbol) [0x00007FF61F0F3404]\n   \t(No symbol) [0x00007FF61F0F3592]\n   \t(No symbol) [0x00007FF61F0E2F9F]\n   \tBaseThreadInitThunk [0x00007FF9D34D7344+20]\n   \tRtlUserThreadStart [0x00007FF9D50E26B1+33]\n", "test_name": "test_Signupcollegenegative4", "rerun": "0"}, "4": {"status": "FAIL", "message": "   selenium.common.exceptions.WebDriverException: Message: disconnected: unable to send message to renderer\n     (failed to check if window was closed: disconnected: not connected to DevTools)\n     (Session info: chrome=125.0.6422.144)\n   Stacktrace:\n   \tGetHandleVerifier [0x00007FF61F171F52+60322]\n   \t(No symbol) [0x00007FF61F0ECEC9]\n   \t(No symbol) [0x00007FF61EFA7EBA]\n   \t(No symbol) [0x00007FF61EF8F79C]\n   \t(No symbol) [0x00007FF61EF8DEFC]\n   \t(No symbol) [0x00007FF61EF8EBAF]\n   \t(No symbol) [0x00007FF61EF8EAE0]\n   \t(No symbol) [0x00007FF61EF811DC]\n   \t(No symbol) [0x00007FF61EF7F0C7]\n   \t(No symbol) [0x00007FF61EF7E1D8]\n   \t(No symbol) [0x00007FF61F053BD9]\n   \t(No symbol) [0x00007FF61F01C21A]\n   \t(No symbol) [0x00007FF61F03BC80]\n   \t(No symbol) [0x00007FF61F01BFC3]\n   \t(No symbol) [0x00007FF61EFE9617]\n   \t(No symbol) [0x00007FF61EFEA211]\n   \tGetHandleVerifier [0x00007FF61F4894AD+3301629]\n   \tGetHandleVerifier [0x00007FF61F4D36D3+3605283]\n   \tGetHandleVerifier [0x00007FF61F4C9450+3563680]\n   \tGetHandleVerifier [0x00007FF61F224326+790390]\n   \t(No symbol) [0x00007FF61F0F750F]\n   \t(No symbol) [0x00007FF61F0F3404]\n   \t(No symbol) [0x00007FF61F0F3592]\n   \t(No symbol) [0x00007FF61F0E2F9F]\n   \tBaseThreadInitThunk [0x00007FF9D34D7344+20]\n   \tRtlUserThreadStart [0x00007FF9D50E26B1+33]\n", "test_name": "test_Signupnegative5", "rerun": "0"}}, "suite_name": "testCases/test_signupcollege.py"}}}, "date": "June 13, 2024", "start_time": 1718284267.2234883, "total_suite": 1, "status": "FAIL", "status_list": {"pass": "0", "fail": "5", "skip": "0", "error": "0", "xpass": "0", "xfail": "0", "rerun": "0"}, "total_tests": "5"}