{"content": {"suites": {"0": {"status": {"total_pass": 0, "total_skip": 0, "total_xpass": 0, "total_xfail": 0, "total_rerun": 0, "total_fail": 3, "total_error": 0}, "tests": {"0": {"status": "FAIL", "message": "   selenium.common.exceptions.NoSuchElementException: Message: no such element: Unable to locate element: {\"method\":\"xpath\",\"selector\":\"//*[@id='root']/div[2]/section[1]/main/div/div/section[2]/section/form/div[1]/input\"}\n     (Session info: chrome=126.0.6478.127); For documentation on this error, please visit: https://www.selenium.dev/documentation/webdriver/troubleshooting/errors#no-such-element-exception\n   Stacktrace:\n   \tGetHandleVerifier [0x00007FF64CC0EEA2+31554]\n   \t(No symbol) [0x00007FF64CB87ED9]\n   \t(No symbol) [0x00007FF64CA4872A]\n   \t(No symbol) [0x00007FF64CA98434]\n   \t(No symbol) [0x00007FF64CA9853C]\n   \t(No symbol) [0x00007FF64CADF6A7]\n   \t(No symbol) [0x00007FF64CABD06F]\n   \t(No symbol) [0x00007FF64CADC977]\n   \t(No symbol) [0x00007FF64CABCDD3]\n   \t(No symbol) [0x00007FF64CA8A33B]\n   \t(No symbol) [0x00007FF64CA8AED1]\n   \tGetHandleVerifier [0x00007FF64CF18B1D+3217341]\n   \tGetHandleVerifier [0x00007FF64CF65AE3+3532675]\n   \tGetHandleVerifier [0x00007FF64CF5B0E0+3489152]\n   \tGetHandleVerifier [0x00007FF64CCBE776+750614]\n   \t(No symbol) [0x00007FF64CB9375F]\n   \t(No symbol) [0x00007FF64CB8EB14]\n   \t(No symbol) [0x00007FF64CB8ECA2]\n   \t(No symbol) [0x00007FF64CB7E16F]\n   \tBaseThreadInitThunk [0x00007FFD99E37344+20]\n   \tRtlUserThreadStart [0x00007FFD9A7FCC91+33]\n", "test_name": "test_Createsociallinkspositive", "rerun": "0"}, "1": {"status": "FAIL", "message": "   selenium.common.exceptions.NoSuchWindowException: Message: no such window: target window already closed\n   from unknown error: web view not found\n     (Session info: chrome=126.0.6478.127)\n   Stacktrace:\n   \tGetHandleVerifier [0x00007FF64CC0EEA2+31554]\n   \t(No symbol) [0x00007FF64CB87ED9]\n   \t(No symbol) [0x00007FF64CA4872A]\n   \t(No symbol) [0x00007FF64CA1D995]\n   \t(No symbol) [0x00007FF64CAC44D7]\n   \t(No symbol) [0x00007FF64CADC051]\n   \t(No symbol) [0x00007FF64CABCDD3]\n   \t(No symbol) [0x00007FF64CA8A33B]\n   \t(No symbol) [0x00007FF64CA8AED1]\n   \tGetHandleVerifier [0x00007FF64CF18B1D+3217341]\n   \tGetHandleVerifier [0x00007FF64CF65AE3+3532675]\n   \tGetHandleVerifier [0x00007FF64CF5B0E0+3489152]\n   \tGetHandleVerifier [0x00007FF64CCBE776+750614]\n   \t(No symbol) [0x00007FF64CB9375F]\n   \t(No symbol) [0x00007FF64CB8EB14]\n   \t(No symbol) [0x00007FF64CB8ECA2]\n   \t(No symbol) [0x00007FF64CB7E16F]\n   \tBaseThreadInitThunk [0x00007FFD99E37344+20]\n   \tRtlUserThreadStart [0x00007FFD9A7FCC91+33]\n", "test_name": "test_Opensociallinkspositive", "rerun": "0"}, "2": {"status": "FAIL", "message": "   selenium.common.exceptions.NoSuchWindowException: Message: no such window: target window already closed\n   from unknown error: web view not found\n     (Session info: chrome=126.0.6478.127)\n   Stacktrace:\n   \tGetHandleVerifier [0x00007FF64CC0EEA2+31554]\n   \t(No symbol) [0x00007FF64CB87ED9]\n   \t(No symbol) [0x00007FF64CA4872A]\n   \t(No symbol) [0x00007FF64CA1D995]\n   \t(No symbol) [0x00007FF64CAC44D7]\n   \t(No symbol) [0x00007FF64CADC051]\n   \t(No symbol) [0x00007FF64CABCDD3]\n   \t(No symbol) [0x00007FF64CA8A33B]\n   \t(No symbol) [0x00007FF64CA8AED1]\n   \tGetHandleVerifier [0x00007FF64CF18B1D+3217341]\n   \tGetHandleVerifier [0x00007FF64CF65AE3+3532675]\n   \tGetHandleVerifier [0x00007FF64CF5B0E0+3489152]\n   \tGetHandleVerifier [0x00007FF64CCBE776+750614]\n   \t(No symbol) [0x00007FF64CB9375F]\n   \t(No symbol) [0x00007FF64CB8EB14]\n   \t(No symbol) [0x00007FF64CB8ECA2]\n   \t(No symbol) [0x00007FF64CB7E16F]\n   \tBaseThreadInitThunk [0x00007FFD99E37344+20]\n   \tRtlUserThreadStart [0x00007FFD9A7FCC91+33]\n", "test_name": "test_Deletesociallinkspositive", "rerun": "0"}}, "suite_name": "testCases/test_sociallinks.py"}}}, "date": "July 02, 2024", "start_time": 1719922753.846141, "total_suite": 1, "status": "FAIL", "status_list": {"pass": "0", "fail": "3", "skip": "0", "error": "0", "xpass": "0", "xfail": "0", "rerun": "0"}, "total_tests": "3"}