{"content": {"suites": {"0": {"status": {"total_pass": 0, "total_skip": 0, "total_xpass": 0, "total_xfail": 0, "total_rerun": 0, "total_fail": 1, "total_error": 0}, "tests": {"0": {"status": "FAIL", "message": "   selenium.common.exceptions.NoSuchElementException: Message: no such element: Unable to locate element: {\"method\":\"xpath\",\"selector\":\"/html/body/div[1]/section[1]/main/div/div[1]/main/section[1]/main/div[2]/ul/li[4]/a\"}\n     (Session info: chrome=126.0.6478.127); For documentation on this error, please visit: https://www.selenium.dev/documentation/webdriver/troubleshooting/errors#no-such-element-exception\n   Stacktrace:\n   \tGetHandleVerifier [0x00007FF770C0EEA2+31554]\n   \t(No symbol) [0x00007FF770B87ED9]\n   \t(No symbol) [0x00007FF770A4872A]\n   \t(No symbol) [0x00007FF770A98434]\n   \t(No symbol) [0x00007FF770A9853C]\n   \t(No symbol) [0x00007FF770ADF6A7]\n   \t(No symbol) [0x00007FF770ABD06F]\n   \t(No symbol) [0x00007FF770ADC977]\n   \t(No symbol) [0x00007FF770ABCDD3]\n   \t(No symbol) [0x00007FF770A8A33B]\n   \t(No symbol) [0x00007FF770A8AED1]\n   \tGetHandleVerifier [0x00007FF770F18B1D+3217341]\n   \tGetHandleVerifier [0x00007FF770F65AE3+3532675]\n   \tGetHandleVerifier [0x00007FF770F5B0E0+3489152]\n   \tGetHandleVerifier [0x00007FF770CBE776+750614]\n   \t(No symbol) [0x00007FF770B9375F]\n   \t(No symbol) [0x00007FF770B8EB14]\n   \t(No symbol) [0x00007FF770B8ECA2]\n   \t(No symbol) [0x00007FF770B7E16F]\n   \tBaseThreadInitThunk [0x00007FFD99E37344+20]\n   \tRtlUserThreadStart [0x00007FFD9A7FCC91+33]\n", "test_name": "test_postinvestingnegative1", "rerun": "0"}}, "suite_name": "testCases/test_postinvestings.py"}, "1": {"suite_name": "testCases/test_postjob.py", "tests": {"0": {"status": "FAIL", "message": "   selenium.common.exceptions.NoSuchElementException: Message: no such element: Unable to locate element: {\"method\":\"xpath\",\"selector\":\"/html/body/div[1]/section[1]/main/div/div[1]/main/section[1]/main/div[2]/ul/li[1]/a\"}\n     (Session info: chrome=126.0.6478.127); For documentation on this error, please visit: https://www.selenium.dev/documentation/webdriver/troubleshooting/errors#no-such-element-exception\n   Stacktrace:\n   \tGetHandleVerifier [0x00007FF770C0EEA2+31554]\n   \t(No symbol) [0x00007FF770B87ED9]\n   \t(No symbol) [0x00007FF770A4872A]\n   \t(No symbol) [0x00007FF770A98434]\n   \t(No symbol) [0x00007FF770A9853C]\n   \t(No symbol) [0x00007FF770ADF6A7]\n   \t(No symbol) [0x00007FF770ABD06F]\n   \t(No symbol) [0x00007FF770ADC977]\n   \t(No symbol) [0x00007FF770ABCDD3]\n   \t(No symbol) [0x00007FF770A8A33B]\n   \t(No symbol) [0x00007FF770A8AED1]\n   \tGetHandleVerifier [0x00007FF770F18B1D+3217341]\n   \tGetHandleVerifier [0x00007FF770F65AE3+3532675]\n   \tGetHandleVerifier [0x00007FF770F5B0E0+3489152]\n   \tGetHandleVerifier [0x00007FF770CBE776+750614]\n   \t(No symbol) [0x00007FF770B9375F]\n   \t(No symbol) [0x00007FF770B8EB14]\n   \t(No symbol) [0x00007FF770B8ECA2]\n   \t(No symbol) [0x00007FF770B7E16F]\n   \tBaseThreadInitThunk [0x00007FFD99E37344+20]\n   \tRtlUserThreadStart [0x00007FFD9A7FCC91+33]\n", "test_name": "test_jobsnegative1", "rerun": "0"}}, "status": {"total_pass": 0, "total_skip": 0, "total_xpass": 0, "total_xfail": 0, "total_rerun": 0, "total_fail": 1, "total_error": 0}}}}, "date": "July 01, 2024", "start_time": 1719831549.008476, "total_suite": 2, "status": "FAIL", "status_list": {"pass": "0", "fail": "2", "skip": "0", "error": "0", "xpass": "0", "xfail": "0", "rerun": "0"}, "total_tests": "2"}