{"content": {"suites": {"0": {"status": {"total_pass": 0, "total_skip": 0, "total_xpass": 0, "total_xfail": 0, "total_rerun": 0, "total_fail": 3, "total_error": 0}, "tests": {"0": {"status": "FAIL", "message": "   selenium.common.exceptions.NoSuchElementException: Message: no such element: Unable to locate element: {\"method\":\"xpath\",\"selector\":\"/html/body/div[3]/div[3]/div/div/main/section/div[2]/form/div[2]/div[2]/div/input\"}\n     (Session info: chrome=126.0.6478.127); For documentation on this error, please visit: https://www.selenium.dev/documentation/webdriver/troubleshooting/errors#no-such-element-exception\n   Stacktrace:\n   \tGetHandleVerifier [0x00007FF7F088EEA2+31554]\n   \t(No symbol) [0x00007FF7F0807ED9]\n   \t(No symbol) [0x00007FF7F06C872A]\n   \t(No symbol) [0x00007FF7F0718434]\n   \t(No symbol) [0x00007FF7F071853C]\n   \t(No symbol) [0x00007FF7F075F6A7]\n   \t(No symbol) [0x00007FF7F073D06F]\n   \t(No symbol) [0x00007FF7F075C977]\n   \t(No symbol) [0x00007FF7F073CDD3]\n   \t(No symbol) [0x00007FF7F070A33B]\n   \t(No symbol) [0x00007FF7F070AED1]\n   \tGetHandleVerifier [0x00007FF7F0B98B1D+3217341]\n   \tGetHandleVerifier [0x00007FF7F0BE5AE3+3532675]\n   \tGetHandleVerifier [0x00007FF7F0BDB0E0+3489152]\n   \tGetHandleVerifier [0x00007FF7F093E776+750614]\n   \t(No symbol) [0x00007FF7F081375F]\n   \t(No symbol) [0x00007FF7F080EB14]\n   \t(No symbol) [0x00007FF7F080ECA2]\n   \t(No symbol) [0x00007FF7F07FE16F]\n   \tBaseThreadInitThunk [0x00007FFD99E37344+20]\n   \tRtlUserThreadStart [0x00007FFD9A7FCC91+33]\n", "test_name": "test_Specializedpgmpositive", "rerun": "0"}, "1": {"status": "FAIL", "message": "   selenium.common.exceptions.NoSuchWindowException: Message: no such window: target window already closed\n   from unknown error: web view not found\n     (Session info: chrome=126.0.6478.127)\n   Stacktrace:\n   \tGetHandleVerifier [0x00007FF7F088EEA2+31554]\n   \t(No symbol) [0x00007FF7F0807ED9]\n   \t(No symbol) [0x00007FF7F06C872A]\n   \t(No symbol) [0x00007FF7F069D995]\n   \t(No symbol) [0x00007FF7F07444D7]\n   \t(No symbol) [0x00007FF7F075C051]\n   \t(No symbol) [0x00007FF7F073CDD3]\n   \t(No symbol) [0x00007FF7F070A33B]\n   \t(No symbol) [0x00007FF7F070AED1]\n   \tGetHandleVerifier [0x00007FF7F0B98B1D+3217341]\n   \tGetHandleVerifier [0x00007FF7F0BE5AE3+3532675]\n   \tGetHandleVerifier [0x00007FF7F0BDB0E0+3489152]\n   \tGetHandleVerifier [0x00007FF7F093E776+750614]\n   \t(No symbol) [0x00007FF7F081375F]\n   \t(No symbol) [0x00007FF7F080EB14]\n   \t(No symbol) [0x00007FF7F080ECA2]\n   \t(No symbol) [0x00007FF7F07FE16F]\n   \tBaseThreadInitThunk [0x00007FFD99E37344+20]\n   \tRtlUserThreadStart [0x00007FFD9A7FCC91+33]\n", "test_name": "test_DeleteSpecializedpgm", "rerun": "0"}, "2": {"status": "FAIL", "message": "   selenium.common.exceptions.NoSuchWindowException: Message: no such window: target window already closed\n   from unknown error: web view not found\n     (Session info: chrome=126.0.6478.127)\n   Stacktrace:\n   \tGetHandleVerifier [0x00007FF7F088EEA2+31554]\n   \t(No symbol) [0x00007FF7F0807ED9]\n   \t(No symbol) [0x00007FF7F06C872A]\n   \t(No symbol) [0x00007FF7F069D995]\n   \t(No symbol) [0x00007FF7F07444D7]\n   \t(No symbol) [0x00007FF7F075C051]\n   \t(No symbol) [0x00007FF7F073CDD3]\n   \t(No symbol) [0x00007FF7F070A33B]\n   \t(No symbol) [0x00007FF7F070AED1]\n   \tGetHandleVerifier [0x00007FF7F0B98B1D+3217341]\n   \tGetHandleVerifier [0x00007FF7F0BE5AE3+3532675]\n   \tGetHandleVerifier [0x00007FF7F0BDB0E0+3489152]\n   \tGetHandleVerifier [0x00007FF7F093E776+750614]\n   \t(No symbol) [0x00007FF7F081375F]\n   \t(No symbol) [0x00007FF7F080EB14]\n   \t(No symbol) [0x00007FF7F080ECA2]\n   \t(No symbol) [0x00007FF7F07FE16F]\n   \tBaseThreadInitThunk [0x00007FFD99E37344+20]\n   \tRtlUserThreadStart [0x00007FFD9A7FCC91+33]\n", "test_name": "test_Specializedpgmnegative", "rerun": "0"}}, "suite_name": "testCases/test_specialistprogram.py"}}}, "date": "July 05, 2024", "start_time": 1720183597.5006957, "total_suite": 1, "status": "FAIL", "status_list": {"pass": "0", "fail": "3", "skip": "0", "error": "0", "xpass": "0", "xfail": "0", "rerun": "0"}, "total_tests": "3"}