{"content": {"suites": {"0": {"status": {"total_pass": 0, "total_skip": 0, "total_xpass": 0, "total_xfail": 0, "total_rerun": 0, "total_fail": 4, "total_error": 0}, "tests": {"0": {"status": "FAIL", "message": "   selenium.common.exceptions.ElementClickInterceptedException: Message: element click intercepted: Element <span class=\"MuiSwitch-track css-1ju1kxc\"></span> is not clickable at point (946, 318). Other element would receive the click: <input class=\"PrivateSwitchBase-input MuiSwitch-input css-1m9pwf3\" type=\"checkbox\" aria-label=\"controlled\">\n     (Session info: chrome=126.0.6478.127)\n   Stacktrace:\n   \tGetHandleVerifier [0x00007FF646BBEEA2+31554]\n   \t(No symbol) [0x00007FF646B37ED9]\n   \t(No symbol) [0x00007FF6469F872A]\n   \t(No symbol) [0x00007FF646A5012E]\n   \t(No symbol) [0x00007FF646A4DAF2]\n   \t(No symbol) [0x00007FF646A4AF8B]\n   \t(No symbol) [0x00007FF646A4A156]\n   \t(No symbol) [0x00007FF646A3C151]\n   \t(No symbol) [0x00007FF646A6D02A]\n   \t(No symbol) [0x00007FF646A3BA76]\n   \t(No symbol) [0x00007FF646A6D240]\n   \t(No symbol) [0x00007FF646A8C977]\n   \t(No symbol) [0x00007FF646A6CDD3]\n   \t(No symbol) [0x00007FF646A3A33B]\n   \t(No symbol) [0x00007FF646A3AED1]\n   \tGetHandleVerifier [0x00007FF646EC8B1D+3217341]\n   \tGetHandleVerifier [0x00007FF646F15AE3+3532675]\n   \tGetHandleVerifier [0x00007FF646F0B0E0+3489152]\n   \tGetHandleVerifier [0x00007FF646C6E776+750614]\n   \t(No symbol) [0x00007FF646B4375F]\n   \t(No symbol) [0x00007FF646B3EB14]\n   \t(No symbol) [0x00007FF646B3ECA2]\n   \t(No symbol) [0x00007FF646B2E16F]\n   \tBaseThreadInitThunk [0x00007FFD99E37344+20]\n   \tRtlUserThreadStart [0x00007FFD9A7FCC91+33]\n", "test_name": "test_homepageJobsLock", "rerun": "0"}, "1": {"status": "FAIL", "message": "   selenium.common.exceptions.ElementClickInterceptedException: Message: element click intercepted: Element <span class=\"MuiSwitch-track css-1ju1kxc\"></span> is not clickable at point (1215, 318). Other element would receive the click: <input class=\"PrivateSwitchBase-input MuiSwitch-input css-1m9pwf3\" type=\"checkbox\" aria-label=\"controlled\">\n     (Session info: chrome=126.0.6478.127)\n   Stacktrace:\n   \tGetHandleVerifier [0x00007FF646BBEEA2+31554]\n   \t(No symbol) [0x00007FF646B37ED9]\n   \t(No symbol) [0x00007FF6469F872A]\n   \t(No symbol) [0x00007FF646A5012E]\n   \t(No symbol) [0x00007FF646A4DAF2]\n   \t(No symbol) [0x00007FF646A4AF8B]\n   \t(No symbol) [0x00007FF646A4A156]\n   \t(No symbol) [0x00007FF646A3C151]\n   \t(No symbol) [0x00007FF646A6D02A]\n   \t(No symbol) [0x00007FF646A3BA76]\n   \t(No symbol) [0x00007FF646A6D240]\n   \t(No symbol) [0x00007FF646A8C977]\n   \t(No symbol) [0x00007FF646A6CDD3]\n   \t(No symbol) [0x00007FF646A3A33B]\n   \t(No symbol) [0x00007FF646A3AED1]\n   \tGetHandleVerifier [0x00007FF646EC8B1D+3217341]\n   \tGetHandleVerifier [0x00007FF646F15AE3+3532675]\n   \tGetHandleVerifier [0x00007FF646F0B0E0+3489152]\n   \tGetHandleVerifier [0x00007FF646C6E776+750614]\n   \t(No symbol) [0x00007FF646B4375F]\n   \t(No symbol) [0x00007FF646B3EB14]\n   \t(No symbol) [0x00007FF646B3ECA2]\n   \t(No symbol) [0x00007FF646B2E16F]\n   \tBaseThreadInitThunk [0x00007FFD99E37344+20]\n   \tRtlUserThreadStart [0x00007FFD9A7FCC91+33]\n", "test_name": "test_homepageProjectsLock", "rerun": "0"}, "2": {"status": "FAIL", "message": "   selenium.common.exceptions.NoSuchWindowException: Message: no such window: target window already closed\n   from unknown error: web view not found\n     (Session info: chrome=126.0.6478.127)\n   Stacktrace:\n   \tGetHandleVerifier [0x00007FF646BBEEA2+31554]\n   \t(No symbol) [0x00007FF646B37ED9]\n   \t(No symbol) [0x00007FF6469F872A]\n   \t(No symbol) [0x00007FF6469CD995]\n   \t(No symbol) [0x00007FF646A744D7]\n   \t(No symbol) [0x00007FF646A8C051]\n   \t(No symbol) [0x00007FF646A6CDD3]\n   \t(No symbol) [0x00007FF646A3A33B]\n   \t(No symbol) [0x00007FF646A3AED1]\n   \tGetHandleVerifier [0x00007FF646EC8B1D+3217341]\n   \tGetHandleVerifier [0x00007FF646F15AE3+3532675]\n   \tGetHandleVerifier [0x00007FF646F0B0E0+3489152]\n   \tGetHandleVerifier [0x00007FF646C6E776+750614]\n   \t(No symbol) [0x00007FF646B4375F]\n   \t(No symbol) [0x00007FF646B3EB14]\n   \t(No symbol) [0x00007FF646B3ECA2]\n   \t(No symbol) [0x00007FF646B2E16F]\n   \tBaseThreadInitThunk [0x00007FFD99E37344+20]\n   \tRtlUserThreadStart [0x00007FFD9A7FCC91+33]\n", "test_name": "test_homepageFundingLock", "rerun": "0"}, "3": {"status": "FAIL", "message": "   selenium.common.exceptions.WebDriverException: Message: unknown error: cannot determine loading status\n   from target frame detached\n     (Session info: chrome=126.0.6478.127)\n   Stacktrace:\n   \tGetHandleVerifier [0x00007FF646BBEEA2+31554]\n   \t(No symbol) [0x00007FF646B37ED9]\n   \t(No symbol) [0x00007FF6469F8559]\n   \t(No symbol) [0x00007FF6469E0C81]\n   \t(No symbol) [0x00007FF6469DEC6D]\n   \t(No symbol) [0x00007FF6469DF47F]\n   \t(No symbol) [0x00007FF6469EE7E1]\n   \t(No symbol) [0x00007FF646A0674F]\n   \t(No symbol) [0x00007FF646A0C16A]\n   \t(No symbol) [0x00007FF6469DFC0A]\n   \t(No symbol) [0x00007FF646A0630D]\n   \t(No symbol) [0x00007FF646A8CCD5]\n   \t(No symbol) [0x00007FF646A6CDD3]\n   \t(No symbol) [0x00007FF646A3A33B]\n   \t(No symbol) [0x00007FF646A3AED1]\n   \tGetHandleVerifier [0x00007FF646EC8B1D+3217341]\n   \tGetHandleVerifier [0x00007FF646F15AE3+3532675]\n   \tGetHandleVerifier [0x00007FF646F0B0E0+3489152]\n   \tGetHandleVerifier [0x00007FF646C6E776+750614]\n   \t(No symbol) [0x00007FF646B4375F]\n   \t(No symbol) [0x00007FF646B3EB14]\n   \t(No symbol) [0x00007FF646B3ECA2]\n   \t(No symbol) [0x00007FF646B2E16F]\n   \tBaseThreadInitThunk [0x00007FFD99E37344+20]\n   \tRtlUserThreadStart [0x00007FFD9A7FCC91+33]\n", "test_name": "test_homepageInvestLock", "rerun": "0"}}, "suite_name": "testCases/test_homepage.py"}}}, "date": "June 28, 2024", "start_time": 1719573426.711723, "total_suite": 1, "status": "FAIL", "status_list": {"pass": "0", "fail": "4", "skip": "0", "error": "0", "xpass": "0", "xfail": "0", "rerun": "0"}, "total_tests": "4"}