{"content": {"suites": {"0": {"status": {"total_pass": 0, "total_skip": 0, "total_xpass": 0, "total_xfail": 0, "total_rerun": 0, "total_fail": 4, "total_error": 0}, "tests": {"0": {"status": "FAIL", "message": "   selenium.common.exceptions.NoSuchElementException: Message: no such element: Unable to locate element: {\"method\":\"xpath\",\"selector\":\"/html/body/div[1]/div[2]/section[1]/main/nav/main/div[2]/aside/p\"}\n     (Session info: chrome=126.0.6478.127); For documentation on this error, please visit: https://www.selenium.dev/documentation/webdriver/troubleshooting/errors#no-such-element-exception\n   Stacktrace:\n   \tGetHandleVerifier [0x00007FF62291EEA2+31554]\n   \t(No symbol) [0x00007FF622897ED9]\n   \t(No symbol) [0x00007FF62275872A]\n   \t(No symbol) [0x00007FF6227A8434]\n   \t(No symbol) [0x00007FF6227A853C]\n   \t(No symbol) [0x00007FF6227EF6A7]\n   \t(No symbol) [0x00007FF6227CD06F]\n   \t(No symbol) [0x00007FF6227EC977]\n   \t(No symbol) [0x00007FF6227CCDD3]\n   \t(No symbol) [0x00007FF62279A33B]\n   \t(No symbol) [0x00007FF62279AED1]\n   \tGetHandleVerifier [0x00007FF622C28B1D+3217341]\n   \tGetHandleVerifier [0x00007FF622C75AE3+3532675]\n   \tGetHandleVerifier [0x00007FF622C6B0E0+3489152]\n   \tGetHandleVerifier [0x00007FF6229CE776+750614]\n   \t(No symbol) [0x00007FF6228A375F]\n   \t(No symbol) [0x00007FF62289EB14]\n   \t(No symbol) [0x00007FF62289ECA2]\n   \t(No symbol) [0x00007FF62288E16F]\n   \tBaseThreadInitThunk [0x00007FFD99E37344+20]\n   \tRtlUserThreadStart [0x00007FFD9A7FCC91+33]\n", "test_name": "test_homepageJobsLock", "rerun": "0"}, "1": {"status": "FAIL", "message": "   selenium.common.exceptions.NoSuchWindowException: Message: no such window: target window already closed\n   from unknown error: web view not found\n     (Session info: chrome=126.0.6478.127)\n   Stacktrace:\n   \tGetHandleVerifier [0x00007FF62291EEA2+31554]\n   \t(No symbol) [0x00007FF622897ED9]\n   \t(No symbol) [0x00007FF62275872A]\n   \t(No symbol) [0x00007FF62272D995]\n   \t(No symbol) [0x00007FF6227D44D7]\n   \t(No symbol) [0x00007FF6227EC051]\n   \t(No symbol) [0x00007FF6227CCDD3]\n   \t(No symbol) [0x00007FF62279A33B]\n   \t(No symbol) [0x00007FF62279AED1]\n   \tGetHandleVerifier [0x00007FF622C28B1D+3217341]\n   \tGetHandleVerifier [0x00007FF622C75AE3+3532675]\n   \tGetHandleVerifier [0x00007FF622C6B0E0+3489152]\n   \tGetHandleVerifier [0x00007FF6229CE776+750614]\n   \t(No symbol) [0x00007FF6228A375F]\n   \t(No symbol) [0x00007FF62289EB14]\n   \t(No symbol) [0x00007FF62289ECA2]\n   \t(No symbol) [0x00007FF62288E16F]\n   \tBaseThreadInitThunk [0x00007FFD99E37344+20]\n   \tRtlUserThreadStart [0x00007FFD9A7FCC91+33]\n", "test_name": "test_homepageProjectsLock", "rerun": "0"}, "2": {"status": "FAIL", "message": "   selenium.common.exceptions.NoSuchWindowException: Message: no such window: target window already closed\n   from unknown error: web view not found\n     (Session info: chrome=126.0.6478.127)\n   Stacktrace:\n   \tGetHandleVerifier [0x00007FF62291EEA2+31554]\n   \t(No symbol) [0x00007FF622897ED9]\n   \t(No symbol) [0x00007FF62275872A]\n   \t(No symbol) [0x00007FF62272D995]\n   \t(No symbol) [0x00007FF6227D44D7]\n   \t(No symbol) [0x00007FF6227EC051]\n   \t(No symbol) [0x00007FF6227CCDD3]\n   \t(No symbol) [0x00007FF62279A33B]\n   \t(No symbol) [0x00007FF62279AED1]\n   \tGetHandleVerifier [0x00007FF622C28B1D+3217341]\n   \tGetHandleVerifier [0x00007FF622C75AE3+3532675]\n   \tGetHandleVerifier [0x00007FF622C6B0E0+3489152]\n   \tGetHandleVerifier [0x00007FF6229CE776+750614]\n   \t(No symbol) [0x00007FF6228A375F]\n   \t(No symbol) [0x00007FF62289EB14]\n   \t(No symbol) [0x00007FF62289ECA2]\n   \t(No symbol) [0x00007FF62288E16F]\n   \tBaseThreadInitThunk [0x00007FFD99E37344+20]\n   \tRtlUserThreadStart [0x00007FFD9A7FCC91+33]\n", "test_name": "test_homepageFundingLock", "rerun": "0"}, "3": {"status": "FAIL", "message": "   selenium.common.exceptions.WebDriverException: Message: unknown error: cannot determine loading status\n   from target frame detached\n     (Session info: chrome=126.0.6478.127)\n   Stacktrace:\n   \tGetHandleVerifier [0x00007FF62291EEA2+31554]\n   \t(No symbol) [0x00007FF622897ED9]\n   \t(No symbol) [0x00007FF622758559]\n   \t(No symbol) [0x00007FF622740C81]\n   \t(No symbol) [0x00007FF62273EC6D]\n   \t(No symbol) [0x00007FF62273F47F]\n   \t(No symbol) [0x00007FF62274E7E1]\n   \t(No symbol) [0x00007FF62276674F]\n   \t(No symbol) [0x00007FF62276C16A]\n   \t(No symbol) [0x00007FF62273FC0A]\n   \t(No symbol) [0x00007FF62276630D]\n   \t(No symbol) [0x00007FF6227ECCD5]\n   \t(No symbol) [0x00007FF6227CCDD3]\n   \t(No symbol) [0x00007FF62279A33B]\n   \t(No symbol) [0x00007FF62279AED1]\n   \tGetHandleVerifier [0x00007FF622C28B1D+3217341]\n   \tGetHandleVerifier [0x00007FF622C75AE3+3532675]\n   \tGetHandleVerifier [0x00007FF622C6B0E0+3489152]\n   \tGetHandleVerifier [0x00007FF6229CE776+750614]\n   \t(No symbol) [0x00007FF6228A375F]\n   \t(No symbol) [0x00007FF62289EB14]\n   \t(No symbol) [0x00007FF62289ECA2]\n   \t(No symbol) [0x00007FF62288E16F]\n   \tBaseThreadInitThunk [0x00007FFD99E37344+20]\n   \tRtlUserThreadStart [0x00007FFD9A7FCC91+33]\n", "test_name": "test_homepageInvestLock", "rerun": "0"}}, "suite_name": "testCases/test_homepage.py"}}}, "date": "June 28, 2024", "start_time": 1719572353.8464775, "total_suite": 1, "status": "FAIL", "status_list": {"pass": "0", "fail": "4", "skip": "0", "error": "0", "xpass": "0", "xfail": "0", "rerun": "0"}, "total_tests": "4"}