{"content": {"suites": {"0": {"status": {"total_pass": 0, "total_skip": 0, "total_xpass": 0, "total_xfail": 0, "total_rerun": 0, "total_fail": 4, "total_error": 0}, "tests": {"0": {"status": "FAIL", "message": "   IndexError: list index out of range\n", "test_name": "test_adminaccessgiven", "rerun": "0"}, "1": {"status": "FAIL", "message": "   selenium.common.exceptions.NoSuchElementException: Message: no such element: Unable to locate element: {\"method\":\"xpath\",\"selector\":\"/html/body/div[1]/div[2]/section[1]/main/div/div/div/div[2]/section[2]/div/div/div[4]/div[1]\"}\n     (Session info: chrome=126.0.6478.127); For documentation on this error, please visit: https://www.selenium.dev/documentation/webdriver/troubleshooting/errors#no-such-element-exception\n   Stacktrace:\n   \tGetHandleVerifier [0x00007FF7F08DEEA2+31554]\n   \t(No symbol) [0x00007FF7F0857ED9]\n   \t(No symbol) [0x00007FF7F071872A]\n   \t(No symbol) [0x00007FF7F0768434]\n   \t(No symbol) [0x00007FF7F076853C]\n   \t(No symbol) [0x00007FF7F07AF6A7]\n   \t(No symbol) [0x00007FF7F078D06F]\n   \t(No symbol) [0x00007FF7F07AC977]\n   \t(No symbol) [0x00007FF7F078CDD3]\n   \t(No symbol) [0x00007FF7F075A33B]\n   \t(No symbol) [0x00007FF7F075AED1]\n   \tGetHandleVerifier [0x00007FF7F0BE8B1D+3217341]\n   \tGetHandleVerifier [0x00007FF7F0C35AE3+3532675]\n   \tGetHandleVerifier [0x00007FF7F0C2B0E0+3489152]\n   \tGetHandleVerifier [0x00007FF7F098E776+750614]\n   \t(No symbol) [0x00007FF7F086375F]\n   \t(No symbol) [0x00007FF7F085EB14]\n   \t(No symbol) [0x00007FF7F085ECA2]\n   \t(No symbol) [0x00007FF7F084E16F]\n   \tBaseThreadInitThunk [0x00007FFD99E37344+20]\n   \tRtlUserThreadStart [0x00007FFD9A7FCC91+33]\n", "test_name": "test_adminpage", "rerun": "0"}, "2": {"status": "FAIL", "message": "   AttributeError: 'NoneType' object has no attribute 'clear'\n", "test_name": "test_resetadminaccess", "rerun": "0"}, "3": {"status": "FAIL", "message": "   selenium.common.exceptions.NoSuchWindowException: Message: no such window: target window already closed\n   from unknown error: web view not found\n     (Session info: chrome=126.0.6478.127)\n   Stacktrace:\n   \tGetHandleVerifier [0x00007FF7F08DEEA2+31554]\n   \t(No symbol) [0x00007FF7F0857ED9]\n   \t(No symbol) [0x00007FF7F071872A]\n   \t(No symbol) [0x00007FF7F06ED995]\n   \t(No symbol) [0x00007FF7F07944D7]\n   \t(No symbol) [0x00007FF7F07AC051]\n   \t(No symbol) [0x00007FF7F078CDD3]\n   \t(No symbol) [0x00007FF7F075A33B]\n   \t(No symbol) [0x00007FF7F075AED1]\n   \tGetHandleVerifier [0x00007FF7F0BE8B1D+3217341]\n   \tGetHandleVerifier [0x00007FF7F0C35AE3+3532675]\n   \tGetHandleVerifier [0x00007FF7F0C2B0E0+3489152]\n   \tGetHandleVerifier [0x00007FF7F098E776+750614]\n   \t(No symbol) [0x00007FF7F086375F]\n   \t(No symbol) [0x00007FF7F085EB14]\n   \t(No symbol) [0x00007FF7F085ECA2]\n   \t(No symbol) [0x00007FF7F084E16F]\n   \tBaseThreadInitThunk [0x00007FFD99E37344+20]\n   \tRtlUserThreadStart [0x00007FFD9A7FCC91+33]\n", "test_name": "test_deleteadminaccess", "rerun": "0"}}, "suite_name": "testCases/test_adminpage.py"}}}, "date": "July 09, 2024", "start_time": 1720525466.860781, "total_suite": 1, "status": "FAIL", "status_list": {"pass": "0", "fail": "4", "skip": "0", "error": "0", "xpass": "0", "xfail": "0", "rerun": "0"}, "total_tests": "4"}