{"content": {"suites": {"0": {"status": {"total_pass": 0, "total_skip": 0, "total_xpass": 0, "total_xfail": 0, "total_rerun": 0, "total_fail": 2, "total_error": 0}, "tests": {"0": {"status": "FAIL", "message": "   selenium.common.exceptions.NoSuchWindowException: Message: no such window: target window already closed\n   from unknown error: web view not found\n     (Session info: chrome=132.0.6834.112)\n   Stacktrace:\n   \tGetHandleVerifier [0x00007FF6288B02F5+28725]\n   \t(No symbol) [0x00007FF628812AE0]\n   \t(No symbol) [0x00007FF6286A510A]\n   \t(No symbol) [0x00007FF62867EEA5]\n   \t(No symbol) [0x00007FF628726F87]\n   \t(No symbol) [0x00007FF62873FA52]\n   \t(No symbol) [0x00007FF62871FD53]\n   \t(No symbol) [0x00007FF6286EA0E3]\n   \t(No symbol) [0x00007FF6286EB471]\n   \tGetHandleVerifier [0x00007FF628BDF30D+3366989]\n   \tGetHandleVerifier [0x00007FF628BF12F0+3440688]\n   \tGetHandleVerifier [0x00007FF628BE78FD+3401277]\n   \tGetHandleVerifier [0x00007FF62897AAAB+858091]\n   \t(No symbol) [0x00007FF62881E74F]\n   \t(No symbol) [0x00007FF62881A304]\n   \t(No symbol) [0x00007FF62881A49D]\n   \t(No symbol) [0x00007FF628808B69]\n   \tBaseThreadInitThunk [0x00007FFC898C7374+20]\n   \tRtlUserThreadStart [0x00007FFC8A97CC91+33]\n", "test_name": "test_login", "rerun": "0"}, "1": {"status": "FAIL", "message": "   selenium.common.exceptions.NoSuchWindowException: Message: no such window: target window already closed\n   from unknown error: web view not found\n     (Session info: chrome=132.0.6834.112)\n   Stacktrace:\n   \tGetHandleVerifier [0x00007FF6288B02F5+28725]\n   \t(No symbol) [0x00007FF628812AE0]\n   \t(No symbol) [0x00007FF6286A510A]\n   \t(No symbol) [0x00007FF62867EEA5]\n   \t(No symbol) [0x00007FF628726F87]\n   \t(No symbol) [0x00007FF62873FA52]\n   \t(No symbol) [0x00007FF62871FD53]\n   \t(No symbol) [0x00007FF6286EA0E3]\n   \t(No symbol) [0x00007FF6286EB471]\n   \tGetHandleVerifier [0x00007FF628BDF30D+3366989]\n   \tGetHandleVerifier [0x00007FF628BF12F0+3440688]\n   \tGetHandleVerifier [0x00007FF628BE78FD+3401277]\n   \tGetHandleVerifier [0x00007FF62897AAAB+858091]\n   \t(No symbol) [0x00007FF62881E74F]\n   \t(No symbol) [0x00007FF62881A304]\n   \t(No symbol) [0x00007FF62881A49D]\n   \t(No symbol) [0x00007FF628808B69]\n   \tBaseThreadInitThunk [0x00007FFC898C7374+20]\n   \tRtlUserThreadStart [0x00007FFC8A97CC91+33]\n", "test_name": "test_loginnegative1", "rerun": "0"}}, "suite_name": "testCases/test_Logincheck.py"}}}, "date": "January 29, 2025", "start_time": 1738132981.2708435, "total_suite": 1, "status": "FAIL", "status_list": {"pass": "0", "fail": "2", "skip": "0", "error": "0", "xpass": "0", "xfail": "0", "rerun": "0"}, "total_tests": "2"}