{"content": {"suites": {"0": {"status": {"total_pass": 0, "total_skip": 0, "total_xpass": 0, "total_xfail": 0, "total_rerun": 0, "total_fail": 4, "total_error": 0}, "tests": {"0": {"status": "FAIL", "message": "   selenium.common.exceptions.NoSuchElementException: Message: no such element: Unable to locate element: {\"method\":\"xpath\",\"selector\":\"//*[@id='root']/div[2]/section[1]/main/div/div/section[2]/section/form/div[1]/input\"}\n     (Session info: chrome=123.0.6312.123); For documentation on this error, please visit: https://www.selenium.dev/documentation/webdriver/troubleshooting/errors#no-such-element-exception\n   Stacktrace:\n   \tGetHandleVerifier [0x00007FF7F3607032+63090]\n   \t(No symbol) [0x00007FF7F3572C82]\n   \t(No symbol) [0x00007FF7F340EC65]\n   \t(No symbol) [0x00007FF7F345499D]\n   \t(No symbol) [0x00007FF7F3454ADC]\n   \t(No symbol) [0x00007FF7F3495B37]\n   \t(No symbol) [0x00007FF7F347701F]\n   \t(No symbol) [0x00007FF7F3493412]\n   \t(No symbol) [0x00007FF7F3476D83]\n   \t(No symbol) [0x00007FF7F34483A8]\n   \t(No symbol) [0x00007FF7F3449441]\n   \tGetHandleVerifier [0x00007FF7F3A025AD+4238317]\n   \tGetHandleVerifier [0x00007FF7F3A3F70D+4488525]\n   \tGetHandleVerifier [0x00007FF7F3A379EF+4456495]\n   \tGetHandleVerifier [0x00007FF7F36E0576+953270]\n   \t(No symbol) [0x00007FF7F357E54F]\n   \t(No symbol) [0x00007FF7F3579224]\n   \t(No symbol) [0x00007FF7F357935B]\n   \t(No symbol) [0x00007FF7F3569B94]\n   \tBaseThreadInitThunk [0x00007FF825E97344+20]\n   \tRtlUserThreadStart [0x00007FF8276C26B1+33]\n", "test_name": "test_Createservicespositive", "rerun": "0"}, "1": {"status": "FAIL", "message": "   AttributeError: 'NoneType' object has no attribute 'clear'\n", "test_name": "test_AddServices", "rerun": "0"}, "2": {"status": "FAIL", "message": "   selenium.common.exceptions.NoSuchWindowException: Message: no such window: target window already closed\n   from unknown error: web view not found\n     (Session info: chrome=123.0.6312.123)\n   Stacktrace:\n   \tGetHandleVerifier [0x00007FF7F3607032+63090]\n   \t(No symbol) [0x00007FF7F3572C82]\n   \t(No symbol) [0x00007FF7F340EC65]\n   \t(No symbol) [0x00007FF7F33ECA7C]\n   \t(No symbol) [0x00007FF7F347D687]\n   \t(No symbol) [0x00007FF7F3492AC1]\n   \t(No symbol) [0x00007FF7F3476D83]\n   \t(No symbol) [0x00007FF7F34483A8]\n   \t(No symbol) [0x00007FF7F3449441]\n   \tGetHandleVerifier [0x00007FF7F3A025AD+4238317]\n   \tGetHandleVerifier [0x00007FF7F3A3F70D+4488525]\n   \tGetHandleVerifier [0x00007FF7F3A379EF+4456495]\n   \tGetHandleVerifier [0x00007FF7F36E0576+953270]\n   \t(No symbol) [0x00007FF7F357E54F]\n   \t(No symbol) [0x00007FF7F3579224]\n   \t(No symbol) [0x00007FF7F357935B]\n   \t(No symbol) [0x00007FF7F3569B94]\n   \tBaseThreadInitThunk [0x00007FF825E97344+20]\n   \tRtlUserThreadStart [0x00007FF8276C26B1+33]\n", "test_name": "test_DeleteServices", "rerun": "0"}, "3": {"status": "FAIL", "message": "   selenium.common.exceptions.NoSuchWindowException: Message: no such window: target window already closed\n   from unknown error: web view not found\n     (Session info: chrome=123.0.6312.123)\n   Stacktrace:\n   \tGetHandleVerifier [0x00007FF7F3607032+63090]\n   \t(No symbol) [0x00007FF7F3572C82]\n   \t(No symbol) [0x00007FF7F340EC65]\n   \t(No symbol) [0x00007FF7F33ECA7C]\n   \t(No symbol) [0x00007FF7F347D687]\n   \t(No symbol) [0x00007FF7F3492AC1]\n   \t(No symbol) [0x00007FF7F3476D83]\n   \t(No symbol) [0x00007FF7F34483A8]\n   \t(No symbol) [0x00007FF7F3449441]\n   \tGetHandleVerifier [0x00007FF7F3A025AD+4238317]\n   \tGetHandleVerifier [0x00007FF7F3A3F70D+4488525]\n   \tGetHandleVerifier [0x00007FF7F3A379EF+4456495]\n   \tGetHandleVerifier [0x00007FF7F36E0576+953270]\n   \t(No symbol) [0x00007FF7F357E54F]\n   \t(No symbol) [0x00007FF7F3579224]\n   \t(No symbol) [0x00007FF7F357935B]\n   \t(No symbol) [0x00007FF7F3569B94]\n   \tBaseThreadInitThunk [0x00007FF825E97344+20]\n   \tRtlUserThreadStart [0x00007FF8276C26B1+33]\n", "test_name": "test_AddServicesnegative", "rerun": "0"}}, "suite_name": "testCases/test_services.py"}}}, "date": "April 17, 2024", "start_time": 1713349407.015083, "total_suite": 1, "status": "FAIL", "status_list": {"pass": "0", "fail": "4", "skip": "0", "error": "0", "xpass": "0", "xfail": "0", "rerun": "0"}, "total_tests": "4"}