{"content": {"suites": {"0": {"status": {"total_pass": 2, "total_skip": 0, "total_xpass": 0, "total_xfail": 0, "total_rerun": 0, "total_fail": 6, "total_error": 0}, "tests": {"0": {"status": "PASS", "message": "", "test_name": "test_postjob", "rerun": "0"}, "1": {"status": "PASS", "message": "", "test_name": "test_onbehalfofpostjob", "rerun": "0"}, "2": {"status": "FAIL", "message": "   selenium.common.exceptions.ElementClickInterceptedException: Message: element click intercepted: Element is not clickable at point (1047, 2095)\n     (Session info: chrome=126.0.6478.126)\n   Stacktrace:\n   \tGetHandleVerifier [0x00007FF6F176EEA2+31554]\n   \t(No symbol) [0x00007FF6F16E7ED9]\n   \t(No symbol) [0x00007FF6F15A872A]\n   \t(No symbol) [0x00007FF6F160012E]\n   \t(No symbol) [0x00007FF6F15FDAF2]\n   \t(No symbol) [0x00007FF6F15FAF8B]\n   \t(No symbol) [0x00007FF6F15FA156]\n   \t(No symbol) [0x00007FF6F15EC151]\n   \t(No symbol) [0x00007FF6F161D02A]\n   \t(No symbol) [0x00007FF6F15EBA76]\n   \t(No symbol) [0x00007FF6F161D240]\n   \t(No symbol) [0x00007FF6F163C977]\n   \t(No symbol) [0x00007FF6F161CDD3]\n   \t(No symbol) [0x00007FF6F15EA33B]\n   \t(No symbol) [0x00007FF6F15EAED1]\n   \tGetHandleVerifier [0x00007FF6F1A78B1D+3217341]\n   \tGetHandleVerifier [0x00007FF6F1AC5AE3+3532675]\n   \tGetHandleVerifier [0x00007FF6F1ABB0E0+3489152]\n   \tGetHandleVerifier [0x00007FF6F181E776+750614]\n   \t(No symbol) [0x00007FF6F16F375F]\n   \t(No symbol) [0x00007FF6F16EEB14]\n   \t(No symbol) [0x00007FF6F16EECA2]\n   \t(No symbol) [0x00007FF6F16DE16F]\n   \tBaseThreadInitThunk [0x00007FFD99E37344+20]\n   \tRtlUserThreadStart [0x00007FFD9A7FCC91+33]\n", "test_name": "test_jobsnegative1", "rerun": "0"}, "3": {"status": "FAIL", "message": "   selenium.common.exceptions.NoSuchWindowException: Message: no such window: target window already closed\n   from unknown error: web view not found\n     (Session info: chrome=126.0.6478.126)\n   Stacktrace:\n   \tGetHandleVerifier [0x00007FF6F176EEA2+31554]\n   \t(No symbol) [0x00007FF6F16E7ED9]\n   \t(No symbol) [0x00007FF6F15A872A]\n   \t(No symbol) [0x00007FF6F157D995]\n   \t(No symbol) [0x00007FF6F16244D7]\n   \t(No symbol) [0x00007FF6F163C051]\n   \t(No symbol) [0x00007FF6F161CDD3]\n   \t(No symbol) [0x00007FF6F15EA33B]\n   \t(No symbol) [0x00007FF6F15EAED1]\n   \tGetHandleVerifier [0x00007FF6F1A78B1D+3217341]\n   \tGetHandleVerifier [0x00007FF6F1AC5AE3+3532675]\n   \tGetHandleVerifier [0x00007FF6F1ABB0E0+3489152]\n   \tGetHandleVerifier [0x00007FF6F181E776+750614]\n   \t(No symbol) [0x00007FF6F16F375F]\n   \t(No symbol) [0x00007FF6F16EEB14]\n   \t(No symbol) [0x00007FF6F16EECA2]\n   \t(No symbol) [0x00007FF6F16DE16F]\n   \tBaseThreadInitThunk [0x00007FFD99E37344+20]\n   \tRtlUserThreadStart [0x00007FFD9A7FCC91+33]\n", "test_name": "test_designationnegative", "rerun": "0"}, "4": {"status": "FAIL", "message": "   selenium.common.exceptions.NoSuchWindowException: Message: no such window: target window already closed\n   from unknown error: web view not found\n     (Session info: chrome=126.0.6478.126)\n   Stacktrace:\n   \tGetHandleVerifier [0x00007FF6F176EEA2+31554]\n   \t(No symbol) [0x00007FF6F16E7ED9]\n   \t(No symbol) [0x00007FF6F15A872A]\n   \t(No symbol) [0x00007FF6F157D995]\n   \t(No symbol) [0x00007FF6F16244D7]\n   \t(No symbol) [0x00007FF6F163C051]\n   \t(No symbol) [0x00007FF6F161CDD3]\n   \t(No symbol) [0x00007FF6F15EA33B]\n   \t(No symbol) [0x00007FF6F15EAED1]\n   \tGetHandleVerifier [0x00007FF6F1A78B1D+3217341]\n   \tGetHandleVerifier [0x00007FF6F1AC5AE3+3532675]\n   \tGetHandleVerifier [0x00007FF6F1ABB0E0+3489152]\n   \tGetHandleVerifier [0x00007FF6F181E776+750614]\n   \t(No symbol) [0x00007FF6F16F375F]\n   \t(No symbol) [0x00007FF6F16EEB14]\n   \t(No symbol) [0x00007FF6F16EECA2]\n   \t(No symbol) [0x00007FF6F16DE16F]\n   \tBaseThreadInitThunk [0x00007FFD99E37344+20]\n   \tRtlUserThreadStart [0x00007FFD9A7FCC91+33]\n", "test_name": "test_experiencenegative", "rerun": "0"}, "5": {"status": "FAIL", "message": "   selenium.common.exceptions.NoSuchWindowException: Message: no such window: target window already closed\n   from unknown error: web view not found\n     (Session info: chrome=126.0.6478.126)\n   Stacktrace:\n   \tGetHandleVerifier [0x00007FF6F176EEA2+31554]\n   \t(No symbol) [0x00007FF6F16E7ED9]\n   \t(No symbol) [0x00007FF6F15A872A]\n   \t(No symbol) [0x00007FF6F157D995]\n   \t(No symbol) [0x00007FF6F16244D7]\n   \t(No symbol) [0x00007FF6F163C051]\n   \t(No symbol) [0x00007FF6F161CDD3]\n   \t(No symbol) [0x00007FF6F15EA33B]\n   \t(No symbol) [0x00007FF6F15EAED1]\n   \tGetHandleVerifier [0x00007FF6F1A78B1D+3217341]\n   \tGetHandleVerifier [0x00007FF6F1AC5AE3+3532675]\n   \tGetHandleVerifier [0x00007FF6F1ABB0E0+3489152]\n   \tGetHandleVerifier [0x00007FF6F181E776+750614]\n   \t(No symbol) [0x00007FF6F16F375F]\n   \t(No symbol) [0x00007FF6F16EEB14]\n   \t(No symbol) [0x00007FF6F16EECA2]\n   \t(No symbol) [0x00007FF6F16DE16F]\n   \tBaseThreadInitThunk [0x00007FFD99E37344+20]\n   \tRtlUserThreadStart [0x00007FFD9A7FCC91+33]\n", "test_name": "test_locationnegative", "rerun": "0"}, "6": {"status": "FAIL", "message": "   selenium.common.exceptions.NoSuchWindowException: Message: no such window: target window already closed\n   from unknown error: web view not found\n     (Session info: chrome=126.0.6478.126)\n   Stacktrace:\n   \tGetHandleVerifier [0x00007FF6F176EEA2+31554]\n   \t(No symbol) [0x00007FF6F16E7ED9]\n   \t(No symbol) [0x00007FF6F15A872A]\n   \t(No symbol) [0x00007FF6F157D995]\n   \t(No symbol) [0x00007FF6F16244D7]\n   \t(No symbol) [0x00007FF6F163C051]\n   \t(No symbol) [0x00007FF6F161CDD3]\n   \t(No symbol) [0x00007FF6F15EA33B]\n   \t(No symbol) [0x00007FF6F15EAED1]\n   \tGetHandleVerifier [0x00007FF6F1A78B1D+3217341]\n   \tGetHandleVerifier [0x00007FF6F1AC5AE3+3532675]\n   \tGetHandleVerifier [0x00007FF6F1ABB0E0+3489152]\n   \tGetHandleVerifier [0x00007FF6F181E776+750614]\n   \t(No symbol) [0x00007FF6F16F375F]\n   \t(No symbol) [0x00007FF6F16EEB14]\n   \t(No symbol) [0x00007FF6F16EECA2]\n   \t(No symbol) [0x00007FF6F16DE16F]\n   \tBaseThreadInitThunk [0x00007FFD99E37344+20]\n   \tRtlUserThreadStart [0x00007FFD9A7FCC91+33]\n", "test_name": "test_salaryminmaxnegative", "rerun": "0"}, "7": {"status": "FAIL", "message": "   selenium.common.exceptions.NoSuchWindowException: Message: no such window: target window already closed\n   from unknown error: web view not found\n     (Session info: chrome=126.0.6478.126)\n   Stacktrace:\n   \tGetHandleVerifier [0x00007FF6F176EEA2+31554]\n   \t(No symbol) [0x00007FF6F16E7ED9]\n   \t(No symbol) [0x00007FF6F15A872A]\n   \t(No symbol) [0x00007FF6F157D995]\n   \t(No symbol) [0x00007FF6F16244D7]\n   \t(No symbol) [0x00007FF6F163C051]\n   \t(No symbol) [0x00007FF6F161CDD3]\n   \t(No symbol) [0x00007FF6F15EA33B]\n   \t(No symbol) [0x00007FF6F15EAED1]\n   \tGetHandleVerifier [0x00007FF6F1A78B1D+3217341]\n   \tGetHandleVerifier [0x00007FF6F1AC5AE3+3532675]\n   \tGetHandleVerifier [0x00007FF6F1ABB0E0+3489152]\n   \tGetHandleVerifier [0x00007FF6F181E776+750614]\n   \t(No symbol) [0x00007FF6F16F375F]\n   \t(No symbol) [0x00007FF6F16EEB14]\n   \t(No symbol) [0x00007FF6F16EECA2]\n   \t(No symbol) [0x00007FF6F16DE16F]\n   \tBaseThreadInitThunk [0x00007FFD99E37344+20]\n   \tRtlUserThreadStart [0x00007FFD9A7FCC91+33]\n", "test_name": "test_requirementresponsiblitiesnegative", "rerun": "0"}}, "suite_name": "testCases/test_postjob.py"}}}, "date": "June 26, 2024", "start_time": 1719407741.5518575, "total_suite": 1, "status": "FAIL", "status_list": {"pass": "2", "fail": "6", "skip": "0", "error": "0", "xpass": "0", "xfail": "0", "rerun": "0"}, "total_tests": "8"}