{"content": {"suites": {"0": {"status": {"total_pass": 0, "total_skip": 0, "total_xpass": 0, "total_xfail": 0, "total_rerun": 0, "total_fail": 4, "total_error": 0}, "tests": {"0": {"status": "FAIL", "message": "   selenium.common.exceptions.NoSuchElementException: Message: no such element: Unable to locate element: {\"method\":\"xpath\",\"selector\":\"/html/body/div[1]/div[2]/section[1]/main/nav/main/div[1]/aside[1]/div/div/div/div[1]/div[2]/p[1]\"}\n     (Session info: chrome=123.0.6312.123); For documentation on this error, please visit: https://www.selenium.dev/documentation/webdriver/troubleshooting/errors#no-such-element-exception\n   Stacktrace:\n   \tGetHandleVerifier [0x00007FF7A0CA7032+63090]\n   \t(No symbol) [0x00007FF7A0C12C82]\n   \t(No symbol) [0x00007FF7A0AAEC65]\n   \t(No symbol) [0x00007FF7A0AF499D]\n   \t(No symbol) [0x00007FF7A0AF4ADC]\n   \t(No symbol) [0x00007FF7A0B35B37]\n   \t(No symbol) [0x00007FF7A0B1701F]\n   \t(No symbol) [0x00007FF7A0B33412]\n   \t(No symbol) [0x00007FF7A0B16D83]\n   \t(No symbol) [0x00007FF7A0AE83A8]\n   \t(No symbol) [0x00007FF7A0AE9441]\n   \tGetHandleVerifier [0x00007FF7A10A25AD+4238317]\n   \tGetHandleVerifier [0x00007FF7A10DF70D+4488525]\n   \tGetHandleVerifier [0x00007FF7A10D79EF+4456495]\n   \tGetHandleVerifier [0x00007FF7A0D80576+953270]\n   \t(No symbol) [0x00007FF7A0C1E54F]\n   \t(No symbol) [0x00007FF7A0C19224]\n   \t(No symbol) [0x00007FF7A0C1935B]\n   \t(No symbol) [0x00007FF7A0C09B94]\n   \tBaseThreadInitThunk [0x00007FF825E97344+20]\n   \tRtlUserThreadStart [0x00007FF8276C26B1+33]\n", "test_name": "test_Createmilestonepositive", "rerun": "0"}, "1": {"status": "FAIL", "message": "   selenium.common.exceptions.NoSuchWindowException: Message: no such window: target window already closed\n   from unknown error: web view not found\n     (Session info: chrome=123.0.6312.123)\n   Stacktrace:\n   \tGetHandleVerifier [0x00007FF7A0CA7032+63090]\n   \t(No symbol) [0x00007FF7A0C12C82]\n   \t(No symbol) [0x00007FF7A0AAEC65]\n   \t(No symbol) [0x00007FF7A0A8CA7C]\n   \t(No symbol) [0x00007FF7A0B1D687]\n   \t(No symbol) [0x00007FF7A0B32AC1]\n   \t(No symbol) [0x00007FF7A0B16D83]\n   \t(No symbol) [0x00007FF7A0AE83A8]\n   \t(No symbol) [0x00007FF7A0AE9441]\n   \tGetHandleVerifier [0x00007FF7A10A25AD+4238317]\n   \tGetHandleVerifier [0x00007FF7A10DF70D+4488525]\n   \tGetHandleVerifier [0x00007FF7A10D79EF+4456495]\n   \tGetHandleVerifier [0x00007FF7A0D80576+953270]\n   \t(No symbol) [0x00007FF7A0C1E54F]\n   \t(No symbol) [0x00007FF7A0C19224]\n   \t(No symbol) [0x00007FF7A0C1935B]\n   \t(No symbol) [0x00007FF7A0C09B94]\n   \tBaseThreadInitThunk [0x00007FF825E97344+20]\n   \tRtlUserThreadStart [0x00007FF8276C26B1+33]\n", "test_name": "test_Milestonenegative", "rerun": "0"}, "2": {"status": "FAIL", "message": "   selenium.common.exceptions.NoSuchWindowException: Message: no such window: target window already closed\n   from unknown error: web view not found\n     (Session info: chrome=123.0.6312.123)\n   Stacktrace:\n   \tGetHandleVerifier [0x00007FF7A0CA7032+63090]\n   \t(No symbol) [0x00007FF7A0C12C82]\n   \t(No symbol) [0x00007FF7A0AAEC65]\n   \t(No symbol) [0x00007FF7A0A8CA7C]\n   \t(No symbol) [0x00007FF7A0B1D687]\n   \t(No symbol) [0x00007FF7A0B32AC1]\n   \t(No symbol) [0x00007FF7A0B16D83]\n   \t(No symbol) [0x00007FF7A0AE83A8]\n   \t(No symbol) [0x00007FF7A0AE9441]\n   \tGetHandleVerifier [0x00007FF7A10A25AD+4238317]\n   \tGetHandleVerifier [0x00007FF7A10DF70D+4488525]\n   \tGetHandleVerifier [0x00007FF7A10D79EF+4456495]\n   \tGetHandleVerifier [0x00007FF7A0D80576+953270]\n   \t(No symbol) [0x00007FF7A0C1E54F]\n   \t(No symbol) [0x00007FF7A0C19224]\n   \t(No symbol) [0x00007FF7A0C1935B]\n   \t(No symbol) [0x00007FF7A0C09B94]\n   \tBaseThreadInitThunk [0x00007FF825E97344+20]\n   \tRtlUserThreadStart [0x00007FF8276C26B1+33]\n", "test_name": "test_Addmilestonepositive", "rerun": "0"}, "3": {"status": "FAIL", "message": "   selenium.common.exceptions.NoSuchWindowException: Message: no such window: target window already closed\n   from unknown error: web view not found\n     (Session info: chrome=123.0.6312.123)\n   Stacktrace:\n   \tGetHandleVerifier [0x00007FF7A0CA7032+63090]\n   \t(No symbol) [0x00007FF7A0C12C82]\n   \t(No symbol) [0x00007FF7A0AAEC65]\n   \t(No symbol) [0x00007FF7A0A8CA7C]\n   \t(No symbol) [0x00007FF7A0B1D687]\n   \t(No symbol) [0x00007FF7A0B32AC1]\n   \t(No symbol) [0x00007FF7A0B16D83]\n   \t(No symbol) [0x00007FF7A0AE83A8]\n   \t(No symbol) [0x00007FF7A0AE9441]\n   \tGetHandleVerifier [0x00007FF7A10A25AD+4238317]\n   \tGetHandleVerifier [0x00007FF7A10DF70D+4488525]\n   \tGetHandleVerifier [0x00007FF7A10D79EF+4456495]\n   \tGetHandleVerifier [0x00007FF7A0D80576+953270]\n   \t(No symbol) [0x00007FF7A0C1E54F]\n   \t(No symbol) [0x00007FF7A0C19224]\n   \t(No symbol) [0x00007FF7A0C1935B]\n   \t(No symbol) [0x00007FF7A0C09B94]\n   \tBaseThreadInitThunk [0x00007FF825E97344+20]\n   \tRtlUserThreadStart [0x00007FF8276C26B1+33]\n", "test_name": "test_Deletemilestone", "rerun": "0"}}, "suite_name": "testCases/test_milestone.py"}}}, "date": "April 18, 2024", "start_time": 1713428190.0260272, "total_suite": 1, "status": "FAIL", "status_list": {"pass": "0", "fail": "4", "skip": "0", "error": "0", "xpass": "0", "xfail": "0", "rerun": "0"}, "total_tests": "4"}