{"content": {"suites": {"0": {"status": {"total_pass": 0, "total_skip": 0, "total_xpass": 0, "total_xfail": 0, "total_rerun": 0, "total_fail": 2, "total_error": 0}, "tests": {"0": {"status": "FAIL", "message": "   selenium.common.exceptions.NoSuchElementException: Message: no such element: Unable to locate element: {\"method\":\"xpath\",\"selector\":\"/html/body/div[1]/section[1]/main/div/div[1]/main/section[1]/main/div[4]/a/div/p\"}\n     (Session info: chrome=129.0.6668.101); For documentation on this error, please visit: https://www.selenium.dev/documentation/webdriver/troubleshooting/errors#no-such-element-exception\n   Stacktrace:\n   \tGetHandleVerifier [0x00007FF6C2ACB095+29557]\n   \t(No symbol) [0x00007FF6C2A3FA50]\n   \t(No symbol) [0x00007FF6C28FB56A]\n   \t(No symbol) [0x00007FF6C294F695]\n   \t(No symbol) [0x00007FF6C294F8EC]\n   \t(No symbol) [0x00007FF6C299B777]\n   \t(No symbol) [0x00007FF6C29771CF]\n   \t(No symbol) [0x00007FF6C299851C]\n   \t(No symbol) [0x00007FF6C2976F33]\n   \t(No symbol) [0x00007FF6C294116F]\n   \t(No symbol) [0x00007FF6C29422D1]\n   \tGetHandleVerifier [0x00007FF6C2DFC96D+3378253]\n   \tGetHandleVerifier [0x00007FF6C2E48497+3688311]\n   \tGetHandleVerifier [0x00007FF6C2E3D1CB+3642539]\n   \tGetHandleVerifier [0x00007FF6C2B8A6B6+813462]\n   \t(No symbol) [0x00007FF6C2A4AB5F]\n   \t(No symbol) [0x00007FF6C2A46B74]\n   \t(No symbol) [0x00007FF6C2A46D10]\n   \t(No symbol) [0x00007FF6C2A35C1F]\n   \tBaseThreadInitThunk [0x00007FFE3AB07374+20]\n   \tRtlUserThreadStart [0x00007FFE3C89CC91+33]\n", "test_name": "test_postjob", "rerun": "0"}, "1": {"status": "FAIL", "message": "   selenium.common.exceptions.NoSuchElementException: Message: no such element: Unable to locate element: {\"method\":\"xpath\",\"selector\":\"/html/body/div[1]/section[1]/main/div/div[1]/main/section[1]/main/div[4]/a/div/p\"}\n     (Session info: chrome=129.0.6668.101); For documentation on this error, please visit: https://www.selenium.dev/documentation/webdriver/troubleshooting/errors#no-such-element-exception\n   Stacktrace:\n   \tGetHandleVerifier [0x00007FF6C2ACB095+29557]\n   \t(No symbol) [0x00007FF6C2A3FA50]\n   \t(No symbol) [0x00007FF6C28FB56A]\n   \t(No symbol) [0x00007FF6C294F695]\n   \t(No symbol) [0x00007FF6C294F8EC]\n   \t(No symbol) [0x00007FF6C299B777]\n   \t(No symbol) [0x00007FF6C29771CF]\n   \t(No symbol) [0x00007FF6C299851C]\n   \t(No symbol) [0x00007FF6C2976F33]\n   \t(No symbol) [0x00007FF6C294116F]\n   \t(No symbol) [0x00007FF6C29422D1]\n   \tGetHandleVerifier [0x00007FF6C2DFC96D+3378253]\n   \tGetHandleVerifier [0x00007FF6C2E48497+3688311]\n   \tGetHandleVerifier [0x00007FF6C2E3D1CB+3642539]\n   \tGetHandleVerifier [0x00007FF6C2B8A6B6+813462]\n   \t(No symbol) [0x00007FF6C2A4AB5F]\n   \t(No symbol) [0x00007FF6C2A46B74]\n   \t(No symbol) [0x00007FF6C2A46D10]\n   \t(No symbol) [0x00007FF6C2A35C1F]\n   \tBaseThreadInitThunk [0x00007FFE3AB07374+20]\n   \tRtlUserThreadStart [0x00007FFE3C89CC91+33]\n", "test_name": "test_onbehalfofpostjob", "rerun": "0"}}, "suite_name": "testCases/test_postjob.py"}}}, "date": "October 19, 2024", "start_time": 1729325555.6261399, "total_suite": 1, "status": "FAIL", "status_list": {"pass": "0", "fail": "2", "skip": "0", "error": "0", "xpass": "0", "xfail": "0", "rerun": "0"}, "total_tests": "2"}