{"content": {"suites": {"0": {"status": {"total_pass": 2, "total_skip": 0, "total_xpass": 0, "total_xfail": 0, "total_rerun": 0, "total_fail": 2, "total_error": 0}, "tests": {"0": {"status": "FAIL", "message": "   selenium.common.exceptions.NoSuchElementException: Message: no such element: Unable to locate element: {\"method\":\"xpath\",\"selector\":\"/html/body/div[1]/div[2]/section[1]/main/div/div/section/div/div[2]/div/form/div/div[2]/div[2]/div/input\"}\n     (Session info: chrome=126.0.6478.127); For documentation on this error, please visit: https://www.selenium.dev/documentation/webdriver/troubleshooting/errors#no-such-element-exception\n   Stacktrace:\n   \tGetHandleVerifier [0x00007FF616ACEEA2+31554]\n   \t(No symbol) [0x00007FF616A47ED9]\n   \t(No symbol) [0x00007FF61690872A]\n   \t(No symbol) [0x00007FF616958434]\n   \t(No symbol) [0x00007FF61695853C]\n   \t(No symbol) [0x00007FF61699F6A7]\n   \t(No symbol) [0x00007FF61697D06F]\n   \t(No symbol) [0x00007FF61699C977]\n   \t(No symbol) [0x00007FF61697CDD3]\n   \t(No symbol) [0x00007FF61694A33B]\n   \t(No symbol) [0x00007FF61694AED1]\n   \tGetHandleVerifier [0x00007FF616DD8B1D+3217341]\n   \tGetHandleVerifier [0x00007FF616E25AE3+3532675]\n   \tGetHandleVerifier [0x00007FF616E1B0E0+3489152]\n   \tGetHandleVerifier [0x00007FF616B7E776+750614]\n   \t(No symbol) [0x00007FF616A5375F]\n   \t(No symbol) [0x00007FF616A4EB14]\n   \t(No symbol) [0x00007FF616A4ECA2]\n   \t(No symbol) [0x00007FF616A3E16F]\n   \tBaseThreadInitThunk [0x00007FFD99E37344+20]\n   \tRtlUserThreadStart [0x00007FFD9A7FCC91+33]\n", "test_name": "test_postinvesting", "rerun": "0"}, "1": {"status": "FAIL", "message": "   selenium.common.exceptions.ElementClickInterceptedException: Message: element click intercepted: Element <input class=\"PrivateSwitchBase-input MuiSwitch-input css-1m9pwf3\" type=\"checkbox\"> is not clickable at point (451, 542). Other element would receive the click: <div class=\"react-select__menu-notice react-select__menu-notice--no-options css-nhbbvo-NoOptionsMessage2\">...</div>\n     (Session info: chrome=126.0.6478.127)\n   Stacktrace:\n   \tGetHandleVerifier [0x00007FF616ACEEA2+31554]\n   \t(No symbol) [0x00007FF616A47ED9]\n   \t(No symbol) [0x00007FF61690872A]\n   \t(No symbol) [0x00007FF61696012E]\n   \t(No symbol) [0x00007FF61695DAF2]\n   \t(No symbol) [0x00007FF61695AF8B]\n   \t(No symbol) [0x00007FF61695A156]\n   \t(No symbol) [0x00007FF61694C151]\n   \t(No symbol) [0x00007FF61697D02A]\n   \t(No symbol) [0x00007FF61694BA76]\n   \t(No symbol) [0x00007FF61697D240]\n   \t(No symbol) [0x00007FF61699C977]\n   \t(No symbol) [0x00007FF61697CDD3]\n   \t(No symbol) [0x00007FF61694A33B]\n   \t(No symbol) [0x00007FF61694AED1]\n   \tGetHandleVerifier [0x00007FF616DD8B1D+3217341]\n   \tGetHandleVerifier [0x00007FF616E25AE3+3532675]\n   \tGetHandleVerifier [0x00007FF616E1B0E0+3489152]\n   \tGetHandleVerifier [0x00007FF616B7E776+750614]\n   \t(No symbol) [0x00007FF616A5375F]\n   \t(No symbol) [0x00007FF616A4EB14]\n   \t(No symbol) [0x00007FF616A4ECA2]\n   \t(No symbol) [0x00007FF616A3E16F]\n   \tBaseThreadInitThunk [0x00007FFD99E37344+20]\n   \tRtlUserThreadStart [0x00007FFD9A7FCC91+33]\n", "test_name": "test_onbehalfofpostinvesting", "rerun": "0"}, "2": {"status": "PASS", "message": "", "test_name": "test_postinvestingnegative1", "rerun": "0"}, "3": {"status": "PASS", "message": "", "test_name": "test_postinvestingnegative2", "rerun": "0"}}, "suite_name": "testCases/test_postinvestings.py"}}}, "date": "July 05, 2024", "start_time": 1720162207.622639, "total_suite": 1, "status": "FAIL", "status_list": {"pass": "2", "fail": "2", "skip": "0", "error": "0", "xpass": "0", "xfail": "0", "rerun": "0"}, "total_tests": "4"}