{"content": {"suites": {"0": {"status": {"total_pass": 0, "total_skip": 0, "total_xpass": 0, "total_xfail": 0, "total_rerun": 0, "total_fail": 7, "total_error": 0}, "tests": {"0": {"status": "FAIL", "message": "   selenium.common.exceptions.NoSuchElementException: Message: no such element: Unable to locate element: {\"method\":\"xpath\",\"selector\":\"/html/body/div[1]/section[1]/main/div/div[1]/main/section[2]/div/div/main/main[1]/div[4]/div/button[1]\"}\n     (Session info: chrome=129.0.6668.101); For documentation on this error, please visit: https://www.selenium.dev/documentation/webdriver/troubleshooting/errors#no-such-element-exception\n   Stacktrace:\n   \tGetHandleVerifier [0x00007FF63C36B095+29557]\n   \t(No symbol) [0x00007FF63C2DFA50]\n   \t(No symbol) [0x00007FF63C19B56A]\n   \t(No symbol) [0x00007FF63C1EF695]\n   \t(No symbol) [0x00007FF63C1EF8EC]\n   \t(No symbol) [0x00007FF63C23B777]\n   \t(No symbol) [0x00007FF63C2171CF]\n   \t(No symbol) [0x00007FF63C23851C]\n   \t(No symbol) [0x00007FF63C216F33]\n   \t(No symbol) [0x00007FF63C1E116F]\n   \t(No symbol) [0x00007FF63C1E22D1]\n   \tGetHandleVerifier [0x00007FF63C69C96D+3378253]\n   \tGetHandleVerifier [0x00007FF63C6E8497+3688311]\n   \tGetHandleVerifier [0x00007FF63C6DD1CB+3642539]\n   \tGetHandleVerifier [0x00007FF63C42A6B6+813462]\n   \t(No symbol) [0x00007FF63C2EAB5F]\n   \t(No symbol) [0x00007FF63C2E6B74]\n   \t(No symbol) [0x00007FF63C2E6D10]\n   \t(No symbol) [0x00007FF63C2D5C1F]\n   \tBaseThreadInitThunk [0x00007FFE3AB07374+20]\n   \tRtlUserThreadStart [0x00007FFE3C89CC91+33]\n", "test_name": "test_applyjobpositive", "rerun": "0"}, "1": {"status": "FAIL", "message": "   selenium.common.exceptions.NoSuchElementException: Message: no such element: Unable to locate element: {\"method\":\"xpath\",\"selector\":\"/html/body/div[1]/section[1]/main/div/div[1]/main/section[2]/div/div/main/main[1]/div[4]/div/button[1]\"}\n     (Session info: chrome=129.0.6668.101); For documentation on this error, please visit: https://www.selenium.dev/documentation/webdriver/troubleshooting/errors#no-such-element-exception\n   Stacktrace:\n   \tGetHandleVerifier [0x00007FF63C36B095+29557]\n   \t(No symbol) [0x00007FF63C2DFA50]\n   \t(No symbol) [0x00007FF63C19B56A]\n   \t(No symbol) [0x00007FF63C1EF695]\n   \t(No symbol) [0x00007FF63C1EF8EC]\n   \t(No symbol) [0x00007FF63C23B777]\n   \t(No symbol) [0x00007FF63C2171CF]\n   \t(No symbol) [0x00007FF63C23851C]\n   \t(No symbol) [0x00007FF63C216F33]\n   \t(No symbol) [0x00007FF63C1E116F]\n   \t(No symbol) [0x00007FF63C1E22D1]\n   \tGetHandleVerifier [0x00007FF63C69C96D+3378253]\n   \tGetHandleVerifier [0x00007FF63C6E8497+3688311]\n   \tGetHandleVerifier [0x00007FF63C6DD1CB+3642539]\n   \tGetHandleVerifier [0x00007FF63C42A6B6+813462]\n   \t(No symbol) [0x00007FF63C2EAB5F]\n   \t(No symbol) [0x00007FF63C2E6B74]\n   \t(No symbol) [0x00007FF63C2E6D10]\n   \t(No symbol) [0x00007FF63C2D5C1F]\n   \tBaseThreadInitThunk [0x00007FFE3AB07374+20]\n   \tRtlUserThreadStart [0x00007FFE3C89CC91+33]\n", "test_name": "test_applyjobnegative", "rerun": "0"}, "2": {"status": "FAIL", "message": "   selenium.common.exceptions.NoSuchElementException: Message: no such element: Unable to locate element: {\"method\":\"xpath\",\"selector\":\"/html/body/div[1]/section[1]/main/div/div[1]/main/section[2]/div/div/main/main[1]/div[4]/div/button[2]/img\"}\n     (Session info: chrome=129.0.6668.101); For documentation on this error, please visit: https://www.selenium.dev/documentation/webdriver/troubleshooting/errors#no-such-element-exception\n   Stacktrace:\n   \tGetHandleVerifier [0x00007FF63C36B095+29557]\n   \t(No symbol) [0x00007FF63C2DFA50]\n   \t(No symbol) [0x00007FF63C19B56A]\n   \t(No symbol) [0x00007FF63C1EF695]\n   \t(No symbol) [0x00007FF63C1EF8EC]\n   \t(No symbol) [0x00007FF63C23B777]\n   \t(No symbol) [0x00007FF63C2171CF]\n   \t(No symbol) [0x00007FF63C23851C]\n   \t(No symbol) [0x00007FF63C216F33]\n   \t(No symbol) [0x00007FF63C1E116F]\n   \t(No symbol) [0x00007FF63C1E22D1]\n   \tGetHandleVerifier [0x00007FF63C69C96D+3378253]\n   \tGetHandleVerifier [0x00007FF63C6E8497+3688311]\n   \tGetHandleVerifier [0x00007FF63C6DD1CB+3642539]\n   \tGetHandleVerifier [0x00007FF63C42A6B6+813462]\n   \t(No symbol) [0x00007FF63C2EAB5F]\n   \t(No symbol) [0x00007FF63C2E6B74]\n   \t(No symbol) [0x00007FF63C2E6D10]\n   \t(No symbol) [0x00007FF63C2D5C1F]\n   \tBaseThreadInitThunk [0x00007FFE3AB07374+20]\n   \tRtlUserThreadStart [0x00007FFE3C89CC91+33]\n", "test_name": "test_savejob", "rerun": "0"}, "3": {"status": "FAIL", "message": "   selenium.common.exceptions.NoSuchElementException: Message: no such element: Unable to locate element: {\"method\":\"xpath\",\"selector\":\"//a[text()= 'Jobs']\"}\n     (Session info: chrome=129.0.6668.101); For documentation on this error, please visit: https://www.selenium.dev/documentation/webdriver/troubleshooting/errors#no-such-element-exception\n   Stacktrace:\n   \tGetHandleVerifier [0x00007FF63C36B095+29557]\n   \t(No symbol) [0x00007FF63C2DFA50]\n   \t(No symbol) [0x00007FF63C19B56A]\n   \t(No symbol) [0x00007FF63C1EF695]\n   \t(No symbol) [0x00007FF63C1EF8EC]\n   \t(No symbol) [0x00007FF63C23B777]\n   \t(No symbol) [0x00007FF63C2171CF]\n   \t(No symbol) [0x00007FF63C23851C]\n   \t(No symbol) [0x00007FF63C216F33]\n   \t(No symbol) [0x00007FF63C1E116F]\n   \t(No symbol) [0x00007FF63C1E22D1]\n   \tGetHandleVerifier [0x00007FF63C69C96D+3378253]\n   \tGetHandleVerifier [0x00007FF63C6E8497+3688311]\n   \tGetHandleVerifier [0x00007FF63C6DD1CB+3642539]\n   \tGetHandleVerifier [0x00007FF63C42A6B6+813462]\n   \t(No symbol) [0x00007FF63C2EAB5F]\n   \t(No symbol) [0x00007FF63C2E6B74]\n   \t(No symbol) [0x00007FF63C2E6D10]\n   \t(No symbol) [0x00007FF63C2D5C1F]\n   \tBaseThreadInitThunk [0x00007FFE3AB07374+20]\n   \tRtlUserThreadStart [0x00007FFE3C89CC91+33]\n", "test_name": "test_copylinkjob", "rerun": "0"}, "4": {"status": "FAIL", "message": "   selenium.common.exceptions.NoSuchElementException: Message: no such element: Unable to locate element: {\"method\":\"xpath\",\"selector\":\"/html/body/div[1]/section[1]/main/div/div[1]/main/section[2]/div/div/main/main[1]/div[1]/div[3]/div/button/img\"}\n     (Session info: chrome=129.0.6668.101); For documentation on this error, please visit: https://www.selenium.dev/documentation/webdriver/troubleshooting/errors#no-such-element-exception\n   Stacktrace:\n   \tGetHandleVerifier [0x00007FF63C36B095+29557]\n   \t(No symbol) [0x00007FF63C2DFA50]\n   \t(No symbol) [0x00007FF63C19B56A]\n   \t(No symbol) [0x00007FF63C1EF695]\n   \t(No symbol) [0x00007FF63C1EF8EC]\n   \t(No symbol) [0x00007FF63C23B777]\n   \t(No symbol) [0x00007FF63C2171CF]\n   \t(No symbol) [0x00007FF63C23851C]\n   \t(No symbol) [0x00007FF63C216F33]\n   \t(No symbol) [0x00007FF63C1E116F]\n   \t(No symbol) [0x00007FF63C1E22D1]\n   \tGetHandleVerifier [0x00007FF63C69C96D+3378253]\n   \tGetHandleVerifier [0x00007FF63C6E8497+3688311]\n   \tGetHandleVerifier [0x00007FF63C6DD1CB+3642539]\n   \tGetHandleVerifier [0x00007FF63C42A6B6+813462]\n   \t(No symbol) [0x00007FF63C2EAB5F]\n   \t(No symbol) [0x00007FF63C2E6B74]\n   \t(No symbol) [0x00007FF63C2E6D10]\n   \t(No symbol) [0x00007FF63C2D5C1F]\n   \tBaseThreadInitThunk [0x00007FFE3AB07374+20]\n   \tRtlUserThreadStart [0x00007FFE3C89CC91+33]\n", "test_name": "test_reviewjob", "rerun": "0"}, "5": {"status": "FAIL", "message": "   selenium.common.exceptions.NoSuchElementException: Message: no such element: Unable to locate element: {\"method\":\"xpath\",\"selector\":\"//a[text()= 'Jobs']\"}\n     (Session info: chrome=129.0.6668.101); For documentation on this error, please visit: https://www.selenium.dev/documentation/webdriver/troubleshooting/errors#no-such-element-exception\n   Stacktrace:\n   \tGetHandleVerifier [0x00007FF63C36B095+29557]\n   \t(No symbol) [0x00007FF63C2DFA50]\n   \t(No symbol) [0x00007FF63C19B56A]\n   \t(No symbol) [0x00007FF63C1EF695]\n   \t(No symbol) [0x00007FF63C1EF8EC]\n   \t(No symbol) [0x00007FF63C23B777]\n   \t(No symbol) [0x00007FF63C2171CF]\n   \t(No symbol) [0x00007FF63C23851C]\n   \t(No symbol) [0x00007FF63C216F33]\n   \t(No symbol) [0x00007FF63C1E116F]\n   \t(No symbol) [0x00007FF63C1E22D1]\n   \tGetHandleVerifier [0x00007FF63C69C96D+3378253]\n   \tGetHandleVerifier [0x00007FF63C6E8497+3688311]\n   \tGetHandleVerifier [0x00007FF63C6DD1CB+3642539]\n   \tGetHandleVerifier [0x00007FF63C42A6B6+813462]\n   \t(No symbol) [0x00007FF63C2EAB5F]\n   \t(No symbol) [0x00007FF63C2E6B74]\n   \t(No symbol) [0x00007FF63C2E6D10]\n   \t(No symbol) [0x00007FF63C2D5C1F]\n   \tBaseThreadInitThunk [0x00007FFE3AB07374+20]\n   \tRtlUserThreadStart [0x00007FFE3C89CC91+33]\n", "test_name": "testreportjob", "rerun": "0"}, "6": {"status": "FAIL", "message": "   selenium.common.exceptions.NoSuchElementException: Message: no such element: Unable to locate element: {\"method\":\"xpath\",\"selector\":\"/html/body/div[1]/section[1]/main/div/div[1]/main/section[2]/div/div/main/main[1]/div[1]/div[3]/div/button/img\"}\n     (Session info: chrome=129.0.6668.101); For documentation on this error, please visit: https://www.selenium.dev/documentation/webdriver/troubleshooting/errors#no-such-element-exception\n   Stacktrace:\n   \tGetHandleVerifier [0x00007FF63C36B095+29557]\n   \t(No symbol) [0x00007FF63C2DFA50]\n   \t(No symbol) [0x00007FF63C19B56A]\n   \t(No symbol) [0x00007FF63C1EF695]\n   \t(No symbol) [0x00007FF63C1EF8EC]\n   \t(No symbol) [0x00007FF63C23B777]\n   \t(No symbol) [0x00007FF63C2171CF]\n   \t(No symbol) [0x00007FF63C23851C]\n   \t(No symbol) [0x00007FF63C216F33]\n   \t(No symbol) [0x00007FF63C1E116F]\n   \t(No symbol) [0x00007FF63C1E22D1]\n   \tGetHandleVerifier [0x00007FF63C69C96D+3378253]\n   \tGetHandleVerifier [0x00007FF63C6E8497+3688311]\n   \tGetHandleVerifier [0x00007FF63C6DD1CB+3642539]\n   \tGetHandleVerifier [0x00007FF63C42A6B6+813462]\n   \t(No symbol) [0x00007FF63C2EAB5F]\n   \t(No symbol) [0x00007FF63C2E6B74]\n   \t(No symbol) [0x00007FF63C2E6D10]\n   \t(No symbol) [0x00007FF63C2D5C1F]\n   \tBaseThreadInitThunk [0x00007FFE3AB07374+20]\n   \tRtlUserThreadStart [0x00007FFE3C89CC91+33]\n", "test_name": "test_notinterestjob", "rerun": "0"}}, "suite_name": "testCases/test_applyjob.py"}}}, "date": "October 19, 2024", "start_time": 1729315401.58741, "total_suite": 1, "status": "FAIL", "status_list": {"pass": "0", "fail": "7", "skip": "0", "error": "0", "xpass": "0", "xfail": "0", "rerun": "0"}, "total_tests": "7"}