{"content": {"suites": {"0": {"status": {"total_pass": 1, "total_skip": 0, "total_xpass": 0, "total_xfail": 0, "total_rerun": 0, "total_fail": 2, "total_error": 0}, "tests": {"0": {"status": "FAIL", "message": "   selenium.common.exceptions.NoSuchElementException: Message: no such element: Unable to locate element: {\"method\":\"xpath\",\"selector\":\"/html/body/div[3]/div[3]/div/div[2]/main/section/div[2]/form/div/button\"}\n     (Session info: chrome=126.0.6478.127); For documentation on this error, please visit: https://www.selenium.dev/documentation/webdriver/troubleshooting/errors#no-such-element-exception\n   Stacktrace:\n   \tGetHandleVerifier [0x00007FF6D178EEA2+31554]\n   \t(No symbol) [0x00007FF6D1707ED9]\n   \t(No symbol) [0x00007FF6D15C872A]\n   \t(No symbol) [0x00007FF6D1618434]\n   \t(No symbol) [0x00007FF6D161853C]\n   \t(No symbol) [0x00007FF6D165F6A7]\n   \t(No symbol) [0x00007FF6D163D06F]\n   \t(No symbol) [0x00007FF6D165C977]\n   \t(No symbol) [0x00007FF6D163CDD3]\n   \t(No symbol) [0x00007FF6D160A33B]\n   \t(No symbol) [0x00007FF6D160AED1]\n   \tGetHandleVerifier [0x00007FF6D1A98B1D+3217341]\n   \tGetHandleVerifier [0x00007FF6D1AE5AE3+3532675]\n   \tGetHandleVerifier [0x00007FF6D1ADB0E0+3489152]\n   \tGetHandleVerifier [0x00007FF6D183E776+750614]\n   \t(No symbol) [0x00007FF6D171375F]\n   \t(No symbol) [0x00007FF6D170EB14]\n   \t(No symbol) [0x00007FF6D170ECA2]\n   \t(No symbol) [0x00007FF6D16FE16F]\n   \tBaseThreadInitThunk [0x00007FFD99E37344+20]\n   \tRtlUserThreadStart [0x00007FFD9A7FCC91+33]\n", "test_name": "test_Createmilestonepositive", "rerun": "0"}, "1": {"status": "FAIL", "message": "   selenium.common.exceptions.NoSuchElementException: Message: no such element: Unable to locate element: {\"method\":\"xpath\",\"selector\":\"/html/body/div[3]/div[3]/div/div[2]/main/section/div[2]/form/div/button\"}\n     (Session info: chrome=126.0.6478.127); For documentation on this error, please visit: https://www.selenium.dev/documentation/webdriver/troubleshooting/errors#no-such-element-exception\n   Stacktrace:\n   \tGetHandleVerifier [0x00007FF6D178EEA2+31554]\n   \t(No symbol) [0x00007FF6D1707ED9]\n   \t(No symbol) [0x00007FF6D15C872A]\n   \t(No symbol) [0x00007FF6D1618434]\n   \t(No symbol) [0x00007FF6D161853C]\n   \t(No symbol) [0x00007FF6D165F6A7]\n   \t(No symbol) [0x00007FF6D163D06F]\n   \t(No symbol) [0x00007FF6D165C977]\n   \t(No symbol) [0x00007FF6D163CDD3]\n   \t(No symbol) [0x00007FF6D160A33B]\n   \t(No symbol) [0x00007FF6D160AED1]\n   \tGetHandleVerifier [0x00007FF6D1A98B1D+3217341]\n   \tGetHandleVerifier [0x00007FF6D1AE5AE3+3532675]\n   \tGetHandleVerifier [0x00007FF6D1ADB0E0+3489152]\n   \tGetHandleVerifier [0x00007FF6D183E776+750614]\n   \t(No symbol) [0x00007FF6D171375F]\n   \t(No symbol) [0x00007FF6D170EB14]\n   \t(No symbol) [0x00007FF6D170ECA2]\n   \t(No symbol) [0x00007FF6D16FE16F]\n   \tBaseThreadInitThunk [0x00007FFD99E37344+20]\n   \tRtlUserThreadStart [0x00007FFD9A7FCC91+33]\n", "test_name": "test_Deletemilestone", "rerun": "0"}, "2": {"status": "PASS", "message": "", "test_name": "test_Milestonenegative", "rerun": "0"}}, "suite_name": "testCases/test_milestone.py"}}}, "date": "July 02, 2024", "start_time": 1719919626.2382293, "total_suite": 1, "status": "FAIL", "status_list": {"pass": "1", "fail": "2", "skip": "0", "error": "0", "xpass": "0", "xfail": "0", "rerun": "0"}, "total_tests": "3"}