{"content": {"suites": {"0": {"status": {"total_pass": 0, "total_skip": 0, "total_xpass": 0, "total_xfail": 0, "total_rerun": 0, "total_fail": 2, "total_error": 1}, "tests": {"0": {"status": "FAIL", "message": "   selenium.common.exceptions.WebDriverException: Message: unknown error: net::ERR_CONNECTION_REFUSED\n     (Session info: chrome=126.0.6478.114)\n   Stacktrace:\n   \tGetHandleVerifier [0x00007FF61686EEA2+31554]\n   \t(No symbol) [0x00007FF6167E7ED9]\n   \t(No symbol) [0x00007FF6166A872A]\n   \t(No symbol) [0x00007FF6166A0782]\n   \t(No symbol) [0x00007FF616691294]\n   \t(No symbol) [0x00007FF616692B02]\n   \t(No symbol) [0x00007FF6166915C1]\n   \t(No symbol) [0x00007FF616690DA1]\n   \t(No symbol) [0x00007FF616690CE0]\n   \t(No symbol) [0x00007FF61668EC6D]\n   \t(No symbol) [0x00007FF61668F2AC]\n   \t(No symbol) [0x00007FF6166AB501]\n   \t(No symbol) [0x00007FF61673D33E]\n   \t(No symbol) [0x00007FF61671D02A]\n   \t(No symbol) [0x00007FF61673C977]\n   \t(No symbol) [0x00007FF61671CDD3]\n   \t(No symbol) [0x00007FF6166EA33B]\n   \t(No symbol) [0x00007FF6166EAED1]\n   \tGetHandleVerifier [0x00007FF616B78B1D+3217341]\n   \tGetHandleVerifier [0x00007FF616BC5AE3+3532675]\n   \tGetHandleVerifier [0x00007FF616BBB0E0+3489152]\n   \tGetHandleVerifier [0x00007FF61691E776+750614]\n   \t(No symbol) [0x00007FF6167F375F]\n   \t(No symbol) [0x00007FF6167EEB14]\n   \t(No symbol) [0x00007FF6167EECA2]\n   \t(No symbol) [0x00007FF6167DE16F]\n   \tBaseThreadInitThunk [0x00007FFD99E37344+20]\n   \tRtlUserThreadStart [0x00007FFD9A7FCC91+33]\n", "test_name": "test_applyinvestingpositive", "rerun": "0"}, "1": {"status": "FAIL", "message": "   selenium.common.exceptions.WebDriverException: Message: unknown error: net::ERR_CONNECTION_REFUSED\n     (Session info: chrome=126.0.6478.114)\n   Stacktrace:\n   \tGetHandleVerifier [0x00007FF61686EEA2+31554]\n   \t(No symbol) [0x00007FF6167E7ED9]\n   \t(No symbol) [0x00007FF6166A872A]\n   \t(No symbol) [0x00007FF6166A0782]\n   \t(No symbol) [0x00007FF616691294]\n   \t(No symbol) [0x00007FF616692B02]\n   \t(No symbol) [0x00007FF6166915C1]\n   \t(No symbol) [0x00007FF616690DA1]\n   \t(No symbol) [0x00007FF616690CE0]\n   \t(No symbol) [0x00007FF61668EC6D]\n   \t(No symbol) [0x00007FF61668F2AC]\n   \t(No symbol) [0x00007FF6166AB501]\n   \t(No symbol) [0x00007FF61673D33E]\n   \t(No symbol) [0x00007FF61671D02A]\n   \t(No symbol) [0x00007FF61673C977]\n   \t(No symbol) [0x00007FF61671CDD3]\n   \t(No symbol) [0x00007FF6166EA33B]\n   \t(No symbol) [0x00007FF6166EAED1]\n   \tGetHandleVerifier [0x00007FF616B78B1D+3217341]\n   \tGetHandleVerifier [0x00007FF616BC5AE3+3532675]\n   \tGetHandleVerifier [0x00007FF616BBB0E0+3489152]\n   \tGetHandleVerifier [0x00007FF61691E776+750614]\n   \t(No symbol) [0x00007FF6167F375F]\n   \t(No symbol) [0x00007FF6167EEB14]\n   \t(No symbol) [0x00007FF6167EECA2]\n   \t(No symbol) [0x00007FF6167DE16F]\n   \tBaseThreadInitThunk [0x00007FFD99E37344+20]\n   \tRtlUserThreadStart [0x00007FFD9A7FCC91+33]\n", "test_name": "test_applyinvestingonbehalfof", "rerun": "0"}, "2": {"status": "ERROR", "message": "browser = 'chrome'\n\n    @pytest.fixture()\n    def setup(browser):\n        if browser == 'chrome':\n>           driver = webdriver.Chrome()\n\ntestCases\\conftest.py:10: \n_ _ _ _ _ _ _ _ _ _ _ _ _ _ _ _ _ _ _ _ _ _ _ _ _ _ _ _ _ _ _ _ _ _ _ _ _ _ _ _ _ _ _ _ _ _ _ _ _ _ _ _ _ _ _ _ _ _ _ _ _ _ _ _ _ _ _ _ _ _ _ _ _ _ _ _ _ _ _ _ _ _ _ _ _ _ _ _ _ _\n.venv\\Lib\\site-packages\\selenium\\webdriver\\chrome\\webdriver.py:45: in __init__\n    super().__init__(\n.venv\\Lib\\site-packages\\selenium\\webdriver\\chromium\\webdriver.py:61: in __init__\n    super().__init__(command_executor=executor, options=options)\n.venv\\Lib\\site-packages\\selenium\\webdriver\\remote\\webdriver.py:209: in __init__\n    self.start_session(capabilities)\n.venv\\Lib\\site-packages\\selenium\\webdriver\\remote\\webdriver.py:293: in start_session\n    response = self.execute(Command.NEW_SESSION, caps)[\"value\"]\n.venv\\Lib\\site-packages\\selenium\\webdriver\\remote\\webdriver.py:348: in execute\n    self.error_handler.check_response(response)\n_ _ _ _ _ _ _ _ _ _ _ _ _ _ _ _ _ _ _ _ _ _ _ _ _ _ _ _ _ _ _ _ _ _ _ _ _ _ _ _ _ _ _ _ _ _ _ _ _ _ _ _ _ _ _ _ _ _ _ _ _ _ _ _ _ _ _ _ _ _ _ _ _ _ _ _ _ _ _ _ _ _ _ _ _ _ _ _ _ _\n\nself = <selenium.webdriver.remote.errorhandler.ErrorHandler object at 0x0000024D576D1F10>\nresponse = {'status': 500, 'value': '{\"value\":{\"error\":\"session not created\",\"message\":\"session not created: Chrome failed to sta...07FF6167DE16F]\\\\n\\\\tBaseThreadInitThunk [0x00007FFD99E37344+20]\\\\n\\\\tRtlUserThreadStart [0x00007FFD9A7FCC91+33]\\\\n\"}}'}\n\n    def check_response(self, response: Dict[str, Any]) -> None:\n        \"\"\"Checks that a JSON response from the WebDriver does not have an\n        error.\n    \n        :Args:\n         - response - The JSON response from the WebDriver server as a dictionary\n           object.\n    \n        :Raises: If the response contains an error message.\n        \"\"\"\n        status = response.get(\"status\", None)\n        if not status or status == ErrorCode.SUCCESS:\n            return\n        value = None\n        message = response.get(\"message\", \"\")\n        screen: str = response.get(\"screen\", \"\")\n        stacktrace = None\n        if isinstance(status, int):\n            value_json = response.get(\"value\", None)\n            if value_json and isinstance(value_json, str):\n                import json\n    \n                try:\n                    value = json.loads(value_json)\n                    if len(value) == 1:\n                        value = value[\"value\"]\n                    status = value.get(\"error\", None)\n                    if not status:\n                        status = value.get(\"status\", ErrorCode.UNKNOWN_ERROR)\n                        message = value.get(\"value\") or value.get(\"message\")\n                        if not isinstance(message, str):\n                            value = message\n                            message = message.get(\"message\")\n                    else:\n                        message = value.get(\"message\", None)\n                except ValueError:\n                    pass\n    \n        exception_class: Type[WebDriverException]\n        e = ErrorCode()\n        error_codes = [item for item in dir(e) if not item.startswith(\"__\")]\n        for error_code in error_codes:\n            error_info = getattr(ErrorCode, error_code)\n            if isinstance(error_info, list) and status in error_info:\n                exception_class = getattr(ExceptionMapping, error_code, WebDriverException)\n                break\n        else:\n            exception_class = WebDriverException\n    \n        if not value:\n            value = response[\"value\"]\n        if isinstance(value, str):\n            raise exception_class(value)\n        if message == \"\" and \"message\" in value:\n            message = value[\"message\"]\n    \n        screen = None  # type: ignore[assignment]\n        if \"screen\" in value:\n            screen = value[\"screen\"]\n    \n        stacktrace = None\n        st_value = value.get(\"stackTrace\") or value.get(\"stacktrace\")\n        if st_value:\n            if isinstance(st_value, str):\n                stacktrace = st_value.split(\"\\n\")\n            else:\n                stacktrace = []\n                try:\n                    for frame in st_value:\n                        line = frame.get(\"lineNumber\", \"\")\n                        file = frame.get(\"fileName\", \"<anonymous>\")\n                        if line:\n                            file = f\"{file}:{line}\"\n                        meth = frame.get(\"methodName\", \"<anonymous>\")\n                        if \"className\" in frame:\n                            meth = f\"{frame['className']}.{meth}\"\n                        msg = \"    at %s (%s)\"\n                        msg = msg % (meth, file)\n                        stacktrace.append(msg)\n                except TypeError:\n                    pass\n        if exception_class == UnexpectedAlertPresentException:\n            alert_text = None\n            if \"data\" in value:\n                alert_text = value[\"data\"].get(\"text\")\n            elif \"alert\" in value:\n                alert_text = value[\"alert\"].get(\"text\")\n            raise exception_class(message, screen, stacktrace, alert_text)  # type: ignore[call-arg]  # mypy is not smart enough here\n>       raise exception_class(message, screen, stacktrace)\nE       selenium.common.exceptions.SessionNotCreatedException: Message: session not created: Chrome failed to start: exited normally.\nE         (chrome not reachable)\nE         (The process started from chrome location C:\\Program Files\\Google\\Chrome\\Application\\chrome.exe is no longer running, so ChromeDriver is assuming that Chrome has crashed.)\nE       Stacktrace:\nE       \tGetHandleVerifier [0x00007FF61686EEA2+31554]\nE       \t(No symbol) [0x00007FF6167E7ED9]\nE       \t(No symbol) [0x00007FF6166A872A]\nE       \t(No symbol) [0x00007FF6166E0D2E]\nE       \t(No symbol) [0x00007FF6166DBB3B]\nE       \t(No symbol) [0x00007FF616728794]\nE       \t(No symbol) [0x00007FF616727DF0]\nE       \t(No symbol) [0x00007FF61671CDD3]\nE       \t(No symbol) [0x00007FF6166EA33B]\nE       \t(No symbol) [0x00007FF6166EAED1]\nE       \tGetHandleVerifier [0x00007FF616B78B1D+3217341]\nE       \tGetHandleVerifier [0x00007FF616BC5AE3+3532675]\nE       \tGetHandleVerifier [0x00007FF616BBB0E0+3489152]\nE       \tGetHandleVerifier [0x00007FF61691E776+750614]\nE       \t(No symbol) [0x00007FF6167F375F]\nE       \t(No symbol) [0x00007FF6167EEB14]\nE       \t(No symbol) [0x00007FF6167EECA2]\nE       \t(No symbol) [0x00007FF6167DE16F]\nE       \tBaseThreadInitThunk [0x00007FFD99E37344+20]\nE       \tRtlUserThreadStart [0x00007FFD9A7FCC91+33]\n\n.venv\\Lib\\site-packages\\selenium\\webdriver\\remote\\errorhandler.py:229: SessionNotCreatedException\n", "test_name": "test_applyinvestingnegative", "rerun": "0"}}, "suite_name": "testCases/test_applyinvestings.py"}}}, "date": "June 25, 2024", "start_time": 1719290467.8965225, "total_suite": 1, "status": "FAIL", "status_list": {"pass": "0", "fail": "2", "skip": "0", "error": "1", "xpass": "0", "xfail": "0", "rerun": "0"}, "total_tests": "3"}