{"content": {"suites": {"0": {"status": {"total_pass": 0, "total_skip": 0, "total_xpass": 0, "total_xfail": 0, "total_rerun": 0, "total_fail": 5, "total_error": 0}, "tests": {"0": {"status": "FAIL", "message": "   selenium.common.exceptions.WebDriverException: Message: unknown error: net::ERR_CONNECTION_REFUSED\n     (Session info: chrome=126.0.6478.127)\n   Stacktrace:\n   \tGetHandleVerifier [0x00007FF77B57EEA2+31554]\n   \t(No symbol) [0x00007FF77B4F7ED9]\n   \t(No symbol) [0x00007FF77B3B872A]\n   \t(No symbol) [0x00007FF77B3B0782]\n   \t(No symbol) [0x00007FF77B3A1294]\n   \t(No symbol) [0x00007FF77B3A2B02]\n   \t(No symbol) [0x00007FF77B3A15C1]\n   \t(No symbol) [0x00007FF77B3A0DA1]\n   \t(No symbol) [0x00007FF77B3A0CE0]\n   \t(No symbol) [0x00007FF77B39EC6D]\n   \t(No symbol) [0x00007FF77B39F2AC]\n   \t(No symbol) [0x00007FF77B3BB501]\n   \t(No symbol) [0x00007FF77B44D33E]\n   \t(No symbol) [0x00007FF77B42D02A]\n   \t(No symbol) [0x00007FF77B44C977]\n   \t(No symbol) [0x00007FF77B42CDD3]\n   \t(No symbol) [0x00007FF77B3FA33B]\n   \t(No symbol) [0x00007FF77B3FAED1]\n   \tGetHandleVerifier [0x00007FF77B888B1D+3217341]\n   \tGetHandleVerifier [0x00007FF77B8D5AE3+3532675]\n   \tGetHandleVerifier [0x00007FF77B8CB0E0+3489152]\n   \tGetHandleVerifier [0x00007FF77B62E776+750614]\n   \t(No symbol) [0x00007FF77B50375F]\n   \t(No symbol) [0x00007FF77B4FEB14]\n   \t(No symbol) [0x00007FF77B4FECA2]\n   \t(No symbol) [0x00007FF77B4EE16F]\n   \tBaseThreadInitThunk [0x00007FFD99E37344+20]\n   \tRtlUserThreadStart [0x00007FFD9A7FCC91+33]\n", "test_name": "test_Certifiedcoursepositive", "rerun": "0"}, "1": {"status": "FAIL", "message": "   selenium.common.exceptions.NoSuchWindowException: Message: no such window: target window already closed\n   from unknown error: web view not found\n     (Session info: chrome=126.0.6478.127)\n   Stacktrace:\n   \tGetHandleVerifier [0x00007FF77B57EEA2+31554]\n   \t(No symbol) [0x00007FF77B4F7ED9]\n   \t(No symbol) [0x00007FF77B3B872A]\n   \t(No symbol) [0x00007FF77B38D995]\n   \t(No symbol) [0x00007FF77B4344D7]\n   \t(No symbol) [0x00007FF77B44C051]\n   \t(No symbol) [0x00007FF77B42CDD3]\n   \t(No symbol) [0x00007FF77B3FA33B]\n   \t(No symbol) [0x00007FF77B3FAED1]\n   \tGetHandleVerifier [0x00007FF77B888B1D+3217341]\n   \tGetHandleVerifier [0x00007FF77B8D5AE3+3532675]\n   \tGetHandleVerifier [0x00007FF77B8CB0E0+3489152]\n   \tGetHandleVerifier [0x00007FF77B62E776+750614]\n   \t(No symbol) [0x00007FF77B50375F]\n   \t(No symbol) [0x00007FF77B4FEB14]\n   \t(No symbol) [0x00007FF77B4FECA2]\n   \t(No symbol) [0x00007FF77B4EE16F]\n   \tBaseThreadInitThunk [0x00007FFD99E37344+20]\n   \tRtlUserThreadStart [0x00007FFD9A7FCC91+33]\n", "test_name": "test_Certifiedcoursedelete", "rerun": "0"}, "2": {"status": "FAIL", "message": "   selenium.common.exceptions.NoSuchWindowException: Message: no such window: target window already closed\n   from unknown error: web view not found\n     (Session info: chrome=126.0.6478.127)\n   Stacktrace:\n   \tGetHandleVerifier [0x00007FF77B57EEA2+31554]\n   \t(No symbol) [0x00007FF77B4F7ED9]\n   \t(No symbol) [0x00007FF77B3B872A]\n   \t(No symbol) [0x00007FF77B38D995]\n   \t(No symbol) [0x00007FF77B4344D7]\n   \t(No symbol) [0x00007FF77B44C051]\n   \t(No symbol) [0x00007FF77B42CDD3]\n   \t(No symbol) [0x00007FF77B3FA33B]\n   \t(No symbol) [0x00007FF77B3FAED1]\n   \tGetHandleVerifier [0x00007FF77B888B1D+3217341]\n   \tGetHandleVerifier [0x00007FF77B8D5AE3+3532675]\n   \tGetHandleVerifier [0x00007FF77B8CB0E0+3489152]\n   \tGetHandleVerifier [0x00007FF77B62E776+750614]\n   \t(No symbol) [0x00007FF77B50375F]\n   \t(No symbol) [0x00007FF77B4FEB14]\n   \t(No symbol) [0x00007FF77B4FECA2]\n   \t(No symbol) [0x00007FF77B4EE16F]\n   \tBaseThreadInitThunk [0x00007FFD99E37344+20]\n   \tRtlUserThreadStart [0x00007FFD9A7FCC91+33]\n", "test_name": "test_Certifiedcoursenegative1", "rerun": "0"}, "3": {"status": "FAIL", "message": "   selenium.common.exceptions.NoSuchWindowException: Message: no such window: target window already closed\n   from unknown error: web view not found\n     (Session info: chrome=126.0.6478.127)\n   Stacktrace:\n   \tGetHandleVerifier [0x00007FF77B57EEA2+31554]\n   \t(No symbol) [0x00007FF77B4F7ED9]\n   \t(No symbol) [0x00007FF77B3B872A]\n   \t(No symbol) [0x00007FF77B38D995]\n   \t(No symbol) [0x00007FF77B4344D7]\n   \t(No symbol) [0x00007FF77B44C051]\n   \t(No symbol) [0x00007FF77B42CDD3]\n   \t(No symbol) [0x00007FF77B3FA33B]\n   \t(No symbol) [0x00007FF77B3FAED1]\n   \tGetHandleVerifier [0x00007FF77B888B1D+3217341]\n   \tGetHandleVerifier [0x00007FF77B8D5AE3+3532675]\n   \tGetHandleVerifier [0x00007FF77B8CB0E0+3489152]\n   \tGetHandleVerifier [0x00007FF77B62E776+750614]\n   \t(No symbol) [0x00007FF77B50375F]\n   \t(No symbol) [0x00007FF77B4FEB14]\n   \t(No symbol) [0x00007FF77B4FECA2]\n   \t(No symbol) [0x00007FF77B4EE16F]\n   \tBaseThreadInitThunk [0x00007FFD99E37344+20]\n   \tRtlUserThreadStart [0x00007FFD9A7FCC91+33]\n", "test_name": "test_Certifiedcourseinputboxes", "rerun": "0"}, "4": {"status": "FAIL", "message": "   selenium.common.exceptions.NoSuchWindowException: Message: no such window: target window already closed\n   from unknown error: web view not found\n     (Session info: chrome=126.0.6478.127)\n   Stacktrace:\n   \tGetHandleVerifier [0x00007FF77B57EEA2+31554]\n   \t(No symbol) [0x00007FF77B4F7ED9]\n   \t(No symbol) [0x00007FF77B3B872A]\n   \t(No symbol) [0x00007FF77B38D995]\n   \t(No symbol) [0x00007FF77B4344D7]\n   \t(No symbol) [0x00007FF77B44C051]\n   \t(No symbol) [0x00007FF77B42CDD3]\n   \t(No symbol) [0x00007FF77B3FA33B]\n   \t(No symbol) [0x00007FF77B3FAED1]\n   \tGetHandleVerifier [0x00007FF77B888B1D+3217341]\n   \tGetHandleVerifier [0x00007FF77B8D5AE3+3532675]\n   \tGetHandleVerifier [0x00007FF77B8CB0E0+3489152]\n   \tGetHandleVerifier [0x00007FF77B62E776+750614]\n   \t(No symbol) [0x00007FF77B50375F]\n   \t(No symbol) [0x00007FF77B4FEB14]\n   \t(No symbol) [0x00007FF77B4FECA2]\n   \t(No symbol) [0x00007FF77B4EE16F]\n   \tBaseThreadInitThunk [0x00007FFD99E37344+20]\n   \tRtlUserThreadStart [0x00007FFD9A7FCC91+33]\n", "test_name": "test_edit_existdelete", "rerun": "0"}}, "suite_name": "testCases/test_certifiedcourse.py"}}}, "date": "June 28, 2024", "start_time": 1719557972.4770017, "total_suite": 1, "status": "FAIL", "status_list": {"pass": "0", "fail": "5", "skip": "0", "error": "0", "xpass": "0", "xfail": "0", "rerun": "0"}, "total_tests": "5"}