{"content": {"suites": {"0": {"status": {"total_pass": 0, "total_skip": 0, "total_xpass": 0, "total_xfail": 0, "total_rerun": 0, "total_fail": 4, "total_error": 0}, "tests": {"0": {"status": "FAIL", "message": "   selenium.common.exceptions.NoSuchElementException: Message: no such element: Unable to locate element: {\"method\":\"xpath\",\"selector\":\"/html/body/div[1]/div[2]/section[1]/main/nav/main/div[1]/aside[1]/div\"}\n     (Session info: chrome=123.0.6312.123); For documentation on this error, please visit: https://www.selenium.dev/documentation/webdriver/troubleshooting/errors#no-such-element-exception\n   Stacktrace:\n   \tGetHandleVerifier [0x00007FF76C627032+63090]\n   \t(No symbol) [0x00007FF76C592C82]\n   \t(No symbol) [0x00007FF76C42EC65]\n   \t(No symbol) [0x00007FF76C47499D]\n   \t(No symbol) [0x00007FF76C474ADC]\n   \t(No symbol) [0x00007FF76C4B5B37]\n   \t(No symbol) [0x00007FF76C49701F]\n   \t(No symbol) [0x00007FF76C4B3412]\n   \t(No symbol) [0x00007FF76C496D83]\n   \t(No symbol) [0x00007FF76C4683A8]\n   \t(No symbol) [0x00007FF76C469441]\n   \tGetHandleVerifier [0x00007FF76CA225AD+4238317]\n   \tGetHandleVerifier [0x00007FF76CA5F70D+4488525]\n   \tGetHandleVerifier [0x00007FF76CA579EF+4456495]\n   \tGetHandleVerifier [0x00007FF76C700576+953270]\n   \t(No symbol) [0x00007FF76C59E54F]\n   \t(No symbol) [0x00007FF76C599224]\n   \t(No symbol) [0x00007FF76C59935B]\n   \t(No symbol) [0x00007FF76C589B94]\n   \tBaseThreadInitThunk [0x00007FF825E97344+20]\n   \tRtlUserThreadStart [0x00007FF8276C26B1+33]\n", "test_name": "test_Createmilestonepositive", "rerun": "0"}, "1": {"status": "FAIL", "message": "   selenium.common.exceptions.NoSuchElementException: Message: no such element: Unable to locate element: {\"method\":\"xpath\",\"selector\":\"/html/body/div[1]/div[2]/section[1]/main/nav/main/div[1]/aside[1]/div\"}\n     (Session info: chrome=123.0.6312.123); For documentation on this error, please visit: https://www.selenium.dev/documentation/webdriver/troubleshooting/errors#no-such-element-exception\n   Stacktrace:\n   \tGetHandleVerifier [0x00007FF76C627032+63090]\n   \t(No symbol) [0x00007FF76C592C82]\n   \t(No symbol) [0x00007FF76C42EC65]\n   \t(No symbol) [0x00007FF76C47499D]\n   \t(No symbol) [0x00007FF76C474ADC]\n   \t(No symbol) [0x00007FF76C4B5B37]\n   \t(No symbol) [0x00007FF76C49701F]\n   \t(No symbol) [0x00007FF76C4B3412]\n   \t(No symbol) [0x00007FF76C496D83]\n   \t(No symbol) [0x00007FF76C4683A8]\n   \t(No symbol) [0x00007FF76C469441]\n   \tGetHandleVerifier [0x00007FF76CA225AD+4238317]\n   \tGetHandleVerifier [0x00007FF76CA5F70D+4488525]\n   \tGetHandleVerifier [0x00007FF76CA579EF+4456495]\n   \tGetHandleVerifier [0x00007FF76C700576+953270]\n   \t(No symbol) [0x00007FF76C59E54F]\n   \t(No symbol) [0x00007FF76C599224]\n   \t(No symbol) [0x00007FF76C59935B]\n   \t(No symbol) [0x00007FF76C589B94]\n   \tBaseThreadInitThunk [0x00007FF825E97344+20]\n   \tRtlUserThreadStart [0x00007FF8276C26B1+33]\n", "test_name": "test_Milestonenegative", "rerun": "0"}, "2": {"status": "FAIL", "message": "   selenium.common.exceptions.NoSuchWindowException: Message: no such window: target window already closed\n   from unknown error: web view not found\n     (Session info: chrome=123.0.6312.123)\n   Stacktrace:\n   \tGetHandleVerifier [0x00007FF76C627032+63090]\n   \t(No symbol) [0x00007FF76C592C82]\n   \t(No symbol) [0x00007FF76C42EC65]\n   \t(No symbol) [0x00007FF76C40CA7C]\n   \t(No symbol) [0x00007FF76C49D687]\n   \t(No symbol) [0x00007FF76C4B2AC1]\n   \t(No symbol) [0x00007FF76C496D83]\n   \t(No symbol) [0x00007FF76C4683A8]\n   \t(No symbol) [0x00007FF76C469441]\n   \tGetHandleVerifier [0x00007FF76CA225AD+4238317]\n   \tGetHandleVerifier [0x00007FF76CA5F70D+4488525]\n   \tGetHandleVerifier [0x00007FF76CA579EF+4456495]\n   \tGetHandleVerifier [0x00007FF76C700576+953270]\n   \t(No symbol) [0x00007FF76C59E54F]\n   \t(No symbol) [0x00007FF76C599224]\n   \t(No symbol) [0x00007FF76C59935B]\n   \t(No symbol) [0x00007FF76C589B94]\n   \tBaseThreadInitThunk [0x00007FF825E97344+20]\n   \tRtlUserThreadStart [0x00007FF8276C26B1+33]\n", "test_name": "test_Addmilestonepositive", "rerun": "0"}, "3": {"status": "FAIL", "message": "   selenium.common.exceptions.NoSuchWindowException: Message: no such window: target window already closed\n   from unknown error: web view not found\n     (Session info: chrome=123.0.6312.123)\n   Stacktrace:\n   \tGetHandleVerifier [0x00007FF76C627032+63090]\n   \t(No symbol) [0x00007FF76C592C82]\n   \t(No symbol) [0x00007FF76C42EC65]\n   \t(No symbol) [0x00007FF76C40CA7C]\n   \t(No symbol) [0x00007FF76C49D687]\n   \t(No symbol) [0x00007FF76C4B2AC1]\n   \t(No symbol) [0x00007FF76C496D83]\n   \t(No symbol) [0x00007FF76C4683A8]\n   \t(No symbol) [0x00007FF76C469441]\n   \tGetHandleVerifier [0x00007FF76CA225AD+4238317]\n   \tGetHandleVerifier [0x00007FF76CA5F70D+4488525]\n   \tGetHandleVerifier [0x00007FF76CA579EF+4456495]\n   \tGetHandleVerifier [0x00007FF76C700576+953270]\n   \t(No symbol) [0x00007FF76C59E54F]\n   \t(No symbol) [0x00007FF76C599224]\n   \t(No symbol) [0x00007FF76C59935B]\n   \t(No symbol) [0x00007FF76C589B94]\n   \tBaseThreadInitThunk [0x00007FF825E97344+20]\n   \tRtlUserThreadStart [0x00007FF8276C26B1+33]\n", "test_name": "test_Deletemilestone", "rerun": "0"}}, "suite_name": "testCases/test_milestone.py"}}}, "date": "April 18, 2024", "start_time": 1713426320.852336, "total_suite": 1, "status": "FAIL", "status_list": {"pass": "0", "fail": "4", "skip": "0", "error": "0", "xpass": "0", "xfail": "0", "rerun": "0"}, "total_tests": "4"}