{"content": {"suites": {"0": {"status": {"total_pass": 0, "total_skip": 0, "total_xpass": 0, "total_xfail": 0, "total_rerun": 0, "total_fail": 3, "total_error": 0}, "tests": {"0": {"status": "FAIL", "message": "   selenium.common.exceptions.NoSuchWindowException: Message: no such window: target window already closed\n   from unknown error: web view not found\n     (Session info: chrome=132.0.6834.111)\n   Stacktrace:\n   \tGetHandleVerifier [0x00007FF7C9D5CC05+28741]\n   \t(No symbol) [0x00007FF7C9CBFED0]\n   \t(No symbol) [0x00007FF7C9B54FBA]\n   \t(No symbol) [0x00007FF7C9B2ED55]\n   \t(No symbol) [0x00007FF7C9BD6DE7]\n   \t(No symbol) [0x00007FF7C9BEF8B2]\n   \t(No symbol) [0x00007FF7C9BCFBD3]\n   \t(No symbol) [0x00007FF7C9B99F43]\n   \t(No symbol) [0x00007FF7C9B9B2D1]\n   \tGetHandleVerifier [0x00007FF7CA08DE3D+3375741]\n   \tGetHandleVerifier [0x00007FF7CA0A096A+3452330]\n   \tGetHandleVerifier [0x00007FF7CA09671D+3410781]\n   \tGetHandleVerifier [0x00007FF7C9E2653B+854395]\n   \t(No symbol) [0x00007FF7C9CCBE0F]\n   \t(No symbol) [0x00007FF7C9CC7714]\n   \t(No symbol) [0x00007FF7C9CC78AD]\n   \t(No symbol) [0x00007FF7C9CB6189]\n   \tBaseThreadInitThunk [0x00007FFC898C7374+20]\n   \tRtlUserThreadStart [0x00007FFC8A97CC91+33]\n", "test_name": "test_login", "rerun": "0"}, "1": {"status": "FAIL", "message": "   selenium.common.exceptions.NoSuchWindowException: Message: no such window: target window already closed\n   from unknown error: web view not found\n     (Session info: chrome=132.0.6834.111)\n   Stacktrace:\n   \tGetHandleVerifier [0x00007FF7C9D5CC05+28741]\n   \t(No symbol) [0x00007FF7C9CBFED0]\n   \t(No symbol) [0x00007FF7C9B54FBA]\n   \t(No symbol) [0x00007FF7C9B2ED55]\n   \t(No symbol) [0x00007FF7C9BD6DE7]\n   \t(No symbol) [0x00007FF7C9BEF8B2]\n   \t(No symbol) [0x00007FF7C9BCFBD3]\n   \t(No symbol) [0x00007FF7C9B99F43]\n   \t(No symbol) [0x00007FF7C9B9B2D1]\n   \tGetHandleVerifier [0x00007FF7CA08DE3D+3375741]\n   \tGetHandleVerifier [0x00007FF7CA0A096A+3452330]\n   \tGetHandleVerifier [0x00007FF7CA09671D+3410781]\n   \tGetHandleVerifier [0x00007FF7C9E2653B+854395]\n   \t(No symbol) [0x00007FF7C9CCBE0F]\n   \t(No symbol) [0x00007FF7C9CC7714]\n   \t(No symbol) [0x00007FF7C9CC78AD]\n   \t(No symbol) [0x00007FF7C9CB6189]\n   \tBaseThreadInitThunk [0x00007FFC898C7374+20]\n   \tRtlUserThreadStart [0x00007FFC8A97CC91+33]\n", "test_name": "test_loginnegative1", "rerun": "0"}, "2": {"status": "FAIL", "message": "   selenium.common.exceptions.NoSuchWindowException: Message: no such window: target window already closed\n   from unknown error: web view not found\n     (Session info: chrome=132.0.6834.111)\n   Stacktrace:\n   \tGetHandleVerifier [0x00007FF7C9D5CC05+28741]\n   \t(No symbol) [0x00007FF7C9CBFED0]\n   \t(No symbol) [0x00007FF7C9B54FBA]\n   \t(No symbol) [0x00007FF7C9B2ED55]\n   \t(No symbol) [0x00007FF7C9BD6DE7]\n   \t(No symbol) [0x00007FF7C9BEF8B2]\n   \t(No symbol) [0x00007FF7C9BCFBD3]\n   \t(No symbol) [0x00007FF7C9B99F43]\n   \t(No symbol) [0x00007FF7C9B9B2D1]\n   \tGetHandleVerifier [0x00007FF7CA08DE3D+3375741]\n   \tGetHandleVerifier [0x00007FF7CA0A096A+3452330]\n   \tGetHandleVerifier [0x00007FF7CA09671D+3410781]\n   \tGetHandleVerifier [0x00007FF7C9E2653B+854395]\n   \t(No symbol) [0x00007FF7C9CCBE0F]\n   \t(No symbol) [0x00007FF7C9CC7714]\n   \t(No symbol) [0x00007FF7C9CC78AD]\n   \t(No symbol) [0x00007FF7C9CB6189]\n   \tBaseThreadInitThunk [0x00007FFC898C7374+20]\n   \tRtlUserThreadStart [0x00007FFC8A97CC91+33]\n", "test_name": "test_loginnegative2", "rerun": "0"}}, "suite_name": "testCases/test_Logincheck.py"}}}, "date": "January 28, 2025", "start_time": 1738061642.097167, "total_suite": 1, "status": "FAIL", "status_list": {"pass": "0", "fail": "3", "skip": "0", "error": "0", "xpass": "0", "xfail": "0", "rerun": "0"}, "total_tests": "3"}