{"content": {"suites": {"0": {"status": {"total_pass": 3, "total_skip": 0, "total_xpass": 0, "total_xfail": 0, "total_rerun": 0, "total_fail": 0, "total_error": 0}, "tests": {"0": {"status": "PASS", "message": "", "test_name": "test_login", "rerun": "0"}, "1": {"status": "PASS", "message": "", "test_name": "test_loginnegative1", "rerun": "0"}, "2": {"status": "PASS", "message": "", "test_name": "test_loginnegative2", "rerun": "0"}}, "suite_name": "testCases/test_Logincheck.py"}, "1": {"suite_name": "testCases/test_applyinvestings.py", "tests": {"0": {"status": "PASS", "message": "", "test_name": "test_applyinvestingpositive", "rerun": "0"}, "1": {"status": "FAIL", "message": "   selenium.common.exceptions.NoSuchElementException: Message: no such element: Unable to locate element: {\"method\":\"xpath\",\"selector\":\"/html/body/div[4]/div[3]/form/div[4]/div/div[2]/div[2]\"}\n     (Session info: chrome=126.0.6478.127); For documentation on this error, please visit: https://www.selenium.dev/documentation/webdriver/troubleshooting/errors#no-such-element-exception\n   Stacktrace:\n   \tGetHandleVerifier [0x00007FF7FD23EEA2+31554]\n   \t(No symbol) [0x00007FF7FD1B7ED9]\n   \t(No symbol) [0x00007FF7FD07872A]\n   \t(No symbol) [0x00007FF7FD0C8434]\n   \t(No symbol) [0x00007FF7FD0C853C]\n   \t(No symbol) [0x00007FF7FD10F6A7]\n   \t(No symbol) [0x00007FF7FD0ED06F]\n   \t(No symbol) [0x00007FF7FD10C977]\n   \t(No symbol) [0x00007FF7FD0ECDD3]\n   \t(No symbol) [0x00007FF7FD0BA33B]\n   \t(No symbol) [0x00007FF7FD0BAED1]\n   \tGetHandleVerifier [0x00007FF7FD548B1D+3217341]\n   \tGetHandleVerifier [0x00007FF7FD595AE3+3532675]\n   \tGetHandleVerifier [0x00007FF7FD58B0E0+3489152]\n   \tGetHandleVerifier [0x00007FF7FD2EE776+750614]\n   \t(No symbol) [0x00007FF7FD1C375F]\n   \t(No symbol) [0x00007FF7FD1BEB14]\n   \t(No symbol) [0x00007FF7FD1BECA2]\n   \t(No symbol) [0x00007FF7FD1AE16F]\n   \tBaseThreadInitThunk [0x00007FFD99E37344+20]\n   \tRtlUserThreadStart [0x00007FFD9A7FCC91+33]\n", "test_name": "test_applyinvestingonbehalfof", "rerun": "0"}, "2": {"status": "PASS", "message": "", "test_name": "test_applyinvestingnegative", "rerun": "0"}, "3": {"status": "PASS", "message": "", "test_name": "test_Saveinvesting", "rerun": "0"}, "4": {"status": "PASS", "message": "", "test_name": "test_copylinkinvesting", "rerun": "0"}, "5": {"status": "PASS", "message": "", "test_name": "test_reviewinvesting", "rerun": "0"}, "6": {"status": "PASS", "message": "", "test_name": "test_reportinvesting", "rerun": "0"}, "7": {"status": "PASS", "message": "", "test_name": "test_notinterestinvesting", "rerun": "0"}}, "status": {"total_pass": 7, "total_skip": 0, "total_xpass": 0, "total_xfail": 0, "total_rerun": 0, "total_fail": 1, "total_error": 0}}, "2": {"suite_name": "testCases/test_applyjob.py", "tests": {"0": {"status": "FAIL", "message": "   selenium.common.exceptions.NoSuchElementException: Message: no such element: Unable to locate element: {\"method\":\"xpath\",\"selector\":\"/html/body/div[4]/div[3]/div[3]/div/div[2]/div\"}\n     (Session info: chrome=126.0.6478.127); For documentation on this error, please visit: https://www.selenium.dev/documentation/webdriver/troubleshooting/errors#no-such-element-exception\n   Stacktrace:\n   \tGetHandleVerifier [0x00007FF7FD23EEA2+31554]\n   \t(No symbol) [0x00007FF7FD1B7ED9]\n   \t(No symbol) [0x00007FF7FD07872A]\n   \t(No symbol) [0x00007FF7FD0C8434]\n   \t(No symbol) [0x00007FF7FD0C853C]\n   \t(No symbol) [0x00007FF7FD10F6A7]\n   \t(No symbol) [0x00007FF7FD0ED06F]\n   \t(No symbol) [0x00007FF7FD10C977]\n   \t(No symbol) [0x00007FF7FD0ECDD3]\n   \t(No symbol) [0x00007FF7FD0BA33B]\n   \t(No symbol) [0x00007FF7FD0BAED1]\n   \tGetHandleVerifier [0x00007FF7FD548B1D+3217341]\n   \tGetHandleVerifier [0x00007FF7FD595AE3+3532675]\n   \tGetHandleVerifier [0x00007FF7FD58B0E0+3489152]\n   \tGetHandleVerifier [0x00007FF7FD2EE776+750614]\n   \t(No symbol) [0x00007FF7FD1C375F]\n   \t(No symbol) [0x00007FF7FD1BEB14]\n   \t(No symbol) [0x00007FF7FD1BECA2]\n   \t(No symbol) [0x00007FF7FD1AE16F]\n   \tBaseThreadInitThunk [0x00007FFD99E37344+20]\n   \tRtlUserThreadStart [0x00007FFD9A7FCC91+33]\n", "test_name": "test_applyjobpositive", "rerun": "0"}, "1": {"status": "PASS", "message": "", "test_name": "test_applyjobnegative", "rerun": "0"}, "2": {"status": "PASS", "message": "", "test_name": "test_savejob", "rerun": "0"}, "3": {"status": "PASS", "message": "", "test_name": "test_copylinkjob", "rerun": "0"}, "4": {"status": "PASS", "message": "", "test_name": "test_reviewjob", "rerun": "0"}, "5": {"status": "PASS", "message": "", "test_name": "testreportjob", "rerun": "0"}, "6": {"status": "PASS", "message": "", "test_name": "test_notinterestjob", "rerun": "0"}}, "status": {"total_pass": 6, "total_skip": 0, "total_xpass": 0, "total_xfail": 0, "total_rerun": 0, "total_fail": 1, "total_error": 0}}, "3": {"suite_name": "testCases/test_opencloseapplysave.py", "tests": {"0": {"status": "PASS", "message": "", "test_name": "test_JobOCAS", "rerun": "0"}}, "status": {"total_pass": 1, "total_skip": 0, "total_xpass": 0, "total_xfail": 0, "total_rerun": 0, "total_fail": 0, "total_error": 0}}, "4": {"suite_name": "testCases/test_placements.py", "tests": {"0": {"status": "FAIL", "message": "   selenium.common.exceptions.NoSuchElementException: Message: no such element: Unable to locate element: {\"method\":\"xpath\",\"selector\":\"/html/body/div[1]/div[2]/section[1]/main/div/div/main/section[5]/section/div[2]/div\"}\n     (Session info: chrome=126.0.6478.127); For documentation on this error, please visit: https://www.selenium.dev/documentation/webdriver/troubleshooting/errors#no-such-element-exception\n   Stacktrace:\n   \tGetHandleVerifier [0x00007FF7FD23EEA2+31554]\n   \t(No symbol) [0x00007FF7FD1B7ED9]\n   \t(No symbol) [0x00007FF7FD07872A]\n   \t(No symbol) [0x00007FF7FD0C8434]\n   \t(No symbol) [0x00007FF7FD0C853C]\n   \t(No symbol) [0x00007FF7FD10F6A7]\n   \t(No symbol) [0x00007FF7FD0ED06F]\n   \t(No symbol) [0x00007FF7FD10C977]\n   \t(No symbol) [0x00007FF7FD0ECDD3]\n   \t(No symbol) [0x00007FF7FD0BA33B]\n   \t(No symbol) [0x00007FF7FD0BAED1]\n   \tGetHandleVerifier [0x00007FF7FD548B1D+3217341]\n   \tGetHandleVerifier [0x00007FF7FD595AE3+3532675]\n   \tGetHandleVerifier [0x00007FF7FD58B0E0+3489152]\n   \tGetHandleVerifier [0x00007FF7FD2EE776+750614]\n   \t(No symbol) [0x00007FF7FD1C375F]\n   \t(No symbol) [0x00007FF7FD1BEB14]\n   \t(No symbol) [0x00007FF7FD1BECA2]\n   \t(No symbol) [0x00007FF7FD1AE16F]\n   \tBaseThreadInitThunk [0x00007FFD99E37344+20]\n   \tRtlUserThreadStart [0x00007FFD9A7FCC91+33]\n", "test_name": "test_Addplacementspositive", "rerun": "0"}, "1": {"status": "FAIL", "message": "   selenium.common.exceptions.NoSuchWindowException: Message: no such window: target window already closed\n   from unknown error: web view not found\n     (Session info: chrome=126.0.6478.127)\n   Stacktrace:\n   \tGetHandleVerifier [0x00007FF7FD23EEA2+31554]\n   \t(No symbol) [0x00007FF7FD1B7ED9]\n   \t(No symbol) [0x00007FF7FD07872A]\n   \t(No symbol) [0x00007FF7FD04D995]\n   \t(No symbol) [0x00007FF7FD0F44D7]\n   \t(No symbol) [0x00007FF7FD10C051]\n   \t(No symbol) [0x00007FF7FD0ECDD3]\n   \t(No symbol) [0x00007FF7FD0BA33B]\n   \t(No symbol) [0x00007FF7FD0BAED1]\n   \tGetHandleVerifier [0x00007FF7FD548B1D+3217341]\n   \tGetHandleVerifier [0x00007FF7FD595AE3+3532675]\n   \tGetHandleVerifier [0x00007FF7FD58B0E0+3489152]\n   \tGetHandleVerifier [0x00007FF7FD2EE776+750614]\n   \t(No symbol) [0x00007FF7FD1C375F]\n   \t(No symbol) [0x00007FF7FD1BEB14]\n   \t(No symbol) [0x00007FF7FD1BECA2]\n   \t(No symbol) [0x00007FF7FD1AE16F]\n   \tBaseThreadInitThunk [0x00007FFD99E37344+20]\n   \tRtlUserThreadStart [0x00007FFD9A7FCC91+33]\n", "test_name": "test_Editplacementspositive", "rerun": "0"}, "2": {"status": "FAIL", "message": "   selenium.common.exceptions.NoSuchWindowException: Message: no such window: target window already closed\n   from unknown error: web view not found\n     (Session info: chrome=126.0.6478.127)\n   Stacktrace:\n   \tGetHandleVerifier [0x00007FF7FD23EEA2+31554]\n   \t(No symbol) [0x00007FF7FD1B7ED9]\n   \t(No symbol) [0x00007FF7FD07872A]\n   \t(No symbol) [0x00007FF7FD04D995]\n   \t(No symbol) [0x00007FF7FD0F44D7]\n   \t(No symbol) [0x00007FF7FD10C051]\n   \t(No symbol) [0x00007FF7FD0ECDD3]\n   \t(No symbol) [0x00007FF7FD0BA33B]\n   \t(No symbol) [0x00007FF7FD0BAED1]\n   \tGetHandleVerifier [0x00007FF7FD548B1D+3217341]\n   \tGetHandleVerifier [0x00007FF7FD595AE3+3532675]\n   \tGetHandleVerifier [0x00007FF7FD58B0E0+3489152]\n   \tGetHandleVerifier [0x00007FF7FD2EE776+750614]\n   \t(No symbol) [0x00007FF7FD1C375F]\n   \t(No symbol) [0x00007FF7FD1BEB14]\n   \t(No symbol) [0x00007FF7FD1BECA2]\n   \t(No symbol) [0x00007FF7FD1AE16F]\n   \tBaseThreadInitThunk [0x00007FFD99E37344+20]\n   \tRtlUserThreadStart [0x00007FFD9A7FCC91+33]\n", "test_name": "test_Negativeplacementstest1", "rerun": "0"}, "3": {"status": "FAIL", "message": "   selenium.common.exceptions.NoSuchWindowException: Message: no such window: target window already closed\n   from unknown error: web view not found\n     (Session info: chrome=126.0.6478.127)\n   Stacktrace:\n   \tGetHandleVerifier [0x00007FF7FD23EEA2+31554]\n   \t(No symbol) [0x00007FF7FD1B7ED9]\n   \t(No symbol) [0x00007FF7FD07872A]\n   \t(No symbol) [0x00007FF7FD04D995]\n   \t(No symbol) [0x00007FF7FD0F44D7]\n   \t(No symbol) [0x00007FF7FD10C051]\n   \t(No symbol) [0x00007FF7FD0ECDD3]\n   \t(No symbol) [0x00007FF7FD0BA33B]\n   \t(No symbol) [0x00007FF7FD0BAED1]\n   \tGetHandleVerifier [0x00007FF7FD548B1D+3217341]\n   \tGetHandleVerifier [0x00007FF7FD595AE3+3532675]\n   \tGetHandleVerifier [0x00007FF7FD58B0E0+3489152]\n   \tGetHandleVerifier [0x00007FF7FD2EE776+750614]\n   \t(No symbol) [0x00007FF7FD1C375F]\n   \t(No symbol) [0x00007FF7FD1BEB14]\n   \t(No symbol) [0x00007FF7FD1BECA2]\n   \t(No symbol) [0x00007FF7FD1AE16F]\n   \tBaseThreadInitThunk [0x00007FFD99E37344+20]\n   \tRtlUserThreadStart [0x00007FFD9A7FCC91+33]\n", "test_name": "test_Negativeplacementstest2", "rerun": "0"}}, "status": {"total_pass": 0, "total_skip": 0, "total_xpass": 0, "total_xfail": 0, "total_rerun": 0, "total_fail": 4, "total_error": 0}}, "5": {"suite_name": "testCases/test_postinvestings.py", "tests": {"0": {"status": "FAIL", "message": "   selenium.common.exceptions.NoSuchElementException: Message: no such element: Unable to locate element: {\"method\":\"xpath\",\"selector\":\"/html/body/div[1]/div[2]/section[1]/main/div/div/section/div/div[2]/div/form/div/div[2]/div[2]/div/input\"}\n     (Session info: chrome=126.0.6478.127); For documentation on this error, please visit: https://www.selenium.dev/documentation/webdriver/troubleshooting/errors#no-such-element-exception\n   Stacktrace:\n   \tGetHandleVerifier [0x00007FF7FD23EEA2+31554]\n   \t(No symbol) [0x00007FF7FD1B7ED9]\n   \t(No symbol) [0x00007FF7FD07872A]\n   \t(No symbol) [0x00007FF7FD0C8434]\n   \t(No symbol) [0x00007FF7FD0C853C]\n   \t(No symbol) [0x00007FF7FD10F6A7]\n   \t(No symbol) [0x00007FF7FD0ED06F]\n   \t(No symbol) [0x00007FF7FD10C977]\n   \t(No symbol) [0x00007FF7FD0ECDD3]\n   \t(No symbol) [0x00007FF7FD0BA33B]\n   \t(No symbol) [0x00007FF7FD0BAED1]\n   \tGetHandleVerifier [0x00007FF7FD548B1D+3217341]\n   \tGetHandleVerifier [0x00007FF7FD595AE3+3532675]\n   \tGetHandleVerifier [0x00007FF7FD58B0E0+3489152]\n   \tGetHandleVerifier [0x00007FF7FD2EE776+750614]\n   \t(No symbol) [0x00007FF7FD1C375F]\n   \t(No symbol) [0x00007FF7FD1BEB14]\n   \t(No symbol) [0x00007FF7FD1BECA2]\n   \t(No symbol) [0x00007FF7FD1AE16F]\n   \tBaseThreadInitThunk [0x00007FFD99E37344+20]\n   \tRtlUserThreadStart [0x00007FFD9A7FCC91+33]\n", "test_name": "test_postinvesting", "rerun": "0"}, "1": {"status": "FAIL", "message": "   selenium.common.exceptions.ElementClickInterceptedException: Message: element click intercepted: Element <input class=\"PrivateSwitchBase-input MuiSwitch-input css-1m9pwf3\" type=\"checkbox\"> is not clickable at point (451, 542). Other element would receive the click: <div class=\"react-select__menu-notice react-select__menu-notice--no-options css-9dpfvk-A4e\">...</div>\n     (Session info: chrome=126.0.6478.127)\n   Stacktrace:\n   \tGetHandleVerifier [0x00007FF7FD23EEA2+31554]\n   \t(No symbol) [0x00007FF7FD1B7ED9]\n   \t(No symbol) [0x00007FF7FD07872A]\n   \t(No symbol) [0x00007FF7FD0D012E]\n   \t(No symbol) [0x00007FF7FD0CDAF2]\n   \t(No symbol) [0x00007FF7FD0CAF8B]\n   \t(No symbol) [0x00007FF7FD0CA156]\n   \t(No symbol) [0x00007FF7FD0BC151]\n   \t(No symbol) [0x00007FF7FD0ED02A]\n   \t(No symbol) [0x00007FF7FD0BBA76]\n   \t(No symbol) [0x00007FF7FD0ED240]\n   \t(No symbol) [0x00007FF7FD10C977]\n   \t(No symbol) [0x00007FF7FD0ECDD3]\n   \t(No symbol) [0x00007FF7FD0BA33B]\n   \t(No symbol) [0x00007FF7FD0BAED1]\n   \tGetHandleVerifier [0x00007FF7FD548B1D+3217341]\n   \tGetHandleVerifier [0x00007FF7FD595AE3+3532675]\n   \tGetHandleVerifier [0x00007FF7FD58B0E0+3489152]\n   \tGetHandleVerifier [0x00007FF7FD2EE776+750614]\n   \t(No symbol) [0x00007FF7FD1C375F]\n   \t(No symbol) [0x00007FF7FD1BEB14]\n   \t(No symbol) [0x00007FF7FD1BECA2]\n   \t(No symbol) [0x00007FF7FD1AE16F]\n   \tBaseThreadInitThunk [0x00007FFD99E37344+20]\n   \tRtlUserThreadStart [0x00007FFD9A7FCC91+33]\n", "test_name": "test_onbehalfofpostinvesting", "rerun": "0"}, "2": {"status": "PASS", "message": "", "test_name": "test_postinvestingnegative1", "rerun": "0"}, "3": {"status": "PASS", "message": "", "test_name": "test_postinvestingnegative2", "rerun": "0"}}, "status": {"total_pass": 2, "total_skip": 0, "total_xpass": 0, "total_xfail": 0, "total_rerun": 0, "total_fail": 2, "total_error": 0}}, "6": {"suite_name": "testCases/test_postjob.py", "tests": {"0": {"status": "PASS", "message": "", "test_name": "test_postjob", "rerun": "0"}, "1": {"status": "FAIL", "message": "   selenium.common.exceptions.ElementClickInterceptedException: Message: element click intercepted: Element is not clickable at point (749, 758)\n     (Session info: chrome=126.0.6478.127)\n   Stacktrace:\n   \tGetHandleVerifier [0x00007FF7FD23EEA2+31554]\n   \t(No symbol) [0x00007FF7FD1B7ED9]\n   \t(No symbol) [0x00007FF7FD07872A]\n   \t(No symbol) [0x00007FF7FD0D012E]\n   \t(No symbol) [0x00007FF7FD0CDAF2]\n   \t(No symbol) [0x00007FF7FD0CAF8B]\n   \t(No symbol) [0x00007FF7FD0CA156]\n   \t(No symbol) [0x00007FF7FD0BC151]\n   \t(No symbol) [0x00007FF7FD0ED02A]\n   \t(No symbol) [0x00007FF7FD0BBA76]\n   \t(No symbol) [0x00007FF7FD0ED240]\n   \t(No symbol) [0x00007FF7FD10C977]\n   \t(No symbol) [0x00007FF7FD0ECDD3]\n   \t(No symbol) [0x00007FF7FD0BA33B]\n   \t(No symbol) [0x00007FF7FD0BAED1]\n   \tGetHandleVerifier [0x00007FF7FD548B1D+3217341]\n   \tGetHandleVerifier [0x00007FF7FD595AE3+3532675]\n   \tGetHandleVerifier [0x00007FF7FD58B0E0+3489152]\n   \tGetHandleVerifier [0x00007FF7FD2EE776+750614]\n   \t(No symbol) [0x00007FF7FD1C375F]\n   \t(No symbol) [0x00007FF7FD1BEB14]\n   \t(No symbol) [0x00007FF7FD1BECA2]\n   \t(No symbol) [0x00007FF7FD1AE16F]\n   \tBaseThreadInitThunk [0x00007FFD99E37344+20]\n   \tRtlUserThreadStart [0x00007FFD9A7FCC91+33]\n", "test_name": "test_onbehalfofpostjob", "rerun": "0"}, "2": {"status": "PASS", "message": "", "test_name": "test_jobsnegative1", "rerun": "0"}, "3": {"status": "PASS", "message": "", "test_name": "test_designationnegative", "rerun": "0"}, "4": {"status": "FAIL", "message": "   selenium.common.exceptions.ElementClickInterceptedException: Message: element click intercepted: Element <input name=\"experienceFrom\" type=\"text\" inputmode=\"numeric\" placeholder=\"From\" step=\"any\" style=\"border-radius: 0px;\"> is not clickable at point (722, 18). Other element would receive the click: <main class=\"display-flex-aic-jcsb navbar-parent\">...</main>\n     (Session info: chrome=126.0.6478.127)\n   Stacktrace:\n   \tGetHandleVerifier [0x00007FF7FD23EEA2+31554]\n   \t(No symbol) [0x00007FF7FD1B7ED9]\n   \t(No symbol) [0x00007FF7FD07872A]\n   \t(No symbol) [0x00007FF7FD0D012E]\n   \t(No symbol) [0x00007FF7FD0CDAF2]\n   \t(No symbol) [0x00007FF7FD0CAF8B]\n   \t(No symbol) [0x00007FF7FD0CA156]\n   \t(No symbol) [0x00007FF7FD0BC151]\n   \t(No symbol) [0x00007FF7FD0ED02A]\n   \t(No symbol) [0x00007FF7FD0BBA76]\n   \t(No symbol) [0x00007FF7FD0ED240]\n   \t(No symbol) [0x00007FF7FD10C977]\n   \t(No symbol) [0x00007FF7FD0ECDD3]\n   \t(No symbol) [0x00007FF7FD0BA33B]\n   \t(No symbol) [0x00007FF7FD0BAED1]\n   \tGetHandleVerifier [0x00007FF7FD548B1D+3217341]\n   \tGetHandleVerifier [0x00007FF7FD595AE3+3532675]\n   \tGetHandleVerifier [0x00007FF7FD58B0E0+3489152]\n   \tGetHandleVerifier [0x00007FF7FD2EE776+750614]\n   \t(No symbol) [0x00007FF7FD1C375F]\n   \t(No symbol) [0x00007FF7FD1BEB14]\n   \t(No symbol) [0x00007FF7FD1BECA2]\n   \t(No symbol) [0x00007FF7FD1AE16F]\n   \tBaseThreadInitThunk [0x00007FFD99E37344+20]\n   \tRtlUserThreadStart [0x00007FFD9A7FCC91+33]\n", "test_name": "test_experiencenegative", "rerun": "0"}, "5": {"status": "PASS", "message": "", "test_name": "test_locationnegative", "rerun": "0"}, "6": {"status": "PASS", "message": "", "test_name": "test_salaryminmaxnegative", "rerun": "0"}, "7": {"status": "PASS", "message": "", "test_name": "test_requirementresponsiblitiesnegative", "rerun": "0"}}, "status": {"total_pass": 6, "total_skip": 0, "total_xpass": 0, "total_xfail": 0, "total_rerun": 0, "total_fail": 2, "total_error": 0}}, "7": {"suite_name": "testCases/test_services.py", "tests": {"0": {"status": "FAIL", "message": "   selenium.common.exceptions.NoSuchWindowException: Message: no such window: target window already closed\n   from unknown error: web view not found\n     (Session info: chrome=126.0.6478.127)\n   Stacktrace:\n   \tGetHandleVerifier [0x00007FF7FD23EEA2+31554]\n   \t(No symbol) [0x00007FF7FD1B7ED9]\n   \t(No symbol) [0x00007FF7FD07872A]\n   \t(No symbol) [0x00007FF7FD04D995]\n   \t(No symbol) [0x00007FF7FD0F44D7]\n   \t(No symbol) [0x00007FF7FD10C051]\n   \t(No symbol) [0x00007FF7FD0ECDD3]\n   \t(No symbol) [0x00007FF7FD0BA33B]\n   \t(No symbol) [0x00007FF7FD0BAED1]\n   \tGetHandleVerifier [0x00007FF7FD548B1D+3217341]\n   \tGetHandleVerifier [0x00007FF7FD595AE3+3532675]\n   \tGetHandleVerifier [0x00007FF7FD58B0E0+3489152]\n   \tGetHandleVerifier [0x00007FF7FD2EE776+750614]\n   \t(No symbol) [0x00007FF7FD1C375F]\n   \t(No symbol) [0x00007FF7FD1BEB14]\n   \t(No symbol) [0x00007FF7FD1BECA2]\n   \t(No symbol) [0x00007FF7FD1AE16F]\n   \tBaseThreadInitThunk [0x00007FFD99E37344+20]\n   \tRtlUserThreadStart [0x00007FFD9A7FCC91+33]\n", "test_name": "test_DeleteServices", "rerun": "0"}}, "status": {"total_pass": 0, "total_skip": 0, "total_xpass": 0, "total_xfail": 0, "total_rerun": 0, "total_fail": 1, "total_error": 0}}, "8": {"suite_name": "testCases/test_solutions.py", "tests": {"0": {"status": "FAIL", "message": "   selenium.common.exceptions.NoSuchWindowException: Message: no such window: target window already closed\n   from unknown error: web view not found\n     (Session info: chrome=126.0.6478.127)\n   Stacktrace:\n   \tGetHandleVerifier [0x00007FF7FD23EEA2+31554]\n   \t(No symbol) [0x00007FF7FD1B7ED9]\n   \t(No symbol) [0x00007FF7FD07872A]\n   \t(No symbol) [0x00007FF7FD04D995]\n   \t(No symbol) [0x00007FF7FD0F44D7]\n   \t(No symbol) [0x00007FF7FD10C051]\n   \t(No symbol) [0x00007FF7FD0ECDD3]\n   \t(No symbol) [0x00007FF7FD0BA33B]\n   \t(No symbol) [0x00007FF7FD0BAED1]\n   \tGetHandleVerifier [0x00007FF7FD548B1D+3217341]\n   \tGetHandleVerifier [0x00007FF7FD595AE3+3532675]\n   \tGetHandleVerifier [0x00007FF7FD58B0E0+3489152]\n   \tGetHandleVerifier [0x00007FF7FD2EE776+750614]\n   \t(No symbol) [0x00007FF7FD1C375F]\n   \t(No symbol) [0x00007FF7FD1BEB14]\n   \t(No symbol) [0x00007FF7FD1BECA2]\n   \t(No symbol) [0x00007FF7FD1AE16F]\n   \tBaseThreadInitThunk [0x00007FFD99E37344+20]\n   \tRtlUserThreadStart [0x00007FFD9A7FCC91+33]\n", "test_name": "test_DeleteServices", "rerun": "0"}}, "status": {"total_pass": 0, "total_skip": 0, "total_xpass": 0, "total_xfail": 0, "total_rerun": 0, "total_fail": 1, "total_error": 0}}}}, "date": "July 04, 2024", "start_time": 1720100899.5148313, "total_suite": 9, "status": "FAIL", "status_list": {"pass": "25", "fail": "12", "skip": "0", "error": "0", "xpass": "0", "xfail": "0", "rerun": "0"}, "total_tests": "37"}