{"content": {"suites": {"0": {"status": {"total_pass": 0, "total_skip": 0, "total_xpass": 0, "total_xfail": 0, "total_rerun": 0, "total_fail": 3, "total_error": 0}, "tests": {"0": {"status": "FAIL", "message": "   selenium.common.exceptions.InvalidElementStateException: Message: invalid element state\n     (Session info: chrome=126.0.6478.127)\n   Stacktrace:\n   \tGetHandleVerifier [0x00007FF6FE25EEA2+31554]\n   \t(No symbol) [0x00007FF6FE1D7ED9]\n   \t(No symbol) [0x00007FF6FE098559]\n   \t(No symbol) [0x00007FF6FE0DDDD9]\n   \t(No symbol) [0x00007FF6FE10D02A]\n   \t(No symbol) [0x00007FF6FE0DBA76]\n   \t(No symbol) [0x00007FF6FE10D240]\n   \t(No symbol) [0x00007FF6FE12C977]\n   \t(No symbol) [0x00007FF6FE10CDD3]\n   \t(No symbol) [0x00007FF6FE0DA33B]\n   \t(No symbol) [0x00007FF6FE0DAED1]\n   \tGetHandleVerifier [0x00007FF6FE568B1D+3217341]\n   \tGetHandleVerifier [0x00007FF6FE5B5AE3+3532675]\n   \tGetHandleVerifier [0x00007FF6FE5AB0E0+3489152]\n   \tGetHandleVerifier [0x00007FF6FE30E776+750614]\n   \t(No symbol) [0x00007FF6FE1E375F]\n   \t(No symbol) [0x00007FF6FE1DEB14]\n   \t(No symbol) [0x00007FF6FE1DECA2]\n   \t(No symbol) [0x00007FF6FE1CE16F]\n   \tBaseThreadInitThunk [0x00007FFD99E37344+20]\n   \tRtlUserThreadStart [0x00007FFD9A7FCC91+33]\n", "test_name": "test_Createsolutionspositive", "rerun": "0"}, "1": {"status": "FAIL", "message": "   selenium.common.exceptions.InvalidElementStateException: Message: invalid element state\n     (Session info: chrome=126.0.6478.127)\n   Stacktrace:\n   \tGetHandleVerifier [0x00007FF6FE25EEA2+31554]\n   \t(No symbol) [0x00007FF6FE1D7ED9]\n   \t(No symbol) [0x00007FF6FE098559]\n   \t(No symbol) [0x00007FF6FE0DDDD9]\n   \t(No symbol) [0x00007FF6FE10D02A]\n   \t(No symbol) [0x00007FF6FE0DBA76]\n   \t(No symbol) [0x00007FF6FE10D240]\n   \t(No symbol) [0x00007FF6FE12C977]\n   \t(No symbol) [0x00007FF6FE10CDD3]\n   \t(No symbol) [0x00007FF6FE0DA33B]\n   \t(No symbol) [0x00007FF6FE0DAED1]\n   \tGetHandleVerifier [0x00007FF6FE568B1D+3217341]\n   \tGetHandleVerifier [0x00007FF6FE5B5AE3+3532675]\n   \tGetHandleVerifier [0x00007FF6FE5AB0E0+3489152]\n   \tGetHandleVerifier [0x00007FF6FE30E776+750614]\n   \t(No symbol) [0x00007FF6FE1E375F]\n   \t(No symbol) [0x00007FF6FE1DEB14]\n   \t(No symbol) [0x00007FF6FE1DECA2]\n   \t(No symbol) [0x00007FF6FE1CE16F]\n   \tBaseThreadInitThunk [0x00007FFD99E37344+20]\n   \tRtlUserThreadStart [0x00007FFD9A7FCC91+33]\n", "test_name": "test_DeleteServices", "rerun": "0"}, "2": {"status": "FAIL", "message": "   selenium.common.exceptions.NoSuchWindowException: Message: no such window: target window already closed\n   from unknown error: web view not found\n     (Session info: chrome=126.0.6478.127)\n   Stacktrace:\n   \tGetHandleVerifier [0x00007FF6FE25EEA2+31554]\n   \t(No symbol) [0x00007FF6FE1D7ED9]\n   \t(No symbol) [0x00007FF6FE09872A]\n   \t(No symbol) [0x00007FF6FE06D995]\n   \t(No symbol) [0x00007FF6FE1144D7]\n   \t(No symbol) [0x00007FF6FE12C051]\n   \t(No symbol) [0x00007FF6FE10CDD3]\n   \t(No symbol) [0x00007FF6FE0DA33B]\n   \t(No symbol) [0x00007FF6FE0DAED1]\n   \tGetHandleVerifier [0x00007FF6FE568B1D+3217341]\n   \tGetHandleVerifier [0x00007FF6FE5B5AE3+3532675]\n   \tGetHandleVerifier [0x00007FF6FE5AB0E0+3489152]\n   \tGetHandleVerifier [0x00007FF6FE30E776+750614]\n   \t(No symbol) [0x00007FF6FE1E375F]\n   \t(No symbol) [0x00007FF6FE1DEB14]\n   \t(No symbol) [0x00007FF6FE1DECA2]\n   \t(No symbol) [0x00007FF6FE1CE16F]\n   \tBaseThreadInitThunk [0x00007FFD99E37344+20]\n   \tRtlUserThreadStart [0x00007FFD9A7FCC91+33]\n", "test_name": "test_AddSolutionsnegative", "rerun": "0"}}, "suite_name": "testCases/test_solutions.py"}}}, "date": "July 02, 2024", "start_time": 1719910436.7268565, "total_suite": 1, "status": "FAIL", "status_list": {"pass": "0", "fail": "3", "skip": "0", "error": "0", "xpass": "0", "xfail": "0", "rerun": "0"}, "total_tests": "3"}