{"content": {"suites": {"0": {"status": {"total_pass": 2, "total_skip": 0, "total_xpass": 0, "total_xfail": 0, "total_rerun": 0, "total_fail": 1, "total_error": 0}, "tests": {"0": {"status": "FAIL", "message": "       assert False\n", "test_name": "test_Editaboutpositive", "rerun": "0"}, "1": {"status": "PASS", "message": "", "test_name": "test_Editaboutnegative1", "rerun": "0"}, "2": {"status": "PASS", "message": "", "test_name": "test_Editaboutnegative2", "rerun": "0"}}, "suite_name": "testCases/test_Editabout.py"}, "1": {"suite_name": "testCases/test_Editquote.py", "tests": {"0": {"status": "PASS", "message": "", "test_name": "test_Editquotepositive", "rerun": "0"}, "1": {"status": "PASS", "message": "", "test_name": "test_Editquotenegative", "rerun": "0"}, "2": {"status": "PASS", "message": "", "test_name": "test_Editquotenegative2", "rerun": "0"}, "3": {"status": "PASS", "message": "", "test_name": "test_Editquotenegative3", "rerun": "0"}}, "status": {"total_pass": 4, "total_skip": 0, "total_xpass": 0, "total_xfail": 0, "total_rerun": 0, "total_fail": 0, "total_error": 0}}, "2": {"suite_name": "testCases/test_businesscard.py", "tests": {"0": {"status": "PASS", "message": "", "test_name": "test_Editbusinesscardpositive", "rerun": "0"}, "1": {"status": "PASS", "message": "", "test_name": "test_Editbusinesscardnegative", "rerun": "0"}}, "status": {"total_pass": 2, "total_skip": 0, "total_xpass": 0, "total_xfail": 0, "total_rerun": 0, "total_fail": 0, "total_error": 0}}, "3": {"suite_name": "testCases/test_certifiedcourse.py", "tests": {"0": {"status": "PASS", "message": "", "test_name": "test_Certifiedcoursepositive", "rerun": "0"}, "1": {"status": "PASS", "message": "", "test_name": "test_Certifiedcoursedelete", "rerun": "0"}, "2": {"status": "PASS", "message": "", "test_name": "test_Certifiedcoursenegative1", "rerun": "0"}, "3": {"status": "PASS", "message": "", "test_name": "test_edit_existdelete", "rerun": "0"}}, "status": {"total_pass": 4, "total_skip": 0, "total_xpass": 0, "total_xfail": 0, "total_rerun": 0, "total_fail": 0, "total_error": 0}}, "4": {"suite_name": "testCases/test_milestone.py", "tests": {"0": {"status": "PASS", "message": "", "test_name": "test_Createmilestonepositive", "rerun": "0"}, "1": {"status": "PASS", "message": "", "test_name": "test_Deletemilestone", "rerun": "0"}, "2": {"status": "PASS", "message": "", "test_name": "test_Milestonenegative", "rerun": "0"}}, "status": {"total_pass": 3, "total_skip": 0, "total_xpass": 0, "total_xfail": 0, "total_rerun": 0, "total_fail": 0, "total_error": 0}}, "5": {"suite_name": "testCases/test_placements.py", "tests": {"0": {"status": "FAIL", "message": "   selenium.common.exceptions.ElementClickInterceptedException: Message: element click intercepted: Element <div class=\"display-flex-aljc-center icon-wrapper cp\">...</div> is not clickable at point (1376, 129). Other element would receive the click: <main class=\"profile__header\" style=\"flex-wrap: wrap;\">...</main>\n     (Session info: chrome=126.0.6478.127)\n   Stacktrace:\n   \tGetHandleVerifier [0x00007FF7467DEEA2+31554]\n   \t(No symbol) [0x00007FF746757ED9]\n   \t(No symbol) [0x00007FF74661872A]\n   \t(No symbol) [0x00007FF74667012E]\n   \t(No symbol) [0x00007FF74666DAF2]\n   \t(No symbol) [0x00007FF74666AF8B]\n   \t(No symbol) [0x00007FF74666A156]\n   \t(No symbol) [0x00007FF74665C151]\n   \t(No symbol) [0x00007FF74668D02A]\n   \t(No symbol) [0x00007FF74665BA76]\n   \t(No symbol) [0x00007FF74668D240]\n   \t(No symbol) [0x00007FF7466AC977]\n   \t(No symbol) [0x00007FF74668CDD3]\n   \t(No symbol) [0x00007FF74665A33B]\n   \t(No symbol) [0x00007FF74665AED1]\n   \tGetHandleVerifier [0x00007FF746AE8B1D+3217341]\n   \tGetHandleVerifier [0x00007FF746B35AE3+3532675]\n   \tGetHandleVerifier [0x00007FF746B2B0E0+3489152]\n   \tGetHandleVerifier [0x00007FF74688E776+750614]\n   \t(No symbol) [0x00007FF74676375F]\n   \t(No symbol) [0x00007FF74675EB14]\n   \t(No symbol) [0x00007FF74675ECA2]\n   \t(No symbol) [0x00007FF74674E16F]\n   \tBaseThreadInitThunk [0x00007FFD99E37344+20]\n   \tRtlUserThreadStart [0x00007FFD9A7FCC91+33]\n", "test_name": "test_Addplacementspositive", "rerun": "0"}, "1": {"status": "FAIL", "message": "   selenium.common.exceptions.ElementClickInterceptedException: Message: element click intercepted: Element <div class=\"display-flex-aljc-center icon-wrapper cp\">...</div> is not clickable at point (1376, 129). Other element would receive the click: <main class=\"profile__header\" style=\"flex-wrap: wrap;\">...</main>\n     (Session info: chrome=126.0.6478.127)\n   Stacktrace:\n   \tGetHandleVerifier [0x00007FF7467DEEA2+31554]\n   \t(No symbol) [0x00007FF746757ED9]\n   \t(No symbol) [0x00007FF74661872A]\n   \t(No symbol) [0x00007FF74667012E]\n   \t(No symbol) [0x00007FF74666DAF2]\n   \t(No symbol) [0x00007FF74666AF8B]\n   \t(No symbol) [0x00007FF74666A156]\n   \t(No symbol) [0x00007FF74665C151]\n   \t(No symbol) [0x00007FF74668D02A]\n   \t(No symbol) [0x00007FF74665BA76]\n   \t(No symbol) [0x00007FF74668D240]\n   \t(No symbol) [0x00007FF7466AC977]\n   \t(No symbol) [0x00007FF74668CDD3]\n   \t(No symbol) [0x00007FF74665A33B]\n   \t(No symbol) [0x00007FF74665AED1]\n   \tGetHandleVerifier [0x00007FF746AE8B1D+3217341]\n   \tGetHandleVerifier [0x00007FF746B35AE3+3532675]\n   \tGetHandleVerifier [0x00007FF746B2B0E0+3489152]\n   \tGetHandleVerifier [0x00007FF74688E776+750614]\n   \t(No symbol) [0x00007FF74676375F]\n   \t(No symbol) [0x00007FF74675EB14]\n   \t(No symbol) [0x00007FF74675ECA2]\n   \t(No symbol) [0x00007FF74674E16F]\n   \tBaseThreadInitThunk [0x00007FFD99E37344+20]\n   \tRtlUserThreadStart [0x00007FFD9A7FCC91+33]\n", "test_name": "test_Editplacementspositive", "rerun": "0"}, "2": {"status": "FAIL", "message": "   selenium.common.exceptions.ElementClickInterceptedException: Message: element click intercepted: Element <div class=\"display-flex-aljc-center icon-wrapper cp\">...</div> is not clickable at point (1376, 129). Other element would receive the click: <main class=\"profile__header\" style=\"flex-wrap: wrap;\">...</main>\n     (Session info: chrome=126.0.6478.127)\n   Stacktrace:\n   \tGetHandleVerifier [0x00007FF7467DEEA2+31554]\n   \t(No symbol) [0x00007FF746757ED9]\n   \t(No symbol) [0x00007FF74661872A]\n   \t(No symbol) [0x00007FF74667012E]\n   \t(No symbol) [0x00007FF74666DAF2]\n   \t(No symbol) [0x00007FF74666AF8B]\n   \t(No symbol) [0x00007FF74666A156]\n   \t(No symbol) [0x00007FF74665C151]\n   \t(No symbol) [0x00007FF74668D02A]\n   \t(No symbol) [0x00007FF74665BA76]\n   \t(No symbol) [0x00007FF74668D240]\n   \t(No symbol) [0x00007FF7466AC977]\n   \t(No symbol) [0x00007FF74668CDD3]\n   \t(No symbol) [0x00007FF74665A33B]\n   \t(No symbol) [0x00007FF74665AED1]\n   \tGetHandleVerifier [0x00007FF746AE8B1D+3217341]\n   \tGetHandleVerifier [0x00007FF746B35AE3+3532675]\n   \tGetHandleVerifier [0x00007FF746B2B0E0+3489152]\n   \tGetHandleVerifier [0x00007FF74688E776+750614]\n   \t(No symbol) [0x00007FF74676375F]\n   \t(No symbol) [0x00007FF74675EB14]\n   \t(No symbol) [0x00007FF74675ECA2]\n   \t(No symbol) [0x00007FF74674E16F]\n   \tBaseThreadInitThunk [0x00007FFD99E37344+20]\n   \tRtlUserThreadStart [0x00007FFD9A7FCC91+33]\n", "test_name": "test_Negativeplacementstest1", "rerun": "0"}, "3": {"status": "FAIL", "message": "   selenium.common.exceptions.ElementClickInterceptedException: Message: element click intercepted: Element <div class=\"display-flex-aljc-center icon-wrapper cp\">...</div> is not clickable at point (1376, 129). Other element would receive the click: <main class=\"profile__header\" style=\"flex-wrap: wrap;\">...</main>\n     (Session info: chrome=126.0.6478.127)\n   Stacktrace:\n   \tGetHandleVerifier [0x00007FF7467DEEA2+31554]\n   \t(No symbol) [0x00007FF746757ED9]\n   \t(No symbol) [0x00007FF74661872A]\n   \t(No symbol) [0x00007FF74667012E]\n   \t(No symbol) [0x00007FF74666DAF2]\n   \t(No symbol) [0x00007FF74666AF8B]\n   \t(No symbol) [0x00007FF74666A156]\n   \t(No symbol) [0x00007FF74665C151]\n   \t(No symbol) [0x00007FF74668D02A]\n   \t(No symbol) [0x00007FF74665BA76]\n   \t(No symbol) [0x00007FF74668D240]\n   \t(No symbol) [0x00007FF7466AC977]\n   \t(No symbol) [0x00007FF74668CDD3]\n   \t(No symbol) [0x00007FF74665A33B]\n   \t(No symbol) [0x00007FF74665AED1]\n   \tGetHandleVerifier [0x00007FF746AE8B1D+3217341]\n   \tGetHandleVerifier [0x00007FF746B35AE3+3532675]\n   \tGetHandleVerifier [0x00007FF746B2B0E0+3489152]\n   \tGetHandleVerifier [0x00007FF74688E776+750614]\n   \t(No symbol) [0x00007FF74676375F]\n   \t(No symbol) [0x00007FF74675EB14]\n   \t(No symbol) [0x00007FF74675ECA2]\n   \t(No symbol) [0x00007FF74674E16F]\n   \tBaseThreadInitThunk [0x00007FFD99E37344+20]\n   \tRtlUserThreadStart [0x00007FFD9A7FCC91+33]\n", "test_name": "test_Negativeplacementstest2", "rerun": "0"}}, "status": {"total_pass": 0, "total_skip": 0, "total_xpass": 0, "total_xfail": 0, "total_rerun": 0, "total_fail": 4, "total_error": 0}}}}, "date": "July 05, 2024", "start_time": 1720178031.7454395, "total_suite": 6, "status": "FAIL", "status_list": {"pass": "15", "fail": "5", "skip": "0", "error": "0", "xpass": "0", "xfail": "0", "rerun": "0"}, "total_tests": "20"}