{"content": {"suites": {"0": {"status": {"total_pass": 0, "total_skip": 0, "total_xpass": 0, "total_xfail": 0, "total_rerun": 0, "total_fail": 8, "total_error": 0}, "tests": {"0": {"status": "FAIL", "message": "   selenium.common.exceptions.NoSuchElementException: Message: no such element: Unable to locate element: {\"method\":\"xpath\",\"selector\":\"/html/body/div[1]/section[1]/main/div/div[1]/main/section[1]/main/div[2]/ul/li[1]/a\"}\n     (Session info: chrome=126.0.6478.126); For documentation on this error, please visit: https://www.selenium.dev/documentation/webdriver/troubleshooting/errors#no-such-element-exception\n   Stacktrace:\n   \tGetHandleVerifier [0x00007FF67335EEA2+31554]\n   \t(No symbol) [0x00007FF6732D7ED9]\n   \t(No symbol) [0x00007FF67319872A]\n   \t(No symbol) [0x00007FF6731E8434]\n   \t(No symbol) [0x00007FF6731E853C]\n   \t(No symbol) [0x00007FF67322F6A7]\n   \t(No symbol) [0x00007FF67320D06F]\n   \t(No symbol) [0x00007FF67322C977]\n   \t(No symbol) [0x00007FF67320CDD3]\n   \t(No symbol) [0x00007FF6731DA33B]\n   \t(No symbol) [0x00007FF6731DAED1]\n   \tGetHandleVerifier [0x00007FF673668B1D+3217341]\n   \tGetHandleVerifier [0x00007FF6736B5AE3+3532675]\n   \tGetHandleVerifier [0x00007FF6736AB0E0+3489152]\n   \tGetHandleVerifier [0x00007FF67340E776+750614]\n   \t(No symbol) [0x00007FF6732E375F]\n   \t(No symbol) [0x00007FF6732DEB14]\n   \t(No symbol) [0x00007FF6732DECA2]\n   \t(No symbol) [0x00007FF6732CE16F]\n   \tBaseThreadInitThunk [0x00007FFD99E37344+20]\n   \tRtlUserThreadStart [0x00007FFD9A7FCC91+33]\n", "test_name": "test_postjob", "rerun": "0"}, "1": {"status": "FAIL", "message": "   selenium.common.exceptions.NoSuchWindowException: Message: no such window: target window already closed\n   from unknown error: web view not found\n     (Session info: chrome=126.0.6478.126)\n   Stacktrace:\n   \tGetHandleVerifier [0x00007FF67335EEA2+31554]\n   \t(No symbol) [0x00007FF6732D7ED9]\n   \t(No symbol) [0x00007FF67319872A]\n   \t(No symbol) [0x00007FF67316D995]\n   \t(No symbol) [0x00007FF6732144D7]\n   \t(No symbol) [0x00007FF67322C051]\n   \t(No symbol) [0x00007FF67320CDD3]\n   \t(No symbol) [0x00007FF6731DA33B]\n   \t(No symbol) [0x00007FF6731DAED1]\n   \tGetHandleVerifier [0x00007FF673668B1D+3217341]\n   \tGetHandleVerifier [0x00007FF6736B5AE3+3532675]\n   \tGetHandleVerifier [0x00007FF6736AB0E0+3489152]\n   \tGetHandleVerifier [0x00007FF67340E776+750614]\n   \t(No symbol) [0x00007FF6732E375F]\n   \t(No symbol) [0x00007FF6732DEB14]\n   \t(No symbol) [0x00007FF6732DECA2]\n   \t(No symbol) [0x00007FF6732CE16F]\n   \tBaseThreadInitThunk [0x00007FFD99E37344+20]\n   \tRtlUserThreadStart [0x00007FFD9A7FCC91+33]\n", "test_name": "test_onbehalfofpostjob", "rerun": "0"}, "2": {"status": "FAIL", "message": "   selenium.common.exceptions.NoSuchWindowException: Message: no such window: target window already closed\n   from unknown error: web view not found\n     (Session info: chrome=126.0.6478.126)\n   Stacktrace:\n   \tGetHandleVerifier [0x00007FF67335EEA2+31554]\n   \t(No symbol) [0x00007FF6732D7ED9]\n   \t(No symbol) [0x00007FF67319872A]\n   \t(No symbol) [0x00007FF67316D995]\n   \t(No symbol) [0x00007FF6732144D7]\n   \t(No symbol) [0x00007FF67322C051]\n   \t(No symbol) [0x00007FF67320CDD3]\n   \t(No symbol) [0x00007FF6731DA33B]\n   \t(No symbol) [0x00007FF6731DAED1]\n   \tGetHandleVerifier [0x00007FF673668B1D+3217341]\n   \tGetHandleVerifier [0x00007FF6736B5AE3+3532675]\n   \tGetHandleVerifier [0x00007FF6736AB0E0+3489152]\n   \tGetHandleVerifier [0x00007FF67340E776+750614]\n   \t(No symbol) [0x00007FF6732E375F]\n   \t(No symbol) [0x00007FF6732DEB14]\n   \t(No symbol) [0x00007FF6732DECA2]\n   \t(No symbol) [0x00007FF6732CE16F]\n   \tBaseThreadInitThunk [0x00007FFD99E37344+20]\n   \tRtlUserThreadStart [0x00007FFD9A7FCC91+33]\n", "test_name": "test_jobsnegative1", "rerun": "0"}, "3": {"status": "FAIL", "message": "   selenium.common.exceptions.NoSuchWindowException: Message: no such window: target window already closed\n   from unknown error: web view not found\n     (Session info: chrome=126.0.6478.126)\n   Stacktrace:\n   \tGetHandleVerifier [0x00007FF67335EEA2+31554]\n   \t(No symbol) [0x00007FF6732D7ED9]\n   \t(No symbol) [0x00007FF67319872A]\n   \t(No symbol) [0x00007FF67316D995]\n   \t(No symbol) [0x00007FF6732144D7]\n   \t(No symbol) [0x00007FF67322C051]\n   \t(No symbol) [0x00007FF67320CDD3]\n   \t(No symbol) [0x00007FF6731DA33B]\n   \t(No symbol) [0x00007FF6731DAED1]\n   \tGetHandleVerifier [0x00007FF673668B1D+3217341]\n   \tGetHandleVerifier [0x00007FF6736B5AE3+3532675]\n   \tGetHandleVerifier [0x00007FF6736AB0E0+3489152]\n   \tGetHandleVerifier [0x00007FF67340E776+750614]\n   \t(No symbol) [0x00007FF6732E375F]\n   \t(No symbol) [0x00007FF6732DEB14]\n   \t(No symbol) [0x00007FF6732DECA2]\n   \t(No symbol) [0x00007FF6732CE16F]\n   \tBaseThreadInitThunk [0x00007FFD99E37344+20]\n   \tRtlUserThreadStart [0x00007FFD9A7FCC91+33]\n", "test_name": "test_designationnegative", "rerun": "0"}, "4": {"status": "FAIL", "message": "   selenium.common.exceptions.NoSuchWindowException: Message: no such window: target window already closed\n   from unknown error: web view not found\n     (Session info: chrome=126.0.6478.126)\n   Stacktrace:\n   \tGetHandleVerifier [0x00007FF67335EEA2+31554]\n   \t(No symbol) [0x00007FF6732D7ED9]\n   \t(No symbol) [0x00007FF67319872A]\n   \t(No symbol) [0x00007FF67316D995]\n   \t(No symbol) [0x00007FF6732144D7]\n   \t(No symbol) [0x00007FF67322C051]\n   \t(No symbol) [0x00007FF67320CDD3]\n   \t(No symbol) [0x00007FF6731DA33B]\n   \t(No symbol) [0x00007FF6731DAED1]\n   \tGetHandleVerifier [0x00007FF673668B1D+3217341]\n   \tGetHandleVerifier [0x00007FF6736B5AE3+3532675]\n   \tGetHandleVerifier [0x00007FF6736AB0E0+3489152]\n   \tGetHandleVerifier [0x00007FF67340E776+750614]\n   \t(No symbol) [0x00007FF6732E375F]\n   \t(No symbol) [0x00007FF6732DEB14]\n   \t(No symbol) [0x00007FF6732DECA2]\n   \t(No symbol) [0x00007FF6732CE16F]\n   \tBaseThreadInitThunk [0x00007FFD99E37344+20]\n   \tRtlUserThreadStart [0x00007FFD9A7FCC91+33]\n", "test_name": "test_experiencenegative", "rerun": "0"}, "5": {"status": "FAIL", "message": "   selenium.common.exceptions.NoSuchWindowException: Message: no such window: target window already closed\n   from unknown error: web view not found\n     (Session info: chrome=126.0.6478.126)\n   Stacktrace:\n   \tGetHandleVerifier [0x00007FF67335EEA2+31554]\n   \t(No symbol) [0x00007FF6732D7ED9]\n   \t(No symbol) [0x00007FF67319872A]\n   \t(No symbol) [0x00007FF67316D995]\n   \t(No symbol) [0x00007FF6732144D7]\n   \t(No symbol) [0x00007FF67322C051]\n   \t(No symbol) [0x00007FF67320CDD3]\n   \t(No symbol) [0x00007FF6731DA33B]\n   \t(No symbol) [0x00007FF6731DAED1]\n   \tGetHandleVerifier [0x00007FF673668B1D+3217341]\n   \tGetHandleVerifier [0x00007FF6736B5AE3+3532675]\n   \tGetHandleVerifier [0x00007FF6736AB0E0+3489152]\n   \tGetHandleVerifier [0x00007FF67340E776+750614]\n   \t(No symbol) [0x00007FF6732E375F]\n   \t(No symbol) [0x00007FF6732DEB14]\n   \t(No symbol) [0x00007FF6732DECA2]\n   \t(No symbol) [0x00007FF6732CE16F]\n   \tBaseThreadInitThunk [0x00007FFD99E37344+20]\n   \tRtlUserThreadStart [0x00007FFD9A7FCC91+33]\n", "test_name": "test_locationnegative", "rerun": "0"}, "6": {"status": "FAIL", "message": "   selenium.common.exceptions.NoSuchWindowException: Message: no such window: target window already closed\n   from unknown error: web view not found\n     (Session info: chrome=126.0.6478.126)\n   Stacktrace:\n   \tGetHandleVerifier [0x00007FF67335EEA2+31554]\n   \t(No symbol) [0x00007FF6732D7ED9]\n   \t(No symbol) [0x00007FF67319872A]\n   \t(No symbol) [0x00007FF67316D995]\n   \t(No symbol) [0x00007FF6732144D7]\n   \t(No symbol) [0x00007FF67322C051]\n   \t(No symbol) [0x00007FF67320CDD3]\n   \t(No symbol) [0x00007FF6731DA33B]\n   \t(No symbol) [0x00007FF6731DAED1]\n   \tGetHandleVerifier [0x00007FF673668B1D+3217341]\n   \tGetHandleVerifier [0x00007FF6736B5AE3+3532675]\n   \tGetHandleVerifier [0x00007FF6736AB0E0+3489152]\n   \tGetHandleVerifier [0x00007FF67340E776+750614]\n   \t(No symbol) [0x00007FF6732E375F]\n   \t(No symbol) [0x00007FF6732DEB14]\n   \t(No symbol) [0x00007FF6732DECA2]\n   \t(No symbol) [0x00007FF6732CE16F]\n   \tBaseThreadInitThunk [0x00007FFD99E37344+20]\n   \tRtlUserThreadStart [0x00007FFD9A7FCC91+33]\n", "test_name": "test_salaryminmaxnegative", "rerun": "0"}, "7": {"status": "FAIL", "message": "   selenium.common.exceptions.NoSuchWindowException: Message: no such window: target window already closed\n   from unknown error: web view not found\n     (Session info: chrome=126.0.6478.126)\n   Stacktrace:\n   \tGetHandleVerifier [0x00007FF67335EEA2+31554]\n   \t(No symbol) [0x00007FF6732D7ED9]\n   \t(No symbol) [0x00007FF67319872A]\n   \t(No symbol) [0x00007FF67316D995]\n   \t(No symbol) [0x00007FF6732144D7]\n   \t(No symbol) [0x00007FF67322C051]\n   \t(No symbol) [0x00007FF67320CDD3]\n   \t(No symbol) [0x00007FF6731DA33B]\n   \t(No symbol) [0x00007FF6731DAED1]\n   \tGetHandleVerifier [0x00007FF673668B1D+3217341]\n   \tGetHandleVerifier [0x00007FF6736B5AE3+3532675]\n   \tGetHandleVerifier [0x00007FF6736AB0E0+3489152]\n   \tGetHandleVerifier [0x00007FF67340E776+750614]\n   \t(No symbol) [0x00007FF6732E375F]\n   \t(No symbol) [0x00007FF6732DEB14]\n   \t(No symbol) [0x00007FF6732DECA2]\n   \t(No symbol) [0x00007FF6732CE16F]\n   \tBaseThreadInitThunk [0x00007FFD99E37344+20]\n   \tRtlUserThreadStart [0x00007FFD9A7FCC91+33]\n", "test_name": "test_requirementresponsiblitiesnegative", "rerun": "0"}}, "suite_name": "testCases/test_postjob.py"}}}, "date": "June 26, 2024", "start_time": 1719405873.4090831, "total_suite": 1, "status": "FAIL", "status_list": {"pass": "0", "fail": "8", "skip": "0", "error": "0", "xpass": "0", "xfail": "0", "rerun": "0"}, "total_tests": "8"}