{"content": {"suites": {"0": {"status": {"total_pass": 0, "total_skip": 0, "total_xpass": 0, "total_xfail": 0, "total_rerun": 0, "total_fail": 2, "total_error": 0}, "tests": {"0": {"status": "FAIL", "message": "   selenium.common.exceptions.NoSuchElementException: Message: no such element: Unable to locate element: {\"method\":\"xpath\",\"selector\":\"//*[@id='root']/div[2]/section[1]/main/div/div/section[2]/section/form/div[1]/input\"}\n     (Session info: chrome=126.0.6478.127); For documentation on this error, please visit: https://www.selenium.dev/documentation/webdriver/troubleshooting/errors#no-such-element-exception\n   Stacktrace:\n   \tGetHandleVerifier [0x00007FF65A65EEA2+31554]\n   \t(No symbol) [0x00007FF65A5D7ED9]\n   \t(No symbol) [0x00007FF65A49872A]\n   \t(No symbol) [0x00007FF65A4E8434]\n   \t(No symbol) [0x00007FF65A4E853C]\n   \t(No symbol) [0x00007FF65A52F6A7]\n   \t(No symbol) [0x00007FF65A50D06F]\n   \t(No symbol) [0x00007FF65A52C977]\n   \t(No symbol) [0x00007FF65A50CDD3]\n   \t(No symbol) [0x00007FF65A4DA33B]\n   \t(No symbol) [0x00007FF65A4DAED1]\n   \tGetHandleVerifier [0x00007FF65A968B1D+3217341]\n   \tGetHandleVerifier [0x00007FF65A9B5AE3+3532675]\n   \tGetHandleVerifier [0x00007FF65A9AB0E0+3489152]\n   \tGetHandleVerifier [0x00007FF65A70E776+750614]\n   \t(No symbol) [0x00007FF65A5E375F]\n   \t(No symbol) [0x00007FF65A5DEB14]\n   \t(No symbol) [0x00007FF65A5DECA2]\n   \t(No symbol) [0x00007FF65A5CE16F]\n   \tBaseThreadInitThunk [0x00007FFD99E37344+20]\n   \tRtlUserThreadStart [0x00007FFD9A7FCC91+33]\n", "test_name": "test_login", "rerun": "0"}, "1": {"status": "FAIL", "message": "   selenium.common.exceptions.NoSuchWindowException: Message: no such window: target window already closed\n   from unknown error: web view not found\n     (Session info: chrome=126.0.6478.127)\n   Stacktrace:\n   \tGetHandleVerifier [0x00007FF65A65EEA2+31554]\n   \t(No symbol) [0x00007FF65A5D7ED9]\n   \t(No symbol) [0x00007FF65A49872A]\n   \t(No symbol) [0x00007FF65A46D995]\n   \t(No symbol) [0x00007FF65A5144D7]\n   \t(No symbol) [0x00007FF65A52C051]\n   \t(No symbol) [0x00007FF65A50CDD3]\n   \t(No symbol) [0x00007FF65A4DA33B]\n   \t(No symbol) [0x00007FF65A4DAED1]\n   \tGetHandleVerifier [0x00007FF65A968B1D+3217341]\n   \tGetHandleVerifier [0x00007FF65A9B5AE3+3532675]\n   \tGetHandleVerifier [0x00007FF65A9AB0E0+3489152]\n   \tGetHandleVerifier [0x00007FF65A70E776+750614]\n   \t(No symbol) [0x00007FF65A5E375F]\n   \t(No symbol) [0x00007FF65A5DEB14]\n   \t(No symbol) [0x00007FF65A5DECA2]\n   \t(No symbol) [0x00007FF65A5CE16F]\n   \tBaseThreadInitThunk [0x00007FFD99E37344+20]\n   \tRtlUserThreadStart [0x00007FFD9A7FCC91+33]\n", "test_name": "test_loginnegative1", "rerun": "0"}}, "suite_name": "testCases/test_Logincheck.py"}}}, "date": "July 04, 2024", "start_time": 1720096315.7703435, "total_suite": 1, "status": "FAIL", "status_list": {"pass": "0", "fail": "2", "skip": "0", "error": "0", "xpass": "0", "xfail": "0", "rerun": "0"}, "total_tests": "2"}