{"content": {"suites": {"0": {"status": {"total_pass": 0, "total_skip": 0, "total_xpass": 0, "total_xfail": 0, "total_rerun": 0, "total_fail": 4, "total_error": 0}, "tests": {"0": {"status": "FAIL", "message": "   selenium.common.exceptions.NoSuchElementException: Message: no such element: Unable to locate element: {\"method\":\"xpath\",\"selector\":\"/html/body/div[1]/div[2]/section[1]/main/nav/main/div[1]/aside[1]/div/div/div/div[1]/div[2]/p[2]\"}\n     (Session info: chrome=123.0.6312.123); For documentation on this error, please visit: https://www.selenium.dev/documentation/webdriver/troubleshooting/errors#no-such-element-exception\n   Stacktrace:\n   \tGetHandleVerifier [0x00007FF7E20B7032+63090]\n   \t(No symbol) [0x00007FF7E2022C82]\n   \t(No symbol) [0x00007FF7E1EBEC65]\n   \t(No symbol) [0x00007FF7E1F0499D]\n   \t(No symbol) [0x00007FF7E1F04ADC]\n   \t(No symbol) [0x00007FF7E1F45B37]\n   \t(No symbol) [0x00007FF7E1F2701F]\n   \t(No symbol) [0x00007FF7E1F43412]\n   \t(No symbol) [0x00007FF7E1F26D83]\n   \t(No symbol) [0x00007FF7E1EF83A8]\n   \t(No symbol) [0x00007FF7E1EF9441]\n   \tGetHandleVerifier [0x00007FF7E24B25AD+4238317]\n   \tGetHandleVerifier [0x00007FF7E24EF70D+4488525]\n   \tGetHandleVerifier [0x00007FF7E24E79EF+4456495]\n   \tGetHandleVerifier [0x00007FF7E2190576+953270]\n   \t(No symbol) [0x00007FF7E202E54F]\n   \t(No symbol) [0x00007FF7E2029224]\n   \t(No symbol) [0x00007FF7E202935B]\n   \t(No symbol) [0x00007FF7E2019B94]\n   \tBaseThreadInitThunk [0x00007FF825E97344+20]\n   \tRtlUserThreadStart [0x00007FF8276C26B1+33]\n", "test_name": "test_Createmilestonepositive", "rerun": "0"}, "1": {"status": "FAIL", "message": "   selenium.common.exceptions.NoSuchElementException: Message: no such element: Unable to locate element: {\"method\":\"xpath\",\"selector\":\"/html/body/div[1]/div[2]/section[1]/main/nav/main/div[1]/aside[1]/div/div/div/div[1]/div[2]/p[2]\"}\n     (Session info: chrome=123.0.6312.123); For documentation on this error, please visit: https://www.selenium.dev/documentation/webdriver/troubleshooting/errors#no-such-element-exception\n   Stacktrace:\n   \tGetHandleVerifier [0x00007FF7E20B7032+63090]\n   \t(No symbol) [0x00007FF7E2022C82]\n   \t(No symbol) [0x00007FF7E1EBEC65]\n   \t(No symbol) [0x00007FF7E1F0499D]\n   \t(No symbol) [0x00007FF7E1F04ADC]\n   \t(No symbol) [0x00007FF7E1F45B37]\n   \t(No symbol) [0x00007FF7E1F2701F]\n   \t(No symbol) [0x00007FF7E1F43412]\n   \t(No symbol) [0x00007FF7E1F26D83]\n   \t(No symbol) [0x00007FF7E1EF83A8]\n   \t(No symbol) [0x00007FF7E1EF9441]\n   \tGetHandleVerifier [0x00007FF7E24B25AD+4238317]\n   \tGetHandleVerifier [0x00007FF7E24EF70D+4488525]\n   \tGetHandleVerifier [0x00007FF7E24E79EF+4456495]\n   \tGetHandleVerifier [0x00007FF7E2190576+953270]\n   \t(No symbol) [0x00007FF7E202E54F]\n   \t(No symbol) [0x00007FF7E2029224]\n   \t(No symbol) [0x00007FF7E202935B]\n   \t(No symbol) [0x00007FF7E2019B94]\n   \tBaseThreadInitThunk [0x00007FF825E97344+20]\n   \tRtlUserThreadStart [0x00007FF8276C26B1+33]\n", "test_name": "test_Milestonenegative", "rerun": "0"}, "2": {"status": "FAIL", "message": "   selenium.common.exceptions.NoSuchElementException: Message: no such element: Unable to locate element: {\"method\":\"xpath\",\"selector\":\"/html/body/div[1]/div[2]/section[1]/main/nav/main/div[1]/aside[1]/div/div/div/div[1]/div[2]/p[2]\"}\n     (Session info: chrome=123.0.6312.123); For documentation on this error, please visit: https://www.selenium.dev/documentation/webdriver/troubleshooting/errors#no-such-element-exception\n   Stacktrace:\n   \tGetHandleVerifier [0x00007FF7E20B7032+63090]\n   \t(No symbol) [0x00007FF7E2022C82]\n   \t(No symbol) [0x00007FF7E1EBEC65]\n   \t(No symbol) [0x00007FF7E1F0499D]\n   \t(No symbol) [0x00007FF7E1F04ADC]\n   \t(No symbol) [0x00007FF7E1F45B37]\n   \t(No symbol) [0x00007FF7E1F2701F]\n   \t(No symbol) [0x00007FF7E1F43412]\n   \t(No symbol) [0x00007FF7E1F26D83]\n   \t(No symbol) [0x00007FF7E1EF83A8]\n   \t(No symbol) [0x00007FF7E1EF9441]\n   \tGetHandleVerifier [0x00007FF7E24B25AD+4238317]\n   \tGetHandleVerifier [0x00007FF7E24EF70D+4488525]\n   \tGetHandleVerifier [0x00007FF7E24E79EF+4456495]\n   \tGetHandleVerifier [0x00007FF7E2190576+953270]\n   \t(No symbol) [0x00007FF7E202E54F]\n   \t(No symbol) [0x00007FF7E2029224]\n   \t(No symbol) [0x00007FF7E202935B]\n   \t(No symbol) [0x00007FF7E2019B94]\n   \tBaseThreadInitThunk [0x00007FF825E97344+20]\n   \tRtlUserThreadStart [0x00007FF8276C26B1+33]\n", "test_name": "test_Addmilestonepositive", "rerun": "0"}, "3": {"status": "FAIL", "message": "   selenium.common.exceptions.WebDriverException: Message: target frame detached\n     (failed to check if window was closed: disconnected: unable to send message to renderer)\n     (Session info: chrome=123.0.6312.123)\n   Stacktrace:\n   \tGetHandleVerifier [0x00007FF7E20B7032+63090]\n   \t(No symbol) [0x00007FF7E2022C82]\n   \t(No symbol) [0x00007FF7E1EBEB1D]\n   \t(No symbol) [0x00007FF7E1EACF78]\n   \t(No symbol) [0x00007FF7E1EAB0A8]\n   \t(No symbol) [0x00007FF7E1EABA8F]\n   \t(No symbol) [0x00007FF7E1EB8A3E]\n   \t(No symbol) [0x00007FF7E1ECAB0E]\n   \t(No symbol) [0x00007FF7E1ECF82A]\n   \t(No symbol) [0x00007FF7E1EAC006]\n   \t(No symbol) [0x00007FF7E1ECA6A4]\n   \t(No symbol) [0x00007FF7E1F4376C]\n   \t(No symbol) [0x00007FF7E1F26D83]\n   \t(No symbol) [0x00007FF7E1EF83A8]\n   \t(No symbol) [0x00007FF7E1EF9441]\n   \tGetHandleVerifier [0x00007FF7E24B25AD+4238317]\n   \tGetHandleVerifier [0x00007FF7E24EF70D+4488525]\n   \tGetHandleVerifier [0x00007FF7E24E79EF+4456495]\n   \tGetHandleVerifier [0x00007FF7E2190576+953270]\n   \t(No symbol) [0x00007FF7E202E54F]\n   \t(No symbol) [0x00007FF7E2029224]\n   \t(No symbol) [0x00007FF7E202935B]\n   \t(No symbol) [0x00007FF7E2019B94]\n   \tBaseThreadInitThunk [0x00007FF825E97344+20]\n   \tRtlUserThreadStart [0x00007FF8276C26B1+33]\n", "test_name": "test_Deletemilestone", "rerun": "0"}}, "suite_name": "testCases/test_milestone.py"}}}, "date": "April 18, 2024", "start_time": 1713428448.715935, "total_suite": 1, "status": "FAIL", "status_list": {"pass": "0", "fail": "4", "skip": "0", "error": "0", "xpass": "0", "xfail": "0", "rerun": "0"}, "total_tests": "4"}