{"content": {"suites": {"0": {"status": {"total_pass": 3, "total_skip": 0, "total_xpass": 0, "total_xfail": 0, "total_rerun": 0, "total_fail": 5, "total_error": 0}, "tests": {"0": {"status": "PASS", "message": "", "test_name": "test_postjob", "rerun": "0"}, "1": {"status": "PASS", "message": "", "test_name": "test_onbehalfofpostjob", "rerun": "0"}, "2": {"status": "FAIL", "message": "   selenium.common.exceptions.NoSuchElementException: Message: no such element: Unable to locate element: {\"method\":\"xpath\",\"selector\":\"/html/body/div[1]/section[1]/main/div/div[1]/main/section[1]/main/div[2]/ul/li[1]/a\"}\n     (Session info: chrome=126.0.6478.126); For documentation on this error, please visit: https://www.selenium.dev/documentation/webdriver/troubleshooting/errors#no-such-element-exception\n   Stacktrace:\n   \tGetHandleVerifier [0x00007FF6A6A3EEA2+31554]\n   \t(No symbol) [0x00007FF6A69B7ED9]\n   \t(No symbol) [0x00007FF6A687872A]\n   \t(No symbol) [0x00007FF6A68C8434]\n   \t(No symbol) [0x00007FF6A68C853C]\n   \t(No symbol) [0x00007FF6A690F6A7]\n   \t(No symbol) [0x00007FF6A68ED06F]\n   \t(No symbol) [0x00007FF6A690C977]\n   \t(No symbol) [0x00007FF6A68ECDD3]\n   \t(No symbol) [0x00007FF6A68BA33B]\n   \t(No symbol) [0x00007FF6A68BAED1]\n   \tGetHandleVerifier [0x00007FF6A6D48B1D+3217341]\n   \tGetHandleVerifier [0x00007FF6A6D95AE3+3532675]\n   \tGetHandleVerifier [0x00007FF6A6D8B0E0+3489152]\n   \tGetHandleVerifier [0x00007FF6A6AEE776+750614]\n   \t(No symbol) [0x00007FF6A69C375F]\n   \t(No symbol) [0x00007FF6A69BEB14]\n   \t(No symbol) [0x00007FF6A69BECA2]\n   \t(No symbol) [0x00007FF6A69AE16F]\n   \tBaseThreadInitThunk [0x00007FFD99E37344+20]\n   \tRtlUserThreadStart [0x00007FFD9A7FCC91+33]\n", "test_name": "test_jobsnegative1", "rerun": "0"}, "3": {"status": "PASS", "message": "", "test_name": "test_designationnegative", "rerun": "0"}, "4": {"status": "FAIL", "message": "   selenium.common.exceptions.NoSuchWindowException: Message: no such window: target window already closed\n   from unknown error: web view not found\n     (Session info: chrome=126.0.6478.126)\n   Stacktrace:\n   \tGetHandleVerifier [0x00007FF6A6A3EEA2+31554]\n   \t(No symbol) [0x00007FF6A69B7ED9]\n   \t(No symbol) [0x00007FF6A687872A]\n   \t(No symbol) [0x00007FF6A684D995]\n   \t(No symbol) [0x00007FF6A68F44D7]\n   \t(No symbol) [0x00007FF6A690C051]\n   \t(No symbol) [0x00007FF6A68ECDD3]\n   \t(No symbol) [0x00007FF6A68BA33B]\n   \t(No symbol) [0x00007FF6A68BAED1]\n   \tGetHandleVerifier [0x00007FF6A6D48B1D+3217341]\n   \tGetHandleVerifier [0x00007FF6A6D95AE3+3532675]\n   \tGetHandleVerifier [0x00007FF6A6D8B0E0+3489152]\n   \tGetHandleVerifier [0x00007FF6A6AEE776+750614]\n   \t(No symbol) [0x00007FF6A69C375F]\n   \t(No symbol) [0x00007FF6A69BEB14]\n   \t(No symbol) [0x00007FF6A69BECA2]\n   \t(No symbol) [0x00007FF6A69AE16F]\n   \tBaseThreadInitThunk [0x00007FFD99E37344+20]\n   \tRtlUserThreadStart [0x00007FFD9A7FCC91+33]\n", "test_name": "test_experiencenegative", "rerun": "0"}, "5": {"status": "FAIL", "message": "   selenium.common.exceptions.NoSuchWindowException: Message: no such window: target window already closed\n   from unknown error: web view not found\n     (Session info: chrome=126.0.6478.126)\n   Stacktrace:\n   \tGetHandleVerifier [0x00007FF6A6A3EEA2+31554]\n   \t(No symbol) [0x00007FF6A69B7ED9]\n   \t(No symbol) [0x00007FF6A687872A]\n   \t(No symbol) [0x00007FF6A684D995]\n   \t(No symbol) [0x00007FF6A68F44D7]\n   \t(No symbol) [0x00007FF6A690C051]\n   \t(No symbol) [0x00007FF6A68ECDD3]\n   \t(No symbol) [0x00007FF6A68BA33B]\n   \t(No symbol) [0x00007FF6A68BAED1]\n   \tGetHandleVerifier [0x00007FF6A6D48B1D+3217341]\n   \tGetHandleVerifier [0x00007FF6A6D95AE3+3532675]\n   \tGetHandleVerifier [0x00007FF6A6D8B0E0+3489152]\n   \tGetHandleVerifier [0x00007FF6A6AEE776+750614]\n   \t(No symbol) [0x00007FF6A69C375F]\n   \t(No symbol) [0x00007FF6A69BEB14]\n   \t(No symbol) [0x00007FF6A69BECA2]\n   \t(No symbol) [0x00007FF6A69AE16F]\n   \tBaseThreadInitThunk [0x00007FFD99E37344+20]\n   \tRtlUserThreadStart [0x00007FFD9A7FCC91+33]\n", "test_name": "test_locationnegative", "rerun": "0"}, "6": {"status": "FAIL", "message": "   selenium.common.exceptions.NoSuchWindowException: Message: no such window: target window already closed\n   from unknown error: web view not found\n     (Session info: chrome=126.0.6478.126)\n   Stacktrace:\n   \tGetHandleVerifier [0x00007FF6A6A3EEA2+31554]\n   \t(No symbol) [0x00007FF6A69B7ED9]\n   \t(No symbol) [0x00007FF6A687872A]\n   \t(No symbol) [0x00007FF6A684D995]\n   \t(No symbol) [0x00007FF6A68F44D7]\n   \t(No symbol) [0x00007FF6A690C051]\n   \t(No symbol) [0x00007FF6A68ECDD3]\n   \t(No symbol) [0x00007FF6A68BA33B]\n   \t(No symbol) [0x00007FF6A68BAED1]\n   \tGetHandleVerifier [0x00007FF6A6D48B1D+3217341]\n   \tGetHandleVerifier [0x00007FF6A6D95AE3+3532675]\n   \tGetHandleVerifier [0x00007FF6A6D8B0E0+3489152]\n   \tGetHandleVerifier [0x00007FF6A6AEE776+750614]\n   \t(No symbol) [0x00007FF6A69C375F]\n   \t(No symbol) [0x00007FF6A69BEB14]\n   \t(No symbol) [0x00007FF6A69BECA2]\n   \t(No symbol) [0x00007FF6A69AE16F]\n   \tBaseThreadInitThunk [0x00007FFD99E37344+20]\n   \tRtlUserThreadStart [0x00007FFD9A7FCC91+33]\n", "test_name": "test_salaryminmaxnegative", "rerun": "0"}, "7": {"status": "FAIL", "message": "   selenium.common.exceptions.NoSuchWindowException: Message: no such window: target window already closed\n   from unknown error: web view not found\n     (Session info: chrome=126.0.6478.126)\n   Stacktrace:\n   \tGetHandleVerifier [0x00007FF6A6A3EEA2+31554]\n   \t(No symbol) [0x00007FF6A69B7ED9]\n   \t(No symbol) [0x00007FF6A687872A]\n   \t(No symbol) [0x00007FF6A684D995]\n   \t(No symbol) [0x00007FF6A68F44D7]\n   \t(No symbol) [0x00007FF6A690C051]\n   \t(No symbol) [0x00007FF6A68ECDD3]\n   \t(No symbol) [0x00007FF6A68BA33B]\n   \t(No symbol) [0x00007FF6A68BAED1]\n   \tGetHandleVerifier [0x00007FF6A6D48B1D+3217341]\n   \tGetHandleVerifier [0x00007FF6A6D95AE3+3532675]\n   \tGetHandleVerifier [0x00007FF6A6D8B0E0+3489152]\n   \tGetHandleVerifier [0x00007FF6A6AEE776+750614]\n   \t(No symbol) [0x00007FF6A69C375F]\n   \t(No symbol) [0x00007FF6A69BEB14]\n   \t(No symbol) [0x00007FF6A69BECA2]\n   \t(No symbol) [0x00007FF6A69AE16F]\n   \tBaseThreadInitThunk [0x00007FFD99E37344+20]\n   \tRtlUserThreadStart [0x00007FFD9A7FCC91+33]\n", "test_name": "test_requirementresponsiblitiesnegative", "rerun": "0"}}, "suite_name": "testCases/test_postjob.py"}}}, "date": "June 26, 2024", "start_time": 1719407254.9183946, "total_suite": 1, "status": "FAIL", "status_list": {"pass": "3", "fail": "5", "skip": "0", "error": "0", "xpass": "0", "xfail": "0", "rerun": "0"}, "total_tests": "8"}