{"content": {"suites": {"0": {"status": {"total_pass": 0, "total_skip": 0, "total_xpass": 0, "total_xfail": 0, "total_rerun": 0, "total_fail": 3, "total_error": 0}, "tests": {"0": {"status": "FAIL", "message": "   selenium.common.exceptions.NoSuchElementException: Message: no such element: Unable to locate element: {\"method\":\"xpath\",\"selector\":\"/html/body/div[1]/div[2]/div/div[2]/a[2]\"}\n     (Session info: chrome=123.0.6312.123); For documentation on this error, please visit: https://www.selenium.dev/documentation/webdriver/troubleshooting/errors#no-such-element-exception\n   Stacktrace:\n   \tGetHandleVerifier [0x00007FF7E4A27032+63090]\n   \t(No symbol) [0x00007FF7E4992C82]\n   \t(No symbol) [0x00007FF7E482EC65]\n   \t(No symbol) [0x00007FF7E487499D]\n   \t(No symbol) [0x00007FF7E4874ADC]\n   \t(No symbol) [0x00007FF7E48B5B37]\n   \t(No symbol) [0x00007FF7E489701F]\n   \t(No symbol) [0x00007FF7E48B3412]\n   \t(No symbol) [0x00007FF7E4896D83]\n   \t(No symbol) [0x00007FF7E48683A8]\n   \t(No symbol) [0x00007FF7E4869441]\n   \tGetHandleVerifier [0x00007FF7E4E225AD+4238317]\n   \tGetHandleVerifier [0x00007FF7E4E5F70D+4488525]\n   \tGetHandleVerifier [0x00007FF7E4E579EF+4456495]\n   \tGetHandleVerifier [0x00007FF7E4B00576+953270]\n   \t(No symbol) [0x00007FF7E499E54F]\n   \t(No symbol) [0x00007FF7E4999224]\n   \t(No symbol) [0x00007FF7E499935B]\n   \t(No symbol) [0x00007FF7E4989B94]\n   \tBaseThreadInitThunk [0x00007FF825E97344+20]\n   \tRtlUserThreadStart [0x00007FF8276C26B1+33]\n", "test_name": "test_login", "rerun": "0"}, "1": {"status": "FAIL", "message": "   selenium.common.exceptions.NoSuchElementException: Message: no such element: Unable to locate element: {\"method\":\"xpath\",\"selector\":\"/html/body/div[1]/div[2]/div/div[2]/a[2]\"}\n     (Session info: chrome=123.0.6312.123); For documentation on this error, please visit: https://www.selenium.dev/documentation/webdriver/troubleshooting/errors#no-such-element-exception\n   Stacktrace:\n   \tGetHandleVerifier [0x00007FF7E4A27032+63090]\n   \t(No symbol) [0x00007FF7E4992C82]\n   \t(No symbol) [0x00007FF7E482EC65]\n   \t(No symbol) [0x00007FF7E487499D]\n   \t(No symbol) [0x00007FF7E4874ADC]\n   \t(No symbol) [0x00007FF7E48B5B37]\n   \t(No symbol) [0x00007FF7E489701F]\n   \t(No symbol) [0x00007FF7E48B3412]\n   \t(No symbol) [0x00007FF7E4896D83]\n   \t(No symbol) [0x00007FF7E48683A8]\n   \t(No symbol) [0x00007FF7E4869441]\n   \tGetHandleVerifier [0x00007FF7E4E225AD+4238317]\n   \tGetHandleVerifier [0x00007FF7E4E5F70D+4488525]\n   \tGetHandleVerifier [0x00007FF7E4E579EF+4456495]\n   \tGetHandleVerifier [0x00007FF7E4B00576+953270]\n   \t(No symbol) [0x00007FF7E499E54F]\n   \t(No symbol) [0x00007FF7E4999224]\n   \t(No symbol) [0x00007FF7E499935B]\n   \t(No symbol) [0x00007FF7E4989B94]\n   \tBaseThreadInitThunk [0x00007FF825E97344+20]\n   \tRtlUserThreadStart [0x00007FF8276C26B1+33]\n", "test_name": "test_loginnegative1", "rerun": "0"}, "2": {"status": "FAIL", "message": "   selenium.common.exceptions.NoSuchWindowException: Message: no such window: target window already closed\n   from unknown error: web view not found\n     (Session info: chrome=123.0.6312.123)\n   Stacktrace:\n   \tGetHandleVerifier [0x00007FF7E4A27032+63090]\n   \t(No symbol) [0x00007FF7E4992C82]\n   \t(No symbol) [0x00007FF7E482EC65]\n   \t(No symbol) [0x00007FF7E480CA7C]\n   \t(No symbol) [0x00007FF7E489D687]\n   \t(No symbol) [0x00007FF7E48B2AC1]\n   \t(No symbol) [0x00007FF7E4896D83]\n   \t(No symbol) [0x00007FF7E48683A8]\n   \t(No symbol) [0x00007FF7E4869441]\n   \tGetHandleVerifier [0x00007FF7E4E225AD+4238317]\n   \tGetHandleVerifier [0x00007FF7E4E5F70D+4488525]\n   \tGetHandleVerifier [0x00007FF7E4E579EF+4456495]\n   \tGetHandleVerifier [0x00007FF7E4B00576+953270]\n   \t(No symbol) [0x00007FF7E499E54F]\n   \t(No symbol) [0x00007FF7E4999224]\n   \t(No symbol) [0x00007FF7E499935B]\n   \t(No symbol) [0x00007FF7E4989B94]\n   \tBaseThreadInitThunk [0x00007FF825E97344+20]\n   \tRtlUserThreadStart [0x00007FF8276C26B1+33]\n", "test_name": "test_loginnegative2", "rerun": "0"}}, "suite_name": "testCases/test_Logincheck.py"}}}, "date": "April 18, 2024", "start_time": 1713429310.9702144, "total_suite": 1, "status": "FAIL", "status_list": {"pass": "0", "fail": "3", "skip": "0", "error": "0", "xpass": "0", "xfail": "0", "rerun": "0"}, "total_tests": "3"}