{"content": {"suites": {"0": {"status": {"total_pass": 0, "total_skip": 0, "total_xpass": 0, "total_xfail": 0, "total_rerun": 0, "total_fail": 4, "total_error": 0}, "tests": {"0": {"status": "FAIL", "message": "   selenium.common.exceptions.NoSuchElementException: Message: no such element: Unable to locate element: {\"method\":\"xpath\",\"selector\":\"//*[@id='root']/div[2]/section[1]/main/div/div/section[2]/section/form/div[1]/input\"}\n     (Session info: chrome=126.0.6478.126); For documentation on this error, please visit: https://www.selenium.dev/documentation/webdriver/troubleshooting/errors#no-such-element-exception\n   Stacktrace:\n   \tGetHandleVerifier [0x00007FF6D824EEA2+31554]\n   \t(No symbol) [0x00007FF6D81C7ED9]\n   \t(No symbol) [0x00007FF6D808872A]\n   \t(No symbol) [0x00007FF6D80D8434]\n   \t(No symbol) [0x00007FF6D80D853C]\n   \t(No symbol) [0x00007FF6D811F6A7]\n   \t(No symbol) [0x00007FF6D80FD06F]\n   \t(No symbol) [0x00007FF6D811C977]\n   \t(No symbol) [0x00007FF6D80FCDD3]\n   \t(No symbol) [0x00007FF6D80CA33B]\n   \t(No symbol) [0x00007FF6D80CAED1]\n   \tGetHandleVerifier [0x00007FF6D8558B1D+3217341]\n   \tGetHandleVerifier [0x00007FF6D85A5AE3+3532675]\n   \tGetHandleVerifier [0x00007FF6D859B0E0+3489152]\n   \tGetHandleVerifier [0x00007FF6D82FE776+750614]\n   \t(No symbol) [0x00007FF6D81D375F]\n   \t(No symbol) [0x00007FF6D81CEB14]\n   \t(No symbol) [0x00007FF6D81CECA2]\n   \t(No symbol) [0x00007FF6D81BE16F]\n   \tBaseThreadInitThunk [0x00007FFD99E37344+20]\n   \tRtlUserThreadStart [0x00007FFD9A7FCC91+33]\n", "test_name": "test_Editquotepositive", "rerun": "0"}, "1": {"status": "FAIL", "message": "   selenium.common.exceptions.NoSuchElementException: Message: no such element: Unable to locate element: {\"method\":\"xpath\",\"selector\":\"//*[@id='root']/div[2]/section[1]/main/div/div/section[2]/section/form/div[1]/input\"}\n     (Session info: chrome=126.0.6478.126); For documentation on this error, please visit: https://www.selenium.dev/documentation/webdriver/troubleshooting/errors#no-such-element-exception\n   Stacktrace:\n   \tGetHandleVerifier [0x00007FF6D824EEA2+31554]\n   \t(No symbol) [0x00007FF6D81C7ED9]\n   \t(No symbol) [0x00007FF6D808872A]\n   \t(No symbol) [0x00007FF6D80D8434]\n   \t(No symbol) [0x00007FF6D80D853C]\n   \t(No symbol) [0x00007FF6D811F6A7]\n   \t(No symbol) [0x00007FF6D80FD06F]\n   \t(No symbol) [0x00007FF6D811C977]\n   \t(No symbol) [0x00007FF6D80FCDD3]\n   \t(No symbol) [0x00007FF6D80CA33B]\n   \t(No symbol) [0x00007FF6D80CAED1]\n   \tGetHandleVerifier [0x00007FF6D8558B1D+3217341]\n   \tGetHandleVerifier [0x00007FF6D85A5AE3+3532675]\n   \tGetHandleVerifier [0x00007FF6D859B0E0+3489152]\n   \tGetHandleVerifier [0x00007FF6D82FE776+750614]\n   \t(No symbol) [0x00007FF6D81D375F]\n   \t(No symbol) [0x00007FF6D81CEB14]\n   \t(No symbol) [0x00007FF6D81CECA2]\n   \t(No symbol) [0x00007FF6D81BE16F]\n   \tBaseThreadInitThunk [0x00007FFD99E37344+20]\n   \tRtlUserThreadStart [0x00007FFD9A7FCC91+33]\n", "test_name": "test_Editquotenegative", "rerun": "0"}, "2": {"status": "FAIL", "message": "   selenium.common.exceptions.NoSuchElementException: Message: no such element: Unable to locate element: {\"method\":\"xpath\",\"selector\":\"//*[@id='root']/div[2]/section[1]/main/div/div/section[2]/section/form/div[1]/input\"}\n     (Session info: chrome=126.0.6478.126); For documentation on this error, please visit: https://www.selenium.dev/documentation/webdriver/troubleshooting/errors#no-such-element-exception\n   Stacktrace:\n   \tGetHandleVerifier [0x00007FF6D824EEA2+31554]\n   \t(No symbol) [0x00007FF6D81C7ED9]\n   \t(No symbol) [0x00007FF6D808872A]\n   \t(No symbol) [0x00007FF6D80D8434]\n   \t(No symbol) [0x00007FF6D80D853C]\n   \t(No symbol) [0x00007FF6D811F6A7]\n   \t(No symbol) [0x00007FF6D80FD06F]\n   \t(No symbol) [0x00007FF6D811C977]\n   \t(No symbol) [0x00007FF6D80FCDD3]\n   \t(No symbol) [0x00007FF6D80CA33B]\n   \t(No symbol) [0x00007FF6D80CAED1]\n   \tGetHandleVerifier [0x00007FF6D8558B1D+3217341]\n   \tGetHandleVerifier [0x00007FF6D85A5AE3+3532675]\n   \tGetHandleVerifier [0x00007FF6D859B0E0+3489152]\n   \tGetHandleVerifier [0x00007FF6D82FE776+750614]\n   \t(No symbol) [0x00007FF6D81D375F]\n   \t(No symbol) [0x00007FF6D81CEB14]\n   \t(No symbol) [0x00007FF6D81CECA2]\n   \t(No symbol) [0x00007FF6D81BE16F]\n   \tBaseThreadInitThunk [0x00007FFD99E37344+20]\n   \tRtlUserThreadStart [0x00007FFD9A7FCC91+33]\n", "test_name": "test_Editquotenegative2", "rerun": "0"}, "3": {"status": "FAIL", "message": "   selenium.common.exceptions.NoSuchElementException: Message: no such element: Unable to locate element: {\"method\":\"xpath\",\"selector\":\"//*[@id='root']/div[2]/section[1]/main/div/div/section[2]/section/form/div[1]/input\"}\n     (Session info: chrome=126.0.6478.126); For documentation on this error, please visit: https://www.selenium.dev/documentation/webdriver/troubleshooting/errors#no-such-element-exception\n   Stacktrace:\n   \tGetHandleVerifier [0x00007FF6D824EEA2+31554]\n   \t(No symbol) [0x00007FF6D81C7ED9]\n   \t(No symbol) [0x00007FF6D808872A]\n   \t(No symbol) [0x00007FF6D80D8434]\n   \t(No symbol) [0x00007FF6D80D853C]\n   \t(No symbol) [0x00007FF6D811F6A7]\n   \t(No symbol) [0x00007FF6D80FD06F]\n   \t(No symbol) [0x00007FF6D811C977]\n   \t(No symbol) [0x00007FF6D80FCDD3]\n   \t(No symbol) [0x00007FF6D80CA33B]\n   \t(No symbol) [0x00007FF6D80CAED1]\n   \tGetHandleVerifier [0x00007FF6D8558B1D+3217341]\n   \tGetHandleVerifier [0x00007FF6D85A5AE3+3532675]\n   \tGetHandleVerifier [0x00007FF6D859B0E0+3489152]\n   \tGetHandleVerifier [0x00007FF6D82FE776+750614]\n   \t(No symbol) [0x00007FF6D81D375F]\n   \t(No symbol) [0x00007FF6D81CEB14]\n   \t(No symbol) [0x00007FF6D81CECA2]\n   \t(No symbol) [0x00007FF6D81BE16F]\n   \tBaseThreadInitThunk [0x00007FFD99E37344+20]\n   \tRtlUserThreadStart [0x00007FFD9A7FCC91+33]\n", "test_name": "test_Editquotenegative3", "rerun": "0"}}, "suite_name": "testCases/test_Editquote.py"}}}, "date": "June 27, 2024", "start_time": 1719464561.5229597, "total_suite": 1, "status": "FAIL", "status_list": {"pass": "0", "fail": "4", "skip": "0", "error": "0", "xpass": "0", "xfail": "0", "rerun": "0"}, "total_tests": "4"}