{"content": {"suites": {"0": {"status": {"total_pass": 5, "total_skip": 0, "total_xpass": 0, "total_xfail": 0, "total_rerun": 0, "total_fail": 1, "total_error": 0}, "tests": {"0": {"status": "PASS", "message": "", "test_name": "test_Signupcollegenegative1", "rerun": "0"}, "1": {"status": "PASS", "message": "", "test_name": "test_Signupcollegenegative2", "rerun": "0"}, "2": {"status": "PASS", "message": "", "test_name": "test_Signupcollegenegative3", "rerun": "0"}, "3": {"status": "PASS", "message": "", "test_name": "test_Signupcollegenegative4", "rerun": "0"}, "4": {"status": "PASS", "message": "", "test_name": "test_Signupnegative5", "rerun": "0"}, "5": {"status": "FAIL", "message": "   IndexError: list index out of range\n", "test_name": "test_Signupnegative6", "rerun": "0"}}, "suite_name": "testCases/test_signupcollege.py"}, "1": {"suite_name": "testCases/test_signupprofessional.py", "tests": {"0": {"status": "PASS", "message": "", "test_name": "test_Signupnegative1", "rerun": "0"}, "1": {"status": "FAIL", "message": "   selenium.common.exceptions.NoSuchElementException: Message: no such element: Unable to locate element: {\"method\":\"xpath\",\"selector\":\"/html/body/div[1]/div[2]/section/main/div/div/section[2]/section[1]/div[3]/div\"}\n     (Session info: chrome=126.0.6478.127); For documentation on this error, please visit: https://www.selenium.dev/documentation/webdriver/troubleshooting/errors#no-such-element-exception\n   Stacktrace:\n   \tGetHandleVerifier [0x00007FF6E9C4EEA2+31554]\n   \t(No symbol) [0x00007FF6E9BC7ED9]\n   \t(No symbol) [0x00007FF6E9A8872A]\n   \t(No symbol) [0x00007FF6E9AD8434]\n   \t(No symbol) [0x00007FF6E9AD853C]\n   \t(No symbol) [0x00007FF6E9B1F6A7]\n   \t(No symbol) [0x00007FF6E9AFD06F]\n   \t(No symbol) [0x00007FF6E9B1C977]\n   \t(No symbol) [0x00007FF6E9AFCDD3]\n   \t(No symbol) [0x00007FF6E9ACA33B]\n   \t(No symbol) [0x00007FF6E9ACAED1]\n   \tGetHandleVerifier [0x00007FF6E9F58B1D+3217341]\n   \tGetHandleVerifier [0x00007FF6E9FA5AE3+3532675]\n   \tGetHandleVerifier [0x00007FF6E9F9B0E0+3489152]\n   \tGetHandleVerifier [0x00007FF6E9CFE776+750614]\n   \t(No symbol) [0x00007FF6E9BD375F]\n   \t(No symbol) [0x00007FF6E9BCEB14]\n   \t(No symbol) [0x00007FF6E9BCECA2]\n   \t(No symbol) [0x00007FF6E9BBE16F]\n   \tBaseThreadInitThunk [0x00007FFD99E37344+20]\n   \tRtlUserThreadStart [0x00007FFD9A7FCC91+33]\n", "test_name": "test_Signupnegative2", "rerun": "0"}, "2": {"status": "FAIL", "message": "   AttributeError: 'NoneType' object has no attribute 'click'\n", "test_name": "test_Signupnegative3", "rerun": "0"}, "3": {"status": "FAIL", "message": "   selenium.common.exceptions.NoSuchWindowException: Message: no such window: target window already closed\n   from unknown error: web view not found\n     (Session info: chrome=126.0.6478.127)\n   Stacktrace:\n   \tGetHandleVerifier [0x00007FF6E9C4EEA2+31554]\n   \t(No symbol) [0x00007FF6E9BC7ED9]\n   \t(No symbol) [0x00007FF6E9A8872A]\n   \t(No symbol) [0x00007FF6E9A5D995]\n   \t(No symbol) [0x00007FF6E9B044D7]\n   \t(No symbol) [0x00007FF6E9B1C051]\n   \t(No symbol) [0x00007FF6E9AFCDD3]\n   \t(No symbol) [0x00007FF6E9ACA33B]\n   \t(No symbol) [0x00007FF6E9ACAED1]\n   \tGetHandleVerifier [0x00007FF6E9F58B1D+3217341]\n   \tGetHandleVerifier [0x00007FF6E9FA5AE3+3532675]\n   \tGetHandleVerifier [0x00007FF6E9F9B0E0+3489152]\n   \tGetHandleVerifier [0x00007FF6E9CFE776+750614]\n   \t(No symbol) [0x00007FF6E9BD375F]\n   \t(No symbol) [0x00007FF6E9BCEB14]\n   \t(No symbol) [0x00007FF6E9BCECA2]\n   \t(No symbol) [0x00007FF6E9BBE16F]\n   \tBaseThreadInitThunk [0x00007FFD99E37344+20]\n   \tRtlUserThreadStart [0x00007FFD9A7FCC91+33]\n", "test_name": "test_Signupprofessionalnegative4", "rerun": "0"}, "4": {"status": "FAIL", "message": "   selenium.common.exceptions.NoSuchWindowException: Message: no such window: target window already closed\n   from unknown error: web view not found\n     (Session info: chrome=126.0.6478.127)\n   Stacktrace:\n   \tGetHandleVerifier [0x00007FF6E9C4EEA2+31554]\n   \t(No symbol) [0x00007FF6E9BC7ED9]\n   \t(No symbol) [0x00007FF6E9A8872A]\n   \t(No symbol) [0x00007FF6E9A5D995]\n   \t(No symbol) [0x00007FF6E9B044D7]\n   \t(No symbol) [0x00007FF6E9B1C051]\n   \t(No symbol) [0x00007FF6E9AFCDD3]\n   \t(No symbol) [0x00007FF6E9ACA33B]\n   \t(No symbol) [0x00007FF6E9ACAED1]\n   \tGetHandleVerifier [0x00007FF6E9F58B1D+3217341]\n   \tGetHandleVerifier [0x00007FF6E9FA5AE3+3532675]\n   \tGetHandleVerifier [0x00007FF6E9F9B0E0+3489152]\n   \tGetHandleVerifier [0x00007FF6E9CFE776+750614]\n   \t(No symbol) [0x00007FF6E9BD375F]\n   \t(No symbol) [0x00007FF6E9BCEB14]\n   \t(No symbol) [0x00007FF6E9BCECA2]\n   \t(No symbol) [0x00007FF6E9BBE16F]\n   \tBaseThreadInitThunk [0x00007FFD99E37344+20]\n   \tRtlUserThreadStart [0x00007FFD9A7FCC91+33]\n", "test_name": "test_Signupprofessionalnegative5", "rerun": "0"}}, "status": {"total_pass": 1, "total_skip": 0, "total_xpass": 0, "total_xfail": 0, "total_rerun": 0, "total_fail": 4, "total_error": 0}}}}, "date": "July 09, 2024", "start_time": 1720518643.969174, "total_suite": 2, "status": "FAIL", "status_list": {"pass": "6", "fail": "5", "skip": "0", "error": "0", "xpass": "0", "xfail": "0", "rerun": "0"}, "total_tests": "11"}