{"content": {"suites": {"0": {"status": {"total_pass": 0, "total_skip": 0, "total_xpass": 0, "total_xfail": 0, "total_rerun": 0, "total_fail": 4, "total_error": 0}, "tests": {"0": {"status": "FAIL", "message": "   IndexError: list index out of range\n", "test_name": "test_adminaccessgiven", "rerun": "0"}, "1": {"status": "FAIL", "message": "   selenium.common.exceptions.NoSuchWindowException: Message: no such window: target window already closed\n   from unknown error: web view not found\n     (Session info: chrome=126.0.6478.127)\n   Stacktrace:\n   \tGetHandleVerifier [0x00007FF6511BEEA2+31554]\n   \t(No symbol) [0x00007FF651137ED9]\n   \t(No symbol) [0x00007FF650FF872A]\n   \t(No symbol) [0x00007FF650FCD995]\n   \t(No symbol) [0x00007FF6510744D7]\n   \t(No symbol) [0x00007FF65108C051]\n   \t(No symbol) [0x00007FF65106CDD3]\n   \t(No symbol) [0x00007FF65103A33B]\n   \t(No symbol) [0x00007FF65103AED1]\n   \tGetHandleVerifier [0x00007FF6514C8B1D+3217341]\n   \tGetHandleVerifier [0x00007FF651515AE3+3532675]\n   \tGetHandleVerifier [0x00007FF65150B0E0+3489152]\n   \tGetHandleVerifier [0x00007FF65126E776+750614]\n   \t(No symbol) [0x00007FF65114375F]\n   \t(No symbol) [0x00007FF65113EB14]\n   \t(No symbol) [0x00007FF65113ECA2]\n   \t(No symbol) [0x00007FF65112E16F]\n   \tBaseThreadInitThunk [0x00007FFD99E37344+20]\n   \tRtlUserThreadStart [0x00007FFD9A7FCC91+33]\n", "test_name": "test_adminpage", "rerun": "0"}, "2": {"status": "FAIL", "message": "   selenium.common.exceptions.NoSuchWindowException: Message: no such window: target window already closed\n   from unknown error: web view not found\n     (Session info: chrome=126.0.6478.127)\n   Stacktrace:\n   \tGetHandleVerifier [0x00007FF6511BEEA2+31554]\n   \t(No symbol) [0x00007FF651137ED9]\n   \t(No symbol) [0x00007FF650FF872A]\n   \t(No symbol) [0x00007FF650FCD995]\n   \t(No symbol) [0x00007FF6510744D7]\n   \t(No symbol) [0x00007FF65108C051]\n   \t(No symbol) [0x00007FF65106CDD3]\n   \t(No symbol) [0x00007FF65103A33B]\n   \t(No symbol) [0x00007FF65103AED1]\n   \tGetHandleVerifier [0x00007FF6514C8B1D+3217341]\n   \tGetHandleVerifier [0x00007FF651515AE3+3532675]\n   \tGetHandleVerifier [0x00007FF65150B0E0+3489152]\n   \tGetHandleVerifier [0x00007FF65126E776+750614]\n   \t(No symbol) [0x00007FF65114375F]\n   \t(No symbol) [0x00007FF65113EB14]\n   \t(No symbol) [0x00007FF65113ECA2]\n   \t(No symbol) [0x00007FF65112E16F]\n   \tBaseThreadInitThunk [0x00007FFD99E37344+20]\n   \tRtlUserThreadStart [0x00007FFD9A7FCC91+33]\n", "test_name": "test_resetadminaccess", "rerun": "0"}, "3": {"status": "FAIL", "message": "   selenium.common.exceptions.NoSuchWindowException: Message: no such window: target window already closed\n   from unknown error: web view not found\n     (Session info: chrome=126.0.6478.127)\n   Stacktrace:\n   \tGetHandleVerifier [0x00007FF6511BEEA2+31554]\n   \t(No symbol) [0x00007FF651137ED9]\n   \t(No symbol) [0x00007FF650FF872A]\n   \t(No symbol) [0x00007FF650FCD995]\n   \t(No symbol) [0x00007FF6510744D7]\n   \t(No symbol) [0x00007FF65108C051]\n   \t(No symbol) [0x00007FF65106CDD3]\n   \t(No symbol) [0x00007FF65103A33B]\n   \t(No symbol) [0x00007FF65103AED1]\n   \tGetHandleVerifier [0x00007FF6514C8B1D+3217341]\n   \tGetHandleVerifier [0x00007FF651515AE3+3532675]\n   \tGetHandleVerifier [0x00007FF65150B0E0+3489152]\n   \tGetHandleVerifier [0x00007FF65126E776+750614]\n   \t(No symbol) [0x00007FF65114375F]\n   \t(No symbol) [0x00007FF65113EB14]\n   \t(No symbol) [0x00007FF65113ECA2]\n   \t(No symbol) [0x00007FF65112E16F]\n   \tBaseThreadInitThunk [0x00007FFD99E37344+20]\n   \tRtlUserThreadStart [0x00007FFD9A7FCC91+33]\n", "test_name": "test_deleteadminaccess", "rerun": "0"}}, "suite_name": "testCases/test_adminpage.py"}}}, "date": "July 09, 2024", "start_time": 1720526147.6839952, "total_suite": 1, "status": "FAIL", "status_list": {"pass": "0", "fail": "4", "skip": "0", "error": "0", "xpass": "0", "xfail": "0", "rerun": "0"}, "total_tests": "4"}